0     0.0301026
0.1     0.0523131
0.2     0.0357285
0.3     0.064583
0.4     0.04687
0.5     0.0699509
0.6     0.106897
0.7     0.132253
0.8     0.133971
0.9     0.0818552
1     0.0638246
1.1     0.0974843
1.2     0.142023
1.3     0.150687
1.4     0.144271
1.5     0.132109
1.6     0.130383
1.7     0.0830842
1.8     0.068813
1.9     0.0657277
2     0.0709413
2.1     0.0691277
2.2     0.0741702
2.3     0.112367
2.4     0.0817875
2.5     0.0797128
2.6     0.13577
2.7     0.142464
2.8     0.120428
2.9     0.12497
3     0.162381
3.1     0.234245
3.2     0.215145
3.3     0.204635
3.4     0.124038
3.5     0.150338
3.6     0.107977
3.7     0.0723665
3.8     0.0391154
3.9     0.0316894
4     0.0522914
4.1     0.0339387
4.2     0.0900552
4.3     0.121494
4.4     0.0935625
4.5     0.090105
4.6     0.0986191
4.7     0.150844
4.8     0.151891
4.9     0.122644
5     0.0704486
5.1     0.0666457
5.2     0.0474552
5.3     0.0644502
5.4     0.094175
5.5     0.179429
5.6     0.21206
5.7     0.262232
5.8     0.241863
5.9     0.251696
6     0.264879
6.1     0.262546
6.2     0.25079
6.3     0.24537
6.4     0.229849
6.5     0.173456
6.6     0.20524
6.7     0.225915
6.8     0.200586
6.9     0.229954
7     0.199402
7.1     0.196764
7.2     0.204704
7.3     0.236959
7.4     0.23995
7.5     0.283187
7.6     0.243024
7.7     0.287934
7.8     0.25897
7.9     0.233832
8     0.209167
8.1     0.195119
8.2     0.167442
8.3     0.212702
8.4     0.253074
8.5     0.275384
8.6     0.273564
8.7     0.272875
8.8     0.245923
8.9     0.278134
9     0.244306
9.1     0.244316
9.2     0.277324
9.3     0.245494
9.4     0.2282
9.5     0.173847
9.6     0.170524
9.7     0.226364
9.8     0.226327
9.9     0.22922
10     0.214632
10.1     0.23273
10.2     0.219216
10.3     0.239368
10.4     0.259083
10.5     0.190398
10.6     0.147004
10.7     0.122874
10.8     0.0648877
10.9     0.0890353
11     0.119168
11.1     0.106789
11.2     0.0653349
11.3     0.0751917
11.4     0.150611
11.5     0.134519
11.6     0.0857928
11.7     0.0804127
11.8     0.106194
11.9     0.0438132
12     0.0401653
12.1     0.0410529
12.2     0.0320437
12.3     0.119597
12.4     0.171913
12.5     0.215551
12.6     0.231312
12.7     0.183438
12.8     0.171168
12.9     0.132457
13     0.0883234
13.1     0.0849918
13.2     0.0693876
13.3     0.109355
13.4     0.103638
13.5     0.0854651
13.6     0.107176
13.7     0.126339
13.8     0.150545
13.9     0.172564
14     0.1122
14.1     0.11153
14.2     0.135597
14.3     0.136359
14.4     0.0968903
14.5     0.119697
14.6     0.130542
14.7     0.146538
14.8     0.171329
14.9     0.165591
15     0.129289
15.1     0.14979
15.2     0.18668
15.3     0.163334
15.4     0.193725
15.5     0.14529
15.6     0.218751
15.7     0.237022
15.8     0.20513
15.9     0.207554
16     0.194204
16.1     0.178073
16.2     0.156745
16.3     0.143832
16.4     0.173935
16.5     0.158921
16.6     0.124686
16.7     0.146746
16.8     0.152951
16.9     0.154082
17     0.146164
17.1     0.140261
17.2     0.154953
17.3     0.126862
17.4     0.151183
17.5     0.147487
17.6     0.147325
17.7     0.12316
17.8     0.0621825
17.9     0.0631546
18     0.0955673
18.1     0.0632554
18.2     0.0336899
18.3     0.0234814
18.4     0.0598986
18.5     0.0683238
18.6     0.0958413
18.7     0.0684366
18.8     0.0846293
18.9     0.0986931
19     0.0698636
19.1     0.0832497
19.2     0.0717584
19.3     0.0714903
19.4     0.0730909
19.5     0.083341
19.6     0.0324342
19.7     0.0435657
19.8     0.0259421
19.9     0.0262056
20     0.0445413
20.1     0.0986326
20.2     0.124322
20.3     0.0416731
20.4     0.0592346
20.5     0.112853
20.6     0.18598
20.7     0.207766
20.8     0.26832
20.9     0.297455
21     0.255547
21.1     0.261577
21.2     0.257924
21.3     0.2226
21.4     0.174548
21.5     0.163141
21.6     0.189952
21.7     0.190884
21.8     0.138815
21.9     0.128663
22     0.173391
22.1     0.205459
22.2     0.175523
22.3     0.181698
22.4     0.218737
22.5     0.228793
22.6     0.198861
22.7     0.200589
22.8     0.195497
22.9     0.158925
23     0.182868
23.1     0.160492
23.2     0.185087
23.3     0.184021
23.4     0.156335
23.5     0.150204
23.6     0.141028
23.7     0.0788249
23.8     0.112888
23.9     0.0893461
24     0.104211
24.1     0.130041
24.2     0.125884
24.3     0.125517
24.4     0.138476
24.5     0.148012
24.6     0.12088
24.7     0.128135
24.8     0.13982
24.9     0.166062
25     0.127539
25.1     0.171183
25.2     0.175578
25.3     0.169866
25.4     0.177091
25.5     0.170256
25.6     0.154188
25.7     0.195609
25.8     0.21621
25.9     0.197049
26     0.170274
26.1     0.187039
26.2     0.151045
26.3     0.150404
26.4     0.123781
26.5     0.192085
26.6     0.122104
26.7     0.121189
26.8     0.150804
26.9     0.135037
27     0.155202
27.1     0.156766
27.2     0.132339
27.3     0.12117
27.4     0.123632
27.5     0.128348
27.6     0.134063
27.7     0.147208
27.8     0.0885148
27.9     0.105027
28     0.0702289
28.1     0.0813641
28.2     0.0702513
28.3     0.0964645
28.4     0.0744484
28.5     0.109857
28.6     0.121426
28.7     0.13558
28.8     0.161797
28.9     0.194131
29     0.156815
29.1     0.0975882
29.2     0.105112
29.3     0.0939651
29.4     0.0948054
29.5     0.134456
29.6     0.19778
29.7     0.201095
29.8     0.203472
29.9     0.19726
30     0.176949
30.1     0.129198
30.2     0.0993967
30.3     0.128901
30.4     0.122593
30.5     0.0923492
30.6     0.0609403
30.7     0.0980978
30.8     0.0771773
30.9     0.117117
31     0.0780639
31.1     0.115793
31.2     0.121242
31.3     0.106062
31.4     0.052718
31.5     0.0244077
31.6     0.0183579
31.7     0.0137592
31.8     0.0351628
31.9     0.0641589
32     0.0824003
32.1     0.0980544
32.2     0.102289
32.3     0.0910055
32.4     0.0964458
32.5     0.130928
32.6     0.164052
32.7     0.183486
32.8     0.129854
32.9     0.212003
33     0.263414
33.1     0.257175
33.2     0.284728
33.3     0.256136
33.4     0.262695
33.5     0.218909
33.6     0.22173
33.7     0.271396
33.8     0.320259
33.9     0.327238
34     0.321563
34.1     0.284296
34.2     0.250986
34.3     0.219266
34.4     0.158995
34.5     0.107626
34.6     0.153114
34.7     0.176124
34.8     0.146447
34.9     0.129312
35     0.108492
35.1     0.108002
35.2     0.106648
35.3     0.136654
35.4     0.0974985
35.5     0.104709
35.6     0.0987566
35.7     0.126653
35.8     0.0947643
35.9     0.0686875
36     0.050874
36.1     0.0877788
36.2     0.0967688
36.3     0.0368911
36.4     0.0488681
36.5     0.0419934
36.6     0.0378998
36.7     0.0449017
36.8     0.062072
36.9     0.0682864
37     0.0854213
37.1     0.0737406
37.2     0.0802955
37.3     0.116325
37.4     0.153565
37.5     0.186596
37.6     0.149605
37.7     0.15439
37.8     0.111902
37.9     0.0901896
38     0.110741
38.1     0.0689759
38.2     0.0976326
38.3     0.18484
38.4     0.200494
38.5     0.22717
38.6     0.17264
38.7     0.142421
38.8     0.115693
38.9     0.120718
39     0.136319
39.1     0.163578
39.2     0.146809
39.3     0.193673
39.4     0.244002
39.5     0.240266
39.6     0.211373
39.7     0.213731
39.8     0.190511
39.9     0.153466
40     0.162627
40.1     0.113053
40.2     0.0728872
40.3     0.0548795
40.4     0.0634994
40.5     0.0764445
40.6     0.117496
40.7     0.115294
40.8     0.144556
40.9     0.119919
41     0.083613
41.1     0.0307812
41.2     0.0766897
41.3     0.1284
41.4     0.0814896
41.5     0.109512
41.6     0.10989
41.7     0.15442
41.8     0.12959
41.9     0.14524
42     0.125763
42.1     0.167364
42.2     0.171319
42.3     0.169666
42.4     0.180885
42.5     0.187695
42.6     0.186373
42.7     0.231873
42.8     0.208898
42.9     0.205466
43     0.251563
43.1     0.205238
43.2     0.225595
43.3     0.236411
43.4     0.235202
43.5     0.211837
43.6     0.213848
43.7     0.231317
43.8     0.218954
43.9     0.276569
44     0.267421
44.1     0.28384
44.2     0.299896
44.3     0.280028
44.4     0.282024
44.5     0.251458
44.6     0.231735
44.7     0.287877
44.8     0.279996
44.9     0.294254
45     0.275781
45.1     0.255987
45.2     0.24842
45.3     0.250889
45.4     0.22908
45.5     0.22374
45.6     0.243044
45.7     0.217287
45.8     0.233607
45.9     0.260043
46     0.325246
46.1     0.271261
46.2     0.213808
46.3     0.20687
46.4     0.261009
46.5     0.288411
46.6     0.254524
46.7     0.264092
46.8     0.230378
46.9     0.229274
47     0.217269
47.1     0.208493
47.2     0.211179
47.3     0.207287
47.4     0.214187
47.5     0.197404
47.6     0.145387
47.7     0.148982
47.8     0.136669
47.9     0.170843
48     0.183268
48.1     0.210806
48.2     0.210494
48.3     0.211421
48.4     0.25884
48.5     0.255656
48.6     0.276065
48.7     0.242725
48.8     0.266899
48.9     0.2458
49     0.288301
49.1     0.2838
49.2     0.239205
49.3     0.214603
49.4     0.225279
49.5     0.232317
49.6     0.203714
49.7     0.176488
49.8     0.207122
49.9     0.217008
50     0.152306
50.1     0.132733
50.2     0.150775
50.3     0.0871067
50.4     0.0798429
50.5     0.0730528
50.6     0.0858508
50.7     0.101385
50.8     0.127434
50.9     0.0711051
51     0.108249
51.1     0.0680443
51.2     0.0740218
51.3     0.108868
51.4     0.10541
51.5     0.0898825
51.6     0.0975958
51.7     0.070211
51.8     0.0557504
51.9     0.0877101
52     0.0975795
52.1     0.0834961
52.2     0.0817522
52.3     0.101426
52.4     0.113759
52.5     0.0854198
52.6     0.0333844
52.7     0.0697455
52.8     0.0286067
52.9     0.0189368
53     0.0167111
53.1     0.0481873
53.2     0.038104
53.3     0.0695547
53.4     0.100529
53.5     0.0825885
53.6     0.104435
53.7     0.0933925
53.8     0.0828552
53.9     0.0855852
54     0.101388
54.1     0.103894
54.2     0.129463
54.3     0.111357
54.4     0.102679
54.5     0.0942091
54.6     0.0690063
54.7     0.0834567
54.8     0.0556809
54.9     0.0779567
55     0.103118
55.1     0.153974
55.2     0.139164
55.3     0.171846
55.4     0.203519
55.5     0.191626
55.6     0.209715
55.7     0.224104
55.8     0.162186
55.9     0.180687
56     0.201063
56.1     0.247709
56.2     0.19316
56.3     0.146164
56.4     0.15292
56.5     0.173457
56.6     0.201934
56.7     0.230311
56.8     0.207852
56.9     0.200924
57     0.156909
57.1     0.142762
57.2     0.194713
57.3     0.209551
57.4     0.188566
57.5     0.212638
57.6     0.240371
57.7     0.215951
57.8     0.235629
57.9     0.206351
58     0.179131
58.1     0.162898
58.2     0.142441
58.3     0.203153
58.4     0.196813
58.5     0.212379
58.6     0.241117
58.7     0.212668
58.8     0.217555
58.9     0.173206
59     0.213225
59.1     0.229308
59.2     0.252636
59.3     0.265204
59.4     0.20264
59.5     0.23094
59.6     0.21417
59.7     0.196221
59.8     0.157625
59.9     0.179355
60     0.203231
60.1     0.16908
60.2     0.160146
60.3     0.121087
60.4     0.135309
60.5     0.123574
60.6     0.0929886
60.7     0.0585324
60.8     0.0848459
60.9     0.117675
61     0.120585
61.1     0.165775
61.2     0.160289
61.3     0.181073
61.4     0.144473
61.5     0.204153
61.6     0.229756
61.7     0.29411
61.8     0.338996
61.9     0.294092
62     0.331062
62.1     0.334986
62.2     0.340349
62.3     0.374205
62.4     0.397638
62.5     0.358261
62.6     0.360437
62.7     0.365797
62.8     0.349614
62.9     0.328332
63     0.286217
63.1     0.316646
63.2     0.248744
63.3     0.262002
63.4     0.290997
63.5     0.278711
63.6     0.262799
63.7     0.222205
63.8     0.198189
63.9     0.163408
64     0.133086
64.1     0.180395
64.2     0.160819
64.3     0.158867
64.4     0.122858
64.5     0.138969
64.6     0.143666
64.7     0.130899
64.8     0.148831
64.9     0.152032
65     0.166898
65.1     0.142846
65.2     0.13147
65.3     0.131992
65.4     0.094463
65.5     0.055935
65.6     0.0584358
65.7     0.016528
65.8     0.0735299
65.9     0.0864656
66     0.119219
66.1     0.127213
66.2     0.134093
66.3     0.141034
66.4     0.177947
66.5     0.147822
66.6     0.134486
66.7     0.147791
66.8     0.142564
66.9     0.128826
67     0.141248
67.1     0.113742
67.2     0.155013
67.3     0.121713
67.4     0.07882
67.5     0.107048
67.6     0.130458
67.7     0.133041
67.8     0.121537
67.9     0.154745
68     0.0859576
68.1     0.0698128
68.2     0.0357998
68.3     0.0450683
68.4     0.0961201
68.5     0.129915
68.6     0.174515
68.7     0.170953
68.8     0.152919
68.9     0.0826044
69     0.0201603
69.1     0.00223295
69.2     0.00959823
69.3     0.0848312
69.4     0.105219
69.5     0.110511
69.6     0.0775163
69.7     0.0456569
69.8     0.0299365
69.9     0.0160394
70     0.0149697
70.1     0.0274259
70.2     0.0120247
70.3     0.0237868
70.4     0.0126563
70.5     0.0409548
70.6     0.0387134
70.7     0.0408622
70.8     0.037051
70.9     0.0460347
71     0.0572985
71.1     0.0892002
71.2     0.072099
71.3     0.0921067
71.4     0.12336
71.5     0.165472
71.6     0.225307
71.7     0.239096
71.8     0.251917
71.9     0.33302
72     0.344236
72.1     0.310323
72.2     0.312698
72.3     0.32254
72.4     0.317371
72.5     0.293293
72.6     0.277626
72.7     0.307909
72.8     0.251338
72.9     0.19845
73     0.21791
73.1     0.255234
73.2     0.233685
73.3     0.187236
73.4     0.209453
73.5     0.165871
73.6     0.156554
73.7     0.149072
73.8     0.204853
73.9     0.200419
74     0.267847
74.1     0.261477
74.2     0.259458
74.3     0.292234
74.4     0.294744
74.5     0.266568
74.6     0.196841
74.7     0.19509
74.8     0.167081
74.9     0.150031
75     0.145802
75.1     0.184842
75.2     0.177896
75.3     0.203225
75.4     0.191337
75.5     0.13168
75.6     0.17403
75.7     0.182054
75.8     0.202249
75.9     0.176913
76     0.177615
76.1     0.132271
76.2     0.134348
76.3     0.162925
76.4     0.151962
76.5     0.185993
76.6     0.116967
76.7     0.0924132
76.8     0.0994547
76.9     0.0654058
77     0.0696873
77.1     0.0585698
77.2     0.0795567
77.3     0.0376724
77.4     0.0351449
77.5     0.0448578
77.6     0.0470207
77.7     0.0468596
77.8     0.0273839
77.9     0.0500239
78     0.0906817
78.1     0.0935196
78.2     0.0867749
78.3     0.104137
78.4     0.0739332
78.5     0.124091
78.6     0.157554
78.7     0.0741883
78.8     0.0907595
78.9     0.062581
79     0.0407304
79.1     0.0657454
79.2     0.117659
79.3     0.112921
79.4     0.110287
79.5     0.0621361
79.6     0.0677583
79.7     0.0550383
79.8     0.105807
79.9     0.164144
80     0.129268
80.1     0.112885
80.2     0.132853
80.3     0.170643
80.4     0.144824
80.5     0.160518
80.6     0.201096
80.7     0.173204
80.8     0.152387
80.9     0.153364
81     0.118248
81.1     0.109019
81.2     0.0990429
81.3     0.0814456
81.4     0.0548127
81.5     0.0275917
81.6     0.0277875
81.7     0.0586474
81.8     0.0596614
81.9     0.0642059
82     0.0716464
82.1     0.0596709
82.2     0.0968398
82.3     0.121196
82.4     0.122152
82.5     0.108262
82.6     0.119625
82.7     0.143321
82.8     0.211402
82.9     0.222805
83     0.242162
83.1     0.237876
83.2     0.270565
83.3     0.285872
83.4     0.3314
83.5     0.37244
83.6     0.393731
83.7     0.3953
83.8     0.388867
83.9     0.357754
84     0.30008
84.1     0.27165
84.2     0.267348
84.3     0.254767
84.4     0.271099
84.5     0.222929
84.6     0.199566
84.7     0.171957
84.8     0.156237
84.9     0.169209
85     0.21578
85.1     0.209622
85.2     0.198113
85.3     0.195218
85.4     0.157343
85.5     0.120534
85.6     0.0469749
85.7     0.0250046
85.8     0.00726844
85.9     0.0407007
86     0.063562
86.1     0.0812663
86.2     0.0668461
86.3     0.0924259
86.4     0.0639315
86.5     0.0640996
86.6     0.0507607
86.7     0.0617616
86.8     0.0531765
86.9     0.0722505
87     0.0569049
87.1     0.113506
87.2     0.138986
87.3     0.0961294
87.4     0.0925981
87.5     0.106954
87.6     0.121619
87.7     0.125809
87.8     0.154905
87.9     0.112484
88     0.146
88.1     0.136043
88.2     0.121089
88.3     0.148865
88.4     0.146074
88.5     0.10659
88.6     0.145454
88.7     0.122711
88.8     0.122481
88.9     0.178477
89     0.155973
89.1     0.120091
89.2     0.100323
89.3     0.0842313
89.4     0.111122
89.5     0.114436
89.6     0.145586
89.7     0.119055
89.8     0.135551
89.9     0.143275
90     0.171113
90.1     0.217877
90.2     0.248119
90.3     0.220451
90.4     0.175181
90.5     0.182428
90.6     0.243139
90.7     0.261172
90.8     0.298105
90.9     0.285831
91     0.277176
91.1     0.231955
91.2     0.266962
91.3     0.212777
91.4     0.211528
91.5     0.215279
91.6     0.283149
91.7     0.300946
91.8     0.32233
91.9     0.298577
92     0.349632
92.1     0.348657
92.2     0.381438
92.3     0.378961
92.4     0.430128
92.5     0.34994
92.6     0.323373
92.7     0.327448
92.8     0.295224
92.9     0.285233
93     0.309259
93.1     0.278457
93.2     0.287798
93.3     0.293812
93.4     0.271983
93.5     0.255356
93.6     0.207084
93.7     0.211081
93.8     0.216377
93.9     0.229831
94     0.1826
94.1     0.164972
94.2     0.106162
94.3     0.0610829
94.4     0.0225409
94.5     0.0339522
94.6     0.048339
94.7     0.0413675
94.8     0.0847026
94.9     0.125687
95     0.178156
95.1     0.170644
95.2     0.145736
95.3     0.152284
95.4     0.187439
95.5     0.201295
95.6     0.235242
95.7     0.252484
95.8     0.175839
95.9     0.149483
96     0.126781
96.1     0.167967
96.2     0.166572
96.3     0.219137
96.4     0.244282
96.5     0.161098
96.6     0.19155
96.7     0.152647
96.8     0.0904092
96.9     0.139131
97     0.124141
97.1     0.147327
97.2     0.144095
97.3     0.136583
97.4     0.132364
97.5     0.0882062
97.6     0.103578
97.7     0.086902
97.8     0.0875688
97.9     0.0855559
98     0.0947728
98.1     0.141439
98.2     0.151939
98.3     0.134557
98.4     0.220419
98.5     0.171045
98.6     0.181545
98.7     0.200233
98.8     0.184214
98.9     0.200353
99     0.22182
99.1     0.225725
99.2     0.234257
99.3     0.253712
99.4     0.242611
99.5     0.26656
99.6     0.280332
99.7     0.266753
99.8     0.2494
99.9     0.220531
