0     0.140324
0.1     0.172516
0.2     0.208382
0.3     0.230845
0.4     0.263055
0.5     0.262011
0.6     0.282802
0.7     0.294277
0.8     0.319641
0.9     0.337638
1     0.336836
1.1     0.342371
1.2     0.34293
1.3     0.362075
1.4     0.392597
1.5     0.371438
1.6     0.394485
1.7     0.394232
1.8     0.409084
1.9     0.426198
2     0.448803
2.1     0.460706
2.2     0.471424
2.3     0.47531
2.4     0.49324
2.5     0.502735
2.6     0.520883
2.7     0.511405
2.8     0.520303
2.9     0.537514
3     0.547442
3.1     0.554382
3.2     0.568273
3.3     0.574996
3.4     0.586846
3.5     0.601825
3.6     0.610533
3.7     0.618508
3.8     0.63532
3.9     0.650333
4     0.654239
4.1     0.662179
4.2     0.671733
4.3     0.66031
4.4     0.668074
4.5     0.675845
4.6     0.690998
4.7     0.680146
4.8     0.685832
4.9     0.699462
5     0.702879
5.1     0.69358
5.2     0.708571
5.3     0.720205
5.4     0.733232
5.5     0.748506
5.6     0.740281
5.7     0.729173
5.8     0.731217
5.9     0.751506
6     0.756223
6.1     0.771368
6.2     0.784703
6.3     0.801148
6.4     0.797054
6.5     0.791092
6.6     0.794915
6.7     0.788537
6.8     0.793646
6.9     0.788185
7     0.786359
7.1     0.795067
7.2     0.79349
7.3     0.791064
7.4     0.79174
7.5     0.792594
7.6     0.795609
7.7     0.803014
7.8     0.805373
7.9     0.814482
8     0.818028
8.1     0.82258
8.2     0.814662
8.3     0.808738
8.4     0.811153
8.5     0.807407
8.6     0.807749
8.7     0.806215
8.8     0.802181
8.9     0.786678
9     0.796576
9.1     0.803296
9.2     0.791854
9.3     0.785803
9.4     0.784734
9.5     0.773042
9.6     0.778163
9.7     0.776174
9.8     0.789186
9.9     0.798416
10     0.804841
10.1     0.812553
10.2     0.792844
10.3     0.787391
10.4     0.792599
10.5     0.793782
10.6     0.801828
10.7     0.808837
10.8     0.808714
10.9     0.803729
11     0.805048
11.1     0.803165
11.2     0.805588
11.3     0.81949
11.4     0.815784
11.5     0.820071
11.6     0.816313
11.7     0.811036
11.8     0.820826
11.9     0.825323
12     0.827497
12.1     0.833296
12.2     0.828654
12.3     0.829534
12.4     0.833821
12.5     0.834923
12.6     0.845729
12.7     0.84082
12.8     0.841526
12.9     0.850547
13     0.849861
13.1     0.848249
13.2     0.846235
13.3     0.853029
13.4     0.855259
13.5     0.860523
13.6     0.865801
13.7     0.868189
13.8     0.87704
13.9     0.874444
14     0.873872
14.1     0.876189
14.2     0.869371
14.3     0.86388
14.4     0.869355
14.5     0.857054
14.6     0.853409
14.7     0.865099
14.8     0.866607
14.9     0.855548
15     0.847892
15.1     0.833243
15.2     0.844146
15.3     0.845371
15.4     0.834945
15.5     0.83006
15.6     0.8326
15.7     0.816733
15.8     0.812286
15.9     0.811043
16     0.822717
16.1     0.828967
16.2     0.82771
16.3     0.82906
16.4     0.835964
16.5     0.835984
16.6     0.845705
16.7     0.845255
16.8     0.853977
16.9     0.854562
17     0.845925
17.1     0.844678
17.2     0.852813
17.3     0.855826
17.4     0.853225
17.5     0.833102
17.6     0.851719
17.7     0.842263
17.8     0.829908
17.9     0.822655
18     0.824317
18.1     0.818974
18.2     0.812992
18.3     0.802402
18.4     0.807374
18.5     0.816423
18.6     0.807604
18.7     0.805402
18.8     0.794629
18.9     0.796651
19     0.814501
19.1     0.816991
19.2     0.818297
19.3     0.81881
19.4     0.822224
19.5     0.825918
19.6     0.822019
19.7     0.827501
19.8     0.835629
19.9     0.841761
20     0.851134
20.1     0.859908
20.2     0.862162
20.3     0.870688
20.4     0.869461
20.5     0.871024
20.6     0.872655
20.7     0.876589
20.8     0.885071
20.9     0.883389
21     0.87667
21.1     0.877429
21.2     0.876096
21.3     0.871867
21.4     0.872531
21.5     0.884727
21.6     0.892463
21.7     0.890602
21.8     0.884831
21.9     0.881533
22     0.891229
22.1     0.909207
22.2     0.898905
22.3     0.901752
22.4     0.892758
22.5     0.90434
22.6     0.898182
22.7     0.889461
22.8     0.890131
22.9     0.889559
23     0.890255
23.1     0.888844
23.2     0.890075
23.3     0.883197
23.4     0.882976
23.5     0.886286
23.6     0.883692
23.7     0.895613
23.8     0.895391
23.9     0.904687
24     0.903943
24.1     0.906417
24.2     0.907609
24.3     0.908267
24.4     0.910819
24.5     0.912946
24.6     0.904326
24.7     0.899164
24.8     0.893678
24.9     0.892895
25     0.893421
25.1     0.893213
25.2     0.894824
25.3     0.902938
25.4     0.906543
25.5     0.898424
25.6     0.898242
25.7     0.89368
25.8     0.903023
25.9     0.904989
26     0.892341
26.1     0.890013
26.2     0.889025
26.3     0.885059
26.4     0.890868
26.5     0.891111
26.6     0.88944
26.7     0.88233
26.8     0.89543
26.9     0.899707
27     0.898315
27.1     0.902715
27.2     0.903572
27.3     0.894997
27.4     0.895093
27.5     0.882918
27.6     0.880758
27.7     0.878031
27.8     0.878772
27.9     0.874296
28     0.878019
28.1     0.888892
28.2     0.898481
28.3     0.89472
28.4     0.882376
28.5     0.884749
28.6     0.891018
28.7     0.899886
28.8     0.897349
28.9     0.894206
29     0.882805
29.1     0.893993
29.2     0.888042
29.3     0.887272
29.4     0.881806
29.5     0.881944
29.6     0.888487
29.7     0.88425
29.8     0.888118
29.9     0.890113
30     0.897256
30.1     0.900615
30.2     0.899562
30.3     0.907925
30.4     0.907523
30.5     0.901203
30.6     0.906737
30.7     0.904588
30.8     0.909958
30.9     0.914558
31     0.912426
31.1     0.9042
31.2     0.905664
31.3     0.90436
31.4     0.904995
31.5     0.904777
31.6     0.907113
31.7     0.903351
31.8     0.894179
31.9     0.89203
32     0.896844
32.1     0.900941
32.2     0.902476
32.3     0.90538
32.4     0.909325
32.5     0.911861
32.6     0.920693
32.7     0.927054
32.8     0.922675
32.9     0.923427
33     0.924128
33.1     0.924067
33.2     0.918277
33.3     0.914114
33.4     0.911798
33.5     0.910524
33.6     0.906981
33.7     0.909033
33.8     0.895957
33.9     0.883869
34     0.880787
34.1     0.878691
34.2     0.8757
34.3     0.879491
34.4     0.87637
34.5     0.874436
34.6     0.880289
34.7     0.873548
34.8     0.87943
34.9     0.897505
35     0.90335
35.1     0.887397
35.2     0.893761
35.3     0.890667
35.4     0.887666
35.5     0.888733
35.6     0.891675
35.7     0.89197
35.8     0.896697
35.9     0.895675
36     0.892454
36.1     0.902128
36.2     0.900158
36.3     0.893135
36.4     0.893913
36.5     0.889611
36.6     0.901556
36.7     0.903633
36.8     0.904407
36.9     0.903002
37     0.893738
37.1     0.890517
37.2     0.895255
37.3     0.886041
37.4     0.89045
37.5     0.893746
37.6     0.88709
37.7     0.883325
37.8     0.880218
37.9     0.88214
38     0.888147
38.1     0.889989
38.2     0.897274
38.3     0.905606
38.4     0.914733
38.5     0.914642
38.6     0.904864
38.7     0.906337
38.8     0.910689
38.9     0.910445
39     0.908476
39.1     0.899965
39.2     0.901461
39.3     0.900491
39.4     0.907718
39.5     0.907218
39.6     0.908327
39.7     0.906943
39.8     0.901139
39.9     0.900948
40     0.893017
40.1     0.891832
40.2     0.895017
40.3     0.898313
40.4     0.901237
40.5     0.906555
40.6     0.905031
40.7     0.907698
40.8     0.905376
40.9     0.909416
41     0.913569
41.1     0.909727
41.2     0.913232
41.3     0.915114
41.4     0.910314
41.5     0.914443
41.6     0.910503
41.7     0.910599
41.8     0.908939
41.9     0.922314
42     0.918552
42.1     0.923018
42.2     0.927478
42.3     0.934258
42.4     0.936296
42.5     0.932821
42.6     0.935997
42.7     0.933689
42.8     0.925915
42.9     0.928726
43     0.925184
43.1     0.923573
43.2     0.922117
43.3     0.91919
43.4     0.924054
43.5     0.927375
43.6     0.926718
43.7     0.927123
43.8     0.924571
43.9     0.918917
44     0.918161
44.1     0.907976
44.2     0.909556
44.3     0.900147
44.4     0.912832
44.5     0.91335
44.6     0.91142
44.7     0.912043
44.8     0.90873
44.9     0.903984
45     0.905188
45.1     0.905593
45.2     0.90025
45.3     0.900969
45.4     0.909171
45.5     0.902113
45.6     0.904578
45.7     0.897146
45.8     0.89551
45.9     0.89503
46     0.907262
46.1     0.901694
46.2     0.907916
46.3     0.910129
46.4     0.908702
46.5     0.907976
46.6     0.907049
46.7     0.914278
46.8     0.921006
46.9     0.921781
47     0.919986
47.1     0.919471
47.2     0.915488
47.3     0.910597
47.4     0.903608
47.5     0.902808
47.6     0.897977
47.7     0.902217
47.8     0.908807
47.9     0.899226
48     0.903246
48.1     0.908356
48.2     0.905496
48.3     0.91326
48.4     0.910259
48.5     0.90237
48.6     0.902754
48.7     0.899995
48.8     0.901315
48.9     0.90274
49     0.898144
49.1     0.902266
49.2     0.895038
49.3     0.894865
49.4     0.894497
49.5     0.890997
49.6     0.887449
49.7     0.882388
49.8     0.886902
49.9     0.874477
50     0.877038
50.1     0.875522
50.2     0.872507
50.3     0.879454
50.4     0.885369
50.5     0.884564
50.6     0.886129
50.7     0.878886
50.8     0.885092
50.9     0.885263
51     0.886554
51.1     0.886952
51.2     0.893945
51.3     0.896928
51.4     0.894069
51.5     0.896309
51.6     0.897887
51.7     0.896025
51.8     0.893503
51.9     0.901905
52     0.909538
52.1     0.907872
52.2     0.911854
52.3     0.911267
52.4     0.914452
52.5     0.916796
52.6     0.91203
52.7     0.91575
52.8     0.908624
52.9     0.89362
53     0.902976
53.1     0.899571
53.2     0.904238
53.3     0.904033
53.4     0.900826
53.5     0.911143
53.6     0.90368
53.7     0.902446
53.8     0.89464
53.9     0.884493
54     0.887665
54.1     0.889439
54.2     0.87947
54.3     0.88383
54.4     0.882391
54.5     0.881645
54.6     0.881786
54.7     0.881574
54.8     0.881669
54.9     0.876557
55     0.875439
55.1     0.884072
55.2     0.88732
55.3     0.886884
55.4     0.890668
55.5     0.888094
55.6     0.89754
55.7     0.893821
55.8     0.896851
55.9     0.896001
56     0.890854
56.1     0.899894
56.2     0.903558
56.3     0.904881
56.4     0.908671
56.5     0.912843
56.6     0.906139
56.7     0.908511
56.8     0.898858
56.9     0.889522
57     0.888218
57.1     0.879283
57.2     0.885462
57.3     0.883985
57.4     0.889755
57.5     0.890089
57.6     0.888138
57.7     0.874389
57.8     0.888102
57.9     0.890453
58     0.877004
58.1     0.881767
58.2     0.87805
58.3     0.871543
58.4     0.861404
58.5     0.87241
58.6     0.88343
58.7     0.882551
58.8     0.883941
58.9     0.882821
59     0.879528
59.1     0.878958
59.2     0.883178
59.3     0.882107
59.4     0.879343
59.5     0.876777
59.6     0.869543
59.7     0.872045
59.8     0.870609
59.9     0.85633
60     0.869292
60.1     0.868539
60.2     0.865748
60.3     0.881104
60.4     0.891848
60.5     0.880578
60.6     0.881662
60.7     0.879888
60.8     0.879816
60.9     0.888505
61     0.892903
61.1     0.895638
61.2     0.901498
61.3     0.91474
61.4     0.916177
61.5     0.921252
61.6     0.918009
61.7     0.907666
61.8     0.906438
61.9     0.910315
62     0.917201
62.1     0.915257
62.2     0.915417
62.3     0.897061
62.4     0.892293
62.5     0.89699
62.6     0.898293
62.7     0.900168
62.8     0.899172
62.9     0.896138
63     0.900372
63.1     0.904692
63.2     0.908262
63.3     0.907519
63.4     0.911331
63.5     0.910894
63.6     0.915235
63.7     0.919931
63.8     0.919887
63.9     0.919793
64     0.91381
64.1     0.909693
64.2     0.911447
64.3     0.922348
64.4     0.917305
64.5     0.92386
64.6     0.919098
64.7     0.921227
64.8     0.926049
64.9     0.928066
65     0.931775
65.1     0.929451
65.2     0.930238
65.3     0.934033
65.4     0.935713
65.5     0.938002
65.6     0.938641
65.7     0.941006
65.8     0.944292
65.9     0.934581
66     0.933824
66.1     0.936402
66.2     0.935146
66.3     0.936475
66.4     0.935618
66.5     0.931861
66.6     0.932369
66.7     0.925243
66.8     0.923367
66.9     0.921431
67     0.919951
67.1     0.915786
67.2     0.906618
67.3     0.90121
67.4     0.914761
67.5     0.908434
67.6     0.904834
67.7     0.893607
67.8     0.886826
67.9     0.88753
68     0.898607
68.1     0.908205
68.2     0.910681
68.3     0.910153
68.4     0.90269
68.5     0.904536
68.6     0.892334
68.7     0.877948
68.8     0.88017
68.9     0.890683
69     0.890123
69.1     0.89417
69.2     0.898022
69.3     0.910192
69.4     0.920069
69.5     0.920701
69.6     0.920766
69.7     0.922487
69.8     0.929506
69.9     0.92947
70     0.935567
70.1     0.927979
70.2     0.936829
70.3     0.938457
70.4     0.934602
70.5     0.943872
70.6     0.948612
70.7     0.950956
70.8     0.956361
70.9     0.95767
71     0.956231
71.1     0.95518
71.2     0.951491
71.3     0.951916
71.4     0.94924
71.5     0.953068
71.6     0.946339
71.7     0.948092
71.8     0.950794
71.9     0.952744
72     0.954032
72.1     0.950399
72.2     0.94907
72.3     0.943741
72.4     0.93995
72.5     0.936399
72.6     0.925441
72.7     0.93007
72.8     0.940129
72.9     0.937988
73     0.932851
73.1     0.937871
73.2     0.941942
73.3     0.949748
73.4     0.946835
73.5     0.941751
73.6     0.940199
73.7     0.941281
73.8     0.936697
73.9     0.92823
74     0.927552
74.1     0.926261
74.2     0.926762
74.3     0.92572
74.4     0.927751
74.5     0.934045
74.6     0.931733
74.7     0.936729
74.8     0.938044
74.9     0.932625
75     0.93655
75.1     0.936526
75.2     0.936764
75.3     0.938796
75.4     0.939731
75.5     0.933252
75.6     0.927164
75.7     0.922401
75.8     0.924148
75.9     0.920452
76     0.918596
76.1     0.908419
76.2     0.906389
76.3     0.914441
76.4     0.920388
76.5     0.920533
76.6     0.908756
76.7     0.910694
76.8     0.913019
76.9     0.912252
77     0.915784
77.1     0.921863
77.2     0.923192
77.3     0.921829
77.4     0.92573
77.5     0.920613
77.6     0.919614
77.7     0.917013
77.8     0.916102
77.9     0.917384
78     0.911281
78.1     0.917413
78.2     0.90839
78.3     0.912635
78.4     0.916621
78.5     0.913259
78.6     0.912604
78.7     0.915605
78.8     0.903433
78.9     0.910289
79     0.908918
79.1     0.909539
79.2     0.914089
79.3     0.913879
79.4     0.915096
79.5     0.904431
79.6     0.915814
79.7     0.920381
79.8     0.916007
79.9     0.917934
80     0.910502
80.1     0.912626
80.2     0.913091
80.3     0.913715
80.4     0.911956
80.5     0.919068
80.6     0.918032
80.7     0.919374
80.8     0.915463
80.9     0.917398
81     0.913763
81.1     0.924749
81.2     0.934796
81.3     0.929802
81.4     0.937308
81.5     0.932675
81.6     0.935364
81.7     0.926533
81.8     0.930396
81.9     0.928248
82     0.930163
82.1     0.930316
82.2     0.929152
82.3     0.928572
82.4     0.933349
82.5     0.939237
82.6     0.945294
82.7     0.949302
82.8     0.942294
82.9     0.946599
83     0.942789
83.1     0.946332
83.2     0.937552
83.3     0.93786
83.4     0.936356
83.5     0.931087
83.6     0.929805
83.7     0.923633
83.8     0.924133
83.9     0.929813
84     0.931798
84.1     0.930486
84.2     0.926655
84.3     0.924929
84.4     0.928265
84.5     0.930523
84.6     0.933905
84.7     0.935037
84.8     0.926403
84.9     0.921099
85     0.91975
85.1     0.919337
85.2     0.906566
85.3     0.905941
85.4     0.90447
85.5     0.910925
85.6     0.921451
85.7     0.922103
85.8     0.918749
85.9     0.921889
86     0.924431
86.1     0.9218
86.2     0.917762
86.3     0.926362
86.4     0.929443
86.5     0.932548
86.6     0.935385
86.7     0.928673
86.8     0.92648
86.9     0.92302
87     0.91988
87.1     0.926444
87.2     0.924103
87.3     0.914738
87.4     0.924451
87.5     0.92053
87.6     0.921477
87.7     0.924409
87.8     0.929505
87.9     0.924536
88     0.92609
88.1     0.925911
88.2     0.92928
88.3     0.932927
88.4     0.933753
88.5     0.937129
88.6     0.940004
88.7     0.946226
88.8     0.944577
88.9     0.944251
89     0.941525
89.1     0.94291
89.2     0.943659
89.3     0.945232
89.4     0.950484
89.5     0.945289
89.6     0.944075
89.7     0.943065
89.8     0.938312
89.9     0.939301
90     0.931995
90.1     0.935324
90.2     0.938852
90.3     0.940881
90.4     0.939903
90.5     0.937091
90.6     0.932316
90.7     0.931471
90.8     0.929339
90.9     0.926972
91     0.928853
91.1     0.92759
91.2     0.927632
91.3     0.931326
91.4     0.93393
91.5     0.934771
91.6     0.94139
91.7     0.938048
91.8     0.933995
91.9     0.933482
92     0.933628
92.1     0.932693
92.2     0.929708
92.3     0.929758
92.4     0.931931
92.5     0.940625
92.6     0.939727
92.7     0.937862
92.8     0.938671
92.9     0.929871
93     0.933617
93.1     0.936451
93.2     0.939628
93.3     0.934933
93.4     0.923545
93.5     0.911724
93.6     0.909684
93.7     0.908028
93.8     0.910825
93.9     0.918411
94     0.908437
94.1     0.916619
94.2     0.913933
94.3     0.919677
94.4     0.916493
94.5     0.912065
94.6     0.914916
94.7     0.917083
94.8     0.922089
94.9     0.92471
95     0.912669
95.1     0.90629
95.2     0.91457
95.3     0.924976
95.4     0.929277
95.5     0.918604
95.6     0.923969
95.7     0.912582
95.8     0.911982
95.9     0.907947
96     0.912347
96.1     0.909197
96.2     0.90966
96.3     0.910264
96.4     0.914856
96.5     0.916074
96.6     0.92105
96.7     0.921096
96.8     0.926162
96.9     0.929255
97     0.938561
97.1     0.938665
97.2     0.936168
97.3     0.924163
97.4     0.926833
97.5     0.923355
97.6     0.930706
97.7     0.930821
97.8     0.931283
97.9     0.929007
98     0.92905
98.1     0.931322
98.2     0.931277
98.3     0.934222
98.4     0.938947
98.5     0.938199
98.6     0.939829
98.7     0.945308
98.8     0.9435
98.9     0.937472
99     0.941973
99.1     0.942465
99.2     0.947003
99.3     0.953617
99.4     0.952973
99.5     0.951433
99.6     0.946358
99.7     0.942395
99.8     0.94639
99.9     0.937268
