0     0.160514
0.1     0.178022
0.2     0.201414
0.3     0.198694
0.4     0.20468
0.5     0.205
0.6     0.19728
0.7     0.190426
0.8     0.1895
0.9     0.208856
1     0.20895
1.1     0.214337
1.2     0.216179
1.3     0.200253
1.4     0.194077
1.5     0.198183
1.6     0.191491
1.7     0.19442
1.8     0.189135
1.9     0.205774
2     0.215465
2.1     0.211504
2.2     0.206538
2.3     0.213084
2.4     0.208857
2.5     0.202414
2.6     0.218771
2.7     0.21583
2.8     0.226685
2.9     0.21907
3     0.211595
3.1     0.214001
3.2     0.216112
3.3     0.21419
3.4     0.216851
3.5     0.226238
3.6     0.224531
3.7     0.238703
3.8     0.270001
3.9     0.278699
4     0.287465
4.1     0.290834
4.2     0.306108
4.3     0.326386
4.4     0.338983
4.5     0.357338
4.6     0.393465
4.7     0.393419
4.8     0.405587
4.9     0.420963
5     0.426748
5.1     0.437905
5.2     0.441855
5.3     0.448703
5.4     0.46648
5.5     0.478292
5.6     0.494769
5.7     0.50777
5.8     0.51285
5.9     0.529224
6     0.543116
6.1     0.543827
6.2     0.556382
6.3     0.559332
6.4     0.559834
6.5     0.567354
6.6     0.584503
6.7     0.588263
6.8     0.588067
6.9     0.587911
7     0.595142
7.1     0.605601
7.2     0.616838
7.3     0.626895
7.4     0.640003
7.5     0.647234
7.6     0.659948
7.7     0.666127
7.8     0.673449
7.9     0.67623
8     0.673976
8.1     0.674257
8.2     0.665594
8.3     0.667792
8.4     0.668138
8.5     0.674259
8.6     0.689783
8.7     0.681959
8.8     0.689051
8.9     0.707218
9     0.714057
9.1     0.724406
9.2     0.722056
9.3     0.724451
9.4     0.717555
9.5     0.728201
9.6     0.742382
9.7     0.76155
9.8     0.775997
9.9     0.779379
10     0.782366
10.1     0.786065
10.2     0.795317
10.3     0.789278
10.4     0.793068
10.5     0.799878
10.6     0.807237
10.7     0.81108
10.8     0.819828
10.9     0.827614
11     0.831356
11.1     0.833467
11.2     0.840287
11.3     0.851797
11.4     0.854647
11.5     0.863424
11.6     0.871434
11.7     0.869786
11.8     0.86226
11.9     0.867675
12     0.862613
12.1     0.861596
12.2     0.869119
12.3     0.877017
12.4     0.875771
12.5     0.875577
12.6     0.883113
12.7     0.885129
12.8     0.891158
12.9     0.89329
13     0.889659
13.1     0.892439
13.2     0.892166
13.3     0.89699
13.4     0.900739
13.5     0.898136
13.6     0.899721
13.7     0.907655
13.8     0.912904
13.9     0.912681
14     0.9136
14.1     0.918298
14.2     0.919657
14.3     0.918178
14.4     0.923532
14.5     0.924436
14.6     0.924199
14.7     0.934934
14.8     0.940898
14.9     0.942815
15     0.943082
15.1     0.941721
15.2     0.93807
15.3     0.931911
15.4     0.936391
15.5     0.933778
15.6     0.933672
15.7     0.943717
15.8     0.941473
15.9     0.938234
16     0.93252
16.1     0.932695
16.2     0.929429
16.3     0.939488
16.4     0.932649
16.5     0.943696
16.6     0.948398
16.7     0.951058
16.8     0.94939
16.9     0.94626
17     0.950785
17.1     0.952429
17.2     0.948256
17.3     0.948646
17.4     0.948709
17.5     0.946131
17.6     0.944138
17.7     0.944647
17.8     0.950883
17.9     0.951228
18     0.945733
18.1     0.943622
18.2     0.951627
18.3     0.954361
18.4     0.957764
18.5     0.95462
18.6     0.955311
18.7     0.959122
18.8     0.957171
18.9     0.953204
19     0.9552
19.1     0.95423
19.2     0.9597
19.3     0.961998
19.4     0.959256
19.5     0.95801
19.6     0.9609
19.7     0.962264
19.8     0.961024
19.9     0.961977
20     0.963081
20.1     0.961148
20.2     0.960661
20.3     0.960952
20.4     0.959888
20.5     0.958141
20.6     0.953634
20.7     0.950504
20.8     0.957273
20.9     0.95651
21     0.95808
21.1     0.95831
21.2     0.964153
21.3     0.958521
21.4     0.960976
21.5     0.959486
21.6     0.956784
21.7     0.953447
21.8     0.950982
21.9     0.952371
22     0.957829
22.1     0.95967
22.2     0.958898
22.3     0.954057
22.4     0.956384
22.5     0.95815
22.6     0.962505
22.7     0.958374
22.8     0.963362
22.9     0.959049
23     0.962487
23.1     0.958157
23.2     0.963147
23.3     0.96071
23.4     0.955816
23.5     0.956259
23.6     0.951109
23.7     0.942513
23.8     0.937716
23.9     0.937684
24     0.943165
24.1     0.940843
24.2     0.949481
24.3     0.947853
24.4     0.949713
24.5     0.949355
24.6     0.948807
24.7     0.948338
24.8     0.943352
24.9     0.94706
25     0.950831
25.1     0.950316
25.2     0.952772
25.3     0.948347
25.4     0.944377
25.5     0.941681
25.6     0.941182
25.7     0.945732
25.8     0.940258
25.9     0.950561
26     0.949547
26.1     0.940636
26.2     0.937752
26.3     0.947744
26.4     0.954352
26.5     0.954686
26.6     0.95142
26.7     0.948587
26.8     0.944741
26.9     0.934691
27     0.930589
27.1     0.925364
27.2     0.925504
27.3     0.924644
27.4     0.911499
27.5     0.90882
27.6     0.912759
27.7     0.915871
27.8     0.91104
27.9     0.910366
28     0.913835
28.1     0.914411
28.2     0.914252
28.3     0.911177
28.4     0.907347
28.5     0.90817
28.6     0.910984
28.7     0.903875
28.8     0.911082
28.9     0.916238
29     0.921007
29.1     0.929746
29.2     0.936182
29.3     0.932797
29.4     0.924733
29.5     0.921219
29.6     0.921381
29.7     0.916069
29.8     0.905357
29.9     0.904614
30     0.900217
30.1     0.90777
30.2     0.908791
30.3     0.911908
30.4     0.906433
30.5     0.910646
30.6     0.915654
30.7     0.915052
30.8     0.923874
30.9     0.926656
31     0.935423
31.1     0.942666
31.2     0.949943
31.3     0.954557
31.4     0.953692
31.5     0.950998
31.6     0.948463
31.7     0.946587
31.8     0.942241
31.9     0.93886
32     0.93949
32.1     0.947227
32.2     0.949218
32.3     0.949081
32.4     0.9433
32.5     0.941994
32.6     0.93433
32.7     0.927663
32.8     0.928651
32.9     0.92828
33     0.938613
33.1     0.939357
33.2     0.942119
33.3     0.94192
33.4     0.944099
33.5     0.942779
33.6     0.935961
33.7     0.931863
33.8     0.933454
33.9     0.937933
34     0.936218
34.1     0.93312
34.2     0.935051
34.3     0.936509
34.4     0.935167
34.5     0.936117
34.6     0.936619
34.7     0.936838
34.8     0.940297
34.9     0.947722
35     0.941033
35.1     0.93587
35.2     0.935201
35.3     0.937062
35.4     0.932451
35.5     0.935224
35.6     0.931385
35.7     0.939773
35.8     0.938162
35.9     0.930936
36     0.921532
36.1     0.931973
36.2     0.938369
36.3     0.934674
36.4     0.935186
36.5     0.946337
36.6     0.940283
36.7     0.945737
36.8     0.945334
36.9     0.944239
37     0.95767
37.1     0.952685
37.2     0.954051
37.3     0.956656
37.4     0.953707
37.5     0.956279
37.6     0.949643
37.7     0.949325
37.8     0.954759
37.9     0.948649
38     0.944089
38.1     0.943278
38.2     0.944921
38.3     0.937199
38.4     0.934402
38.5     0.938921
38.6     0.934593
38.7     0.938382
38.8     0.939325
38.9     0.93347
39     0.931835
39.1     0.932461
39.2     0.934075
39.3     0.931745
39.4     0.934848
39.5     0.935635
39.6     0.937662
39.7     0.93975
39.8     0.933583
39.9     0.933455
40     0.931591
40.1     0.934839
40.2     0.934485
40.3     0.927224
40.4     0.920665
40.5     0.92085
40.6     0.917826
40.7     0.919745
40.8     0.92394
40.9     0.920168
41     0.930895
41.1     0.934086
41.2     0.935251
41.3     0.933683
41.4     0.926133
41.5     0.930962
41.6     0.930235
41.7     0.930263
41.8     0.935127
41.9     0.941483
42     0.940652
42.1     0.936635
42.2     0.93781
42.3     0.938815
42.4     0.941075
42.5     0.941451
42.6     0.942253
42.7     0.939986
42.8     0.943239
42.9     0.952717
43     0.947757
43.1     0.943883
43.2     0.947921
43.3     0.946608
43.4     0.94846
43.5     0.941064
43.6     0.941586
43.7     0.942081
43.8     0.933149
43.9     0.933401
44     0.930922
44.1     0.933966
44.2     0.939264
44.3     0.941381
44.4     0.930536
44.5     0.926396
44.6     0.920599
44.7     0.924911
44.8     0.928495
44.9     0.924704
45     0.918662
45.1     0.919321
45.2     0.927875
45.3     0.928841
45.4     0.930888
45.5     0.928085
45.6     0.930744
45.7     0.927619
45.8     0.940748
45.9     0.946869
46     0.944297
46.1     0.945663
46.2     0.937876
46.3     0.937191
46.4     0.931539
46.5     0.925884
46.6     0.929177
46.7     0.92547
46.8     0.925887
46.9     0.927351
47     0.920299
47.1     0.920159
47.2     0.918601
47.3     0.921754
47.4     0.927132
47.5     0.935714
47.6     0.946251
47.7     0.938937
47.8     0.93098
47.9     0.928674
48     0.929572
48.1     0.926906
48.2     0.913397
48.3     0.914391
48.4     0.920353
48.5     0.922994
48.6     0.928925
48.7     0.923885
48.8     0.931414
48.9     0.930684
49     0.93584
49.1     0.934298
49.2     0.930719
49.3     0.925709
49.4     0.92608
49.5     0.932185
49.6     0.930486
49.7     0.925159
49.8     0.928738
49.9     0.933473
50     0.939039
50.1     0.942402
50.2     0.943591
50.3     0.947765
50.4     0.953004
50.5     0.956541
50.6     0.94853
50.7     0.944571
50.8     0.940005
50.9     0.937648
51     0.936752
51.1     0.933667
51.2     0.929568
51.3     0.935876
51.4     0.937214
51.5     0.939181
51.6     0.950249
51.7     0.947536
51.8     0.949394
51.9     0.954204
52     0.955656
52.1     0.949367
52.2     0.948846
52.3     0.944837
52.4     0.947816
52.5     0.949757
52.6     0.950524
52.7     0.949586
52.8     0.944518
52.9     0.951224
53     0.95058
53.1     0.945834
53.2     0.947818
53.3     0.945453
53.4     0.942225
53.5     0.942262
53.6     0.946709
53.7     0.947965
53.8     0.943573
53.9     0.947633
54     0.947526
54.1     0.945291
54.2     0.952092
54.3     0.956765
54.4     0.961141
54.5     0.962258
54.6     0.965709
54.7     0.964877
54.8     0.965646
54.9     0.965767
55     0.966629
55.1     0.965688
55.2     0.962349
55.3     0.969425
55.4     0.966122
55.5     0.96403
55.6     0.963147
55.7     0.961765
55.8     0.956411
55.9     0.957413
56     0.960155
56.1     0.968804
56.2     0.970787
56.3     0.974
56.4     0.973486
56.5     0.972822
56.6     0.969915
56.7     0.975296
56.8     0.969536
56.9     0.970962
57     0.970721
57.1     0.970479
57.2     0.972947
57.3     0.961561
57.4     0.955624
57.5     0.958107
57.6     0.955261
57.7     0.959989
57.8     0.961826
57.9     0.964393
58     0.961268
58.1     0.964563
58.2     0.960979
58.3     0.956112
58.4     0.96375
58.5     0.965667
58.6     0.967851
58.7     0.962408
58.8     0.959846
58.9     0.958652
59     0.952302
59.1     0.953833
59.2     0.94643
59.3     0.944271
59.4     0.943956
59.5     0.939311
59.6     0.940346
59.7     0.948344
59.8     0.947941
59.9     0.946568
60     0.947126
60.1     0.948704
60.2     0.94628
60.3     0.953451
60.4     0.952566
60.5     0.954502
60.6     0.949839
60.7     0.945776
60.8     0.941611
60.9     0.940844
61     0.942031
61.1     0.934996
61.2     0.941232
61.3     0.943283
61.4     0.93883
61.5     0.946981
61.6     0.945829
61.7     0.943406
61.8     0.935613
61.9     0.937038
62     0.940448
62.1     0.9364
62.2     0.93862
62.3     0.935752
62.4     0.937173
62.5     0.940303
62.6     0.935865
62.7     0.938916
62.8     0.938814
62.9     0.940952
63     0.932888
63.1     0.934427
63.2     0.934399
63.3     0.93028
63.4     0.926206
63.5     0.930927
63.6     0.930669
63.7     0.933745
63.8     0.930428
63.9     0.93529
64     0.938556
64.1     0.939646
64.2     0.934678
64.3     0.929831
64.4     0.919962
64.5     0.920588
64.6     0.918783
64.7     0.912939
64.8     0.909805
64.9     0.917031
65     0.920208
65.1     0.92449
65.2     0.926685
65.3     0.92837
65.4     0.935019
65.5     0.933386
65.6     0.929953
65.7     0.930488
65.8     0.934977
65.9     0.938641
66     0.936558
66.1     0.943074
66.2     0.947635
66.3     0.945575
66.4     0.936166
66.5     0.945159
66.6     0.938816
66.7     0.942522
66.8     0.936076
66.9     0.936923
67     0.94338
67.1     0.943677
67.2     0.942522
67.3     0.945575
67.4     0.951681
67.5     0.947714
67.6     0.946039
67.7     0.941979
67.8     0.935566
67.9     0.935653
68     0.936289
68.1     0.936366
68.2     0.942898
68.3     0.94114
68.4     0.947359
68.5     0.945718
68.6     0.949052
68.7     0.949307
68.8     0.951679
68.9     0.945121
69     0.937044
69.1     0.936389
69.2     0.929749
69.3     0.927496
69.4     0.937201
69.5     0.934379
69.6     0.940561
69.7     0.937898
69.8     0.938965
69.9     0.937148
70     0.935391
70.1     0.933192
70.2     0.931331
70.3     0.936701
70.4     0.936574
70.5     0.941093
70.6     0.932386
70.7     0.931631
70.8     0.945137
70.9     0.942099
71     0.939791
71.1     0.93898
71.2     0.949374
71.3     0.944839
71.4     0.951379
71.5     0.950931
71.6     0.945288
71.7     0.94563
71.8     0.946542
71.9     0.945954
72     0.945391
72.1     0.94532
72.2     0.945385
72.3     0.943115
72.4     0.944285
72.5     0.947444
72.6     0.949074
72.7     0.949104
72.8     0.947504
72.9     0.948648
73     0.948158
73.1     0.951552
73.2     0.955926
73.3     0.955138
73.4     0.963755
73.5     0.965714
73.6     0.966064
73.7     0.964561
73.8     0.961521
73.9     0.9649
74     0.96334
74.1     0.969896
74.2     0.972412
74.3     0.973839
74.4     0.968439
74.5     0.971073
74.6     0.973221
74.7     0.978974
74.8     0.978173
74.9     0.973366
75     0.973558
75.1     0.97144
75.2     0.974427
75.3     0.974887
75.4     0.968232
75.5     0.969011
75.6     0.971669
75.7     0.967492
75.8     0.967837
75.9     0.965599
76     0.964044
76.1     0.954283
76.2     0.960212
76.3     0.959067
76.4     0.952646
76.5     0.951399
76.6     0.952372
76.7     0.950983
76.8     0.951757
76.9     0.953477
77     0.953814
77.1     0.955121
77.2     0.952608
77.3     0.948598
77.4     0.951214
77.5     0.95053
77.6     0.95714
77.7     0.959854
77.8     0.959231
77.9     0.964382
78     0.953256
78.1     0.9509
78.2     0.949575
78.3     0.949726
78.4     0.942882
78.5     0.946939
78.6     0.946262
78.7     0.952785
78.8     0.94869
78.9     0.945715
79     0.939109
79.1     0.937332
79.2     0.945263
79.3     0.948071
79.4     0.945652
79.5     0.951617
79.6     0.949945
79.7     0.946076
79.8     0.940346
79.9     0.945145
80     0.937015
80.1     0.930429
80.2     0.938588
80.3     0.937613
80.4     0.930188
80.5     0.926609
80.6     0.924774
80.7     0.935637
80.8     0.936814
80.9     0.936583
81     0.931743
81.1     0.93308
81.2     0.936825
81.3     0.937141
81.4     0.933444
81.5     0.932354
81.6     0.936864
81.7     0.93618
81.8     0.936278
81.9     0.932287
82     0.92349
82.1     0.921029
82.2     0.91875
82.3     0.920398
82.4     0.916967
82.5     0.916295
82.6     0.914759
82.7     0.913723
82.8     0.909152
82.9     0.908836
83     0.892936
83.1     0.900691
83.2     0.90011
83.3     0.904194
83.4     0.901194
83.5     0.90297
83.6     0.896407
83.7     0.886302
83.8     0.896988
83.9     0.897516
84     0.902813
84.1     0.906883
84.2     0.909075
84.3     0.906536
84.4     0.903664
84.5     0.906905
84.6     0.901894
84.7     0.895713
84.8     0.89037
84.9     0.890223
85     0.887258
85.1     0.889897
85.2     0.890873
85.3     0.890887
85.4     0.887293
85.5     0.886328
85.6     0.878885
85.7     0.871653
85.8     0.88107
85.9     0.879811
86     0.87901
86.1     0.873678
86.2     0.888414
86.3     0.90046
86.4     0.898997
86.5     0.898884
86.6     0.899036
86.7     0.901495
86.8     0.897452
86.9     0.900295
87     0.895793
87.1     0.883509
87.2     0.875032
87.3     0.883706
87.4     0.884168
87.5     0.894324
87.6     0.892355
87.7     0.886791
87.8     0.891127
87.9     0.90067
88     0.910769
88.1     0.903594
88.2     0.897713
88.3     0.90713
88.4     0.902048
88.5     0.899616
88.6     0.901644
88.7     0.897351
88.8     0.899296
88.9     0.89695
89     0.892387
89.1     0.897141
89.2     0.918919
89.3     0.918054
89.4     0.921341
89.5     0.917573
89.6     0.918337
89.7     0.916146
89.8     0.917174
89.9     0.911549
90     0.915853
90.1     0.917874
90.2     0.913211
90.3     0.923572
90.4     0.92266
90.5     0.92434
90.6     0.916062
90.7     0.918066
90.8     0.921677
90.9     0.923521
91     0.919229
91.1     0.918936
91.2     0.917247
91.3     0.913684
91.4     0.904202
91.5     0.899705
91.6     0.898216
91.7     0.903954
91.8     0.913902
91.9     0.916737
92     0.908589
92.1     0.915828
92.2     0.927581
92.3     0.936836
92.4     0.933882
92.5     0.939512
92.6     0.942725
92.7     0.948321
92.8     0.951632
92.9     0.957711
93     0.953017
93.1     0.952113
93.2     0.955234
93.3     0.957224
93.4     0.954344
93.5     0.957404
93.6     0.952763
93.7     0.950401
93.8     0.957472
93.9     0.952941
94     0.951065
94.1     0.954486
94.2     0.960274
94.3     0.956607
94.4     0.962001
94.5     0.958606
94.6     0.951532
94.7     0.952901
94.8     0.946905
94.9     0.951492
95     0.947196
95.1     0.95161
95.2     0.957535
95.3     0.958827
95.4     0.959
95.5     0.957139
95.6     0.958872
95.7     0.964346
95.8     0.961794
95.9     0.960182
96     0.957093
96.1     0.956251
96.2     0.959925
96.3     0.959583
96.4     0.958842
96.5     0.959901
96.6     0.962233
96.7     0.961398
96.8     0.961293
96.9     0.961813
97     0.958892
97.1     0.959254
97.2     0.954614
97.3     0.956076
97.4     0.952226
97.5     0.949532
97.6     0.950456
97.7     0.949661
97.8     0.951672
97.9     0.950477
98     0.933171
98.1     0.931211
98.2     0.934066
98.3     0.937289
98.4     0.941353
98.5     0.941031
98.6     0.944102
98.7     0.941998
98.8     0.94813
98.9     0.950659
99     0.952229
99.1     0.943541
99.2     0.946421
99.3     0.944523
99.4     0.946705
99.5     0.947836
99.6     0.936936
99.7     0.942405
99.8     0.942402
99.9     0.942504
