0     0.32103
0.1     0.324322
0.2     0.316169
0.3     0.331168
0.4     0.343987
0.5     0.337511
0.6     0.341062
0.7     0.347826
0.8     0.374565
0.9     0.385703
1     0.36914
1.1     0.375097
1.2     0.388855
1.3     0.376859
1.4     0.37821
1.5     0.37135
1.6     0.374443
1.7     0.36965
1.8     0.371915
1.9     0.350442
2     0.352218
2.1     0.321206
2.2     0.308551
2.3     0.302812
2.4     0.306293
2.5     0.286526
2.6     0.275305
2.7     0.270573
2.8     0.241951
2.9     0.23533
3     0.238353
3.1     0.230274
3.2     0.239041
3.3     0.24146
3.4     0.235959
3.5     0.250814
3.6     0.270148
3.7     0.248382
3.8     0.256554
3.9     0.266996
4     0.27178
4.1     0.272618
4.2     0.277985
4.3     0.278745
4.4     0.265414
4.5     0.31433
4.6     0.302664
4.7     0.30294
4.8     0.290542
4.9     0.281981
5     0.249175
5.1     0.252945
5.2     0.257336
5.3     0.239781
5.4     0.231902
5.5     0.226888
5.6     0.210621
5.7     0.194912
5.8     0.197775
5.9     0.199927
6     0.229952
6.1     0.237121
6.2     0.234451
6.3     0.240789
6.4     0.239314
6.5     0.222407
6.6     0.208818
6.7     0.206877
6.8     0.189368
6.9     0.176597
7     0.149373
7.1     0.167609
7.2     0.1827
7.3     0.157012
7.4     0.168675
7.5     0.140532
7.6     0.14508
7.7     0.155132
7.8     0.158818
7.9     0.16353
8     0.19001
8.1     0.208991
8.2     0.205508
8.3     0.206879
8.4     0.221011
8.5     0.219467
8.6     0.222883
8.7     0.202796
8.8     0.18576
8.9     0.167746
9     0.175953
9.1     0.180045
9.2     0.171706
9.3     0.159337
9.4     0.166577
9.5     0.175971
9.6     0.151153
9.7     0.13984
9.8     0.123184
9.9     0.110017
10     0.128065
10.1     0.159557
10.2     0.170829
10.3     0.182716
10.4     0.172733
10.5     0.176113
10.6     0.193671
10.7     0.190558
10.8     0.185501
10.9     0.187914
11     0.154386
11.1     0.146725
11.2     0.114627
11.3     0.104741
11.4     0.100785
11.5     0.106264
11.6     0.0878948
11.7     0.0739067
11.8     0.0619513
11.9     0.0824465
12     0.0623009
12.1     0.0697549
12.2     0.0581789
12.3     0.0444192
12.4     0.0378372
12.5     0.023198
12.6     0.0224851
12.7     0.023333
12.8     0.0383101
12.9     0.0404669
13     0.0429391
13.1     0.0195653
13.2     0.0578408
13.3     0.0775626
13.4     0.0642179
13.5     0.0588605
13.6     0.0780141
13.7     0.0849901
13.8     0.0712343
13.9     0.0372732
14     0.0564395
14.1     0.0517078
14.2     0.0713404
14.3     0.045746
14.4     0.0630775
14.5     0.100758
14.6     0.0772201
14.7     0.0631616
14.8     0.00118192
14.9     0.032129
15     0.0423804
15.1     0.0379863
15.2     0.0406225
15.3     0.0623096
15.4     0.0804509
15.5     0.0924963
15.6     0.12142
15.7     0.119667
15.8     0.125823
15.9     0.136017
16     0.155429
16.1     0.150462
16.2     0.141436
16.3     0.150074
16.4     0.132359
16.5     0.129347
16.6     0.116315
16.7     0.121323
16.8     0.137398
16.9     0.13452
17     0.161306
17.1     0.173121
17.2     0.161008
17.3     0.159479
17.4     0.169052
17.5     0.163618
17.6     0.163126
17.7     0.170621
17.8     0.181821
17.9     0.186509
18     0.185085
18.1     0.169819
18.2     0.145135
18.3     0.126864
18.4     0.0977029
18.5     0.0943899
18.6     0.091643
18.7     0.0948847
18.8     0.0829013
18.9     0.0944981
19     0.088447
19.1     0.094503
19.2     0.115243
19.3     0.0842408
19.4     0.0980412
19.5     0.106131
19.6     0.0928652
19.7     0.107952
19.8     0.110697
19.9     0.0955733
20     0.116586
20.1     0.104028
20.2     0.11485
20.3     0.112228
20.4     0.135223
20.5     0.154974
20.6     0.141528
20.7     0.153922
20.8     0.170007
20.9     0.19772
21     0.199667
21.1     0.206484
21.2     0.199181
21.3     0.195551
21.4     0.205038
21.5     0.187976
21.6     0.182399
21.7     0.178573
21.8     0.166542
21.9     0.184068
22     0.207241
22.1     0.231706
22.2     0.221888
22.3     0.244199
22.4     0.267036
22.5     0.288005
22.6     0.279661
22.7     0.286732
22.8     0.300161
22.9     0.284215
23     0.297134
23.1     0.298255
23.2     0.285531
23.3     0.273221
23.4     0.284355
23.5     0.273051
23.6     0.26836
23.7     0.272694
23.8     0.260718
23.9     0.261641
24     0.269502
24.1     0.252609
24.2     0.253095
24.3     0.281163
24.4     0.281786
24.5     0.263809
24.6     0.273336
24.7     0.285121
24.8     0.244835
24.9     0.250398
25     0.249258
25.1     0.243986
25.2     0.240562
25.3     0.221159
25.4     0.231946
25.5     0.231755
25.6     0.246486
25.7     0.237143
25.8     0.239759
25.9     0.240291
26     0.223139
26.1     0.190891
26.2     0.206008
26.3     0.224907
26.4     0.251922
26.5     0.252491
26.6     0.232271
26.7     0.213143
26.8     0.214453
26.9     0.210343
27     0.218092
27.1     0.208003
27.2     0.218219
27.3     0.218112
27.4     0.23462
27.5     0.243358
27.6     0.245854
27.7     0.244556
27.8     0.250748
27.9     0.245327
28     0.247889
28.1     0.242069
28.2     0.248424
28.3     0.237523
28.4     0.241589
28.5     0.245231
28.6     0.265509
28.7     0.270799
28.8     0.286792
28.9     0.295446
29     0.283381
29.1     0.286059
29.2     0.295514
29.3     0.292029
29.4     0.292851
29.5     0.295799
29.6     0.298161
29.7     0.307101
29.8     0.303136
29.9     0.310941
30     0.311707
30.1     0.276312
30.2     0.266333
30.3     0.275829
30.4     0.291094
30.5     0.3083
30.6     0.294577
30.7     0.310223
30.8     0.288543
30.9     0.271729
31     0.271479
31.1     0.284718
31.2     0.279708
31.3     0.242719
31.4     0.231915
31.5     0.238441
31.6     0.236619
31.7     0.240551
31.8     0.254086
31.9     0.250573
32     0.231753
32.1     0.203129
32.2     0.214187
32.3     0.218779
32.4     0.22638
32.5     0.244611
32.6     0.276535
32.7     0.261877
32.8     0.281971
32.9     0.282756
33     0.248051
33.1     0.226219
33.2     0.214517
33.3     0.217239
33.4     0.186749
33.5     0.188575
33.6     0.179152
33.7     0.191541
33.8     0.195841
33.9     0.206856
34     0.204615
34.1     0.223205
34.2     0.206362
34.3     0.20582
34.4     0.205317
34.5     0.221395
34.6     0.219621
34.7     0.2259
34.8     0.218151
34.9     0.196224
35     0.196113
35.1     0.195913
35.2     0.208383
35.3     0.220964
35.4     0.226587
35.5     0.227339
35.6     0.222925
35.7     0.216584
35.8     0.219702
35.9     0.22833
36     0.269397
36.1     0.260621
36.2     0.259686
36.3     0.252627
36.4     0.240151
36.5     0.25266
36.6     0.253113
36.7     0.248716
36.8     0.261562
36.9     0.27314
37     0.288948
37.1     0.296321
37.2     0.309657
37.3     0.296991
37.4     0.296193
37.5     0.276866
37.6     0.268542
37.7     0.277065
37.8     0.305123
37.9     0.325429
38     0.332874
38.1     0.349888
38.2     0.350644
38.3     0.360767
38.4     0.369647
38.5     0.380193
38.6     0.395069
38.7     0.392375
38.8     0.385435
38.9     0.373423
39     0.374511
39.1     0.362947
39.2     0.363497
39.3     0.382375
39.4     0.396774
39.5     0.405156
39.6     0.424588
39.7     0.434384
39.8     0.429997
39.9     0.414914
40     0.410973
40.1     0.411514
40.2     0.395941
40.3     0.393112
40.4     0.406193
40.5     0.412511
40.6     0.390217
40.7     0.398728
40.8     0.399044
40.9     0.423208
41     0.426284
41.1     0.43216
41.2     0.437268
41.3     0.439862
41.4     0.431071
41.5     0.406775
41.6     0.42503
41.7     0.419332
41.8     0.403353
41.9     0.403954
42     0.402347
42.1     0.386384
42.2     0.372157
42.3     0.373631
42.4     0.374931
42.5     0.367175
42.6     0.377392
42.7     0.377246
42.8     0.355145
42.9     0.35396
43     0.324719
43.1     0.312807
43.2     0.307779
43.3     0.301693
43.4     0.324093
43.5     0.320881
43.6     0.342532
43.7     0.322174
43.8     0.316899
43.9     0.321224
44     0.315934
44.1     0.348507
44.2     0.36945
44.3     0.369275
44.4     0.35514
44.5     0.336137
44.6     0.326288
44.7     0.326591
44.8     0.314819
44.9     0.287619
45     0.285128
45.1     0.289129
45.2     0.290985
45.3     0.304689
45.4     0.322872
45.5     0.327343
45.6     0.360934
45.7     0.377198
45.8     0.401931
45.9     0.407561
46     0.428638
46.1     0.42151
46.2     0.429354
46.3     0.460501
46.4     0.493586
46.5     0.532013
46.6     0.537071
46.7     0.547586
46.8     0.560721
46.9     0.567426
47     0.57743
47.1     0.594358
47.2     0.63478
47.3     0.645399
47.4     0.673673
47.5     0.674388
47.6     0.671943
47.7     0.666839
47.8     0.669988
47.9     0.668558
48     0.665955
48.1     0.679191
48.2     0.689331
48.3     0.655921
48.4     0.663246
48.5     0.664365
48.6     0.665941
48.7     0.665193
48.8     0.670163
48.9     0.667179
49     0.656908
49.1     0.657805
49.2     0.660053
49.3     0.664717
49.4     0.653918
49.5     0.649129
49.6     0.640419
49.7     0.630381
49.8     0.629856
49.9     0.653491
50     0.646585
50.1     0.648127
50.2     0.649661
50.3     0.647296
50.4     0.647832
50.5     0.662952
50.6     0.662586
50.7     0.648377
50.8     0.643959
50.9     0.648945
51     0.649655
51.1     0.64991
51.2     0.660659
51.3     0.675585
51.4     0.677396
51.5     0.675807
51.6     0.670028
51.7     0.673777
51.8     0.670418
51.9     0.674027
52     0.666961
52.1     0.653655
52.2     0.642305
52.3     0.65816
52.4     0.670039
52.5     0.650411
52.6     0.652908
52.7     0.664696
52.8     0.662386
52.9     0.660677
53     0.680437
53.1     0.690017
53.2     0.686525
53.3     0.687604
53.4     0.677541
53.5     0.676543
53.6     0.702845
53.7     0.712595
53.8     0.716223
53.9     0.717376
54     0.719652
54.1     0.720283
54.2     0.712957
54.3     0.718812
54.4     0.722327
54.5     0.740039
54.6     0.751176
54.7     0.745181
54.8     0.760149
54.9     0.774753
55     0.770092
55.1     0.757014
55.2     0.759548
55.3     0.738795
55.4     0.745852
55.5     0.746467
55.6     0.751209
55.7     0.738646
55.8     0.743385
55.9     0.726036
56     0.733826
56.1     0.725834
56.2     0.727054
56.3     0.736293
56.4     0.724697
56.5     0.736414
56.6     0.739379
56.7     0.737561
56.8     0.731004
56.9     0.72856
57     0.731321
57.1     0.731911
57.2     0.748251
57.3     0.764156
57.4     0.773769
57.5     0.789254
57.6     0.775843
57.7     0.747487
57.8     0.772385
57.9     0.790023
58     0.785388
58.1     0.793296
58.2     0.776958
58.3     0.781564
58.4     0.796695
58.5     0.800065
58.6     0.804123
58.7     0.803535
58.8     0.827601
58.9     0.844951
59     0.845691
59.1     0.856393
59.2     0.84996
59.3     0.856355
59.4     0.863191
59.5     0.871857
59.6     0.870337
59.7     0.87202
59.8     0.873252
59.9     0.873468
60     0.874487
60.1     0.888349
60.2     0.884117
60.3     0.878595
60.4     0.86956
60.5     0.873557
60.6     0.880478
60.7     0.872512
60.8     0.87538
60.9     0.87119
61     0.873755
61.1     0.862089
61.2     0.847803
61.3     0.849332
61.4     0.832912
61.5     0.838535
61.6     0.829052
61.7     0.834288
61.8     0.82583
61.9     0.806189
62     0.786713
62.1     0.768176
62.2     0.780024
62.3     0.779292
62.4     0.765567
62.5     0.769233
62.6     0.79238
62.7     0.803732
62.8     0.81704
62.9     0.795661
63     0.807504
63.1     0.814747
63.2     0.811699
63.3     0.82742
63.4     0.82101
63.5     0.804603
63.6     0.808264
63.7     0.796612
63.8     0.806121
63.9     0.780762
64     0.806054
64.1     0.802643
64.2     0.808925
64.3     0.815596
64.4     0.802856
64.5     0.798041
64.6     0.785654
64.7     0.784247
64.8     0.787128
64.9     0.786162
65     0.77981
65.1     0.788169
65.2     0.758596
65.3     0.751493
65.4     0.764283
65.5     0.769777
65.6     0.769673
65.7     0.77097
65.8     0.797098
65.9     0.792798
66     0.801978
66.1     0.817999
66.2     0.80184
66.3     0.811824
66.4     0.81109
66.5     0.822849
66.6     0.80988
66.7     0.807176
66.8     0.796145
66.9     0.80458
67     0.795133
67.1     0.798014
67.2     0.798102
67.3     0.789193
67.4     0.794842
67.5     0.780616
67.6     0.779763
67.7     0.782971
67.8     0.771687
67.9     0.780276
68     0.781385
68.1     0.757077
68.2     0.757454
68.3     0.749023
68.4     0.767862
68.5     0.768347
68.6     0.77321
68.7     0.773207
68.8     0.775004
68.9     0.770052
69     0.769623
69.1     0.761595
69.2     0.764931
69.3     0.773027
69.4     0.778701
69.5     0.775809
69.6     0.797784
69.7     0.791328
69.8     0.792725
69.9     0.797768
70     0.793077
70.1     0.796156
70.2     0.789058
70.3     0.779716
70.4     0.779493
70.5     0.78287
70.6     0.798816
70.7     0.794387
70.8     0.792755
70.9     0.784221
71     0.784405
71.1     0.786466
71.2     0.775854
71.3     0.780827
71.4     0.782908
71.5     0.788252
71.6     0.783502
71.7     0.787296
71.8     0.783676
71.9     0.759456
72     0.750361
72.1     0.743124
72.2     0.736452
72.3     0.757785
72.4     0.761901
72.5     0.774358
72.6     0.757094
72.7     0.759283
72.8     0.764939
72.9     0.758665
73     0.774201
73.1     0.762229
73.2     0.771441
73.3     0.788174
73.4     0.785675
73.5     0.777702
73.6     0.762567
73.7     0.735068
73.8     0.733614
73.9     0.734956
74     0.732063
74.1     0.749005
74.2     0.755215
74.3     0.754392
74.4     0.762099
74.5     0.777282
74.6     0.793919
74.7     0.784982
74.8     0.783829
74.9     0.787415
75     0.777357
75.1     0.795985
75.2     0.788454
75.3     0.76746
75.4     0.77744
75.5     0.761159
75.6     0.764152
75.7     0.763618
75.8     0.764897
75.9     0.765838
76     0.762993
76.1     0.760211
76.2     0.763777
76.3     0.748372
76.4     0.745287
76.5     0.743238
76.6     0.73239
76.7     0.727678
76.8     0.733149
76.9     0.72348
77     0.733111
77.1     0.732443
77.2     0.739384
77.3     0.736604
77.4     0.72658
77.5     0.7231
77.6     0.728473
77.7     0.724457
77.8     0.73694
77.9     0.738857
78     0.732158
78.1     0.732781
78.2     0.751753
78.3     0.763822
78.4     0.764969
78.5     0.754399
78.6     0.762033
78.7     0.780258
78.8     0.781054
78.9     0.78105
79     0.783375
79.1     0.790383
79.2     0.777429
79.3     0.77783
79.4     0.771186
79.5     0.784117
79.6     0.748701
79.7     0.752059
79.8     0.747258
79.9     0.751255
80     0.742865
80.1     0.73074
80.2     0.720523
80.3     0.701809
80.4     0.707298
80.5     0.707037
80.6     0.702998
80.7     0.712278
80.8     0.71006
80.9     0.700114
81     0.705917
81.1     0.69227
81.2     0.695494
81.3     0.685233
81.4     0.682996
81.5     0.680466
81.6     0.678984
81.7     0.694238
81.8     0.709165
81.9     0.716835
82     0.708947
82.1     0.691521
82.2     0.671556
82.3     0.663401
82.4     0.676612
82.5     0.687941
82.6     0.680676
82.7     0.677433
82.8     0.691599
82.9     0.730627
83     0.728072
83.1     0.726352
83.2     0.726051
83.3     0.712813
83.4     0.711323
83.5     0.712151
83.6     0.720063
83.7     0.723589
83.8     0.731035
83.9     0.710332
84     0.699814
84.1     0.710295
84.2     0.734167
84.3     0.727157
84.4     0.739659
84.5     0.738955
84.6     0.715856
84.7     0.729467
84.8     0.724118
84.9     0.729559
85     0.7388
85.1     0.738163
85.2     0.739624
85.3     0.749132
85.4     0.750134
85.5     0.750556
85.6     0.758197
85.7     0.76723
85.8     0.776772
85.9     0.751701
86     0.756152
86.1     0.750045
86.2     0.75198
86.3     0.760453
86.4     0.752448
86.5     0.734838
86.6     0.71426
86.7     0.713695
86.8     0.720599
86.9     0.716817
87     0.715289
87.1     0.720424
87.2     0.747551
87.3     0.744789
87.4     0.751486
87.5     0.759031
87.6     0.757213
87.7     0.750948
87.8     0.74086
87.9     0.781025
88     0.793499
88.1     0.777288
88.2     0.772612
88.3     0.766232
88.4     0.768663
88.5     0.772026
88.6     0.754367
88.7     0.745822
88.8     0.759024
88.9     0.759912
89     0.749102
89.1     0.763685
89.2     0.754919
89.3     0.747282
89.4     0.744478
89.5     0.760797
89.6     0.747786
89.7     0.706497
89.8     0.716258
89.9     0.707109
90     0.697761
90.1     0.68295
90.2     0.680959
90.3     0.670227
90.4     0.689751
90.5     0.670164
90.6     0.695905
90.7     0.694905
90.8     0.700491
90.9     0.692158
91     0.693989
91.1     0.70139
91.2     0.712974
91.3     0.714821
91.4     0.704246
91.5     0.711092
91.6     0.730344
91.7     0.754003
91.8     0.778271
91.9     0.76889
92     0.760509
92.1     0.745811
92.2     0.759211
92.3     0.758924
92.4     0.770739
92.5     0.803608
92.6     0.805908
92.7     0.818515
92.8     0.828528
92.9     0.831892
93     0.836051
93.1     0.833064
93.2     0.820375
93.3     0.833433
93.4     0.834559
93.5     0.843899
93.6     0.81987
93.7     0.812026
93.8     0.803229
93.9     0.803028
94     0.824106
94.1     0.820319
94.2     0.838503
94.3     0.823991
94.4     0.808833
94.5     0.80946
94.6     0.80634
94.7     0.819567
94.8     0.81812
94.9     0.815926
95     0.805288
95.1     0.802115
95.2     0.784121
95.3     0.785683
95.4     0.782952
95.5     0.793297
95.6     0.765297
95.7     0.741702
95.8     0.756255
95.9     0.742628
96     0.724795
96.1     0.710137
96.2     0.711286
96.3     0.731291
96.4     0.741757
96.5     0.769046
96.6     0.759407
96.7     0.778222
96.8     0.793542
96.9     0.79296
97     0.800233
97.1     0.806989
97.2     0.821357
97.3     0.82065
97.4     0.813904
97.5     0.811966
97.6     0.821443
97.7     0.829243
97.8     0.818015
97.9     0.80745
98     0.818603
98.1     0.810314
98.2     0.805659
98.3     0.788156
98.4     0.784659
98.5     0.773553
98.6     0.76904
98.7     0.767068
98.8     0.761092
98.9     0.756121
99     0.752977
99.1     0.767654
99.2     0.78363
99.3     0.788473
99.4     0.783061
99.5     0.774215
99.6     0.780882
99.7     0.784132
99.8     0.772114
99.9     0.75792
