0     0.075985
0.1     0.0388307
0.2     0.0324331
0.3     0.0466397
0.4     0.0511981
0.5     0.0661575
0.6     0.0631873
0.7     0.0514982
0.8     0.0568254
0.9     0.0555431
1     0.045231
1.1     0.0423844
1.2     0.0313357
1.3     0.0284421
1.4     0.0382252
1.5     0.0564579
1.6     0.0600021
1.7     0.0555477
1.8     0.0342285
1.9     0.0464706
2     0.038445
2.1     0.0485599
2.2     0.0673332
2.3     0.069472
2.4     0.0679444
2.5     0.0570132
2.6     0.0560092
2.7     0.0601798
2.8     0.0701896
2.9     0.067388
3     0.0560323
3.1     0.0666236
3.2     0.0706705
3.3     0.0608505
3.4     0.0620185
3.5     0.0575728
3.6     0.0669187
3.7     0.0616772
3.8     0.0653784
3.9     0.0728371
4     0.0759494
4.1     0.0658694
4.2     0.0648579
4.3     0.0685354
4.4     0.0703394
4.5     0.0585441
4.6     0.0552545
4.7     0.0708916
4.8     0.0757946
4.9     0.0578523
5     0.0556133
5.1     0.0702348
5.2     0.0729808
5.3     0.0777474
5.4     0.0739328
5.5     0.079104
5.6     0.0866722
5.7     0.094566
5.8     0.088959
5.9     0.0882
6     0.08601
6.1     0.089059
6.2     0.0890746
6.3     0.0865081
6.4     0.0702104
6.5     0.0586469
6.6     0.0571567
6.7     0.0693037
6.8     0.0599224
6.9     0.0516445
7     0.0484842
7.1     0.0467298
7.2     0.0525369
7.3     0.0497642
7.4     0.0587681
7.5     0.0539869
7.6     0.0561073
7.7     0.0438141
7.8     0.0422053
7.9     0.0341754
8     0.0395583
8.1     0.0329252
8.2     0.035663
8.3     0.0131381
8.4     0.00523111
8.5     0.0170949
8.6     0.0167355
8.7     0.0344893
8.8     0.0103637
8.9     0.00420393
9     0.0210594
9.1     0.0249039
9.2     0.0339331
9.3     0.0355793
9.4     0.0445394
9.5     0.0263443
9.6     0.0115197
9.7     0.015106
9.8     0.0218251
9.9     0.0255492
10     0.00779609
10.1     0.0150164
10.2     0.0143203
10.3     0.0158552
10.4     0.0225174
10.5     0.0407932
10.6     0.0466163
10.7     0.0601056
10.8     0.0598678
10.9     0.0536029
11     0.0482662
11.1     0.0478585
11.2     0.0496406
11.3     0.0591224
11.4     0.0445041
11.5     0.0450754
11.6     0.0461988
11.7     0.0496749
11.8     0.0343597
11.9     0.0495344
12     0.0423532
12.1     0.0500871
12.2     0.0611682
12.3     0.047741
12.4     0.0503141
12.5     0.0529991
12.6     0.0581233
12.7     0.0659872
12.8     0.0721691
12.9     0.0812888
13     0.0816311
13.1     0.0930703
13.2     0.0809575
13.3     0.0786651
13.4     0.0882709
13.5     0.0797442
13.6     0.0765666
13.7     0.0655882
13.8     0.0681173
13.9     0.0628806
14     0.0590216
14.1     0.0569517
14.2     0.0506596
14.3     0.0681016
14.4     0.0683684
14.5     0.0606768
14.6     0.0616273
14.7     0.0768111
14.8     0.0752956
14.9     0.0707487
15     0.066326
15.1     0.0687317
15.2     0.0728331
15.3     0.0665353
15.4     0.0727202
15.5     0.0826362
15.6     0.0976875
15.7     0.0986913
15.8     0.0916576
15.9     0.0869655
16     0.0669985
16.1     0.0555311
16.2     0.0498556
16.3     0.0551256
16.4     0.0578621
16.5     0.0703561
16.6     0.0624524
16.7     0.0584958
16.8     0.0539661
16.9     0.047577
17     0.0518265
17.1     0.0472599
17.2     0.0477799
17.3     0.050516
17.4     0.0550207
17.5     0.0963568
17.6     0.106472
17.7     0.104113
17.8     0.108043
17.9     0.106046
18     0.108463
18.1     0.0894442
18.2     0.0868539
18.3     0.0921945
18.4     0.0952589
18.5     0.110897
18.6     0.101622
18.7     0.0994491
18.8     0.101265
18.9     0.128793
19     0.12783
19.1     0.140072
19.2     0.147268
19.3     0.147147
19.4     0.132161
19.5     0.142005
19.6     0.137588
19.7     0.130686
19.8     0.140656
19.9     0.160232
20     0.165623
20.1     0.166847
20.2     0.152547
20.3     0.166669
20.4     0.16189
20.5     0.166514
20.6     0.161423
20.7     0.1564
20.8     0.147605
20.9     0.143852
21     0.140627
21.1     0.133687
21.2     0.127391
21.3     0.135941
21.4     0.128052
21.5     0.132202
21.6     0.112342
21.7     0.117854
21.8     0.111394
21.9     0.124563
22     0.135181
22.1     0.155748
22.2     0.142767
22.3     0.14079
22.4     0.167181
22.5     0.159484
22.6     0.156722
22.7     0.145348
22.8     0.14226
22.9     0.160165
23     0.13955
23.1     0.141154
23.2     0.128892
23.3     0.127308
23.4     0.141917
23.5     0.146469
23.6     0.149994
23.7     0.160116
23.8     0.153882
23.9     0.155934
24     0.168843
24.1     0.190499
24.2     0.190862
24.3     0.206501
24.4     0.20429
24.5     0.195515
24.6     0.199495
24.7     0.199393
24.8     0.205155
24.9     0.209798
25     0.2012
25.1     0.207288
25.2     0.212876
25.3     0.221774
25.4     0.219916
25.5     0.207879
25.6     0.204375
25.7     0.209309
25.8     0.213437
25.9     0.210559
26     0.209231
26.1     0.208897
26.2     0.215026
26.3     0.196495
26.4     0.203779
26.5     0.199792
26.6     0.183715
26.7     0.195662
26.8     0.182581
26.9     0.181286
27     0.176914
27.1     0.190661
27.2     0.202743
27.3     0.204678
27.4     0.208482
27.5     0.208456
27.6     0.220661
27.7     0.224025
27.8     0.223029
27.9     0.231691
28     0.21523
28.1     0.245915
28.2     0.248003
28.3     0.248117
28.4     0.235766
28.5     0.220084
28.6     0.21801
28.7     0.218614
28.8     0.197622
28.9     0.207656
29     0.222828
29.1     0.215433
29.2     0.216155
29.3     0.217466
29.4     0.233247
29.5     0.229153
29.6     0.232498
29.7     0.22684
29.8     0.214523
29.9     0.208155
30     0.206219
30.1     0.208171
30.2     0.216983
30.3     0.219339
30.4     0.23687
30.5     0.23573
30.6     0.222797
30.7     0.224406
30.8     0.215737
30.9     0.223712
31     0.214531
31.1     0.213276
31.2     0.183699
31.3     0.186407
31.4     0.181425
31.5     0.187288
31.6     0.183391
31.7     0.18137
31.8     0.174141
31.9     0.152517
32     0.149373
32.1     0.154684
32.2     0.16171
32.3     0.156248
32.4     0.162351
32.5     0.164537
32.6     0.152232
32.7     0.165109
32.8     0.165877
32.9     0.171273
33     0.16816
33.1     0.167012
33.2     0.18494
33.3     0.183803
33.4     0.180216
33.5     0.163818
33.6     0.182129
33.7     0.179968
33.8     0.177379
33.9     0.153371
34     0.15605
34.1     0.161823
34.2     0.166101
34.3     0.159329
34.4     0.14866
34.5     0.136863
34.6     0.132235
34.7     0.109126
34.8     0.0934256
34.9     0.0852062
35     0.0925167
35.1     0.0816907
35.2     0.0902195
35.3     0.0963337
35.4     0.0878082
35.5     0.0962129
35.6     0.0836264
35.7     0.0669159
35.8     0.057641
35.9     0.0389614
36     0.0564306
36.1     0.0462054
36.2     0.0400597
36.3     0.0419907
36.4     0.0437266
36.5     0.0603789
36.6     0.0612981
36.7     0.0650841
36.8     0.0722064
36.9     0.0772724
37     0.0867785
37.1     0.0980224
37.2     0.0702526
37.3     0.0696568
37.4     0.0745596
37.5     0.0518332
37.6     0.0861526
37.7     0.085099
37.8     0.0663944
37.9     0.0766198
38     0.0706627
38.1     0.0789453
38.2     0.0763725
38.3     0.0651188
38.4     0.0661406
38.5     0.0609635
38.6     0.0476379
38.7     0.068862
38.8     0.0673105
38.9     0.0735529
39     0.0915966
39.1     0.103533
39.2     0.101069
39.3     0.10705
39.4     0.0988391
39.5     0.108989
39.6     0.122052
39.7     0.135511
39.8     0.123269
39.9     0.118797
40     0.124978
40.1     0.121835
40.2     0.135558
40.3     0.128852
40.4     0.129195
40.5     0.116591
40.6     0.11671
40.7     0.103762
40.8     0.119398
40.9     0.109302
41     0.109597
41.1     0.097841
41.2     0.0987187
41.3     0.102057
41.4     0.0943035
41.5     0.0911901
41.6     0.0967842
41.7     0.102891
41.8     0.0955124
41.9     0.0949318
42     0.0813961
42.1     0.0804558
42.2     0.0739768
42.3     0.0723818
42.4     0.060781
42.5     0.0539199
42.6     0.0489228
42.7     0.0519943
42.8     0.0669597
42.9     0.0703719
43     0.0554968
43.1     0.0637533
43.2     0.049534
43.3     0.0684758
43.4     0.0713095
43.5     0.0876704
43.6     0.0992512
43.7     0.114287
43.8     0.105849
43.9     0.102952
44     0.110749
44.1     0.12808
44.2     0.116053
44.3     0.102732
44.4     0.112215
44.5     0.127514
44.6     0.117451
44.7     0.121335
44.8     0.131877
44.9     0.125572
45     0.136879
45.1     0.125794
45.2     0.129002
45.3     0.120267
45.4     0.127341
45.5     0.131673
45.6     0.143995
45.7     0.128741
45.8     0.11864
45.9     0.12772
46     0.125391
46.1     0.129931
46.2     0.143135
46.3     0.139872
46.4     0.118074
46.5     0.118972
46.6     0.120033
46.7     0.11867
46.8     0.128233
46.9     0.103487
47     0.0997899
47.1     0.0930008
47.2     0.0769274
47.3     0.0915647
47.4     0.0956982
47.5     0.102623
47.6     0.0821692
47.7     0.0864264
47.8     0.0862395
47.9     0.0754267
48     0.08406
48.1     0.0835799
48.2     0.0906118
48.3     0.0929871
48.4     0.0900224
48.5     0.0955794
48.6     0.112279
48.7     0.0956688
48.8     0.0904165
48.9     0.0901032
49     0.102749
49.1     0.109646
49.2     0.116993
49.3     0.126891
49.4     0.151857
49.5     0.148105
49.6     0.153109
49.7     0.155644
49.8     0.16814
49.9     0.155682
50     0.154124
50.1     0.159746
50.2     0.168152
50.3     0.155884
50.4     0.16361
50.5     0.158421
50.6     0.158778
50.7     0.175218
50.8     0.17645
50.9     0.165614
51     0.175874
51.1     0.180592
51.2     0.172222
51.3     0.169394
51.4     0.154365
51.5     0.16579
51.6     0.14716
51.7     0.152541
51.8     0.154931
51.9     0.154614
52     0.152034
52.1     0.139431
52.2     0.134742
52.3     0.144398
52.4     0.143762
52.5     0.144271
52.6     0.154494
52.7     0.151706
52.8     0.143655
52.9     0.130145
53     0.113486
53.1     0.111738
53.2     0.124168
53.3     0.140088
53.4     0.132321
53.5     0.132124
53.6     0.131769
53.7     0.131235
53.8     0.138969
53.9     0.122251
54     0.118658
54.1     0.127079
54.2     0.115733
54.3     0.122045
54.4     0.114944
54.5     0.132457
54.6     0.133452
54.7     0.13166
54.8     0.147255
54.9     0.137446
55     0.159767
55.1     0.165988
55.2     0.1907
55.3     0.183333
55.4     0.191067
55.5     0.190227
55.6     0.16884
55.7     0.165772
55.8     0.158193
55.9     0.150307
56     0.158656
56.1     0.146923
56.2     0.143082
56.3     0.15771
56.4     0.157401
56.5     0.145796
56.6     0.142905
56.7     0.156646
56.8     0.155376
56.9     0.16452
57     0.167471
57.1     0.17378
57.2     0.176617
57.3     0.183906
57.4     0.192417
57.5     0.180985
57.6     0.181583
57.7     0.162815
57.8     0.142787
57.9     0.11941
58     0.136678
58.1     0.137261
58.2     0.153191
58.3     0.163553
58.4     0.155353
58.5     0.151433
58.6     0.149286
58.7     0.15502
58.8     0.124218
58.9     0.119372
59     0.117843
59.1     0.124193
59.2     0.12527
59.3     0.127266
59.4     0.131479
59.5     0.129429
59.6     0.133858
59.7     0.120931
59.8     0.107205
59.9     0.110849
60     0.106058
60.1     0.121105
60.2     0.118081
60.3     0.134335
60.4     0.12856
60.5     0.128156
60.6     0.134374
60.7     0.135274
60.8     0.122599
60.9     0.151349
61     0.157779
61.1     0.147512
61.2     0.155286
61.3     0.149345
61.4     0.153926
61.5     0.151693
61.6     0.14337
61.7     0.154261
61.8     0.153865
61.9     0.156906
62     0.162774
62.1     0.153573
62.2     0.148383
62.3     0.125916
62.4     0.119323
62.5     0.104754
62.6     0.118321
62.7     0.129896
62.8     0.134112
62.9     0.126461
63     0.140914
63.1     0.142519
63.2     0.144998
63.3     0.148061
63.4     0.172077
63.5     0.167773
63.6     0.167085
63.7     0.17931
63.8     0.189301
63.9     0.191491
64     0.200258
64.1     0.226942
64.2     0.231342
64.3     0.244465
64.4     0.250336
64.5     0.247322
64.6     0.241323
64.7     0.240516
64.8     0.23405
64.9     0.234555
65     0.241929
65.1     0.243217
65.2     0.280031
65.3     0.268665
65.4     0.264105
65.5     0.259039
65.6     0.259289
65.7     0.257946
65.8     0.247746
65.9     0.239506
66     0.236231
66.1     0.249702
66.2     0.241011
66.3     0.243167
66.4     0.262084
66.5     0.25821
66.6     0.253861
66.7     0.26728
66.8     0.264877
66.9     0.261107
67     0.253315
67.1     0.257901
67.2     0.268144
67.3     0.269636
67.4     0.279841
67.5     0.296753
67.6     0.31268
67.7     0.304965
67.8     0.292837
67.9     0.306732
68     0.294522
68.1     0.295273
68.2     0.282968
68.3     0.280132
68.4     0.279715
68.5     0.273662
68.6     0.271114
68.7     0.267062
68.8     0.257477
68.9     0.253025
69     0.250493
69.1     0.265485
69.2     0.25442
69.3     0.252442
69.4     0.246286
69.5     0.256149
69.6     0.269061
69.7     0.272452
69.8     0.289675
69.9     0.265284
70     0.266849
70.1     0.251858
70.2     0.241692
70.3     0.233724
70.4     0.250508
70.5     0.245807
70.6     0.244987
70.7     0.254923
70.8     0.259794
70.9     0.248729
71     0.245073
71.1     0.244888
71.2     0.23754
71.3     0.238556
71.4     0.241622
71.5     0.226456
71.6     0.223999
71.7     0.231499
71.8     0.238117
71.9     0.240587
72     0.240764
72.1     0.245605
72.2     0.237413
72.3     0.221343
72.4     0.220533
72.5     0.229608
72.6     0.231348
72.7     0.23554
72.8     0.25184
72.9     0.271078
73     0.266675
73.1     0.262032
73.2     0.263195
73.3     0.258239
73.4     0.24992
73.5     0.247598
73.6     0.246862
73.7     0.232155
73.8     0.244502
73.9     0.245916
74     0.242512
74.1     0.23953
74.2     0.227091
74.3     0.237452
74.4     0.241116
74.5     0.248638
74.6     0.233923
74.7     0.233822
74.8     0.224574
74.9     0.22326
75     0.238815
75.1     0.256164
75.2     0.2603
75.3     0.25149
75.4     0.263257
75.5     0.253389
75.6     0.232725
75.7     0.234953
75.8     0.240237
75.9     0.253365
76     0.250231
76.1     0.256716
76.2     0.265298
76.3     0.266923
76.4     0.259917
76.5     0.259435
76.6     0.238675
76.7     0.238892
76.8     0.251177
76.9     0.254964
77     0.249735
77.1     0.228218
77.2     0.225403
77.3     0.212314
77.4     0.212688
77.5     0.2103
77.6     0.207173
77.7     0.192971
77.8     0.195117
77.9     0.195622
78     0.188081
78.1     0.192778
78.2     0.180802
78.3     0.175477
78.4     0.17894
78.5     0.181594
78.6     0.186143
78.7     0.182473
78.8     0.162215
78.9     0.156193
79     0.139836
79.1     0.136149
79.2     0.142147
79.3     0.169156
79.4     0.138863
79.5     0.149925
79.6     0.142849
79.7     0.133546
79.8     0.14205
79.9     0.127266
80     0.128893
80.1     0.130005
80.2     0.124968
80.3     0.112636
80.4     0.10434
80.5     0.0971987
80.6     0.105747
80.7     0.121784
80.8     0.115227
80.9     0.117878
81     0.122648
81.1     0.126204
81.2     0.118089
81.3     0.113874
81.4     0.119259
81.5     0.127278
81.6     0.140999
81.7     0.156044
81.8     0.146153
81.9     0.149232
82     0.150186
82.1     0.159314
82.2     0.150434
82.3     0.157281
82.4     0.166078
82.5     0.163187
82.6     0.174416
82.7     0.163133
82.8     0.164559
82.9     0.159432
83     0.168896
83.1     0.164044
83.2     0.153762
83.3     0.141065
83.4     0.151746
83.5     0.169355
83.6     0.173523
83.7     0.174714
83.8     0.153982
83.9     0.146624
84     0.147664
84.1     0.151062
84.2     0.16045
84.3     0.152871
84.4     0.144724
84.5     0.153966
84.6     0.147923
84.7     0.154347
84.8     0.156631
84.9     0.166749
85     0.161386
85.1     0.171612
85.2     0.173533
85.3     0.16594
85.4     0.147873
85.5     0.136461
85.6     0.14112
85.7     0.133791
85.8     0.131072
85.9     0.114118
86     0.124031
86.1     0.125183
86.2     0.130174
86.3     0.110036
86.4     0.102726
86.5     0.0942221
86.6     0.0862078
86.7     0.0839318
86.8     0.0868839
86.9     0.0870959
87     0.110899
87.1     0.094
87.2     0.109666
87.3     0.122227
87.4     0.116231
87.5     0.127902
87.6     0.12571
87.7     0.133642
87.8     0.133074
87.9     0.126758
88     0.122327
88.1     0.139129
88.2     0.121438
88.3     0.118685
88.4     0.118687
88.5     0.137211
88.6     0.145462
88.7     0.165324
88.8     0.150613
88.9     0.143895
89     0.160958
89.1     0.168395
89.2     0.168867
89.3     0.171504
89.4     0.165645
89.5     0.17049
89.6     0.162351
89.7     0.15344
89.8     0.156828
89.9     0.163699
90     0.154702
90.1     0.149971
90.2     0.134456
90.3     0.138418
90.4     0.138226
90.5     0.133746
90.6     0.13624
90.7     0.122927
90.8     0.121939
90.9     0.123596
91     0.11295
91.1     0.126459
91.2     0.123645
91.3     0.111962
91.4     0.109444
91.5     0.0929527
91.6     0.0921622
91.7     0.0873103
91.8     0.0979387
91.9     0.0769061
92     0.0582579
92.1     0.0546924
92.2     0.0622192
92.3     0.0548642
92.4     0.0460203
92.5     0.0299705
92.6     0.0343541
92.7     0.0411948
92.8     0.0354003
92.9     0.0385178
93     0.0389276
93.1     0.0363349
93.2     0.0455213
93.3     0.0340883
93.4     0.0274493
93.5     0.0230247
93.6     0.0142405
93.7     0.0264491
93.8     0.0269507
93.9     0.0406829
94     0.0136104
94.1     0.0140596
94.2     0.0254689
94.3     0.0241233
94.4     0.0160639
94.5     0.00638022
94.6     0.0140231
94.7     0.0239509
94.8     0.0302349
94.9     0.0176273
95     0.0356046
95.1     0.0497906
95.2     0.070024
95.3     0.0469177
95.4     0.0392471
95.5     0.0542512
95.6     0.0415551
95.7     0.041743
95.8     0.0370262
95.9     0.0286405
96     0.0150177
96.1     0.00584656
96.2     0.00472836
96.3     0.0102298
96.4     0.00898655
96.5     0.0150699
96.6     0.013053
96.7     0.00392361
96.8     0.016566
96.9     0.0205308
97     0.0208375
97.1     0.0262739
97.2     0.0320195
97.3     0.0232518
97.4     0.0326194
97.5     0.0320762
97.6     0.0356103
97.7     0.0461157
97.8     0.0509555
97.9     0.0624416
98     0.0604223
98.1     0.0423838
98.2     0.0542625
98.3     0.068387
98.4     0.0614907
98.5     0.0602237
98.6     0.0486116
98.7     0.05817
98.8     0.0559389
98.9     0.0656432
99     0.0568176
99.1     0.0705463
99.2     0.0810971
99.3     0.0790835
99.4     0.0866006
99.5     0.0818157
99.6     0.0813429
99.7     0.0745088
99.8     0.0657411
99.9     0.0539402
