0     0.145539
0.1     0.147706
0.2     0.172033
0.3     0.159941
0.4     0.164213
0.5     0.168837
0.6     0.183427
0.7     0.158355
0.8     0.148322
0.9     0.1339
1     0.141886
1.1     0.136097
1.2     0.139492
1.3     0.153979
1.4     0.164911
1.5     0.166167
1.6     0.168042
1.7     0.197465
1.8     0.209852
1.9     0.214079
2     0.218869
2.1     0.226574
2.2     0.248862
2.3     0.254988
2.4     0.266522
2.5     0.262423
2.6     0.264498
2.7     0.260207
2.8     0.283289
2.9     0.296318
3     0.297372
3.1     0.302191
3.2     0.307966
3.3     0.336733
3.4     0.330318
3.5     0.340566
3.6     0.35622
3.7     0.371439
3.8     0.389647
3.9     0.388462
4     0.378681
4.1     0.385668
4.2     0.39616
4.3     0.398252
4.4     0.402736
4.5     0.400967
4.6     0.402913
4.7     0.418396
4.8     0.414819
4.9     0.417045
5     0.422631
5.1     0.429878
5.2     0.432406
5.3     0.434255
5.4     0.436606
5.5     0.446551
5.6     0.44401
5.7     0.46737
5.8     0.48732
5.9     0.491181
6     0.501403
6.1     0.508074
6.2     0.502314
6.3     0.504003
6.4     0.521574
6.5     0.532196
6.6     0.528208
6.7     0.545523
6.8     0.55127
6.9     0.544961
7     0.542977
7.1     0.547217
7.2     0.56474
7.3     0.553537
7.4     0.545214
7.5     0.545315
7.6     0.550945
7.7     0.557776
7.8     0.567097
7.9     0.579608
8     0.575369
8.1     0.580543
8.2     0.577362
8.3     0.576716
8.4     0.575223
8.5     0.583054
8.6     0.58481
8.7     0.582574
8.8     0.587476
8.9     0.587958
9     0.5962
9.1     0.601416
9.2     0.598971
9.3     0.590182
9.4     0.593632
9.5     0.596869
9.6     0.610324
9.7     0.607517
9.8     0.596128
9.9     0.593296
10     0.57728
10.1     0.567574
10.2     0.558416
10.3     0.568328
10.4     0.542994
10.5     0.549584
10.6     0.560115
10.7     0.56714
10.8     0.577109
10.9     0.582655
11     0.583921
11.1     0.585113
11.2     0.588379
11.3     0.575861
11.4     0.561106
11.5     0.53493
11.6     0.529848
11.7     0.52846
11.8     0.523356
11.9     0.546932
12     0.543578
12.1     0.5269
12.2     0.524896
12.3     0.531672
12.4     0.540144
12.5     0.53446
12.6     0.530729
12.7     0.530092
12.8     0.539365
12.9     0.533905
13     0.535037
13.1     0.537325
13.2     0.542411
13.3     0.550626
13.4     0.545875
13.5     0.560754
13.6     0.572122
13.7     0.573772
13.8     0.577941
13.9     0.576744
14     0.572658
14.1     0.571109
14.2     0.575984
14.3     0.588265
14.4     0.58887
14.5     0.584359
14.6     0.593972
14.7     0.595307
14.8     0.588998
14.9     0.581362
15     0.58991
15.1     0.602181
15.2     0.594924
15.3     0.602869
15.4     0.598719
15.5     0.604231
15.6     0.612142
15.7     0.622431
15.8     0.611752
15.9     0.609956
16     0.61068
16.1     0.622517
16.2     0.637113
16.3     0.635698
16.4     0.636409
16.5     0.625603
16.6     0.617475
16.7     0.619328
16.8     0.613393
16.9     0.618715
17     0.606817
17.1     0.601406
17.2     0.59184
17.3     0.604428
17.4     0.597944
17.5     0.588338
17.6     0.566872
17.7     0.574611
17.8     0.577415
17.9     0.577057
18     0.580727
18.1     0.564959
18.2     0.57424
18.3     0.56888
18.4     0.574113
18.5     0.584627
18.6     0.593446
18.7     0.602201
18.8     0.617057
18.9     0.629273
19     0.619441
19.1     0.620105
19.2     0.619083
19.3     0.62027
19.4     0.618498
19.5     0.618626
19.6     0.607746
19.7     0.607206
19.8     0.610369
19.9     0.609995
20     0.608427
20.1     0.617599
20.2     0.608706
20.3     0.604293
20.4     0.591803
20.5     0.570842
20.6     0.570739
20.7     0.547316
20.8     0.538651
20.9     0.537274
21     0.51641
21.1     0.516756
21.2     0.515502
21.3     0.506239
21.4     0.502564
21.5     0.491596
21.6     0.486499
21.7     0.493095
21.8     0.501246
21.9     0.491114
22     0.477499
22.1     0.456931
22.2     0.448049
22.3     0.439981
22.4     0.446308
22.5     0.430835
22.6     0.428727
22.7     0.430729
22.8     0.428873
22.9     0.430899
23     0.427432
23.1     0.425437
23.2     0.410277
23.3     0.408668
23.4     0.418054
23.5     0.393383
23.6     0.386981
23.7     0.379878
23.8     0.390899
23.9     0.372777
24     0.384087
24.1     0.369058
24.2     0.366419
24.3     0.361939
24.4     0.3696
24.5     0.382714
24.6     0.389396
24.7     0.393256
24.8     0.387146
24.9     0.393797
25     0.400176
25.1     0.403184
25.2     0.398388
25.3     0.411901
25.4     0.41995
25.5     0.407942
25.6     0.415645
25.7     0.424481
25.8     0.433819
25.9     0.430736
26     0.440875
26.1     0.431672
26.2     0.432401
26.3     0.421652
26.4     0.419062
26.5     0.432553
26.6     0.450585
26.7     0.468164
26.8     0.474663
26.9     0.489244
27     0.497461
27.1     0.498899
27.2     0.507863
27.3     0.520241
27.4     0.534008
27.5     0.542744
27.6     0.537779
27.7     0.537552
27.8     0.54603
27.9     0.561667
28     0.566681
28.1     0.566955
28.2     0.571533
28.3     0.585341
28.4     0.573708
28.5     0.584906
28.6     0.589567
28.7     0.594253
28.8     0.608994
28.9     0.607247
29     0.63662
29.1     0.645531
29.2     0.666722
29.3     0.68082
29.4     0.69273
29.5     0.687165
29.6     0.684209
29.7     0.688833
29.8     0.680936
29.9     0.683271
30     0.69148
30.1     0.673223
30.2     0.673884
30.3     0.683654
30.4     0.685518
30.5     0.681822
30.6     0.696886
30.7     0.686779
30.8     0.680914
30.9     0.668898
31     0.682867
31.1     0.681856
31.2     0.686691
31.3     0.700019
31.4     0.700998
31.5     0.703345
31.6     0.697862
31.7     0.702384
31.8     0.710419
31.9     0.708292
32     0.712216
32.1     0.716241
32.2     0.712506
32.3     0.703488
32.4     0.696338
32.5     0.696707
32.6     0.70551
32.7     0.724226
32.8     0.727846
32.9     0.712532
33     0.728565
33.1     0.724532
33.2     0.737338
33.3     0.736281
33.4     0.747785
33.5     0.745489
33.6     0.74968
33.7     0.756829
33.8     0.758962
33.9     0.771157
34     0.762996
34.1     0.762427
34.2     0.759465
34.3     0.757223
34.4     0.763917
34.5     0.772797
34.6     0.777588
34.7     0.799251
34.8     0.790743
34.9     0.78396
35     0.785905
35.1     0.78933
35.2     0.786703
35.3     0.774828
35.4     0.78261
35.5     0.794477
35.6     0.769945
35.7     0.78354
35.8     0.800891
35.9     0.780473
36     0.763464
36.1     0.770239
36.2     0.767851
36.3     0.760359
36.4     0.76132
36.5     0.753229
36.6     0.757849
36.7     0.757519
36.8     0.756589
36.9     0.764181
37     0.771147
37.1     0.784278
37.2     0.791545
37.3     0.790819
37.4     0.781011
37.5     0.778942
37.6     0.779679
37.7     0.781183
37.8     0.778513
37.9     0.785573
38     0.789936
38.1     0.801817
38.2     0.800321
38.3     0.79081
38.4     0.791682
38.5     0.783068
38.6     0.776909
38.7     0.784433
38.8     0.791826
38.9     0.773186
39     0.770743
39.1     0.77387
39.2     0.76647
39.3     0.769285
39.4     0.778744
39.5     0.771439
39.6     0.767373
39.7     0.748413
39.8     0.758796
39.9     0.750714
40     0.753598
40.1     0.750279
40.2     0.75007
40.3     0.751773
40.4     0.757502
40.5     0.765525
40.6     0.768146
40.7     0.750205
40.8     0.763133
40.9     0.754988
41     0.735038
41.1     0.72604
41.2     0.714486
41.3     0.713341
41.4     0.710882
41.5     0.71682
41.6     0.722246
41.7     0.716423
41.8     0.710184
41.9     0.714756
42     0.715255
42.1     0.710149
42.2     0.702868
42.3     0.708495
42.4     0.710755
42.5     0.698797
42.6     0.692956
42.7     0.696355
42.8     0.697171
42.9     0.70998
43     0.73281
43.1     0.721069
43.2     0.743471
43.3     0.744418
43.4     0.744055
43.5     0.73665
43.6     0.735707
43.7     0.730603
43.8     0.726743
43.9     0.723266
44     0.732364
44.1     0.725951
44.2     0.715765
44.3     0.702735
44.4     0.709638
44.5     0.720131
44.6     0.72514
44.7     0.733509
44.8     0.730932
44.9     0.728029
45     0.732483
45.1     0.724511
45.2     0.735457
45.3     0.73933
45.4     0.756941
45.5     0.771635
45.6     0.784327
45.7     0.785565
45.8     0.783606
45.9     0.791619
46     0.793156
46.1     0.792736
46.2     0.791301
46.3     0.803172
46.4     0.804611
46.5     0.788957
46.6     0.798002
46.7     0.797143
46.8     0.793914
46.9     0.788352
47     0.784032
47.1     0.784429
47.2     0.782318
47.3     0.784063
47.4     0.780516
47.5     0.778068
47.6     0.780193
47.7     0.77463
47.8     0.765294
47.9     0.773818
48     0.783038
48.1     0.764157
48.2     0.753751
48.3     0.764274
48.4     0.755211
48.5     0.735151
48.6     0.72638
48.7     0.722887
48.8     0.720818
48.9     0.701595
49     0.719547
49.1     0.735409
49.2     0.741189
49.3     0.741455
49.4     0.745528
49.5     0.752871
49.6     0.75163
49.7     0.749019
49.8     0.738039
49.9     0.744331
50     0.73232
50.1     0.730676
50.2     0.726546
50.3     0.732172
50.4     0.734093
50.5     0.747171
50.6     0.756016
50.7     0.76106
50.8     0.75954
50.9     0.760455
51     0.751427
51.1     0.763928
51.2     0.772255
51.3     0.774643
51.4     0.782131
51.5     0.792617
51.6     0.781554
51.7     0.79097
51.8     0.792801
51.9     0.778443
52     0.778887
52.1     0.761175
52.2     0.754807
52.3     0.760869
52.4     0.763697
52.5     0.766934
52.6     0.753809
52.7     0.74303
52.8     0.736846
52.9     0.732791
53     0.732548
53.1     0.729358
53.2     0.730031
53.3     0.739986
53.4     0.737866
53.5     0.735469
53.6     0.738399
53.7     0.742575
53.8     0.749598
53.9     0.747477
54     0.740531
54.1     0.736177
54.2     0.733302
54.3     0.724562
54.4     0.732083
54.5     0.739728
54.6     0.730927
54.7     0.736565
54.8     0.755894
54.9     0.769307
55     0.758779
55.1     0.756518
55.2     0.743521
55.3     0.723801
55.4     0.730475
55.5     0.722067
55.6     0.730535
55.7     0.719181
55.8     0.71851
55.9     0.722546
56     0.720791
56.1     0.727292
56.2     0.716722
56.3     0.711718
56.4     0.701886
56.5     0.718605
56.6     0.725179
56.7     0.723766
56.8     0.718706
56.9     0.717643
57     0.710601
57.1     0.696938
57.2     0.702744
57.3     0.7003
57.4     0.714288
57.5     0.720201
57.6     0.72529
57.7     0.716801
57.8     0.718515
57.9     0.72389
58     0.727307
58.1     0.722312
58.2     0.704367
58.3     0.706186
58.4     0.699404
58.5     0.690709
58.6     0.684314
58.7     0.694923
58.8     0.714954
58.9     0.712243
59     0.721802
59.1     0.715819
59.2     0.712634
59.3     0.718642
59.4     0.720401
59.5     0.717392
59.6     0.710278
59.7     0.710959
59.8     0.729366
59.9     0.731037
60     0.740369
60.1     0.744212
60.2     0.729955
60.3     0.719292
60.4     0.717944
60.5     0.72452
60.6     0.727304
60.7     0.713659
60.8     0.727695
60.9     0.71582
61     0.705437
61.1     0.714289
61.2     0.712192
61.3     0.716039
61.4     0.72179
61.5     0.718088
61.6     0.714874
61.7     0.718788
61.8     0.723119
61.9     0.717103
62     0.741827
62.1     0.7436
62.2     0.76795
62.3     0.761852
62.4     0.752824
62.5     0.760135
62.6     0.745778
62.7     0.735575
62.8     0.735611
62.9     0.737043
63     0.736697
63.1     0.748727
63.2     0.754062
63.3     0.758444
63.4     0.762519
63.5     0.754185
63.6     0.755747
63.7     0.7605
63.8     0.762769
63.9     0.760035
64     0.769966
64.1     0.767494
64.2     0.772016
64.3     0.773003
64.4     0.77486
64.5     0.772061
64.6     0.770843
64.7     0.771602
64.8     0.776892
64.9     0.778308
65     0.787555
65.1     0.787219
65.2     0.798646
65.3     0.798056
65.4     0.818275
65.5     0.830687
65.6     0.819513
65.7     0.816554
65.8     0.82492
65.9     0.819726
66     0.832391
66.1     0.845379
66.2     0.846361
66.3     0.84254
66.4     0.839519
66.5     0.836201
66.6     0.835433
66.7     0.845186
66.8     0.830137
66.9     0.823651
67     0.820492
67.1     0.81366
67.2     0.81341
67.3     0.816029
67.4     0.813207
67.5     0.824119
67.6     0.827216
67.7     0.825431
67.8     0.831484
67.9     0.830117
68     0.83651
68.1     0.838273
68.2     0.835766
68.3     0.826739
68.4     0.829917
68.5     0.839015
68.6     0.840579
68.7     0.839985
68.8     0.840252
68.9     0.836903
69     0.829701
69.1     0.822
69.2     0.829093
69.3     0.828772
69.4     0.826385
69.5     0.825557
69.6     0.82854
69.7     0.836663
69.8     0.846092
69.9     0.843817
70     0.838753
70.1     0.850169
70.2     0.850195
70.3     0.85062
70.4     0.850297
70.5     0.852731
70.6     0.857688
70.7     0.855316
70.8     0.848296
70.9     0.845392
71     0.836652
71.1     0.837968
71.2     0.835432
71.3     0.837042
71.4     0.833663
71.5     0.833554
71.6     0.833084
71.7     0.821402
71.8     0.828617
71.9     0.8287
72     0.820444
72.1     0.815418
72.2     0.82225
72.3     0.823112
72.4     0.817317
72.5     0.81187
72.6     0.811113
72.7     0.825473
72.8     0.825232
72.9     0.825045
73     0.827731
73.1     0.827229
73.2     0.8057
73.3     0.797608
73.4     0.794867
73.5     0.783842
73.6     0.79147
73.7     0.801523
73.8     0.793157
73.9     0.796943
74     0.800741
74.1     0.789123
74.2     0.787934
74.3     0.790144
74.4     0.785716
74.5     0.776708
74.6     0.771347
74.7     0.784143
74.8     0.759784
74.9     0.741342
75     0.749007
75.1     0.746777
75.2     0.753265
75.3     0.765306
75.4     0.754955
75.5     0.750593
75.6     0.746591
75.7     0.749917
75.8     0.742642
75.9     0.751226
76     0.745805
76.1     0.750552
76.2     0.749093
76.3     0.745224
76.4     0.756689
76.5     0.760625
76.6     0.765364
76.7     0.779032
76.8     0.784148
76.9     0.776657
77     0.786655
77.1     0.779767
77.2     0.7751
77.3     0.78122
77.4     0.774019
77.5     0.781505
77.6     0.775395
77.7     0.774035
77.8     0.779439
77.9     0.785234
78     0.795197
78.1     0.786492
78.2     0.793404
78.3     0.783473
78.4     0.785843
78.5     0.790961
78.6     0.796772
78.7     0.801934
78.8     0.791374
78.9     0.781639
79     0.776375
79.1     0.780043
79.2     0.777598
79.3     0.785271
79.4     0.772976
79.5     0.778103
79.6     0.777035
79.7     0.78333
79.8     0.786527
79.9     0.765015
80     0.759173
80.1     0.750799
80.2     0.764622
80.3     0.760424
80.4     0.774225
80.5     0.776008
80.6     0.772759
80.7     0.775366
80.8     0.762966
80.9     0.784575
81     0.78138
81.1     0.785803
81.2     0.783361
81.3     0.784953
81.4     0.784035
81.5     0.788419
81.6     0.792011
81.7     0.801033
81.8     0.808809
81.9     0.811022
82     0.817974
82.1     0.818665
82.2     0.820336
82.3     0.829115
82.4     0.81657
82.5     0.814361
82.6     0.812111
82.7     0.807307
82.8     0.806963
82.9     0.801432
83     0.798938
83.1     0.793273
83.2     0.797819
83.3     0.80327
83.4     0.815665
83.5     0.809031
83.6     0.807776
83.7     0.808895
83.8     0.7938
83.9     0.787978
84     0.781498
84.1     0.778652
84.2     0.770727
84.3     0.760129
84.4     0.771119
84.5     0.754715
84.6     0.762378
84.7     0.768732
84.8     0.75886
84.9     0.752135
85     0.750031
85.1     0.753708
85.2     0.747445
85.3     0.744836
85.4     0.743393
85.5     0.744346
85.6     0.748059
85.7     0.746034
85.8     0.75419
85.9     0.764324
86     0.773972
86.1     0.761016
86.2     0.759639
86.3     0.762382
86.4     0.753828
86.5     0.74845
86.6     0.757564
86.7     0.750155
86.8     0.753433
86.9     0.754667
87     0.747947
87.1     0.737747
87.2     0.739955
87.3     0.744761
87.4     0.751335
87.5     0.756659
87.6     0.755681
87.7     0.749745
87.8     0.748813
87.9     0.744531
88     0.75293
88.1     0.752552
88.2     0.737756
88.3     0.740043
88.4     0.746264
88.5     0.736259
88.6     0.730496
88.7     0.744689
88.8     0.748917
88.9     0.743745
89     0.736687
89.1     0.755774
89.2     0.749388
89.3     0.75605
89.4     0.758852
89.5     0.769872
89.6     0.769952
89.7     0.770031
89.8     0.769152
89.9     0.758491
90     0.763082
90.1     0.765383
90.2     0.769226
90.3     0.7679
90.4     0.772846
90.5     0.787126
90.6     0.787788
90.7     0.796742
90.8     0.786402
90.9     0.788056
91     0.79069
91.1     0.78596
91.2     0.786399
91.3     0.786337
91.4     0.788491
91.5     0.791455
91.6     0.792721
91.7     0.803214
91.8     0.792066
91.9     0.793634
92     0.792759
92.1     0.784269
92.2     0.765657
92.3     0.758709
92.4     0.76802
92.5     0.775203
92.6     0.786189
92.7     0.782824
92.8     0.79779
92.9     0.800014
93     0.80087
93.1     0.813222
93.2     0.793879
93.3     0.808652
93.4     0.825164
93.5     0.825423
93.6     0.829608
93.7     0.828437
93.8     0.828909
93.9     0.828475
94     0.834098
94.1     0.834242
94.2     0.823917
94.3     0.839469
94.4     0.834129
94.5     0.822118
94.6     0.817364
94.7     0.824727
94.8     0.821663
94.9     0.817153
95     0.825396
95.1     0.823694
95.2     0.819828
95.3     0.824277
95.4     0.833756
95.5     0.825052
95.6     0.813731
95.7     0.804686
95.8     0.803136
95.9     0.807582
96     0.79534
96.1     0.784065
96.2     0.787484
96.3     0.783647
96.4     0.776531
96.5     0.764406
96.6     0.766518
96.7     0.761539
96.8     0.744012
96.9     0.741884
97     0.73875
97.1     0.737945
97.2     0.738044
97.3     0.736483
97.4     0.737531
97.5     0.739694
97.6     0.74772
97.7     0.745587
97.8     0.736592
97.9     0.733781
98     0.724794
98.1     0.720909
98.2     0.720073
98.3     0.717197
98.4     0.714958
98.5     0.721134
98.6     0.716917
98.7     0.73413
98.8     0.721363
98.9     0.723078
99     0.725493
99.1     0.719746
99.2     0.732425
99.3     0.738642
99.4     0.739689
99.5     0.739194
99.6     0.727917
99.7     0.739898
99.8     0.729759
99.9     0.733684
