0     0.42
1     0.42
2     0.42
3     0.42
4     0.42
5     0.42
6     0.44
7     0.42
8     0.44
9     0.46
10     0.46
11     0.46
12     0.46
13     0.46
14     0.46
15     0.44
16     0.44
17     0.46
18     0.46
19     0.44
20     0.44
21     0.44
22     0.44
23     0.44
24     0.44
25     0.48
26     0.46
27     0.46
28     0.46
29     0.46
30     0.48
31     0.46
32     0.46
33     0.48
34     0.48
35     0.48
36     0.5
37     0.48
38     0.5
39     0.5
40     0.5
41     0.5
42     0.48
43     0.48
44     0.48
45     0.46
46     0.48
47     0.46
48     0.48
49     0.48
50     0.5
51     0.5
52     0.5
53     0.5
54     0.5
55     0.5
56     0.5
57     0.5
58     0.5
59     0.48
60     0.48
61     0.48
62     0.48
63     0.48
64     0.48
65     0.48
66     0.48
67     0.46
68     0.46
69     0.46
70     0.46
71     0.46
72     0.46
73     0.44
74     0.44
75     0.44
76     0.44
77     0.44
78     0.46
79     0.44
80     0.46
81     0.44
82     0.44
83     0.46
84     0.46
85     0.46
86     0.46
87     0.46
88     0.46
89     0.46
90     0.46
91     0.44
92     0.48
93     0.5
94     0.5
95     0.48
96     0.46
97     0.46
98     0.46
99     0.48
100     0.5
101     0.48
102     0.48
103     0.5
104     0.52
105     0.5
106     0.5
107     0.52
108     0.56
109     0.56
110     0.54
111     0.56
112     0.56
113     0.56
114     0.56
115     0.54
116     0.56
117     0.54
118     0.54
119     0.54
120     0.54
121     0.52
122     0.54
123     0.54
124     0.54
125     0.52
126     0.5
127     0.54
128     0.52
129     0.56
130     0.58
131     0.54
132     0.54
133     0.56
134     0.54
135     0.56
136     0.58
137     0.58
138     0.62
139     0.56
140     0.56
141     0.6
142     0.6
143     0.66
144     0.64
145     0.62
146     0.6
147     0.58
148     0.58
149     0.58
150     0.58
151     0.6
152     0.6
153     0.6
154     0.62
155     0.6
156     0.62
157     0.62
158     0.62
159     0.62
160     0.6
161     0.58
162     0.58
163     0.58
164     0.58
165     0.6
166     0.6
167     0.6
168     0.6
169     0.6
170     0.6
171     0.56
172     0.58
173     0.58
174     0.58
175     0.58
176     0.58
177     0.58
178     0.58
179     0.58
180     0.58
181     0.58
182     0.58
183     0.58
184     0.58
185     0.58
186     0.58
187     0.58
188     0.58
189     0.58
190     0.58
191     0.58
192     0.58
193     0.58
194     0.58
195     0.56
196     0.58
197     0.58
198     0.58
199     0.58
200     0.58
201     0.58
202     0.58
203     0.58
204     0.58
205     0.58
206     0.58
207     0.58
208     0.56
209     0.58
210     0.58
211     0.56
212     0.58
213     0.58
214     0.58
215     0.58
216     0.58
217     0.6
218     0.58
219     0.58
220     0.6
221     0.6
222     0.6
223     0.58
224     0.58
225     0.58
226     0.58
227     0.58
228     0.58
229     0.58
230     0.58
231     0.6
232     0.6
233     0.6
234     0.6
235     0.6
236     0.6
237     0.6
238     0.56
239     0.58
240     0.58
241     0.56
242     0.58
243     0.58
244     0.56
245     0.58
246     0.58
247     0.58
248     0.58
249     0.58
250     0.58
251     0.58
252     0.58
253     0.6
254     0.6
255     0.54
256     0.6
257     0.58
258     0.6
259     0.6
260     0.58
261     0.6
262     0.6
263     0.58
264     0.54
265     0.54
266     0.56
267     0.56
268     0.56
269     0.54
270     0.54
271     0.54
272     0.54
273     0.52
274     0.54
275     0.5
276     0.54
277     0.52
278     0.54
279     0.54
280     0.54
281     0.52
282     0.56
283     0.58
284     0.58
285     0.58
286     0.58
287     0.56
288     0.56
289     0.58
290     0.6
291     0.6
292     0.6
293     0.58
294     0.58
295     0.56
296     0.58
297     0.58
298     0.6
299     0.6
300     0.6
301     0.6
302     0.6
303     0.6
304     0.6
305     0.6
306     0.6
307     0.6
308     0.6
309     0.58
310     0.58
311     0.6
312     0.6
313     0.6
314     0.62
315     0.62
316     0.62
317     0.64
318     0.64
319     0.64
320     0.64
321     0.62
322     0.62
323     0.62
324     0.6
325     0.6
326     0.62
327     0.62
328     0.62
329     0.62
330     0.62
331     0.62
332     0.62
333     0.62
334     0.62
335     0.62
336     0.62
337     0.58
338     0.62
339     0.6
340     0.58
341     0.62
342     0.62
343     0.62
344     0.62
345     0.62
346     0.62
347     0.62
348     0.66
349     0.64
350     0.66
351     0.62
352     0.66
353     0.64
354     0.66
355     0.66
356     0.64
357     0.64
358     0.66
359     0.66
360     0.64
361     0.64
362     0.66
363     0.64
364     0.62
365     0.64
366     0.66
367     0.66
368     0.66
369     0.66
370     0.64
371     0.62
372     0.62
373     0.62
374     0.62
375     0.62
376     0.6
377     0.58
378     0.62
379     0.6
380     0.62
381     0.62
382     0.6
383     0.6
384     0.62
385     0.6
386     0.6
387     0.6
388     0.58
389     0.56
390     0.58
391     0.6
392     0.6
393     0.6
394     0.6
395     0.6
396     0.6
397     0.6
398     0.6
399     0.6
400     0.58
401     0.6
402     0.6
403     0.6
404     0.6
405     0.6
406     0.6
407     0.6
408     0.58
409     0.58
410     0.58
411     0.54
412     0.58
413     0.58
414     0.58
415     0.6
416     0.6
417     0.6
418     0.6
419     0.6
420     0.58
421     0.56
422     0.6
423     0.6
424     0.58
425     0.58
426     0.58
427     0.6
428     0.58
429     0.58
430     0.58
431     0.6
432     0.6
433     0.6
434     0.58
435     0.56
436     0.56
437     0.54
438     0.54
439     0.56
440     0.56
441     0.56
442     0.54
443     0.54
444     0.54
445     0.52
446     0.52
447     0.52
448     0.5
449     0.54
450     0.52
451     0.52
452     0.54
453     0.54
454     0.54
455     0.54
456     0.54
457     0.52
458     0.54
459     0.54
460     0.52
461     0.54
462     0.52
463     0.54
464     0.54
465     0.54
466     0.54
467     0.52
468     0.52
469     0.54
470     0.54
471     0.54
472     0.54
473     0.54
474     0.54
475     0.56
476     0.56
477     0.54
478     0.52
479     0.52
480     0.52
481     0.52
482     0.5
483     0.52
484     0.52
485     0.52
486     0.54
487     0.54
488     0.54
489     0.54
490     0.54
491     0.54
492     0.54
493     0.56
494     0.56
495     0.54
496     0.56
497     0.56
498     0.56
499     0.54
500     0.54
501     0.54
502     0.54
503     0.56
504     0.52
505     0.52
506     0.52
507     0.52
508     0.52
509     0.52
510     0.52
511     0.52
512     0.52
513     0.52
514     0.5
515     0.54
516     0.52
517     0.5
518     0.5
519     0.52
520     0.52
521     0.5
522     0.5
523     0.52
524     0.54
525     0.52
526     0.54
527     0.52
528     0.5
529     0.52
530     0.52
531     0.52
532     0.52
533     0.52
534     0.52
535     0.52
536     0.52
537     0.54
538     0.54
539     0.56
540     0.56
541     0.6
542     0.6
543     0.6
544     0.58
545     0.58
546     0.56
547     0.56
548     0.54
549     0.54
550     0.54
551     0.54
552     0.54
553     0.54
554     0.52
555     0.54
556     0.56
557     0.52
558     0.54
559     0.56
560     0.56
561     0.54
562     0.56
563     0.56
564     0.56
565     0.56
566     0.56
567     0.56
568     0.56
569     0.56
570     0.56
571     0.58
572     0.58
573     0.58
574     0.58
575     0.56
576     0.54
577     0.54
578     0.54
579     0.54
580     0.54
581     0.54
582     0.54
583     0.54
584     0.52
585     0.52
586     0.52
587     0.52
588     0.52
589     0.52
590     0.52
591     0.54
592     0.54
593     0.54
594     0.54
595     0.54
596     0.54
597     0.5
598     0.5
599     0.5
600     0.48
601     0.5
602     0.48
603     0.5
604     0.5
605     0.5
606     0.5
607     0.48
608     0.48
609     0.5
610     0.48
611     0.5
612     0.5
613     0.5
614     0.5
615     0.5
616     0.54
617     0.54
618     0.5
619     0.52
620     0.54
621     0.52
622     0.54
623     0.56
624     0.56
625     0.54
626     0.56
627     0.52
628     0.54
629     0.54
630     0.52
631     0.52
632     0.52
633     0.52
634     0.52
635     0.54
636     0.54
637     0.56
638     0.56
639     0.58
640     0.58
641     0.56
642     0.56
643     0.54
644     0.58
645     0.56
646     0.58
647     0.6
648     0.6
649     0.6
650     0.6
651     0.58
652     0.6
653     0.58
654     0.6
655     0.56
656     0.58
657     0.58
658     0.6
659     0.6
660     0.6
661     0.6
662     0.6
663     0.6
664     0.58
665     0.58
666     0.56
667     0.58
668     0.58
669     0.58
670     0.56
671     0.56
672     0.58
673     0.58
674     0.56
675     0.58
676     0.54
677     0.54
678     0.54
679     0.54
680     0.58
681     0.56
682     0.56
683     0.56
684     0.58
685     0.58
686     0.58
687     0.56
688     0.58
689     0.58
690     0.6
691     0.58
692     0.58
693     0.58
694     0.58
695     0.58
696     0.56
697     0.56
698     0.56
699     0.54
700     0.54
701     0.56
702     0.54
703     0.54
704     0.56
705     0.54
706     0.54
707     0.56
708     0.56
709     0.56
710     0.54
711     0.56
712     0.54
713     0.56
714     0.56
715     0.54
716     0.56
717     0.54
718     0.54
719     0.56
720     0.58
721     0.58
722     0.58
723     0.58
724     0.58
725     0.58
726     0.58
727     0.56
728     0.56
729     0.56
730     0.58
731     0.56
732     0.56
733     0.56
734     0.54
735     0.58
736     0.56
737     0.52
738     0.54
739     0.52
740     0.56
741     0.56
742     0.56
743     0.56
744     0.54
745     0.52
746     0.48
747     0.48
748     0.48
749     0.48
750     0.48
751     0.5
752     0.48
753     0.48
754     0.5
755     0.5
756     0.5
757     0.48
758     0.48
759     0.48
760     0.5
761     0.48
762     0.48
763     0.48
764     0.5
765     0.5
766     0.5
767     0.5
768     0.48
769     0.46
770     0.46
771     0.48
772     0.48
773     0.48
774     0.48
775     0.48
776     0.48
777     0.48
778     0.48
779     0.46
780     0.48
781     0.48
782     0.48
783     0.48
784     0.5
785     0.5
786     0.5
787     0.5
788     0.5
789     0.5
790     0.46
791     0.48
792     0.48
793     0.48
794     0.46
795     0.48
796     0.48
797     0.46
798     0.48
799     0.44
800     0.48
801     0.48
802     0.48
803     0.5
804     0.46
805     0.5
806     0.5
807     0.5
808     0.5
809     0.48
810     0.5
811     0.5
812     0.5
813     0.5
814     0.48
815     0.5
816     0.48
817     0.48
818     0.5
819     0.52
820     0.52
821     0.5
822     0.52
823     0.52
824     0.5
825     0.54
826     0.56
827     0.54
828     0.56
829     0.56
830     0.54
831     0.56
832     0.56
833     0.56
834     0.54
835     0.52
836     0.54
837     0.54
838     0.54
839     0.54
840     0.52
841     0.52
842     0.52
843     0.52
844     0.52
845     0.54
846     0.56
847     0.56
848     0.56
849     0.56
850     0.56
851     0.56
852     0.54
853     0.52
854     0.52
855     0.52
856     0.54
857     0.5
858     0.5
859     0.52
860     0.5
861     0.5
862     0.52
863     0.52
864     0.52
865     0.52
866     0.52
867     0.46
868     0.5
869     0.48
870     0.48
871     0.48
872     0.48
873     0.48
874     0.48
875     0.48
876     0.48
877     0.48
878     0.48
879     0.48
880     0.5
881     0.5
882     0.48
883     0.5
884     0.54
885     0.52
886     0.5
887     0.52
888     0.52
889     0.52
890     0.52
891     0.52
892     0.54
893     0.54
894     0.56
895     0.56
896     0.56
897     0.56
898     0.56
899     0.54
900     0.56
901     0.56
902     0.56
903     0.56
904     0.56
905     0.54
906     0.56
907     0.56
908     0.56
909     0.56
910     0.56
911     0.56
912     0.56
913     0.56
914     0.56
915     0.56
916     0.56
917     0.56
918     0.56
919     0.56
920     0.56
921     0.52
922     0.54
923     0.54
924     0.54
925     0.52
926     0.54
927     0.52
928     0.52
929     0.52
930     0.52
931     0.5
932     0.48
933     0.48
934     0.48
935     0.48
936     0.5
937     0.5
938     0.48
939     0.48
940     0.48
941     0.48
942     0.54
943     0.6
944     0.56
945     0.6
946     0.56
947     0.56
948     0.6
949     0.6
950     0.58
951     0.58
952     0.56
953     0.56
954     0.56
955     0.54
956     0.54
957     0.54
958     0.5
959     0.56
960     0.54
961     0.54
962     0.5
963     0.54
964     0.54
965     0.54
966     0.54
967     0.54
968     0.54
969     0.56
970     0.58
971     0.58
972     0.58
973     0.58
974     0.56
975     0.52
976     0.52
977     0.52
978     0.52
979     0.52
980     0.5
981     0.5
982     0.5
983     0.52
984     0.54
985     0.54
986     0.54
987     0.5
988     0.54
989     0.52
990     0.54
991     0.54
992     0.54
993     0.58
994     0.54
995     0.56
996     0.56
997     0.56
998     0.56
999     0.56
