0     0.48
1     0.48
2     0.48
3     0.46
4     0.48
5     0.48
6     0.48
7     0.48
8     0.48
9     0.46
10     0.46
11     0.48
12     0.48
13     0.5
14     0.5
15     0.5
16     0.5
17     0.5
18     0.5
19     0.5
20     0.5
21     0.5
22     0.5
23     0.5
24     0.5
25     0.46
26     0.5
27     0.52
28     0.52
29     0.52
30     0.54
31     0.54
32     0.54
33     0.54
34     0.52
35     0.52
36     0.54
37     0.5
38     0.54
39     0.52
40     0.52
41     0.52
42     0.52
43     0.52
44     0.52
45     0.52
46     0.52
47     0.5
48     0.5
49     0.5
50     0.5
51     0.5
52     0.5
53     0.5
54     0.5
55     0.5
56     0.5
57     0.5
58     0.5
59     0.5
60     0.5
61     0.5
62     0.5
63     0.5
64     0.5
65     0.5
66     0.5
67     0.5
68     0.5
69     0.5
70     0.5
71     0.5
72     0.5
73     0.5
74     0.48
75     0.48
76     0.5
77     0.5
78     0.5
79     0.5
80     0.5
81     0.5
82     0.5
83     0.5
84     0.5
85     0.52
86     0.52
87     0.52
88     0.52
89     0.52
90     0.52
91     0.52
92     0.52
93     0.52
94     0.52
95     0.52
96     0.52
97     0.52
98     0.48
99     0.52
100     0.52
101     0.52
102     0.52
103     0.52
104     0.52
105     0.52
106     0.52
107     0.52
108     0.52
109     0.52
110     0.52
111     0.52
112     0.52
113     0.52
114     0.52
115     0.48
116     0.48
117     0.46
118     0.48
119     0.48
120     0.5
121     0.48
122     0.5
123     0.48
124     0.5
125     0.52
126     0.52
127     0.52
128     0.52
129     0.52
130     0.52
131     0.52
132     0.52
133     0.52
134     0.52
135     0.52
136     0.52
137     0.5
138     0.5
139     0.5
140     0.48
141     0.48
142     0.5
143     0.5
144     0.48
145     0.5
146     0.5
147     0.5
148     0.5
149     0.5
150     0.5
151     0.5
152     0.5
153     0.5
154     0.48
155     0.5
156     0.5
157     0.5
158     0.5
159     0.48
160     0.52
161     0.52
162     0.52
163     0.52
164     0.52
165     0.52
166     0.5
167     0.5
168     0.52
169     0.5
170     0.5
171     0.5
172     0.5
173     0.48
174     0.48
175     0.5
176     0.48
177     0.5
178     0.52
179     0.52
180     0.52
181     0.5
182     0.48
183     0.52
184     0.52
185     0.54
186     0.52
187     0.5
188     0.5
189     0.5
190     0.5
191     0.52
192     0.52
193     0.5
194     0.5
195     0.5
196     0.5
197     0.5
198     0.52
199     0.5
200     0.52
201     0.54
202     0.54
203     0.52
204     0.52
205     0.52
206     0.54
207     0.5
208     0.48
209     0.52
210     0.5
211     0.54
212     0.52
213     0.52
214     0.5
215     0.56
216     0.56
217     0.58
218     0.54
219     0.56
220     0.56
221     0.56
222     0.54
223     0.52
224     0.54
225     0.52
226     0.54
227     0.54
228     0.56
229     0.56
230     0.56
231     0.54
232     0.54
233     0.54
234     0.52
235     0.52
236     0.52
237     0.5
238     0.52
239     0.52
240     0.48
241     0.5
242     0.46
243     0.48
244     0.46
245     0.46
246     0.46
247     0.48
248     0.5
249     0.5
250     0.48
251     0.48
252     0.48
253     0.48
254     0.48
255     0.46
256     0.46
257     0.46
258     0.54
259     0.52
260     0.52
261     0.54
262     0.54
263     0.54
264     0.54
265     0.52
266     0.52
267     0.46
268     0.44
269     0.46
270     0.48
271     0.5
272     0.48
273     0.5
274     0.44
275     0.5
276     0.48
277     0.5
278     0.52
279     0.5
280     0.5
281     0.5
282     0.52
283     0.52
284     0.5
285     0.52
286     0.52
287     0.48
288     0.52
289     0.5
290     0.48
291     0.48
292     0.52
293     0.5
294     0.5
295     0.52
296     0.52
297     0.52
298     0.5
299     0.52
300     0.52
301     0.5
302     0.52
303     0.52
304     0.52
305     0.52
306     0.52
307     0.52
308     0.52
309     0.5
310     0.48
311     0.5
312     0.5
313     0.5
314     0.5
315     0.5
316     0.5
317     0.5
318     0.52
319     0.5
320     0.52
321     0.52
322     0.52
323     0.5
324     0.5
325     0.5
326     0.5
327     0.48
328     0.48
329     0.48
330     0.52
331     0.52
332     0.52
333     0.52
334     0.52
335     0.52
336     0.52
337     0.52
338     0.54
339     0.54
340     0.52
341     0.52
342     0.48
343     0.46
344     0.5
345     0.48
346     0.5
347     0.5
348     0.52
349     0.52
350     0.52
351     0.5
352     0.5
353     0.5
354     0.5
355     0.5
356     0.5
357     0.52
358     0.5
359     0.52
360     0.52
361     0.52
362     0.5
363     0.52
364     0.52
365     0.5
366     0.5
367     0.5
368     0.52
369     0.5
370     0.5
371     0.52
372     0.52
373     0.5
374     0.52
375     0.52
376     0.52
377     0.52
378     0.52
379     0.52
380     0.52
381     0.52
382     0.52
383     0.52
384     0.52
385     0.52
386     0.52
387     0.52
388     0.52
389     0.52
390     0.52
391     0.52
392     0.52
393     0.54
394     0.54
395     0.52
396     0.52
397     0.52
398     0.52
399     0.5
400     0.52
401     0.5
402     0.5
403     0.5
404     0.5
405     0.5
406     0.52
407     0.52
408     0.52
409     0.52
410     0.52
411     0.5
412     0.52
413     0.52
414     0.52
415     0.52
416     0.52
417     0.52
418     0.52
419     0.52
420     0.52
421     0.52
422     0.52
423     0.52
424     0.52
425     0.52
426     0.52
427     0.52
428     0.48
429     0.5
430     0.5
431     0.5
432     0.5
433     0.5
434     0.5
435     0.5
436     0.5
437     0.48
438     0.48
439     0.48
440     0.46
441     0.5
442     0.48
443     0.52
444     0.52
445     0.52
446     0.52
447     0.52
448     0.54
449     0.54
450     0.5
451     0.52
452     0.52
453     0.52
454     0.52
455     0.52
456     0.54
457     0.54
458     0.54
459     0.52
460     0.52
461     0.52
462     0.52
463     0.54
464     0.54
465     0.52
466     0.54
467     0.54
468     0.54
469     0.54
470     0.54
471     0.54
472     0.52
473     0.54
474     0.54
475     0.54
476     0.54
477     0.54
478     0.54
479     0.52
480     0.52
481     0.52
482     0.52
483     0.5
484     0.52
485     0.52
486     0.52
487     0.5
488     0.52
489     0.46
490     0.46
491     0.46
492     0.46
493     0.48
494     0.46
495     0.48
496     0.5
497     0.5
498     0.5
499     0.5
500     0.46
501     0.46
502     0.44
503     0.46
504     0.44
505     0.46
506     0.46
507     0.44
508     0.4
509     0.42
510     0.42
511     0.42
512     0.4
513     0.4
514     0.4
515     0.4
516     0.4
517     0.42
518     0.44
519     0.44
520     0.44
521     0.42
522     0.42
523     0.42
524     0.4
525     0.42
526     0.42
527     0.44
528     0.44
529     0.44
530     0.44
531     0.44
532     0.46
533     0.44
534     0.46
535     0.46
536     0.46
537     0.46
538     0.46
539     0.46
540     0.48
541     0.48
542     0.48
543     0.48
544     0.48
545     0.46
546     0.46
547     0.46
548     0.46
549     0.46
550     0.46
551     0.46
552     0.46
553     0.46
554     0.46
555     0.46
556     0.44
557     0.46
558     0.44
559     0.42
560     0.42
561     0.42
562     0.42
563     0.42
564     0.42
565     0.42
566     0.44
567     0.42
568     0.42
569     0.4
570     0.4
571     0.4
572     0.42
573     0.42
574     0.42
575     0.42
576     0.4
577     0.42
578     0.44
579     0.44
580     0.44
581     0.44
582     0.42
583     0.42
584     0.42
585     0.44
586     0.44
587     0.44
588     0.44
589     0.44
590     0.42
591     0.44
592     0.44
593     0.44
594     0.44
595     0.42
596     0.42
597     0.44
598     0.42
599     0.42
600     0.38
601     0.4
602     0.4
603     0.44
604     0.44
605     0.42
606     0.44
607     0.44
608     0.44
609     0.42
610     0.42
611     0.42
612     0.42
613     0.44
614     0.44
615     0.44
616     0.44
617     0.42
618     0.44
619     0.44
620     0.44
621     0.44
622     0.42
623     0.42
624     0.42
625     0.4
626     0.42
627     0.4
628     0.4
629     0.4
630     0.4
631     0.4
632     0.4
633     0.4
634     0.4
635     0.42
636     0.42
637     0.42
638     0.38
639     0.4
640     0.4
641     0.4
642     0.4
643     0.4
644     0.4
645     0.4
646     0.42
647     0.42
648     0.42
649     0.42
650     0.4
651     0.4
652     0.4
653     0.42
654     0.42
655     0.42
656     0.42
657     0.42
658     0.4
659     0.44
660     0.42
661     0.44
662     0.44
663     0.42
664     0.42
665     0.42
666     0.42
667     0.4
668     0.42
669     0.42
670     0.44
671     0.44
672     0.44
673     0.42
674     0.42
675     0.42
676     0.42
677     0.44
678     0.44
679     0.44
680     0.4
681     0.44
682     0.42
683     0.42
684     0.44
685     0.44
686     0.44
687     0.44
688     0.44
689     0.44
690     0.44
691     0.44
692     0.44
693     0.44
694     0.44
695     0.44
696     0.44
697     0.44
698     0.44
699     0.44
700     0.44
701     0.42
702     0.42
703     0.42
704     0.42
705     0.42
706     0.42
707     0.42
708     0.42
709     0.42
710     0.42
711     0.42
712     0.42
713     0.42
714     0.44
715     0.44
716     0.44
717     0.44
718     0.44
719     0.44
720     0.44
721     0.42
722     0.44
723     0.44
724     0.42
725     0.44
726     0.44
727     0.44
728     0.44
729     0.44
730     0.44
731     0.44
732     0.46
733     0.46
734     0.46
735     0.46
736     0.46
737     0.46
738     0.46
739     0.46
740     0.46
741     0.44
742     0.46
743     0.42
744     0.44
745     0.46
746     0.48
747     0.48
748     0.46
749     0.48
750     0.48
751     0.48
752     0.48
753     0.46
754     0.46
755     0.48
756     0.46
757     0.46
758     0.46
759     0.46
760     0.46
761     0.46
762     0.46
763     0.46
764     0.46
765     0.46
766     0.46
767     0.46
768     0.46
769     0.46
770     0.46
771     0.46
772     0.46
773     0.44
774     0.44
775     0.44
776     0.44
777     0.46
778     0.46
779     0.48
780     0.46
781     0.46
782     0.46
783     0.44
784     0.46
785     0.46
786     0.46
787     0.44
788     0.44
789     0.44
790     0.46
791     0.44
792     0.44
793     0.44
794     0.44
795     0.44
796     0.44
797     0.44
798     0.44
799     0.42
800     0.44
801     0.44
802     0.46
803     0.48
804     0.46
805     0.46
806     0.42
807     0.44
808     0.42
809     0.42
810     0.44
811     0.44
812     0.44
813     0.42
814     0.42
815     0.44
816     0.44
817     0.44
818     0.44
819     0.44
820     0.44
821     0.44
822     0.44
823     0.42
824     0.42
825     0.42
826     0.44
827     0.44
828     0.44
829     0.42
830     0.44
831     0.42
832     0.42
833     0.42
834     0.42
835     0.4
836     0.42
837     0.42
838     0.42
839     0.42
840     0.4
841     0.42
842     0.42
843     0.42
844     0.44
845     0.44
846     0.44
847     0.42
848     0.44
849     0.44
850     0.42
851     0.42
852     0.4
853     0.38
854     0.42
855     0.4
856     0.4
857     0.4
858     0.38
859     0.38
860     0.38
861     0.4
862     0.4
863     0.4
864     0.4
865     0.4
866     0.4
867     0.4
868     0.4
869     0.4
870     0.38
871     0.4
872     0.38
873     0.42
874     0.38
875     0.38
876     0.4
877     0.42
878     0.42
879     0.38
880     0.42
881     0.42
882     0.42
883     0.42
884     0.42
885     0.42
886     0.44
887     0.42
888     0.4
889     0.42
890     0.42
891     0.44
892     0.44
893     0.44
894     0.44
895     0.46
896     0.44
897     0.44
898     0.44
899     0.42
900     0.4
901     0.42
902     0.42
903     0.42
904     0.42
905     0.42
906     0.42
907     0.42
908     0.44
909     0.44
910     0.42
911     0.44
912     0.44
913     0.44
914     0.42
915     0.42
916     0.42
917     0.44
918     0.46
919     0.46
920     0.46
921     0.46
922     0.46
923     0.46
924     0.44
925     0.46
926     0.46
927     0.46
928     0.46
929     0.46
930     0.46
931     0.46
932     0.46
933     0.46
934     0.44
935     0.46
936     0.46
937     0.42
938     0.46
939     0.46
940     0.44
941     0.44
942     0.44
943     0.44
944     0.44
945     0.44
946     0.44
947     0.46
948     0.42
949     0.42
950     0.42
951     0.42
952     0.42
953     0.42
954     0.42
955     0.42
956     0.42
957     0.42
958     0.46
959     0.44
960     0.46
961     0.46
962     0.44
963     0.42
964     0.44
965     0.46
966     0.46
967     0.46
968     0.46
969     0.48
970     0.46
971     0.46
972     0.46
973     0.48
974     0.48
975     0.44
976     0.46
977     0.5
978     0.48
979     0.46
980     0.46
981     0.46
982     0.44
983     0.48
984     0.5
985     0.48
986     0.5
987     0.5
988     0.5
989     0.48
990     0.48
991     0.48
992     0.46
993     0.46
994     0.48
995     0.52
996     0.52
997     0.54
998     0.52
999     0.54
