0     0.42
1     0.42
2     0.44
3     0.46
4     0.46
5     0.48
6     0.42
7     0.42
8     0.42
9     0.46
10     0.48
11     0.48
12     0.5
13     0.52
14     0.52
15     0.5
16     0.5
17     0.5
18     0.5
19     0.52
20     0.54
21     0.5
22     0.46
23     0.52
24     0.54
25     0.52
26     0.5
27     0.54
28     0.58
29     0.6
30     0.62
31     0.62
32     0.62
33     0.64
34     0.62
35     0.66
36     0.62
37     0.6
38     0.62
39     0.6
40     0.6
41     0.62
42     0.62
43     0.62
44     0.62
45     0.6
46     0.58
47     0.6
48     0.6
49     0.56
50     0.58
51     0.6
52     0.6
53     0.62
54     0.64
55     0.64
56     0.62
57     0.64
58     0.64
59     0.66
60     0.66
61     0.64
62     0.66
63     0.66
64     0.66
65     0.64
66     0.68
67     0.7
68     0.72
69     0.72
70     0.72
71     0.72
72     0.7
73     0.7
74     0.7
75     0.72
76     0.72
77     0.72
78     0.72
79     0.72
80     0.74
81     0.72
82     0.72
83     0.74
84     0.74
85     0.72
86     0.72
87     0.74
88     0.74
89     0.72
90     0.72
91     0.74
92     0.74
93     0.72
94     0.68
95     0.72
96     0.68
97     0.72
98     0.72
99     0.72
100     0.7
101     0.76
102     0.74
103     0.74
104     0.76
105     0.78
106     0.78
107     0.76
108     0.78
109     0.78
110     0.76
111     0.74
112     0.72
113     0.76
114     0.76
115     0.76
116     0.74
117     0.76
118     0.74
119     0.76
120     0.74
121     0.74
122     0.74
123     0.72
124     0.74
125     0.7
126     0.72
127     0.74
128     0.74
129     0.7
130     0.72
131     0.74
132     0.74
133     0.74
134     0.74
135     0.72
136     0.7
137     0.68
138     0.7
139     0.72
140     0.72
141     0.76
142     0.74
143     0.72
144     0.72
145     0.74
146     0.74
147     0.72
148     0.72
149     0.74
150     0.74
151     0.74
152     0.74
153     0.78
154     0.78
155     0.8
156     0.8
157     0.8
158     0.8
159     0.8
160     0.82
161     0.82
162     0.82
163     0.78
164     0.78
165     0.78
166     0.8
167     0.82
168     0.8
169     0.8
170     0.82
171     0.8
172     0.8
173     0.8
174     0.78
175     0.8
176     0.76
177     0.74
178     0.74
179     0.72
180     0.76
181     0.78
182     0.78
183     0.76
184     0.76
185     0.76
186     0.76
187     0.76
188     0.74
189     0.74
190     0.74
191     0.74
192     0.74
193     0.76
194     0.72
195     0.74
196     0.76
197     0.76
198     0.76
199     0.76
200     0.74
201     0.72
202     0.74
203     0.72
204     0.72
205     0.72
206     0.72
207     0.74
208     0.72
209     0.76
210     0.76
211     0.78
212     0.76
213     0.78
214     0.78
215     0.74
216     0.76
217     0.76
218     0.72
219     0.76
220     0.72
221     0.76
222     0.72
223     0.74
224     0.72
225     0.72
226     0.72
227     0.72
228     0.74
229     0.74
230     0.76
231     0.74
232     0.72
233     0.72
234     0.76
235     0.76
236     0.74
237     0.74
238     0.76
239     0.74
240     0.72
241     0.76
242     0.74
243     0.76
244     0.76
245     0.76
246     0.76
247     0.74
248     0.78
249     0.8
250     0.8
251     0.8
252     0.78
253     0.78
254     0.76
255     0.72
256     0.76
257     0.76
258     0.78
259     0.76
260     0.76
261     0.74
262     0.74
263     0.74
264     0.74
265     0.7
266     0.76
267     0.76
268     0.74
269     0.76
270     0.76
271     0.72
272     0.74
273     0.76
274     0.76
275     0.76
276     0.76
277     0.76
278     0.76
279     0.74
280     0.76
281     0.74
282     0.72
283     0.74
284     0.74
285     0.74
286     0.72
287     0.68
288     0.74
289     0.7
290     0.72
291     0.72
292     0.74
293     0.72
294     0.76
295     0.76
296     0.74
297     0.74
298     0.76
299     0.76
300     0.76
301     0.72
302     0.72
303     0.76
304     0.74
305     0.72
306     0.76
307     0.74
308     0.74
309     0.76
310     0.74
311     0.76
312     0.78
313     0.78
314     0.8
315     0.8
316     0.8
317     0.82
318     0.82
319     0.82
320     0.82
321     0.82
322     0.8
323     0.82
324     0.8
325     0.8
326     0.78
327     0.78
328     0.82
329     0.82
330     0.82
331     0.8
332     0.8
333     0.8
334     0.84
335     0.84
336     0.82
337     0.8
338     0.84
339     0.78
340     0.84
341     0.84
342     0.84
343     0.86
344     0.82
345     0.86
346     0.86
347     0.86
348     0.86
349     0.86
350     0.84
351     0.86
352     0.86
353     0.86
354     0.84
355     0.86
356     0.84
357     0.86
358     0.86
359     0.84
360     0.84
361     0.86
362     0.84
363     0.86
364     0.86
365     0.84
366     0.86
367     0.82
368     0.86
369     0.86
370     0.86
371     0.86
372     0.84
373     0.84
374     0.84
375     0.86
376     0.84
377     0.8
378     0.82
379     0.8
380     0.82
381     0.8
382     0.8
383     0.82
384     0.78
385     0.8
386     0.8
387     0.84
388     0.82
389     0.86
390     0.86
391     0.88
392     0.86
393     0.86
394     0.88
395     0.88
396     0.88
397     0.88
398     0.86
399     0.84
400     0.84
401     0.86
402     0.88
403     0.84
404     0.86
405     0.84
406     0.82
407     0.86
408     0.86
409     0.84
410     0.8
411     0.8
412     0.82
413     0.82
414     0.84
415     0.84
416     0.84
417     0.84
418     0.82
419     0.8
420     0.8
421     0.8
422     0.8
423     0.82
424     0.8
425     0.78
426     0.8
427     0.8
428     0.82
429     0.78
430     0.78
431     0.72
432     0.68
433     0.72
434     0.74
435     0.74
436     0.74
437     0.76
438     0.74
439     0.76
440     0.72
441     0.76
442     0.74
443     0.74
444     0.76
445     0.74
446     0.74
447     0.76
448     0.76
449     0.74
450     0.74
451     0.76
452     0.74
453     0.72
454     0.76
455     0.74
456     0.76
457     0.74
458     0.76
459     0.74
460     0.74
461     0.72
462     0.74
463     0.72
464     0.72
465     0.74
466     0.74
467     0.72
468     0.74
469     0.74
470     0.76
471     0.76
472     0.74
473     0.76
474     0.76
475     0.76
476     0.74
477     0.74
478     0.7
479     0.78
480     0.78
481     0.78
482     0.74
483     0.74
484     0.74
485     0.72
486     0.74
487     0.74
488     0.72
489     0.7
490     0.7
491     0.72
492     0.72
493     0.74
494     0.72
495     0.68
496     0.7
497     0.72
498     0.72
499     0.7
500     0.74
501     0.74
502     0.74
503     0.74
504     0.74
505     0.76
506     0.76
507     0.78
508     0.76
509     0.8
510     0.8
511     0.78
512     0.78
513     0.78
514     0.78
515     0.76
516     0.76
517     0.78
518     0.78
519     0.76
520     0.76
521     0.76
522     0.74
523     0.76
524     0.76
525     0.74
526     0.76
527     0.74
528     0.76
529     0.8
530     0.76
531     0.76
532     0.8
533     0.8
534     0.82
535     0.82
536     0.8
537     0.82
538     0.82
539     0.82
540     0.82
541     0.78
542     0.78
543     0.76
544     0.74
545     0.76
546     0.72
547     0.74
548     0.74
549     0.78
550     0.76
551     0.78
552     0.78
553     0.76
554     0.74
555     0.76
556     0.74
557     0.72
558     0.7
559     0.7
560     0.72
561     0.74
562     0.72
563     0.74
564     0.74
565     0.72
566     0.76
567     0.74
568     0.72
569     0.72
570     0.74
571     0.76
572     0.78
573     0.78
574     0.76
575     0.78
576     0.74
577     0.76
578     0.76
579     0.76
580     0.76
581     0.72
582     0.76
583     0.74
584     0.76
585     0.72
586     0.68
587     0.7
588     0.7
589     0.66
590     0.7
591     0.74
592     0.74
593     0.7
594     0.72
595     0.7
596     0.72
597     0.7
598     0.7
599     0.74
600     0.76
601     0.74
602     0.76
603     0.76
604     0.74
605     0.78
606     0.78
607     0.78
608     0.74
609     0.78
610     0.8
611     0.76
612     0.76
613     0.76
614     0.76
615     0.76
616     0.78
617     0.78
618     0.78
619     0.78
620     0.8
621     0.8
622     0.76
623     0.78
624     0.78
625     0.78
626     0.78
627     0.78
628     0.8
629     0.8
630     0.8
631     0.78
632     0.8
633     0.82
634     0.82
635     0.82
636     0.82
637     0.84
638     0.82
639     0.84
640     0.8
641     0.78
642     0.8
643     0.8
644     0.78
645     0.8
646     0.76
647     0.78
648     0.78
649     0.82
650     0.82
651     0.76
652     0.78
653     0.78
654     0.8
655     0.8
656     0.8
657     0.8
658     0.8
659     0.68
660     0.74
661     0.74
662     0.7
663     0.72
664     0.74
665     0.78
666     0.78
667     0.8
668     0.8
669     0.78
670     0.76
671     0.76
672     0.74
673     0.76
674     0.78
675     0.78
676     0.78
677     0.78
678     0.78
679     0.78
680     0.76
681     0.8
682     0.78
683     0.78
684     0.78
685     0.78
686     0.76
687     0.78
688     0.78
689     0.8
690     0.76
691     0.82
692     0.82
693     0.82
694     0.82
695     0.82
696     0.84
697     0.8
698     0.82
699     0.82
700     0.82
701     0.84
702     0.86
703     0.82
704     0.84
705     0.84
706     0.8
707     0.82
708     0.82
709     0.8
710     0.8
711     0.8
712     0.82
713     0.84
714     0.84
715     0.82
716     0.84
717     0.84
718     0.84
719     0.84
720     0.8
721     0.84
722     0.84
723     0.84
724     0.8
725     0.82
726     0.84
727     0.86
728     0.88
729     0.88
730     0.84
731     0.82
732     0.84
733     0.86
734     0.86
735     0.82
736     0.84
737     0.86
738     0.86
739     0.86
740     0.86
741     0.86
742     0.86
743     0.82
744     0.84
745     0.82
746     0.8
747     0.84
748     0.84
749     0.84
750     0.82
751     0.84
752     0.84
753     0.8
754     0.82
755     0.8
756     0.82
757     0.82
758     0.8
759     0.82
760     0.86
761     0.82
762     0.8
763     0.82
764     0.84
765     0.86
766     0.86
767     0.84
768     0.8
769     0.8
770     0.82
771     0.78
772     0.82
773     0.8
774     0.8
775     0.84
776     0.82
777     0.8
778     0.8
779     0.82
780     0.82
781     0.8
782     0.82
783     0.84
784     0.8
785     0.78
786     0.8
787     0.8
788     0.78
789     0.8
790     0.8
791     0.8
792     0.8
793     0.78
794     0.8
795     0.82
796     0.82
797     0.82
798     0.82
799     0.78
800     0.8
801     0.8
802     0.8
803     0.78
804     0.82
805     0.82
806     0.8
807     0.82
808     0.8
809     0.82
810     0.82
811     0.8
812     0.8
813     0.8
814     0.8
815     0.78
816     0.76
817     0.76
818     0.76
819     0.76
820     0.76
821     0.76
822     0.72
823     0.7
824     0.7
825     0.72
826     0.72
827     0.74
828     0.74
829     0.74
830     0.74
831     0.76
832     0.76
833     0.76
834     0.76
835     0.74
836     0.76
837     0.74
838     0.74
839     0.76
840     0.78
841     0.76
842     0.76
843     0.74
844     0.7
845     0.7
846     0.72
847     0.72
848     0.7
849     0.72
850     0.68
851     0.7
852     0.68
853     0.68
854     0.68
855     0.66
856     0.66
857     0.66
858     0.66
859     0.66
860     0.64
861     0.66
862     0.64
863     0.66
864     0.66
865     0.66
866     0.64
867     0.66
868     0.62
869     0.66
870     0.66
871     0.66
872     0.68
873     0.68
874     0.68
875     0.7
876     0.68
877     0.72
878     0.68
879     0.7
880     0.72
881     0.68
882     0.68
883     0.68
884     0.7
885     0.68
886     0.7
887     0.72
888     0.72
889     0.7
890     0.7
891     0.7
892     0.7
893     0.74
894     0.76
895     0.76
896     0.72
897     0.76
898     0.78
899     0.74
900     0.72
901     0.76
902     0.76
903     0.74
904     0.74
905     0.72
906     0.7
907     0.7
908     0.7
909     0.7
910     0.68
911     0.68
912     0.66
913     0.7
914     0.68
915     0.72
916     0.72
917     0.7
918     0.7
919     0.66
920     0.7
921     0.72
922     0.7
923     0.72
924     0.76
925     0.76
926     0.76
927     0.76
928     0.72
929     0.76
930     0.76
931     0.74
932     0.8
933     0.78
934     0.8
935     0.78
936     0.78
937     0.76
938     0.76
939     0.76
940     0.72
941     0.74
942     0.72
943     0.72
944     0.76
945     0.76
946     0.74
947     0.76
948     0.78
949     0.76
950     0.78
951     0.78
952     0.78
953     0.76
954     0.76
955     0.74
956     0.7
957     0.72
958     0.74
959     0.74
960     0.74
961     0.74
962     0.72
963     0.76
964     0.76
965     0.78
966     0.76
967     0.76
968     0.8
969     0.78
970     0.76
971     0.8
972     0.78
973     0.8
974     0.78
975     0.78
976     0.78
977     0.78
978     0.8
979     0.8
980     0.8
981     0.8
982     0.8
983     0.8
984     0.82
985     0.82
986     0.8
987     0.78
988     0.78
989     0.8
990     0.82
991     0.82
992     0.76
993     0.82
994     0.8
995     0.82
996     0.82
997     0.86
998     0.86
999     0.84
