0     0.5
1     0.48
2     0.48
3     0.48
4     0.5
5     0.5
6     0.5
7     0.5
8     0.48
9     0.5
10     0.52
11     0.54
12     0.5
13     0.46
14     0.5
15     0.52
16     0.52
17     0.52
18     0.52
19     0.5
20     0.5
21     0.48
22     0.54
23     0.52
24     0.52
25     0.52
26     0.52
27     0.52
28     0.5
29     0.5
30     0.52
31     0.48
32     0.5
33     0.48
34     0.5
35     0.52
36     0.48
37     0.5
38     0.52
39     0.52
40     0.54
41     0.5
42     0.52
43     0.52
44     0.54
45     0.56
46     0.52
47     0.52
48     0.54
49     0.54
50     0.54
51     0.54
52     0.54
53     0.56
54     0.58
55     0.6
56     0.6
57     0.58
58     0.58
59     0.56
60     0.58
61     0.58
62     0.58
63     0.58
64     0.56
65     0.58
66     0.58
67     0.58
68     0.6
69     0.6
70     0.58
71     0.58
72     0.58
73     0.58
74     0.56
75     0.58
76     0.6
77     0.6
78     0.6
79     0.62
80     0.62
81     0.66
82     0.64
83     0.64
84     0.64
85     0.64
86     0.6
87     0.58
88     0.58
89     0.58
90     0.54
91     0.56
92     0.58
93     0.56
94     0.56
95     0.56
96     0.56
97     0.54
98     0.58
99     0.56
100     0.58
101     0.58
102     0.58
103     0.56
104     0.56
105     0.56
106     0.56
107     0.54
108     0.52
109     0.58
110     0.56
111     0.56
112     0.56
113     0.58
114     0.56
115     0.56
116     0.56
117     0.56
118     0.56
119     0.54
120     0.56
121     0.58
122     0.58
123     0.56
124     0.56
125     0.58
126     0.58
127     0.56
128     0.56
129     0.6
130     0.58
131     0.56
132     0.56
133     0.58
134     0.58
135     0.6
136     0.6
137     0.58
138     0.6
139     0.6
140     0.62
141     0.66
142     0.64
143     0.7
144     0.7
145     0.66
146     0.7
147     0.7
148     0.7
149     0.7
150     0.7
151     0.72
152     0.7
153     0.74
154     0.74
155     0.74
156     0.74
157     0.7
158     0.7
159     0.7
160     0.68
161     0.7
162     0.68
163     0.68
164     0.72
165     0.7
166     0.68
167     0.74
168     0.72
169     0.72
170     0.7
171     0.72
172     0.72
173     0.7
174     0.68
175     0.68
176     0.7
177     0.7
178     0.68
179     0.72
180     0.74
181     0.76
182     0.76
183     0.76
184     0.76
185     0.76
186     0.76
187     0.72
188     0.7
189     0.72
190     0.72
191     0.72
192     0.72
193     0.7
194     0.68
195     0.7
196     0.7
197     0.7
198     0.7
199     0.74
200     0.7
201     0.72
202     0.72
203     0.72
204     0.72
205     0.72
206     0.68
207     0.7
208     0.7
209     0.68
210     0.7
211     0.7
212     0.7
213     0.7
214     0.7
215     0.7
216     0.7
217     0.7
218     0.7
219     0.72
220     0.7
221     0.74
222     0.74
223     0.74
224     0.74
225     0.76
226     0.76
227     0.76
228     0.72
229     0.74
230     0.68
231     0.7
232     0.68
233     0.68
234     0.7
235     0.7
236     0.7
237     0.68
238     0.74
239     0.76
240     0.76
241     0.8
242     0.8
243     0.8
244     0.8
245     0.78
246     0.78
247     0.78
248     0.76
249     0.76
250     0.78
251     0.78
252     0.78
253     0.78
254     0.78
255     0.8
256     0.76
257     0.82
258     0.8
259     0.8
260     0.76
261     0.76
262     0.72
263     0.76
264     0.74
265     0.74
266     0.78
267     0.78
268     0.78
269     0.76
270     0.76
271     0.76
272     0.74
273     0.76
274     0.76
275     0.74
276     0.74
277     0.74
278     0.74
279     0.76
280     0.76
281     0.76
282     0.78
283     0.76
284     0.76
285     0.78
286     0.78
287     0.76
288     0.78
289     0.78
290     0.78
291     0.76
292     0.78
293     0.78
294     0.76
295     0.78
296     0.8
297     0.82
298     0.82
299     0.8
300     0.82
301     0.82
302     0.82
303     0.8
304     0.78
305     0.8
306     0.76
307     0.76
308     0.76
309     0.74
310     0.76
311     0.74
312     0.74
313     0.72
314     0.74
315     0.76
316     0.76
317     0.74
318     0.74
319     0.72
320     0.7
321     0.68
322     0.7
323     0.7
324     0.7
325     0.66
326     0.66
327     0.66
328     0.64
329     0.66
330     0.68
331     0.66
332     0.68
333     0.68
334     0.66
335     0.68
336     0.66
337     0.68
338     0.66
339     0.66
340     0.64
341     0.66
342     0.64
343     0.62
344     0.64
345     0.64
346     0.64
347     0.62
348     0.64
349     0.6
350     0.62
351     0.62
352     0.62
353     0.62
354     0.6
355     0.6
356     0.6
357     0.64
358     0.64
359     0.66
360     0.68
361     0.68
362     0.66
363     0.68
364     0.68
365     0.66
366     0.68
367     0.68
368     0.68
369     0.68
370     0.7
371     0.72
372     0.64
373     0.72
374     0.72
375     0.72
376     0.72
377     0.72
378     0.72
379     0.68
380     0.7
381     0.72
382     0.68
383     0.72
384     0.72
385     0.74
386     0.74
387     0.72
388     0.72
389     0.74
390     0.7
391     0.74
392     0.74
393     0.74
394     0.76
395     0.76
396     0.72
397     0.74
398     0.76
399     0.76
400     0.76
401     0.78
402     0.76
403     0.78
404     0.78
405     0.78
406     0.78
407     0.78
408     0.78
409     0.78
410     0.74
411     0.74
412     0.76
413     0.76
414     0.74
415     0.76
416     0.76
417     0.74
418     0.74
419     0.76
420     0.78
421     0.76
422     0.8
423     0.78
424     0.76
425     0.76
426     0.76
427     0.76
428     0.74
429     0.76
430     0.78
431     0.78
432     0.76
433     0.76
434     0.76
435     0.74
436     0.72
437     0.72
438     0.72
439     0.72
440     0.74
441     0.72
442     0.72
443     0.74
444     0.72
445     0.72
446     0.76
447     0.78
448     0.74
449     0.76
450     0.76
451     0.74
452     0.76
453     0.74
454     0.78
455     0.78
456     0.8
457     0.8
458     0.78
459     0.8
460     0.78
461     0.74
462     0.76
463     0.74
464     0.78
465     0.78
466     0.76
467     0.78
468     0.78
469     0.8
470     0.78
471     0.8
472     0.8
473     0.78
474     0.74
475     0.78
476     0.78
477     0.78
478     0.8
479     0.8
480     0.82
481     0.8
482     0.8
483     0.8
484     0.82
485     0.8
486     0.76
487     0.78
488     0.78
489     0.76
490     0.78
491     0.78
492     0.74
493     0.78
494     0.78
495     0.8
496     0.8
497     0.8
498     0.8
499     0.78
500     0.76
501     0.78
502     0.78
503     0.78
504     0.76
505     0.78
506     0.76
507     0.76
508     0.76
509     0.76
510     0.74
511     0.74
512     0.74
513     0.74
514     0.74
515     0.76
516     0.76
517     0.76
518     0.72
519     0.74
520     0.76
521     0.76
522     0.74
523     0.76
524     0.76
525     0.76
526     0.76
527     0.7
528     0.7
529     0.74
530     0.76
531     0.78
532     0.76
533     0.74
534     0.78
535     0.78
536     0.78
537     0.76
538     0.78
539     0.76
540     0.78
541     0.78
542     0.78
543     0.74
544     0.76
545     0.74
546     0.74
547     0.72
548     0.7
549     0.7
550     0.72
551     0.74
552     0.74
553     0.74
554     0.72
555     0.72
556     0.72
557     0.72
558     0.74
559     0.74
560     0.74
561     0.74
562     0.74
563     0.74
564     0.74
565     0.74
566     0.72
567     0.72
568     0.72
569     0.76
570     0.78
571     0.74
572     0.74
573     0.76
574     0.78
575     0.78
576     0.8
577     0.8
578     0.78
579     0.8
580     0.8
581     0.8
582     0.8
583     0.8
584     0.8
585     0.8
586     0.78
587     0.82
588     0.8
589     0.8
590     0.8
591     0.78
592     0.8
593     0.78
594     0.76
595     0.74
596     0.76
597     0.76
598     0.74
599     0.76
600     0.78
601     0.8
602     0.8
603     0.8
604     0.78
605     0.78
606     0.8
607     0.8
608     0.8
609     0.8
610     0.8
611     0.84
612     0.84
613     0.84
614     0.86
615     0.82
616     0.8
617     0.78
618     0.82
619     0.82
620     0.82
621     0.82
622     0.84
623     0.8
624     0.84
625     0.82
626     0.78
627     0.76
628     0.82
629     0.82
630     0.84
631     0.82
632     0.8
633     0.8
634     0.8
635     0.78
636     0.76
637     0.76
638     0.74
639     0.76
640     0.76
641     0.74
642     0.76
643     0.76
644     0.76
645     0.74
646     0.76
647     0.74
648     0.74
649     0.72
650     0.74
651     0.74
652     0.74
653     0.72
654     0.72
655     0.74
656     0.7
657     0.7
658     0.68
659     0.66
660     0.68
661     0.7
662     0.68
663     0.66
664     0.66
665     0.68
666     0.68
667     0.66
668     0.66
669     0.66
670     0.68
671     0.72
672     0.72
673     0.74
674     0.72
675     0.7
676     0.74
677     0.74
678     0.76
679     0.76
680     0.78
681     0.8
682     0.82
683     0.82
684     0.8
685     0.8
686     0.8
687     0.82
688     0.82
689     0.78
690     0.8
691     0.8
692     0.8
693     0.8
694     0.8
695     0.8
696     0.78
697     0.76
698     0.76
699     0.78
700     0.82
701     0.82
702     0.78
703     0.82
704     0.82
705     0.78
706     0.8
707     0.78
708     0.76
709     0.78
710     0.78
711     0.76
712     0.78
713     0.78
714     0.76
715     0.78
716     0.76
717     0.78
718     0.78
719     0.78
720     0.78
721     0.8
722     0.74
723     0.78
724     0.78
725     0.78
726     0.78
727     0.76
728     0.76
729     0.8
730     0.8
731     0.8
732     0.78
733     0.76
734     0.78
735     0.8
736     0.8
737     0.78
738     0.8
739     0.78
740     0.8
741     0.8
742     0.8
743     0.82
744     0.82
745     0.82
746     0.82
747     0.8
748     0.78
749     0.82
750     0.82
751     0.8
752     0.82
753     0.8
754     0.8
755     0.8
756     0.78
757     0.8
758     0.78
759     0.78
760     0.76
761     0.8
762     0.78
763     0.8
764     0.8
765     0.78
766     0.8
767     0.8
768     0.78
769     0.78
770     0.78
771     0.76
772     0.76
773     0.76
774     0.72
775     0.74
776     0.74
777     0.74
778     0.78
779     0.8
780     0.8
781     0.8
782     0.82
783     0.8
784     0.78
785     0.78
786     0.78
787     0.8
788     0.82
789     0.82
790     0.84
791     0.8
792     0.84
793     0.84
794     0.84
795     0.84
796     0.82
797     0.82
798     0.8
799     0.74
800     0.76
801     0.74
802     0.7
803     0.72
804     0.7
805     0.72
806     0.72
807     0.74
808     0.74
809     0.74
810     0.76
811     0.74
812     0.78
813     0.74
814     0.78
815     0.78
816     0.78
817     0.78
818     0.78
819     0.76
820     0.76
821     0.74
822     0.74
823     0.78
824     0.78
825     0.74
826     0.76
827     0.7
828     0.7
829     0.74
830     0.76
831     0.78
832     0.8
833     0.8
834     0.78
835     0.76
836     0.76
837     0.78
838     0.78
839     0.76
840     0.8
841     0.8
842     0.8
843     0.8
844     0.82
845     0.82
846     0.84
847     0.82
848     0.8
849     0.82
850     0.82
851     0.82
852     0.8
853     0.8
854     0.8
855     0.8
856     0.8
857     0.8
858     0.82
859     0.82
860     0.82
861     0.82
862     0.82
863     0.82
864     0.8
865     0.76
866     0.78
867     0.78
868     0.78
869     0.8
870     0.8
871     0.8
872     0.8
873     0.8
874     0.8
875     0.74
876     0.74
877     0.76
878     0.78
879     0.78
880     0.7
881     0.74
882     0.74
883     0.74
884     0.74
885     0.72
886     0.72
887     0.72
888     0.7
889     0.68
890     0.66
891     0.68
892     0.68
893     0.7
894     0.7
895     0.7
896     0.68
897     0.68
898     0.68
899     0.68
900     0.72
901     0.68
902     0.72
903     0.72
904     0.74
905     0.76
906     0.76
907     0.78
908     0.78
909     0.78
910     0.78
911     0.78
912     0.76
913     0.8
914     0.8
915     0.82
916     0.8
917     0.8
918     0.8
919     0.78
920     0.8
921     0.8
922     0.76
923     0.74
924     0.76
925     0.78
926     0.78
927     0.8
928     0.78
929     0.8
930     0.8
931     0.8
932     0.76
933     0.76
934     0.74
935     0.76
936     0.76
937     0.74
938     0.74
939     0.74
940     0.74
941     0.74
942     0.74
943     0.76
944     0.74
945     0.74
946     0.74
947     0.74
948     0.76
949     0.74
950     0.76
951     0.76
952     0.74
953     0.74
954     0.7
955     0.7
956     0.7
957     0.72
958     0.74
959     0.74
960     0.74
961     0.74
962     0.72
963     0.74
964     0.74
965     0.74
966     0.74
967     0.74
968     0.72
969     0.74
970     0.76
971     0.76
972     0.76
973     0.76
974     0.76
975     0.76
976     0.72
977     0.72
978     0.74
979     0.74
980     0.72
981     0.74
982     0.74
983     0.76
984     0.76
985     0.74
986     0.74
987     0.76
988     0.76
989     0.74
990     0.76
991     0.78
992     0.78
993     0.8
994     0.8
995     0.8
996     0.78
997     0.78
998     0.8
999     0.78
