0     0.54
1     0.54
2     0.5
3     0.52
4     0.48
5     0.5
6     0.5
7     0.5
8     0.52
9     0.56
10     0.6
11     0.6
12     0.58
13     0.62
14     0.62
15     0.62
16     0.62
17     0.6
18     0.6
19     0.62
20     0.62
21     0.62
22     0.6
23     0.64
24     0.64
25     0.64
26     0.64
27     0.64
28     0.64
29     0.64
30     0.66
31     0.66
32     0.68
33     0.7
34     0.7
35     0.7
36     0.72
37     0.72
38     0.7
39     0.68
40     0.72
41     0.74
42     0.74
43     0.76
44     0.74
45     0.74
46     0.74
47     0.7
48     0.74
49     0.76
50     0.76
51     0.76
52     0.76
53     0.74
54     0.76
55     0.74
56     0.74
57     0.72
58     0.74
59     0.74
60     0.74
61     0.74
62     0.7
63     0.72
64     0.72
65     0.68
66     0.68
67     0.68
68     0.66
69     0.66
70     0.66
71     0.66
72     0.64
73     0.66
74     0.66
75     0.62
76     0.64
77     0.64
78     0.64
79     0.66
80     0.66
81     0.62
82     0.66
83     0.68
84     0.66
85     0.64
86     0.68
87     0.68
88     0.68
89     0.68
90     0.66
91     0.66
92     0.64
93     0.64
94     0.62
95     0.64
96     0.66
97     0.62
98     0.6
99     0.62
100     0.62
101     0.62
102     0.62
103     0.62
104     0.6
105     0.6
106     0.58
107     0.6
108     0.58
109     0.6
110     0.6
111     0.62
112     0.62
113     0.62
114     0.6
115     0.6
116     0.6
117     0.62
118     0.62
119     0.64
120     0.64
121     0.68
122     0.68
123     0.68
124     0.66
125     0.64
126     0.64
127     0.64
128     0.64
129     0.64
130     0.64
131     0.64
132     0.64
133     0.62
134     0.6
135     0.62
136     0.62
137     0.62
138     0.62
139     0.64
140     0.64
141     0.64
142     0.64
143     0.64
144     0.64
145     0.66
146     0.68
147     0.66
148     0.66
149     0.68
150     0.68
151     0.72
152     0.7
153     0.72
154     0.72
155     0.68
156     0.74
157     0.72
158     0.74
159     0.74
160     0.74
161     0.76
162     0.76
163     0.76
164     0.78
165     0.78
166     0.78
167     0.78
168     0.78
169     0.76
170     0.78
171     0.78
172     0.78
173     0.78
174     0.78
175     0.78
176     0.78
177     0.78
178     0.78
179     0.76
180     0.76
181     0.74
182     0.74
183     0.74
184     0.74
185     0.74
186     0.74
187     0.74
188     0.74
189     0.74
190     0.74
191     0.74
192     0.74
193     0.74
194     0.76
195     0.74
196     0.74
197     0.74
198     0.72
199     0.7
200     0.72
201     0.72
202     0.74
203     0.74
204     0.7
205     0.72
206     0.72
207     0.72
208     0.74
209     0.74
210     0.74
211     0.74
212     0.72
213     0.74
214     0.74
215     0.72
216     0.7
217     0.72
218     0.74
219     0.74
220     0.74
221     0.76
222     0.76
223     0.76
224     0.76
225     0.76
226     0.76
227     0.76
228     0.78
229     0.78
230     0.78
231     0.78
232     0.76
233     0.76
234     0.76
235     0.76
236     0.76
237     0.76
238     0.74
239     0.78
240     0.78
241     0.8
242     0.76
243     0.78
244     0.78
245     0.78
246     0.78
247     0.78
248     0.78
249     0.8
250     0.8
251     0.82
252     0.76
253     0.76
254     0.8
255     0.8
256     0.78
257     0.8
258     0.78
259     0.8
260     0.78
261     0.76
262     0.8
263     0.8
264     0.8
265     0.8
266     0.8
267     0.8
268     0.8
269     0.8
270     0.8
271     0.8
272     0.8
273     0.82
274     0.8
275     0.8
276     0.78
277     0.8
278     0.8
279     0.8
280     0.82
281     0.82
282     0.82
283     0.8
284     0.82
285     0.8
286     0.82
287     0.82
288     0.82
289     0.82
290     0.82
291     0.82
292     0.8
293     0.82
294     0.82
295     0.84
296     0.84
297     0.82
298     0.84
299     0.82
300     0.82
301     0.84
302     0.84
303     0.82
304     0.82
305     0.82
306     0.78
307     0.8
308     0.78
309     0.8
310     0.8
311     0.8
312     0.8
313     0.8
314     0.8
315     0.82
316     0.82
317     0.8
318     0.8
319     0.78
320     0.8
321     0.8
322     0.8
323     0.8
324     0.8
325     0.8
326     0.78
327     0.76
328     0.76
329     0.76
330     0.76
331     0.76
332     0.76
333     0.74
334     0.74
335     0.74
336     0.72
337     0.72
338     0.72
339     0.72
340     0.7
341     0.7
342     0.7
343     0.7
344     0.68
345     0.7
346     0.68
347     0.68
348     0.7
349     0.7
350     0.72
351     0.72
352     0.7
353     0.7
354     0.7
355     0.68
356     0.68
357     0.68
358     0.68
359     0.68
360     0.68
361     0.7
362     0.7
363     0.64
364     0.66
365     0.66
366     0.66
367     0.66
368     0.66
369     0.66
370     0.68
371     0.66
372     0.68
373     0.68
374     0.7
375     0.7
376     0.7
377     0.7
378     0.7
379     0.7
380     0.7
381     0.7
382     0.7
383     0.72
384     0.72
385     0.72
386     0.7
387     0.68
388     0.72
389     0.7
390     0.66
391     0.64
392     0.64
393     0.64
394     0.64
395     0.64
396     0.64
397     0.64
398     0.64
399     0.64
400     0.64
401     0.64
402     0.64
403     0.64
404     0.64
405     0.66
406     0.66
407     0.66
408     0.66
409     0.66
410     0.66
411     0.66
412     0.68
413     0.66
414     0.64
415     0.68
416     0.68
417     0.68
418     0.66
419     0.68
420     0.68
421     0.66
422     0.68
423     0.68
424     0.66
425     0.68
426     0.68
427     0.68
428     0.68
429     0.66
430     0.68
431     0.68
432     0.68
433     0.7
434     0.7
435     0.7
436     0.7
437     0.7
438     0.7
439     0.7
440     0.7
441     0.7
442     0.7
443     0.7
444     0.68
445     0.68
446     0.68
447     0.68
448     0.68
449     0.68
450     0.68
451     0.68
452     0.64
453     0.64
454     0.64
455     0.64
456     0.64
457     0.64
458     0.62
459     0.64
460     0.64
461     0.64
462     0.66
463     0.68
464     0.68
465     0.68
466     0.7
467     0.7
468     0.7
469     0.7
470     0.7
471     0.7
472     0.7
473     0.7
474     0.68
475     0.66
476     0.66
477     0.68
478     0.7
479     0.7
480     0.72
481     0.72
482     0.74
483     0.76
484     0.76
485     0.76
486     0.76
487     0.76
488     0.74
489     0.72
490     0.72
491     0.76
492     0.76
493     0.74
494     0.74
495     0.76
496     0.76
497     0.76
498     0.76
499     0.74
500     0.76
501     0.76
502     0.74
503     0.78
504     0.76
505     0.78
506     0.78
507     0.78
508     0.74
509     0.8
510     0.8
511     0.78
512     0.78
513     0.8
514     0.8
515     0.8
516     0.8
517     0.8
518     0.78
519     0.8
520     0.8
521     0.78
522     0.8
523     0.82
524     0.82
525     0.82
526     0.82
527     0.82
528     0.8
529     0.8
530     0.78
531     0.78
532     0.78
533     0.76
534     0.78
535     0.76
536     0.78
537     0.76
538     0.76
539     0.76
540     0.76
541     0.76
542     0.76
543     0.76
544     0.76
545     0.76
546     0.78
547     0.78
548     0.76
549     0.78
550     0.78
551     0.78
552     0.78
553     0.78
554     0.78
555     0.78
556     0.78
557     0.78
558     0.78
559     0.78
560     0.78
561     0.78
562     0.78
563     0.78
564     0.78
565     0.78
566     0.76
567     0.76
568     0.74
569     0.76
570     0.74
571     0.76
572     0.7
573     0.66
574     0.7
575     0.7
576     0.68
577     0.68
578     0.7
579     0.7
580     0.7
581     0.68
582     0.68
583     0.66
584     0.64
585     0.66
586     0.64
587     0.66
588     0.66
589     0.66
590     0.66
591     0.62
592     0.64
593     0.62
594     0.64
595     0.66
596     0.64
597     0.64
598     0.64
599     0.66
600     0.66
601     0.66
602     0.66
603     0.68
604     0.68
605     0.66
606     0.68
607     0.68
608     0.68
609     0.68
610     0.68
611     0.68
612     0.68
613     0.68
614     0.68
615     0.7
616     0.7
617     0.7
618     0.7
619     0.7
620     0.7
621     0.7
622     0.72
623     0.72
624     0.7
625     0.72
626     0.72
627     0.72
628     0.72
629     0.72
630     0.72
631     0.72
632     0.7
633     0.68
634     0.7
635     0.7
636     0.68
637     0.7
638     0.7
639     0.68
640     0.68
641     0.68
642     0.68
643     0.64
644     0.64
645     0.64
646     0.64
647     0.64
648     0.66
649     0.64
650     0.66
651     0.66
652     0.66
653     0.66
654     0.66
655     0.66
656     0.66
657     0.68
658     0.68
659     0.68
660     0.68
661     0.68
662     0.68
663     0.68
664     0.66
665     0.66
666     0.64
667     0.62
668     0.62
669     0.64
670     0.66
671     0.66
672     0.66
673     0.64
674     0.62
675     0.62
676     0.6
677     0.62
678     0.62
679     0.62
680     0.6
681     0.6
682     0.64
683     0.64
684     0.64
685     0.62
686     0.64
687     0.62
688     0.64
689     0.64
690     0.62
691     0.6
692     0.6
693     0.6
694     0.6
695     0.6
696     0.6
697     0.6
698     0.62
699     0.62
700     0.62
701     0.62
702     0.6
703     0.6
704     0.64
705     0.62
706     0.62
707     0.62
708     0.64
709     0.64
710     0.64
711     0.64
712     0.64
713     0.66
714     0.66
715     0.66
716     0.64
717     0.66
718     0.68
719     0.66
720     0.66
721     0.64
722     0.68
723     0.68
724     0.68
725     0.66
726     0.68
727     0.68
728     0.68
729     0.68
730     0.68
731     0.68
732     0.68
733     0.68
734     0.68
735     0.68
736     0.66
737     0.68
738     0.64
739     0.64
740     0.64
741     0.64
742     0.64
743     0.62
744     0.62
745     0.6
746     0.62
747     0.62
748     0.64
749     0.64
750     0.64
751     0.62
752     0.64
753     0.64
754     0.64
755     0.66
756     0.66
757     0.66
758     0.68
759     0.68
760     0.68
761     0.66
762     0.68
763     0.66
764     0.7
765     0.7
766     0.68
767     0.72
768     0.72
769     0.72
770     0.7
771     0.7
772     0.74
773     0.74
774     0.76
775     0.76
776     0.76
777     0.72
778     0.78
779     0.78
780     0.76
781     0.78
782     0.78
783     0.76
784     0.74
785     0.76
786     0.76
787     0.76
788     0.74
789     0.78
790     0.78
791     0.74
792     0.78
793     0.78
794     0.78
795     0.78
796     0.78
797     0.78
798     0.78
799     0.78
800     0.74
801     0.78
802     0.76
803     0.76
804     0.78
805     0.78
806     0.76
807     0.74
808     0.74
809     0.76
810     0.76
811     0.78
812     0.78
813     0.78
814     0.78
815     0.78
816     0.8
817     0.8
818     0.8
819     0.78
820     0.78
821     0.76
822     0.78
823     0.78
824     0.76
825     0.78
826     0.78
827     0.76
828     0.76
829     0.78
830     0.76
831     0.76
832     0.76
833     0.76
834     0.76
835     0.76
836     0.76
837     0.76
838     0.74
839     0.78
840     0.74
841     0.76
842     0.76
843     0.76
844     0.74
845     0.74
846     0.78
847     0.78
848     0.8
849     0.8
850     0.8
851     0.8
852     0.78
853     0.8
854     0.78
855     0.8
856     0.8
857     0.82
858     0.82
859     0.82
860     0.82
861     0.82
862     0.82
863     0.8
864     0.8
865     0.8
866     0.8
867     0.78
868     0.8
869     0.8
870     0.8
871     0.8
872     0.8
873     0.8
874     0.8
875     0.8
876     0.8
877     0.8
878     0.8
879     0.8
880     0.8
881     0.8
882     0.8
883     0.8
884     0.76
885     0.78
886     0.78
887     0.8
888     0.8
889     0.8
890     0.78
891     0.78
892     0.78
893     0.76
894     0.78
895     0.78
896     0.78
897     0.78
898     0.78
899     0.74
900     0.78
901     0.76
902     0.78
903     0.76
904     0.78
905     0.78
906     0.78
907     0.78
908     0.76
909     0.78
910     0.8
911     0.78
912     0.78
913     0.78
914     0.76
915     0.76
916     0.76
917     0.76
918     0.76
919     0.76
920     0.76
921     0.76
922     0.76
923     0.76
924     0.76
925     0.76
926     0.76
927     0.76
928     0.76
929     0.74
930     0.74
931     0.72
932     0.72
933     0.74
934     0.74
935     0.74
936     0.72
937     0.72
938     0.74
939     0.74
940     0.76
941     0.76
942     0.76
943     0.74
944     0.76
945     0.76
946     0.74
947     0.76
948     0.78
949     0.78
950     0.78
951     0.76
952     0.76
953     0.78
954     0.78
955     0.78
956     0.76
957     0.78
958     0.76
959     0.78
960     0.8
961     0.8
962     0.8
963     0.8
964     0.78
965     0.78
966     0.78
967     0.78
968     0.8
969     0.78
970     0.8
971     0.8
972     0.8
973     0.8
974     0.82
975     0.8
976     0.8
977     0.8
978     0.8
979     0.8
980     0.8
981     0.8
982     0.78
983     0.72
984     0.78
985     0.78
986     0.76
987     0.78
988     0.78
989     0.78
990     0.78
991     0.78
992     0.78
993     0.78
994     0.78
995     0.78
996     0.76
997     0.78
998     0.76
999     0.78
