0     0.225296
0.1     0.217277
0.2     0.214729
0.3     0.211861
0.4     0.21164
0.5     0.219581
0.6     0.213656
0.7     0.198884
0.8     0.209004
0.9     0.225259
1     0.224577
1.1     0.227762
1.2     0.234172
1.3     0.243024
1.4     0.220104
1.5     0.199988
1.6     0.198307
1.7     0.222099
1.8     0.23128
1.9     0.235074
2     0.236767
2.1     0.244741
2.2     0.247541
2.3     0.256815
2.4     0.254
2.5     0.256837
2.6     0.254362
2.7     0.246727
2.8     0.242724
2.9     0.248967
3     0.229204
3.1     0.223624
3.2     0.217497
3.3     0.218414
3.4     0.215769
3.5     0.197209
3.6     0.214874
3.7     0.217479
3.8     0.226705
3.9     0.22252
4     0.21237
4.1     0.22129
4.2     0.228832
4.3     0.23079
4.4     0.218362
4.5     0.222404
4.6     0.229937
4.7     0.235718
4.8     0.246524
4.9     0.253615
5     0.273378
5.1     0.268128
5.2     0.255007
5.3     0.264807
5.4     0.262277
5.5     0.265074
5.6     0.270351
5.7     0.270057
5.8     0.275315
5.9     0.276237
6     0.28005
6.1     0.270277
6.2     0.274148
6.3     0.283677
6.4     0.297713
6.5     0.298311
6.6     0.297013
6.7     0.288548
6.8     0.291017
6.9     0.277
7     0.2747
7.1     0.270075
7.2     0.2598
7.3     0.268079
7.4     0.251195
7.5     0.258447
7.6     0.265187
7.7     0.260785
7.8     0.2492
7.9     0.261802
8     0.273827
8.1     0.288505
8.2     0.303504
8.3     0.291412
8.4     0.291027
8.5     0.28861
8.6     0.293206
8.7     0.295482
8.8     0.298318
8.9     0.299125
9     0.30466
9.1     0.322208
9.2     0.326543
9.3     0.324719
9.4     0.313131
9.5     0.312723
9.6     0.303901
9.7     0.298933
9.8     0.277638
9.9     0.266016
10     0.26202
10.1     0.263973
10.2     0.244652
10.3     0.243394
10.4     0.233625
10.5     0.237373
10.6     0.234588
10.7     0.253624
10.8     0.257409
10.9     0.27946
11     0.273939
11.1     0.281339
11.2     0.275282
11.3     0.282105
11.4     0.280107
11.5     0.289308
11.6     0.302364
11.7     0.276951
11.8     0.281336
11.9     0.280976
12     0.291533
12.1     0.297085
12.2     0.283862
12.3     0.292668
12.4     0.292103
12.5     0.292752
12.6     0.286524
12.7     0.300013
12.8     0.287314
12.9     0.28879
13     0.278258
13.1     0.283708
13.2     0.269714
13.3     0.273322
13.4     0.277517
13.5     0.290636
13.6     0.291382
13.7     0.298635
13.8     0.302674
13.9     0.293437
14     0.292089
14.1     0.306041
14.2     0.298357
14.3     0.297992
14.4     0.286074
14.5     0.282951
14.6     0.291367
14.7     0.284568
14.8     0.281586
14.9     0.285524
15     0.28043
15.1     0.305491
15.2     0.306757
15.3     0.298324
15.4     0.2854
15.5     0.285553
15.6     0.295588
15.7     0.300372
15.8     0.300334
15.9     0.300262
16     0.29754
16.1     0.292344
16.2     0.280271
16.3     0.29203
16.4     0.283961
16.5     0.296905
16.6     0.290891
16.7     0.29088
16.8     0.288477
16.9     0.292804
17     0.31471
17.1     0.309796
17.2     0.313329
17.3     0.316017
17.4     0.30215
17.5     0.302928
17.6     0.315029
17.7     0.316039
17.8     0.315236
17.9     0.317346
18     0.32628
18.1     0.326742
18.2     0.322865
18.3     0.323714
18.4     0.303519
18.5     0.304087
18.6     0.304467
18.7     0.298645
18.8     0.276982
18.9     0.279416
19     0.277569
19.1     0.280366
19.2     0.2802
19.3     0.25827
19.4     0.257939
19.5     0.264216
19.6     0.270307
19.7     0.27245
19.8     0.275654
19.9     0.26362
20     0.257146
20.1     0.270886
20.2     0.272166
20.3     0.250023
20.4     0.261922
20.5     0.253382
20.6     0.262975
20.7     0.265235
20.8     0.276628
20.9     0.266744
21     0.265639
21.1     0.249175
21.2     0.244127
21.3     0.21803
21.4     0.220977
21.5     0.210699
21.6     0.206432
21.7     0.212142
21.8     0.224792
21.9     0.222908
22     0.230039
22.1     0.22817
22.2     0.218572
22.3     0.233184
22.4     0.225835
22.5     0.224727
22.6     0.228277
22.7     0.221523
22.8     0.228457
22.9     0.241956
23     0.234938
23.1     0.22084
23.2     0.198784
23.3     0.18662
23.4     0.169076
23.5     0.183598
23.6     0.18705
23.7     0.180263
23.8     0.164544
23.9     0.1572
24     0.161857
24.1     0.145843
24.2     0.134993
24.3     0.138668
24.4     0.143222
24.5     0.153905
24.6     0.143571
24.7     0.121733
24.8     0.114459
24.9     0.111216
25     0.12744
25.1     0.107281
25.2     0.126904
25.3     0.134255
25.4     0.144482
25.5     0.142754
25.6     0.134691
25.7     0.145062
25.8     0.147801
25.9     0.152069
26     0.161094
26.1     0.161507
26.2     0.157095
26.3     0.171852
26.4     0.167716
26.5     0.171477
26.6     0.176903
26.7     0.18049
26.8     0.167132
26.9     0.167714
27     0.196108
27.1     0.214455
27.2     0.214334
27.3     0.230749
27.4     0.238948
27.5     0.235529
27.6     0.241361
27.7     0.255129
27.8     0.249433
27.9     0.255865
28     0.269856
28.1     0.292828
28.2     0.261354
28.3     0.235013
28.4     0.243326
28.5     0.252882
28.6     0.250589
28.7     0.245803
28.8     0.244356
28.9     0.250716
29     0.250236
29.1     0.238791
29.2     0.241436
29.3     0.266287
29.4     0.27229
29.5     0.277952
29.6     0.251208
29.7     0.229475
29.8     0.219437
29.9     0.242379
30     0.253525
30.1     0.256915
30.2     0.262621
30.3     0.265549
30.4     0.269874
30.5     0.256404
30.6     0.256142
30.7     0.244916
30.8     0.238491
30.9     0.231609
31     0.230556
31.1     0.23067
31.2     0.223457
31.3     0.218999
31.4     0.230333
31.5     0.216056
31.6     0.222406
31.7     0.188742
31.8     0.191541
31.9     0.200817
32     0.203766
32.1     0.200355
32.2     0.205789
32.3     0.202199
32.4     0.198435
32.5     0.199906
32.6     0.201222
32.7     0.201152
32.8     0.192749
32.9     0.208297
33     0.203197
33.1     0.219988
33.2     0.212566
33.3     0.208083
33.4     0.209875
33.5     0.20111
33.6     0.207707
33.7     0.219356
33.8     0.208867
33.9     0.18807
34     0.176003
34.1     0.159508
34.2     0.168827
34.3     0.177408
34.4     0.177241
34.5     0.17262
34.6     0.159558
34.7     0.160166
34.8     0.163873
34.9     0.157379
35     0.15046
35.1     0.146488
35.2     0.128513
35.3     0.110759
35.4     0.109969
35.5     0.111407
35.6     0.0985794
35.7     0.090047
35.8     0.0941307
35.9     0.0906061
36     0.090221
36.1     0.0786018
36.2     0.0724165
36.3     0.0582477
36.4     0.0648497
36.5     0.0673259
36.6     0.0786255
36.7     0.0724045
36.8     0.0586995
36.9     0.0678888
37     0.0711899
37.1     0.0727137
37.2     0.0771534
37.3     0.0912162
37.4     0.106635
37.5     0.112913
37.6     0.119726
37.7     0.109262
37.8     0.125204
37.9     0.126262
38     0.12919
38.1     0.151721
38.2     0.156368
38.3     0.142061
38.4     0.12718
38.5     0.132218
38.6     0.137791
38.7     0.13648
38.8     0.116374
38.9     0.0927149
39     0.0894959
39.1     0.0907124
39.2     0.0765232
39.3     0.0616274
39.4     0.0546173
39.5     0.0430978
39.6     0.026362
39.7     0.023791
39.8     0.0134155
39.9     0.013257
40     0.014027
40.1     0.0274085
40.2     0.0251045
40.3     0.030183
40.4     0.028207
40.5     0.0315998
40.6     0.0303213
40.7     0.0297657
40.8     0.0291966
40.9     0.0272337
41     0.0369177
41.1     0.0453867
41.2     0.0475151
41.3     0.0438827
41.4     0.0272629
41.5     0.0264186
41.6     0.0406893
41.7     0.0406051
41.8     0.0389758
41.9     0.0440739
42     0.0363711
42.1     0.0336575
42.2     0.0441685
42.3     0.0477646
42.4     0.0611869
42.5     0.0643995
42.6     0.0522661
42.7     0.0531565
42.8     0.0491714
42.9     0.0515162
43     0.0421427
43.1     0.0306697
43.2     0.0176364
43.3     0.0266796
43.4     0.0224468
43.5     0.0112206
43.6     0.0125343
43.7     0.0239235
43.8     0.00474821
43.9     0.00653629
44     0.0154718
44.1     0.0169433
44.2     0.0220722
44.3     0.0194821
44.4     0.0213977
44.5     0.0190355
44.6     0.0129621
44.7     0.00682423
44.8     0.0112739
44.9     0.0172925
45     0.02619
45.1     0.0225221
45.2     0.0295658
45.3     0.0186225
45.4     0.0270765
45.5     0.0461382
45.6     0.0571989
45.7     0.0514885
45.8     0.0693967
45.9     0.0633595
46     0.0764782
46.1     0.0933709
46.2     0.0973365
46.3     0.0803165
46.4     0.0790751
46.5     0.0693945
46.6     0.0666119
46.7     0.0588532
46.8     0.0574054
46.9     0.0613522
47     0.0573392
47.1     0.0478536
47.2     0.050002
47.3     0.0493247
47.4     0.0450587
47.5     0.0448939
47.6     0.0448518
47.7     0.0407546
47.8     0.0427169
47.9     0.041831
48     0.0425364
48.1     0.0569114
48.2     0.0624623
48.3     0.056049
48.4     0.0513341
48.5     0.0362927
48.6     0.0486715
48.7     0.0473484
48.8     0.034646
48.9     0.0276711
49     0.041567
49.1     0.0311942
49.2     0.0222795
49.3     0.0369219
49.4     0.034754
49.5     0.0348383
49.6     0.0383627
49.7     0.0361978
49.8     0.0407525
49.9     0.042513
50     0.025937
50.1     0.0318011
50.2     0.0357167
50.3     0.0432204
50.4     0.0431541
50.5     0.0464244
50.6     0.0400307
50.7     0.0479064
50.8     0.0650638
50.9     0.0696674
51     0.0534457
51.1     0.0419556
51.2     0.0553642
51.3     0.0686065
51.4     0.0675522
51.5     0.0697089
51.6     0.0876918
51.7     0.0642061
51.8     0.0772964
51.9     0.0634183
52     0.0727313
52.1     0.075749
52.2     0.0655237
52.3     0.0785658
52.4     0.0658565
52.5     0.0712517
52.6     0.08303
52.7     0.099061
52.8     0.0976903
52.9     0.10397
53     0.111727
53.1     0.102705
53.2     0.115365
53.3     0.112708
53.4     0.115882
53.5     0.112746
53.6     0.123785
53.7     0.132936
53.8     0.127178
53.9     0.131843
54     0.113529
54.1     0.109743
54.2     0.115615
54.3     0.115395
54.4     0.116617
54.5     0.115836
54.6     0.121496
54.7     0.122848
54.8     0.114232
54.9     0.122476
55     0.106191
55.1     0.0935195
55.2     0.0874017
55.3     0.0831671
55.4     0.0913978
55.5     0.0707071
55.6     0.0728346
55.7     0.0737652
55.8     0.0710398
55.9     0.0781813
56     0.0705196
56.1     0.0633456
56.2     0.0769657
56.3     0.0832464
56.4     0.0817143
56.5     0.087906
56.6     0.0901511
56.7     0.102148
56.8     0.103548
56.9     0.120765
57     0.113908
57.1     0.130429
57.2     0.134645
57.3     0.117589
57.4     0.12878
57.5     0.127107
57.6     0.119213
57.7     0.127586
57.8     0.152153
57.9     0.122608
58     0.124936
58.1     0.127569
58.2     0.143412
58.3     0.145035
58.4     0.132702
58.5     0.129945
58.6     0.138275
58.7     0.135481
58.8     0.152191
58.9     0.163836
59     0.168031
59.1     0.149556
59.2     0.146071
59.3     0.151847
59.4     0.15598
59.5     0.159116
59.6     0.16522
59.7     0.171131
59.8     0.181505
59.9     0.188339
60     0.194498
60.1     0.177564
60.2     0.176123
60.3     0.162805
60.4     0.151736
60.5     0.146101
60.6     0.14404
60.7     0.155574
60.8     0.155887
60.9     0.142359
61     0.148137
61.1     0.14973
61.2     0.145893
61.3     0.146923
61.4     0.143367
61.5     0.14952
61.6     0.138633
61.7     0.124613
61.8     0.110559
61.9     0.0982775
62     0.114898
62.1     0.0981434
62.2     0.0931531
62.3     0.0965999
62.4     0.0906653
62.5     0.0932752
62.6     0.0865947
62.7     0.0888808
62.8     0.0960729
62.9     0.0890701
63     0.078812
63.1     0.0730018
63.2     0.0729566
63.3     0.0815415
63.4     0.0970897
63.5     0.112109
63.6     0.117712
63.7     0.119997
63.8     0.15508
63.9     0.164841
64     0.162522
64.1     0.161397
64.2     0.152652
64.3     0.130024
64.4     0.134856
64.5     0.133872
64.6     0.144413
64.7     0.143724
64.8     0.127069
64.9     0.11511
65     0.105567
65.1     0.1135
65.2     0.111368
65.3     0.0867606
65.4     0.0905975
65.5     0.0949501
65.6     0.0796823
65.7     0.0838627
65.8     0.077412
65.9     0.0750107
66     0.0747929
66.1     0.0622164
66.2     0.0445595
66.3     0.0305763
66.4     0.0284601
66.5     0.0417405
66.6     0.0502749
66.7     0.0610267
66.8     0.0648431
66.9     0.0648618
67     0.0733241
67.1     0.0685209
67.2     0.0584907
67.3     0.0546832
67.4     0.0679026
67.5     0.0618319
67.6     0.0609787
67.7     0.0564625
67.8     0.0518694
67.9     0.0546571
68     0.0558037
68.1     0.0626921
68.2     0.0643904
68.3     0.0566706
68.4     0.0542901
68.5     0.0600316
68.6     0.05604
68.7     0.0431759
68.8     0.0445345
68.9     0.0366247
69     0.0406174
69.1     0.034775
69.2     0.0256473
69.3     0.0314235
69.4     0.0264587
69.5     0.014582
69.6     0.0159023
69.7     0.0266319
69.8     0.0210901
69.9     0.0257609
70     0.0282312
70.1     0.0291123
70.2     0.0378984
70.3     0.0341873
70.4     0.0194623
70.5     0.0296222
70.6     0.042261
70.7     0.0382911
70.8     0.0264274
70.9     0.0306023
71     0.0188406
71.1     0.0301669
71.2     0.0282844
71.3     0.0359257
71.4     0.0483094
71.5     0.046325
71.6     0.043771
71.7     0.0459688
71.8     0.0370998
71.9     0.0416061
72     0.017147
72.1     0.0297146
72.2     0.0272893
72.3     0.0309085
72.4     0.0187633
72.5     0.0242897
72.6     0.039659
72.7     0.0438717
72.8     0.0428224
72.9     0.0451171
73     0.0605948
73.1     0.0684702
73.2     0.0609246
73.3     0.0766483
73.4     0.0722271
73.5     0.0765293
73.6     0.0585425
73.7     0.070753
73.8     0.0654548
73.9     0.0666138
74     0.058815
74.1     0.0563863
74.2     0.0427889
74.3     0.0412912
74.4     0.0481448
74.5     0.0482853
74.6     0.0377559
74.7     0.0342441
74.8     0.045341
74.9     0.0578111
75     0.0610419
75.1     0.0456573
75.2     0.0471171
75.3     0.0646772
75.4     0.0654499
75.5     0.0648966
75.6     0.0667733
75.7     0.0592189
75.8     0.0690818
75.9     0.0742185
76     0.0797097
76.1     0.0848613
76.2     0.0901616
76.3     0.0878984
76.4     0.0954506
76.5     0.100353
76.6     0.0947089
76.7     0.104497
76.8     0.108037
76.9     0.100136
77     0.0961734
77.1     0.0868586
77.2     0.0773079
77.3     0.0694559
77.4     0.0592938
77.5     0.0786586
77.6     0.0723806
77.7     0.0691335
77.8     0.0479254
77.9     0.047738
78     0.0645122
78.1     0.0667794
78.2     0.0629167
78.3     0.0866856
78.4     0.0873389
78.5     0.0961083
78.6     0.11462
78.7     0.11233
78.8     0.125272
78.9     0.119249
79     0.117902
79.1     0.134901
79.2     0.149797
79.3     0.145139
79.4     0.144721
79.5     0.165155
79.6     0.158479
79.7     0.175745
79.8     0.185404
79.9     0.180014
80     0.177439
80.1     0.181184
80.2     0.195779
80.3     0.200316
80.4     0.217323
80.5     0.227974
80.6     0.231434
80.7     0.23423
80.8     0.228919
80.9     0.234079
81     0.211734
81.1     0.210825
81.2     0.213953
81.3     0.204211
81.4     0.201825
81.5     0.216804
81.6     0.213746
81.7     0.187161
81.8     0.177927
81.9     0.176604
82     0.18372
82.1     0.171341
82.2     0.16579
82.3     0.176476
82.4     0.163825
82.5     0.176843
82.6     0.16344
82.7     0.186902
82.8     0.183443
82.9     0.18012
83     0.187064
83.1     0.20379
83.2     0.202223
83.3     0.199115
83.4     0.194094
83.5     0.196701
83.6     0.203821
83.7     0.197306
83.8     0.199135
83.9     0.191341
84     0.200946
84.1     0.202793
84.2     0.191138
84.3     0.183188
84.4     0.184125
84.5     0.18708
84.6     0.174181
84.7     0.175564
84.8     0.175658
84.9     0.183126
85     0.186482
85.1     0.18189
85.2     0.200146
85.3     0.209761
85.4     0.218256
85.5     0.209086
85.6     0.200432
85.7     0.188143
85.8     0.193299
85.9     0.187982
86     0.194591
86.1     0.193055
86.2     0.196087
86.3     0.204355
86.4     0.204268
86.5     0.200414
86.6     0.201626
86.7     0.196087
86.8     0.191886
86.9     0.189399
87     0.18498
87.1     0.168907
87.2     0.166601
87.3     0.175966
87.4     0.179596
87.5     0.195821
87.6     0.190439
87.7     0.190616
87.8     0.180297
87.9     0.19731
88     0.1999
88.1     0.184628
88.2     0.177548
88.3     0.181347
88.4     0.180847
88.5     0.17869
88.6     0.180924
88.7     0.162408
88.8     0.169027
88.9     0.16237
89     0.157822
89.1     0.161586
89.2     0.167886
89.3     0.170023
89.4     0.183983
89.5     0.173274
89.6     0.170518
89.7     0.181131
89.8     0.187882
89.9     0.209141
90     0.222622
90.1     0.204236
90.2     0.213291
90.3     0.208598
90.4     0.209166
90.5     0.208242
90.6     0.215258
90.7     0.222479
90.8     0.2285
90.9     0.230687
91     0.247648
91.1     0.242652
91.2     0.254975
91.3     0.264561
91.4     0.26311
91.5     0.264995
91.6     0.243041
91.7     0.243624
91.8     0.253579
91.9     0.258421
92     0.247478
92.1     0.235164
92.2     0.247797
92.3     0.245729
92.4     0.235729
92.5     0.230347
92.6     0.232105
92.7     0.23463
92.8     0.23055
92.9     0.23144
93     0.242456
93.1     0.247949
93.2     0.259314
93.3     0.262237
93.4     0.256765
93.5     0.28308
93.6     0.270425
93.7     0.268758
93.8     0.271024
93.9     0.271454
94     0.28086
94.1     0.282411
94.2     0.277673
94.3     0.294361
94.4     0.2962
94.5     0.290164
94.6     0.298483
94.7     0.290168
94.8     0.290836
94.9     0.27532
95     0.285568
95.1     0.285013
95.2     0.275192
95.3     0.273441
95.4     0.26708
95.5     0.294416
95.6     0.291964
95.7     0.293208
95.8     0.28557
95.9     0.291277
96     0.29303
96.1     0.29248
96.2     0.266839
96.3     0.279541
96.4     0.286462
96.5     0.280352
96.6     0.285725
96.7     0.294483
96.8     0.293865
96.9     0.279972
97     0.294415
97.1     0.300599
97.2     0.301807
97.3     0.299975
97.4     0.299597
97.5     0.28896
97.6     0.296613
97.7     0.299412
97.8     0.292581
97.9     0.290257
98     0.269931
98.1     0.272815
98.2     0.266868
98.3     0.260141
98.4     0.261162
98.5     0.266591
98.6     0.258489
98.7     0.251739
98.8     0.267671
98.9     0.252313
99     0.255158
99.1     0.253153
99.2     0.234688
99.3     0.234462
99.4     0.222628
99.5     0.231982
99.6     0.22919
99.7     0.218859
99.8     0.224421
99.9     0.216084
