0     0.0590847
0.1     0.217709
0.2     0.266975
0.3     0.307439
0.4     0.332185
0.5     0.374805
0.6     0.406246
0.7     0.416152
0.8     0.398343
0.9     0.376511
1     0.338227
1.1     0.354054
1.2     0.355922
1.3     0.342453
1.4     0.348674
1.5     0.314227
1.6     0.303962
1.7     0.302141
1.8     0.341157
1.9     0.369964
2     0.437017
2.1     0.44565
2.2     0.4955
2.3     0.491565
2.4     0.471798
2.5     0.456968
2.6     0.452008
2.7     0.451626
2.8     0.461905
2.9     0.489245
3     0.493322
3.1     0.502837
3.2     0.481183
3.3     0.473317
3.4     0.46689
3.5     0.466016
3.6     0.47638
3.7     0.478642
3.8     0.505197
3.9     0.49072
4     0.51991
4.1     0.491571
4.2     0.49294
4.3     0.500926
4.4     0.506393
4.5     0.521625
4.6     0.509677
4.7     0.499606
4.8     0.50319
4.9     0.545458
5     0.543265
5.1     0.569136
5.2     0.61697
5.3     0.574862
5.4     0.596002
5.5     0.62059
5.6     0.626542
5.7     0.646579
5.8     0.624737
5.9     0.624913
6     0.613504
6.1     0.610491
6.2     0.648763
6.3     0.624147
6.4     0.655055
6.5     0.65297
6.6     0.638727
6.7     0.641956
6.8     0.670307
6.9     0.710681
7     0.743063
7.1     0.74178
7.2     0.729277
7.3     0.70739
7.4     0.689279
7.5     0.70248
7.6     0.646957
7.7     0.63346
7.8     0.623078
7.9     0.628023
8     0.644687
8.1     0.641636
8.2     0.66857
8.3     0.657565
8.4     0.595393
8.5     0.623385
8.6     0.570864
8.7     0.614882
8.8     0.656901
8.9     0.681979
9     0.738496
9.1     0.684228
9.2     0.690124
9.3     0.695524
9.4     0.691714
9.5     0.682679
9.6     0.694412
9.7     0.688502
9.8     0.737063
9.9     0.750557
10     0.754225
10.1     0.77531
10.2     0.791393
10.3     0.772966
10.4     0.751065
10.5     0.694315
10.6     0.690832
10.7     0.654953
10.8     0.662533
10.9     0.652681
11     0.664871
11.1     0.689091
11.2     0.766362
11.3     0.792806
11.4     0.773414
11.5     0.817602
11.6     0.808514
11.7     0.793332
11.8     0.781177
11.9     0.776355
12     0.750722
12.1     0.75926
12.2     0.76037
12.3     0.762104
12.4     0.792434
12.5     0.784475
12.6     0.769386
12.7     0.782187
12.8     0.78088
12.9     0.812382
13     0.78498
13.1     0.812388
13.2     0.839775
13.3     0.817475
13.4     0.805722
13.5     0.842791
13.6     0.842045
13.7     0.844301
13.8     0.862015
13.9     0.837196
14     0.82998
14.1     0.840927
14.2     0.829436
14.3     0.840194
14.4     0.819077
14.5     0.819079
14.6     0.812614
14.7     0.839237
14.8     0.845931
14.9     0.852863
15     0.840008
15.1     0.820875
15.2     0.806998
15.3     0.784858
15.4     0.799005
15.5     0.816065
15.6     0.815193
15.7     0.80025
15.8     0.815552
15.9     0.774651
16     0.79692
16.1     0.82798
16.2     0.853714
16.3     0.81228
16.4     0.825071
16.5     0.845659
16.6     0.844383
16.7     0.825536
16.8     0.823477
16.9     0.817307
17     0.805929
17.1     0.807501
17.2     0.789644
17.3     0.804686
17.4     0.736929
17.5     0.7418
17.6     0.749495
17.7     0.727776
17.8     0.689891
17.9     0.715232
18     0.729176
18.1     0.736503
18.2     0.718585
18.3     0.745761
18.4     0.756167
18.5     0.742985
18.6     0.742384
18.7     0.750286
18.8     0.71414
18.9     0.713952
19     0.700903
19.1     0.694702
19.2     0.680076
19.3     0.677087
19.4     0.671757
19.5     0.676941
19.6     0.690695
19.7     0.647276
19.8     0.629804
19.9     0.639577
20     0.677753
20.1     0.649181
20.2     0.635139
20.3     0.62888
20.4     0.611618
20.5     0.632312
20.6     0.651831
20.7     0.66833
20.8     0.683598
