0     0.045288
0.1     0.0577467
0.2     0.0568154
0.3     0.0620557
0.4     0.0675721
0.5     0.0749408
0.6     0.0787704
0.7     0.0677078
0.8     0.0475194
0.9     0.0402959
1     0.0362907
1.1     0.0410857
1.2     0.0536687
1.3     0.0555543
1.4     0.0462465
1.5     0.0533014
1.6     0.0903153
1.7     0.12227
1.8     0.14013
1.9     0.158043
2     0.163653
2.1     0.173182
2.2     0.183877
2.3     0.184165
2.4     0.191712
2.5     0.200864
2.6     0.199
2.7     0.210873
2.8     0.208294
2.9     0.207883
3     0.204734
3.1     0.201929
3.2     0.203418
3.3     0.20758
3.4     0.196666
3.5     0.194227
3.6     0.188404
3.7     0.201784
3.8     0.195137
3.9     0.200283
4     0.211921
4.1     0.20457
4.2     0.204505
4.3     0.214722
4.4     0.208182
4.5     0.196754
4.6     0.201515
4.7     0.21091
4.8     0.209345
4.9     0.220825
5     0.209531
5.1     0.207093
5.2     0.195044
5.3     0.193784
5.4     0.202872
5.5     0.201684
5.6     0.198929
5.7     0.197246
5.8     0.196496
5.9     0.202239
6     0.192109
6.1     0.18434
6.2     0.196829
6.3     0.179097
6.4     0.161926
6.5     0.147392
6.6     0.146603
6.7     0.137904
6.8     0.130651
6.9     0.132012
7     0.111997
7.1     0.118822
7.2     0.111783
7.3     0.110623
7.4     0.112568
7.5     0.123706
7.6     0.119927
7.7     0.127525
7.8     0.121951
7.9     0.130395
8     0.137547
8.1     0.133533
8.2     0.122183
8.3     0.123721
8.4     0.127988
8.5     0.13518
8.6     0.151709
8.7     0.163934
8.8     0.163107
8.9     0.162181
9     0.136992
9.1     0.133483
9.2     0.13275
9.3     0.133549
9.4     0.13319
9.5     0.118373
9.6     0.103926
9.7     0.095519
9.8     0.0978719
9.9     0.098009
10     0.114478
10.1     0.11521
10.2     0.113664
10.3     0.0854182
10.4     0.0541029
10.5     0.0508985
10.6     0.049422
10.7     0.0332571
10.8     0.0363043
10.9     0.0533332
11     0.0575043
11.1     0.0548086
11.2     0.0543532
11.3     0.0577488
11.4     0.0553031
11.5     0.0439475
11.6     0.0374186
11.7     0.0359533
11.8     0.0371311
11.9     0.0431423
12     0.0611563
12.1     0.0822302
12.2     0.0880531
12.3     0.0954925
12.4     0.0964182
12.5     0.078336
12.6     0.0826408
12.7     0.0647298
12.8     0.0642009
12.9     0.0623532
13     0.0574433
13.1     0.061681
13.2     0.0547586
13.3     0.0652702
13.4     0.055836
13.5     0.0463776
13.6     0.0345941
13.7     0.0401127
13.8     0.0521946
13.9     0.060746
14     0.0772828
14.1     0.0732413
14.2     0.0587622
14.3     0.0567905
14.4     0.0570549
14.5     0.0674721
14.6     0.0744628
14.7     0.0701304
14.8     0.0678495
14.9     0.0716815
15     0.049745
15.1     0.0456911
15.2     0.0517681
15.3     0.0659531
15.4     0.0673612
15.5     0.0590002
15.6     0.0589709
15.7     0.0567567
15.8     0.0504359
15.9     0.0550542
16     0.0431925
16.1     0.0434593
16.2     0.0557808
16.3     0.049841
16.4     0.0401608
16.5     0.0434237
16.6     0.0640756
16.7     0.0666326
16.8     0.0539647
16.9     0.0627147
17     0.0872855
17.1     0.102054
17.2     0.0756012
17.3     0.0748427
17.4     0.0973349
17.5     0.10153
17.6     0.0868903
17.7     0.102821
17.8     0.101961
17.9     0.0921708
18     0.104229
18.1     0.0911043
18.2     0.0975344
18.3     0.107234
18.4     0.0996045
18.5     0.0935253
18.6     0.0790676
18.7     0.0990309
18.8     0.097464
18.9     0.0898696
19     0.0744597
19.1     0.0581402
19.2     0.0579085
19.3     0.0541774
19.4     0.0566536
19.5     0.0735526
19.6     0.082863
19.7     0.0802703
19.8     0.0731672
19.9     0.083436
20     0.0896438
20.1     0.0837798
20.2     0.0717615
20.3     0.0705471
20.4     0.0821305
20.5     0.0771807
20.6     0.066638
20.7     0.0687197
20.8     0.078755
20.9     0.0736187
21     0.0634355
21.1     0.0788778
21.2     0.0820372
21.3     0.0670764
21.4     0.0652529
21.5     0.0827263
21.6     0.0743559
21.7     0.077076
21.8     0.0677107
21.9     0.0597888
22     0.052831
22.1     0.078059
22.2     0.0875534
22.3     0.0967364
22.4     0.0836615
22.5     0.0834058
22.6     0.0520008
22.7     0.0451952
22.8     0.0561316
22.9     0.0655581
23     0.0769444
23.1     0.0730748
23.2     0.0707117
23.3     0.0741074
23.4     0.0799926
23.5     0.0901846
23.6     0.0957177
23.7     0.0934441
23.8     0.100859
23.9     0.080473
24     0.102116
24.1     0.0996202
24.2     0.0984052
24.3     0.115392
24.4     0.116814
24.5     0.133632
24.6     0.135386
24.7     0.141331
24.8     0.140578
24.9     0.135305
25     0.135334
25.1     0.125758
25.2     0.121337
25.3     0.130415
25.4     0.110134
25.5     0.104878
25.6     0.124738
25.7     0.135114
25.8     0.144532
25.9     0.141181
26     0.131875
26.1     0.143241
26.2     0.131935
26.3     0.125143
26.4     0.114255
26.5     0.117053
26.6     0.123029
26.7     0.109589
26.8     0.0963548
26.9     0.117024
27     0.0953163
27.1     0.120602
27.2     0.115956
27.3     0.12028
27.4     0.14247
27.5     0.145268
27.6     0.154655
27.7     0.146561
27.8     0.145808
27.9     0.16366
28     0.175244
28.1     0.173548
28.2     0.177449
28.3     0.167197
28.4     0.175792
28.5     0.170376
28.6     0.188591
28.7     0.186994
28.8     0.188633
28.9     0.186309
29     0.188319
29.1     0.187517
29.2     0.183586
29.3     0.174217
29.4     0.160225
29.5     0.170985
29.6     0.161858
29.7     0.148483
29.8     0.144906
29.9     0.150296
30     0.141139
30.1     0.149523
30.2     0.156887
30.3     0.145593
30.4     0.142123
30.5     0.149933
30.6     0.160105
30.7     0.158201
30.8     0.150964
30.9     0.151021
31     0.15413
31.1     0.157874
31.2     0.16211
31.3     0.180187
31.4     0.16194
31.5     0.171436
31.6     0.160269
31.7     0.175121
31.8     0.181529
31.9     0.188524
32     0.186285
32.1     0.214431
32.2     0.226405
32.3     0.233741
32.4     0.24948
32.5     0.267062
32.6     0.243989
32.7     0.239209
32.8     0.264631
32.9     0.278404
33     0.265949
33.1     0.252056
33.2     0.241355
33.3     0.237863
33.4     0.258693
33.5     0.259501
33.6     0.259726
33.7     0.255235
33.8     0.243874
33.9     0.235138
34     0.220337
34.1     0.230903
34.2     0.228358
34.3     0.229563
34.4     0.221453
34.5     0.215224
34.6     0.218736
34.7     0.229611
34.8     0.211831
34.9     0.209068
35     0.22372
35.1     0.233941
35.2     0.255288
35.3     0.276543
35.4     0.281098
35.5     0.284828
35.6     0.29809
35.7     0.292438
35.8     0.297767
35.9     0.300916
36     0.319072
36.1     0.313009
36.2     0.315359
36.3     0.322002
36.4     0.314722
36.5     0.307215
36.6     0.298327
36.7     0.286186
36.8     0.26694
36.9     0.285721
37     0.298363
37.1     0.270302
37.2     0.262379
37.3     0.266717
37.4     0.246955
37.5     0.255751
37.6     0.234162
37.7     0.231355
37.8     0.209009
37.9     0.225358
38     0.217582
38.1     0.221804
38.2     0.202265
38.3     0.195616
38.4     0.203003
38.5     0.208968
38.6     0.194134
38.7     0.189959
38.8     0.187544
38.9     0.188376
39     0.192374
39.1     0.195637
39.2     0.187344
39.3     0.179027
39.4     0.176581
39.5     0.186026
39.6     0.197111
39.7     0.224113
39.8     0.227993
39.9     0.231778
40     0.223723
40.1     0.229208
40.2     0.218762
40.3     0.221821
40.4     0.199983
40.5     0.197645
40.6     0.198863
40.7     0.190977
40.8     0.194942
40.9     0.200342
41     0.194326
41.1     0.195028
41.2     0.20318
41.3     0.210036
41.4     0.210287
41.5     0.215622
41.6     0.209736
41.7     0.215985
41.8     0.232161
41.9     0.249363
42     0.254577
42.1     0.255337
42.2     0.260151
42.3     0.262073
42.4     0.266785
42.5     0.263405
42.6     0.250591
42.7     0.260817
42.8     0.243722
42.9     0.234565
43     0.238204
43.1     0.251388
43.2     0.265461
43.3     0.269269
43.4     0.249705
43.5     0.251324
43.6     0.26412
43.7     0.272143
43.8     0.253836
43.9     0.243304
44     0.243369
44.1     0.245123
44.2     0.247532
44.3     0.254535
44.4     0.233211
44.5     0.213455
44.6     0.226417
44.7     0.228964
44.8     0.22949
44.9     0.236573
45     0.242018
45.1     0.249268
45.2     0.250357
45.3     0.238415
45.4     0.244377
45.5     0.229688
45.6     0.238058
45.7     0.234155
45.8     0.235969
45.9     0.248904
46     0.243044
46.1     0.237802
46.2     0.242761
46.3     0.246533
46.4     0.246411
46.5     0.245982
46.6     0.227087
46.7     0.252073
46.8     0.256882
46.9     0.27256
47     0.270401
47.1     0.276901
47.2     0.265552
47.3     0.264274
47.4     0.262313
47.5     0.258992
47.6     0.255889
47.7     0.260108
47.8     0.270529
47.9     0.259633
48     0.267338
48.1     0.290139
48.2     0.290359
48.3     0.271921
48.4     0.262317
48.5     0.277172
48.6     0.291297
48.7     0.295037
48.8     0.298122
48.9     0.317608
49     0.314384
49.1     0.309991
49.2     0.301082
49.3     0.31426
49.4     0.324959
49.5     0.338763
49.6     0.328449
49.7     0.316611
49.8     0.329592
49.9     0.324361
50     0.336646
50.1     0.330507
50.2     0.317064
50.3     0.308252
50.4     0.316203
50.5     0.319233
50.6     0.318263
50.7     0.325872
50.8     0.316567
50.9     0.322102
51     0.316949
51.1     0.321389
51.2     0.318157
51.3     0.319955
51.4     0.315594
51.5     0.316229
51.6     0.306744
51.7     0.30415
51.8     0.300441
51.9     0.307669
52     0.316397
52.1     0.324149
52.2     0.336404
52.3     0.340837
52.4     0.345571
52.5     0.334071
52.6     0.336258
52.7     0.333091
52.8     0.350771
52.9     0.335555
53     0.34089
53.1     0.3452
53.2     0.341607
53.3     0.345167
53.4     0.351241
53.5     0.344576
53.6     0.32896
53.7     0.325683
53.8     0.325163
53.9     0.33683
54     0.342561
54.1     0.349715
54.2     0.353263
54.3     0.370857
54.4     0.370386
54.5     0.373616
54.6     0.396076
54.7     0.395745
54.8     0.403484
54.9     0.403082
55     0.382635
55.1     0.369946
55.2     0.362113
55.3     0.349344
55.4     0.357465
55.5     0.364499
55.6     0.363259
55.7     0.3544
55.8     0.359598
55.9     0.34774
56     0.3414
56.1     0.328568
56.2     0.325841
56.3     0.307292
56.4     0.315781
56.5     0.321342
56.6     0.315789
56.7     0.317217
56.8     0.304064
56.9     0.308313
57     0.310487
57.1     0.315727
57.2     0.319758
57.3     0.331972
57.4     0.3226
57.5     0.337222
57.6     0.33692
57.7     0.334195
57.8     0.34144
57.9     0.341051
58     0.347971
58.1     0.339234
58.2     0.331445
58.3     0.341389
58.4     0.336797
58.5     0.343365
58.6     0.336366
58.7     0.326787
58.8     0.319004
58.9     0.321349
59     0.331558
59.1     0.319887
59.2     0.296083
59.3     0.30332
59.4     0.283021
59.5     0.273552
59.6     0.29004
59.7     0.287143
59.8     0.300502
59.9     0.29787
60     0.289523
60.1     0.299412
60.2     0.306448
60.3     0.300552
60.4     0.297758
60.5     0.297805
60.6     0.288161
60.7     0.280039
60.8     0.26957
60.9     0.26159
61     0.270221
61.1     0.258001
61.2     0.254867
61.3     0.243134
61.4     0.258943
61.5     0.250974
61.6     0.24672
61.7     0.245985
61.8     0.246693
61.9     0.257916
62     0.250002
62.1     0.258774
62.2     0.262187
62.3     0.255975
62.4     0.262526
62.5     0.24669
62.6     0.239229
62.7     0.215434
62.8     0.225395
62.9     0.239284
63     0.23491
63.1     0.228767
63.2     0.25252
63.3     0.251438
63.4     0.256182
63.5     0.253082
63.6     0.250566
63.7     0.229879
63.8     0.21037
63.9     0.21842
64     0.221804
64.1     0.212156
64.2     0.210135
64.3     0.202663
64.4     0.220606
64.5     0.211945
64.6     0.216068
64.7     0.208908
64.8     0.202994
64.9     0.207584
65     0.204585
65.1     0.205026
65.2     0.214715
65.3     0.213379
65.4     0.195571
65.5     0.187174
65.6     0.169152
65.7     0.182658
65.8     0.187134
65.9     0.197921
66     0.20682
66.1     0.187748
66.2     0.1839
66.3     0.187721
66.4     0.185527
66.5     0.195067
66.6     0.19853
66.7     0.207
66.8     0.208474
66.9     0.201912
67     0.209176
67.1     0.209946
67.2     0.206554
67.3     0.204286
67.4     0.198109
67.5     0.216586
67.6     0.19885
67.7     0.186132
67.8     0.196885
67.9     0.189995
68     0.190259
68.1     0.186974
68.2     0.199374
68.3     0.206446
68.4     0.209918
68.5     0.21723
68.6     0.209293
68.7     0.217449
68.8     0.221847
68.9     0.226814
69     0.232127
69.1     0.227874
69.2     0.218334
69.3     0.213834
69.4     0.216239
69.5     0.218297
69.6     0.21352
69.7     0.220483
69.8     0.225284
69.9     0.224958
70     0.238032
70.1     0.244675
70.2     0.248678
70.3     0.259141
70.4     0.27692
70.5     0.283064
70.6     0.282671
70.7     0.291375
70.8     0.293941
70.9     0.301678
71     0.302317
71.1     0.3072
71.2     0.327399
71.3     0.332835
71.4     0.332215
71.5     0.354208
71.6     0.361177
71.7     0.352549
71.8     0.346707
71.9     0.340447
72     0.342316
72.1     0.357388
72.2     0.365725
72.3     0.372904
72.4     0.370056
72.5     0.379057
72.6     0.384101
72.7     0.386839
72.8     0.393591
72.9     0.394876
73     0.387675
73.1     0.393073
73.2     0.392968
73.3     0.382363
73.4     0.374283
73.5     0.371786
73.6     0.394796
73.7     0.405351
73.8     0.394061
73.9     0.375441
74     0.367787
74.1     0.374147
74.2     0.357382
74.3     0.358061
74.4     0.345396
74.5     0.33879
74.6     0.334031
74.7     0.336639
74.8     0.342246
74.9     0.342759
75     0.351162
75.1     0.349181
75.2     0.358713
75.3     0.350432
75.4     0.354675
75.5     0.355781
75.6     0.349893
75.7     0.358504
75.8     0.338828
75.9     0.332618
76     0.329685
76.1     0.341728
76.2     0.333143
76.3     0.342091
76.4     0.342961
76.5     0.352537
76.6     0.345728
76.7     0.33273
76.8     0.339695
76.9     0.356164
77     0.375962
77.1     0.384967
77.2     0.382774
77.3     0.372068
77.4     0.372647
77.5     0.37568
77.6     0.369496
77.7     0.374091
77.8     0.370588
77.9     0.368194
78     0.375467
78.1     0.366096
78.2     0.355852
78.3     0.356845
78.4     0.340209
78.5     0.347426
78.6     0.339041
78.7     0.342164
78.8     0.324009
78.9     0.339767
79     0.345134
79.1     0.360831
79.2     0.369153
79.3     0.373062
79.4     0.362353
79.5     0.361186
79.6     0.367452
79.7     0.359041
79.8     0.369886
79.9     0.364951
80     0.371357
80.1     0.377188
80.2     0.37985
80.3     0.38255
80.4     0.392369
80.5     0.389841
80.6     0.401113
80.7     0.402293
80.8     0.40397
80.9     0.410445
81     0.401529
81.1     0.400587
81.2     0.405761
81.3     0.427234
81.4     0.421287
81.5     0.408014
81.6     0.407221
81.7     0.402394
81.8     0.402126
81.9     0.410736
82     0.414467
82.1     0.416417
82.2     0.434913
82.3     0.430164
82.4     0.444566
82.5     0.436383
82.6     0.449237
82.7     0.430622
82.8     0.42889
82.9     0.434562
83     0.43657
83.1     0.439623
83.2     0.437835
83.3     0.429468
83.4     0.431946
83.5     0.445469
83.6     0.429985
83.7     0.428776
83.8     0.424298
83.9     0.415287
84     0.407784
84.1     0.391189
84.2     0.368353
84.3     0.367128
84.4     0.373757
84.5     0.388758
84.6     0.379796
84.7     0.359451
84.8     0.353676
84.9     0.349509
85     0.350906
85.1     0.351812
85.2     0.348748
85.3     0.341091
85.4     0.333665
85.5     0.338589
85.6     0.327341
85.7     0.35571
85.8     0.348029
85.9     0.347393
86     0.352771
86.1     0.367886
86.2     0.365107
86.3     0.368169
86.4     0.361888
86.5     0.354449
86.6     0.359082
86.7     0.339797
86.8     0.351612
86.9     0.359182
87     0.356206
87.1     0.353482
87.2     0.348929
87.3     0.332545
87.4     0.327785
87.5     0.325658
87.6     0.32505
87.7     0.31291
87.8     0.307267
87.9     0.318801
88     0.314252
88.1     0.30522
88.2     0.302298
88.3     0.314243
88.4     0.317467
88.5     0.311376
88.6     0.292167
88.7     0.306001
88.8     0.311092
88.9     0.323072
89     0.334118
89.1     0.318358
89.2     0.324929
89.3     0.330863
89.4     0.342553
89.5     0.348508
89.6     0.343585
89.7     0.332981
89.8     0.343339
89.9     0.350442
90     0.347357
90.1     0.340294
90.2     0.339286
90.3     0.331688
90.4     0.319025
90.5     0.324152
90.6     0.322098
90.7     0.307536
90.8     0.310565
90.9     0.322726
91     0.323594
91.1     0.314508
91.2     0.3069
91.3     0.297935
91.4     0.297884
91.5     0.311958
91.6     0.325785
91.7     0.332498
91.8     0.323808
91.9     0.322311
92     0.324606
92.1     0.325544
92.2     0.317112
92.3     0.333974
92.4     0.340423
92.5     0.350177
92.6     0.345785
92.7     0.334799
92.8     0.323369
92.9     0.310571
93     0.332157
93.1     0.3378
93.2     0.336928
93.3     0.341943
93.4     0.344544
93.5     0.314854
93.6     0.314676
93.7     0.321331
93.8     0.327263
93.9     0.336722
94     0.342213
94.1     0.333069
94.2     0.337277
94.3     0.329272
94.4     0.320236
94.5     0.310813
94.6     0.29042
94.7     0.296783
94.8     0.304067
94.9     0.299846
95     0.280654
95.1     0.289875
95.2     0.270352
95.3     0.273676
95.4     0.290374
95.5     0.284397
95.6     0.290865
95.7     0.283853
95.8     0.266744
95.9     0.275634
96     0.268846
96.1     0.231847
96.2     0.2221
96.3     0.224628
96.4     0.232343
96.5     0.234442
96.6     0.232349
96.7     0.225937
96.8     0.234021
96.9     0.236066
97     0.24142
97.1     0.232748
97.2     0.227233
97.3     0.229563
97.4     0.22973
97.5     0.220885
97.6     0.235791
97.7     0.247567
97.8     0.255923
97.9     0.26706
98     0.271293
98.1     0.28703
98.2     0.279882
98.3     0.282982
98.4     0.275308
98.5     0.263615
98.6     0.267734
98.7     0.256659
98.8     0.256885
98.9     0.26737
99     0.265195
99.1     0.24741
99.2     0.247226
99.3     0.252497
99.4     0.23444
99.5     0.249482
99.6     0.259875
99.7     0.275765
99.8     0.264894
99.9     0.260173
