0     0.108656
0.1     0.0988849
0.2     0.115191
0.3     0.120907
0.4     0.143962
0.5     0.145855
0.6     0.168338
0.7     0.168958
0.8     0.197317
0.9     0.197853
1     0.191126
1.1     0.188857
1.2     0.191856
1.3     0.186259
1.4     0.20149
1.5     0.213333
1.6     0.225019
1.7     0.213888
1.8     0.226205
1.9     0.246893
2     0.250852
2.1     0.257689
2.2     0.288082
2.3     0.293983
2.4     0.292475
2.5     0.309595
2.6     0.298294
2.7     0.314521
2.8     0.327949
2.9     0.341924
3     0.365579
3.1     0.380566
3.2     0.391087
3.3     0.384069
3.4     0.380073
3.5     0.380478
3.6     0.383658
3.7     0.384888
3.8     0.364163
3.9     0.352865
4     0.337626
4.1     0.33114
4.2     0.336444
4.3     0.319529
4.4     0.315259
4.5     0.309314
4.6     0.311526
4.7     0.323863
4.8     0.330358
4.9     0.322146
5     0.332085
5.1     0.320931
5.2     0.328651
5.3     0.33175
5.4     0.317547
5.5     0.315762
5.6     0.327887
5.7     0.32472
5.8     0.318531
5.9     0.319515
6     0.319896
6.1     0.327617
6.2     0.333479
6.3     0.340769
6.4     0.33578
6.5     0.313519
6.6     0.319303
6.7     0.322291
6.8     0.318789
6.9     0.327905
7     0.334845
7.1     0.329415
7.2     0.322218
7.3     0.323789
7.4     0.318459
7.5     0.321015
7.6     0.336676
7.7     0.354175
7.8     0.358776
7.9     0.364615
8     0.366573
8.1     0.367923
8.2     0.361037
8.3     0.383599
8.4     0.377738
8.5     0.383617
8.6     0.386661
8.7     0.39879
8.8     0.383416
8.9     0.380275
9     0.384245
9.1     0.376895
9.2     0.371266
9.3     0.376544
9.4     0.385434
9.5     0.380607
9.6     0.374443
9.7     0.383838
9.8     0.371419
9.9     0.356375
10     0.36027
10.1     0.342955
10.2     0.336523
10.3     0.333128
10.4     0.323216
10.5     0.314379
10.6     0.315963
10.7     0.317261
10.8     0.319761
10.9     0.330895
11     0.331572
11.1     0.34316
11.2     0.344872
11.3     0.350683
11.4     0.357412
11.5     0.359585
11.6     0.362165
11.7     0.364087
11.8     0.365227
11.9     0.391247
12     0.392058
12.1     0.394026
12.2     0.398663
12.3     0.403378
12.4     0.422219
12.5     0.414696
12.6     0.424913
12.7     0.446553
12.8     0.433519
12.9     0.421885
13     0.409842
13.1     0.418027
13.2     0.407164
13.3     0.409601
13.4     0.40628
13.5     0.412895
13.6     0.403782
13.7     0.396484
13.8     0.418692
13.9     0.433904
14     0.436689
14.1     0.420904
14.2     0.429007
14.3     0.428111
14.4     0.413928
14.5     0.403148
14.6     0.379753
14.7     0.371623
14.8     0.350948
14.9     0.352016
15     0.344861
15.1     0.334773
15.2     0.329775
15.3     0.33712
15.4     0.325332
15.5     0.34747
15.6     0.35051
15.7     0.356399
15.8     0.35211
15.9     0.357244
16     0.358347
16.1     0.358316
16.2     0.364679
16.3     0.351643
16.4     0.342721
16.5     0.339017
16.6     0.346946
16.7     0.350579
16.8     0.361307
16.9     0.359514
17     0.363086
17.1     0.383852
17.2     0.400178
17.3     0.412765
17.4     0.433002
17.5     0.429561
17.6     0.440791
17.7     0.448917
17.8     0.45036
17.9     0.465845
18     0.470806
18.1     0.479169
18.2     0.489596
18.3     0.497928
18.4     0.493878
18.5     0.506749
18.6     0.523883
18.7     0.525847
18.8     0.526895
18.9     0.541236
19     0.55699
19.1     0.559688
19.2     0.564029
19.3     0.578332
19.4     0.581455
19.5     0.562065
19.6     0.5666
19.7     0.572445
19.8     0.573082
19.9     0.578253
20     0.600853
20.1     0.607789
20.2     0.617497
20.3     0.633088
20.4     0.650462
20.5     0.655198
20.6     0.662837
20.7     0.671769
20.8     0.659735
20.9     0.666907
21     0.660457
21.1     0.663024
21.2     0.671457
21.3     0.69327
21.4     0.715589
21.5     0.723469
21.6     0.728056
21.7     0.727204
21.8     0.733908
21.9     0.735271
22     0.761762
22.1     0.762818
22.2     0.763186
22.3     0.761794
22.4     0.771955
22.5     0.788244
22.6     0.805297
22.7     0.804266
22.8     0.803589
22.9     0.810268
23     0.80236
23.1     0.814478
23.2     0.816079
23.3     0.822972
23.4     0.821285
23.5     0.832713
23.6     0.82803
23.7     0.833413
23.8     0.846051
23.9     0.848489
24     0.846398
24.1     0.849146
24.2     0.836978
24.3     0.831276
24.4     0.838534
24.5     0.835235
24.6     0.821356
24.7     0.833008
24.8     0.817016
24.9     0.813262
25     0.804807
25.1     0.796782
25.2     0.783851
25.3     0.79743
25.4     0.803391
25.5     0.811773
25.6     0.811284
25.7     0.802419
25.8     0.809139
25.9     0.804101
26     0.788333
26.1     0.793282
26.2     0.801048
26.3     0.796059
26.4     0.792375
26.5     0.792684
26.6     0.787457
26.7     0.795699
26.8     0.797252
26.9     0.793696
27     0.795618
27.1     0.80027
27.2     0.80956
27.3     0.807313
27.4     0.808016
27.5     0.811729
27.6     0.79598
27.7     0.805204
27.8     0.81845
27.9     0.835435
28     0.841167
28.1     0.832529
28.2     0.838279
28.3     0.845959
28.4     0.839263
28.5     0.821432
28.6     0.830453
28.7     0.819324
28.8     0.8229
28.9     0.824357
29     0.811931
29.1     0.813105
29.2     0.800127
29.3     0.812731
29.4     0.815777
29.5     0.814536
29.6     0.812257
29.7     0.804126
29.8     0.818722
29.9     0.832848
30     0.842762
30.1     0.853125
30.2     0.862111
30.3     0.868187
30.4     0.856441
30.5     0.866261
30.6     0.878565
30.7     0.882582
30.8     0.886576
30.9     0.892898
31     0.889866
31.1     0.891313
31.2     0.897569
31.3     0.903175
31.4     0.909857
31.5     0.908595
31.6     0.909216
31.7     0.907202
31.8     0.902103
31.9     0.886784
32     0.887899
32.1     0.888655
32.2     0.89133
32.3     0.882363
32.4     0.882231
32.5     0.889861
32.6     0.891621
32.7     0.900113
32.8     0.912592
32.9     0.915715
33     0.922702
33.1     0.923961
33.2     0.914478
33.3     0.913217
33.4     0.905376
33.5     0.908975
33.6     0.907344
33.7     0.907677
33.8     0.90035
33.9     0.894794
34     0.898319
34.1     0.894857
34.2     0.897959
34.3     0.897075
34.4     0.888624
34.5     0.873488
34.6     0.873466
34.7     0.86682
34.8     0.868278
34.9     0.849859
35     0.850771
35.1     0.845402
35.2     0.852625
35.3     0.849409
35.4     0.854123
35.5     0.852236
35.6     0.843146
35.7     0.841629
35.8     0.822865
35.9     0.817526
36     0.818427
36.1     0.808452
36.2     0.808169
36.3     0.804464
36.4     0.807382
36.5     0.81
36.6     0.818058
36.7     0.818818
36.8     0.819525
36.9     0.819555
37     0.826315
37.1     0.824025
37.2     0.82089
37.3     0.824635
37.4     0.81361
37.5     0.801917
37.6     0.807049
37.7     0.812352
37.8     0.815395
37.9     0.807052
38     0.814008
38.1     0.813133
38.2     0.814038
38.3     0.814993
38.4     0.820752
38.5     0.821342
38.6     0.826315
38.7     0.837529
38.8     0.848281
38.9     0.850877
39     0.859441
39.1     0.857249
39.2     0.859303
39.3     0.868224
39.4     0.872812
39.5     0.87516
39.6     0.882449
39.7     0.87915
39.8     0.888911
39.9     0.888721
40     0.883347
40.1     0.885614
40.2     0.885156
40.3     0.884896
40.4     0.893867
40.5     0.895318
40.6     0.885917
40.7     0.883954
40.8     0.889212
40.9     0.889335
41     0.886349
41.1     0.881087
41.2     0.884507
41.3     0.886591
41.4     0.887664
41.5     0.88175
41.6     0.873726
41.7     0.873964
41.8     0.87281
41.9     0.871262
42     0.863969
42.1     0.862727
42.2     0.867076
42.3     0.861388
42.4     0.860836
42.5     0.83963
42.6     0.847723
42.7     0.852643
42.8     0.854763
42.9     0.857505
43     0.865398
43.1     0.876258
43.2     0.875714
43.3     0.868662
43.4     0.863652
43.5     0.863791
43.6     0.864876
43.7     0.856794
43.8     0.860641
43.9     0.865861
44     0.864464
44.1     0.868481
44.2     0.871037
44.3     0.870062
44.4     0.872138
44.5     0.874167
44.6     0.882308
44.7     0.875865
44.8     0.875813
44.9     0.880898
45     0.877946
45.1     0.87852
45.2     0.870876
45.3     0.874707
45.4     0.888031
45.5     0.90186
45.6     0.897587
45.7     0.896396
45.8     0.898429
45.9     0.899127
46     0.896967
46.1     0.898823
46.2     0.911856
46.3     0.907794
46.4     0.916263
46.5     0.915551
46.6     0.915771
46.7     0.914197
46.8     0.917566
46.9     0.91896
47     0.906385
47.1     0.907048
47.2     0.910432
47.3     0.915029
47.4     0.924337
47.5     0.924565
47.6     0.92256
47.7     0.92618
47.8     0.931096
47.9     0.932678
48     0.929613
48.1     0.927523
48.2     0.928941
48.3     0.926251
48.4     0.923752
48.5     0.913792
48.6     0.912953
48.7     0.912142
48.8     0.919819
48.9     0.918361
49     0.920789
49.1     0.931341
49.2     0.934234
49.3     0.938194
49.4     0.938755
49.5     0.939285
49.6     0.927679
49.7     0.924563
49.8     0.911875
49.9     0.917339
50     0.921442
50.1     0.923691
50.2     0.924269
50.3     0.93254
50.4     0.927766
50.5     0.925694
50.6     0.925551
50.7     0.923226
50.8     0.91986
50.9     0.914822
51     0.915498
51.1     0.911891
51.2     0.903708
51.3     0.908498
51.4     0.900525
51.5     0.910956
51.6     0.910977
51.7     0.916298
51.8     0.923993
51.9     0.915614
52     0.914444
52.1     0.908068
52.2     0.911372
52.3     0.90306
52.4     0.894749
52.5     0.892747
52.6     0.890071
52.7     0.891885
52.8     0.887483
52.9     0.884579
53     0.887447
53.1     0.88538
53.2     0.882877
53.3     0.870509
53.4     0.868951
53.5     0.862855
53.6     0.862805
53.7     0.865435
53.8     0.861604
53.9     0.862234
54     0.870929
54.1     0.87598
54.2     0.873708
54.3     0.880289
54.4     0.873205
54.5     0.878761
54.6     0.883576
54.7     0.89399
54.8     0.890263
54.9     0.891504
55     0.890415
55.1     0.887348
55.2     0.882934
55.3     0.883721
55.4     0.885527
55.5     0.887476
55.6     0.885423
55.7     0.89078
55.8     0.898708
55.9     0.905339
56     0.917926
56.1     0.926292
56.2     0.922394
56.3     0.932819
56.4     0.930308
56.5     0.919106
56.6     0.915469
56.7     0.919658
56.8     0.916731
56.9     0.913631
57     0.916832
57.1     0.920436
57.2     0.916163
57.3     0.913243
57.4     0.916855
57.5     0.925987
57.6     0.92207
57.7     0.922232
57.8     0.915378
57.9     0.922678
58     0.914329
58.1     0.915282
58.2     0.91703
58.3     0.91813
58.4     0.915798
58.5     0.926367
58.6     0.928052
58.7     0.926615
58.8     0.920348
58.9     0.921038
59     0.917854
59.1     0.92137
59.2     0.927696
59.3     0.924204
59.4     0.925939
59.5     0.918824
59.6     0.918557
59.7     0.926236
59.8     0.92306
59.9     0.913422
60     0.913173
60.1     0.919743
60.2     0.911958
60.3     0.912775
60.4     0.920128
60.5     0.921028
60.6     0.914022
60.7     0.923969
60.8     0.918393
60.9     0.904756
61     0.903322
61.1     0.909491
61.2     0.915518
61.3     0.915095
61.4     0.918482
61.5     0.927166
61.6     0.92971
61.7     0.929759
61.8     0.942098
61.9     0.936408
62     0.934385
62.1     0.93119
62.2     0.940841
62.3     0.940493
62.4     0.942275
62.5     0.935108
62.6     0.931487
62.7     0.927908
62.8     0.930658
62.9     0.936042
63     0.932526
63.1     0.933499
63.2     0.932697
63.3     0.939861
63.4     0.940732
63.5     0.944682
63.6     0.931615
63.7     0.926021
63.8     0.920485
63.9     0.921544
64     0.923709
64.1     0.927492
64.2     0.919893
64.3     0.929171
64.4     0.932097
64.5     0.924864
64.6     0.92358
64.7     0.910428
64.8     0.916852
64.9     0.91178
65     0.901252
65.1     0.90359
65.2     0.898336
65.3     0.895456
65.4     0.899214
65.5     0.891839
65.6     0.895613
65.7     0.893165
65.8     0.89901
65.9     0.896463
66     0.894592
66.1     0.880375
66.2     0.879123
66.3     0.888023
66.4     0.897588
66.5     0.893482
66.6     0.899884
66.7     0.896612
66.8     0.898325
66.9     0.888896
67     0.876773
67.1     0.885124
67.2     0.880909
67.3     0.882982
67.4     0.8911
67.5     0.885301
67.6     0.891082
67.7     0.891242
67.8     0.885691
67.9     0.887714
68     0.891476
68.1     0.894509
68.2     0.900574
68.3     0.895187
68.4     0.895367
68.5     0.897119
68.6     0.894746
68.7     0.890876
68.8     0.87458
68.9     0.88965
69     0.885742
69.1     0.881583
69.2     0.882794
69.3     0.878573
69.4     0.896946
69.5     0.900251
69.6     0.89361
69.7     0.89954
69.8     0.9022
69.9     0.906564
70     0.905987
70.1     0.911016
70.2     0.911354
70.3     0.910654
70.4     0.913518
70.5     0.910475
70.6     0.903538
70.7     0.904127
70.8     0.907677
70.9     0.913751
71     0.915043
71.1     0.92098
71.2     0.923341
71.3     0.922561
71.4     0.922427
71.5     0.926245
71.6     0.931013
71.7     0.924775
71.8     0.920846
71.9     0.911366
72     0.90997
72.1     0.916401
72.2     0.909078
72.3     0.899961
72.4     0.894417
72.5     0.87985
72.6     0.889
72.7     0.877614
72.8     0.875308
72.9     0.87747
73     0.879217
73.1     0.881912
73.2     0.888594
73.3     0.890527
73.4     0.894604
73.5     0.902048
73.6     0.902828
73.7     0.90295
73.8     0.90639
73.9     0.912172
74     0.913635
74.1     0.912763
74.2     0.912396
74.3     0.909823
74.4     0.917372
74.5     0.910836
74.6     0.911185
74.7     0.913595
74.8     0.912431
74.9     0.920073
75     0.919611
75.1     0.911852
75.2     0.915667
75.3     0.918147
75.4     0.913994
75.5     0.907799
75.6     0.906872
75.7     0.909483
75.8     0.902736
75.9     0.900536
76     0.897385
76.1     0.899451
76.2     0.908323
76.3     0.908161
76.4     0.902865
76.5     0.906033
76.6     0.897552
76.7     0.898961
76.8     0.896228
76.9     0.905777
77     0.905023
77.1     0.891867
77.2     0.89479
77.3     0.895994
77.4     0.886388
77.5     0.887565
77.6     0.883635
77.7     0.877401
77.8     0.87276
77.9     0.875604
78     0.878512
78.1     0.8841
78.2     0.884552
78.3     0.884579
78.4     0.888936
78.5     0.880146
78.6     0.885011
78.7     0.89094
78.8     0.89885
78.9     0.890727
79     0.887919
79.1     0.877867
79.2     0.870889
79.3     0.869158
79.4     0.869687
79.5     0.864137
79.6     0.864489
79.7     0.866029
79.8     0.873874
79.9     0.876398
80     0.879439
80.1     0.880831
80.2     0.888174
80.3     0.892292
80.4     0.885296
80.5     0.89269
80.6     0.880214
80.7     0.890464
80.8     0.885111
80.9     0.887663
81     0.889415
81.1     0.888764
81.2     0.875007
81.3     0.874967
81.4     0.864858
81.5     0.862586
81.6     0.854358
81.7     0.854661
81.8     0.842612
81.9     0.854649
82     0.845304
82.1     0.847914
82.2     0.849989
82.3     0.848107
82.4     0.856457
82.5     0.850654
82.6     0.859332
82.7     0.861323
82.8     0.865834
82.9     0.862425
83     0.866225
83.1     0.869154
83.2     0.872984
83.3     0.879764
83.4     0.883302
83.5     0.881953
83.6     0.874519
83.7     0.879478
83.8     0.891994
83.9     0.887456
84     0.886438
84.1     0.885549
84.2     0.885462
84.3     0.891978
84.4     0.88177
84.5     0.874147
84.6     0.879995
84.7     0.877637
84.8     0.882788
84.9     0.878817
85     0.873804
85.1     0.872712
85.2     0.87154
85.3     0.866351
85.4     0.872674
85.5     0.8863
85.6     0.887122
85.7     0.885294
85.8     0.881009
85.9     0.886718
86     0.88814
86.1     0.893564
86.2     0.88998
86.3     0.895465
86.4     0.89124
86.5     0.89657
86.6     0.88949
86.7     0.882814
86.8     0.88667
86.9     0.882764
87     0.887135
87.1     0.887684
87.2     0.884639
87.3     0.884135
87.4     0.873964
87.5     0.87965
87.6     0.877419
87.7     0.872596
87.8     0.868288
87.9     0.871345
88     0.868297
88.1     0.86412
88.2     0.865944
88.3     0.871341
88.4     0.874119
88.5     0.879431
88.6     0.86593
88.7     0.874916
88.8     0.874702
88.9     0.868225
89     0.876518
89.1     0.87067
89.2     0.868697
89.3     0.861003
89.4     0.859946
89.5     0.866909
89.6     0.869554
89.7     0.863797
89.8     0.859135
89.9     0.862162
90     0.862795
90.1     0.870496
90.2     0.868455
90.3     0.862608
90.4     0.863864
90.5     0.868799
90.6     0.870143
90.7     0.874071
90.8     0.874603
90.9     0.86584
91     0.865713
91.1     0.871539
91.2     0.868279
91.3     0.867262
91.4     0.86787
91.5     0.873208
91.6     0.874352
91.7     0.876165
91.8     0.889252
91.9     0.886614
92     0.896789
92.1     0.896301
92.2     0.902384
92.3     0.901179
92.4     0.897184
92.5     0.896588
92.6     0.891733
92.7     0.879804
92.8     0.879521
92.9     0.864821
93     0.868728
93.1     0.863454
93.2     0.867863
93.3     0.875021
93.4     0.867673
93.5     0.872336
93.6     0.861676
93.7     0.868414
93.8     0.87429
93.9     0.873849
94     0.880247
94.1     0.891587
94.2     0.893592
94.3     0.899114
94.4     0.908063
94.5     0.907587
94.6     0.917672
94.7     0.919557
94.8     0.917438
94.9     0.922406
95     0.921484
95.1     0.91382
95.2     0.917325
95.3     0.910142
95.4     0.911
95.5     0.914314
95.6     0.918015
95.7     0.918266
95.8     0.922869
95.9     0.923526
96     0.918203
96.1     0.919313
96.2     0.921599
96.3     0.919106
96.4     0.929626
96.5     0.923836
96.6     0.921176
96.7     0.919287
96.8     0.915097
96.9     0.923573
97     0.911251
97.1     0.909375
97.2     0.905003
97.3     0.899593
97.4     0.90104
97.5     0.894824
97.6     0.893786
97.7     0.899834
97.8     0.898114
97.9     0.903464
98     0.898152
98.1     0.897415
98.2     0.90489
98.3     0.908822
98.4     0.909783
98.5     0.910062
98.6     0.909291
98.7     0.909461
98.8     0.912918
98.9     0.907913
99     0.912517
99.1     0.910765
99.2     0.905783
99.3     0.907467
99.4     0.907095
99.5     0.908847
99.6     0.90504
99.7     0.894159
99.8     0.903692
99.9     0.909723
