0     0.173145
0.1     0.17471
0.2     0.168658
0.3     0.161532
0.4     0.160183
0.5     0.164965
0.6     0.186744
0.7     0.168255
0.8     0.179706
0.9     0.190887
1     0.202922
1.1     0.185439
1.2     0.17638
1.3     0.163651
1.4     0.163767
1.5     0.169066
1.6     0.179761
1.7     0.176919
1.8     0.181755
1.9     0.186852
2     0.192969
2.1     0.1907
2.2     0.194546
2.3     0.199771
2.4     0.190379
2.5     0.188832
2.6     0.187366
2.7     0.173655
2.8     0.173924
2.9     0.172192
3     0.158374
3.1     0.159045
3.2     0.159182
3.3     0.157707
3.4     0.156115
3.5     0.148509
3.6     0.160357
3.7     0.181354
3.8     0.173443
3.9     0.160547
4     0.161537
4.1     0.151663
4.2     0.155127
4.3     0.158616
4.4     0.164076
4.5     0.165119
4.6     0.154048
4.7     0.138355
4.8     0.129979
4.9     0.122846
5     0.125444
5.1     0.134444
5.2     0.139472
5.3     0.149061
5.4     0.149124
5.5     0.156077
5.6     0.146807
5.7     0.141944
5.8     0.13542
5.9     0.135106
6     0.129481
6.1     0.130277
6.2     0.125721
6.3     0.153035
6.4     0.146194
6.5     0.142488
6.6     0.146511
6.7     0.166399
6.8     0.149941
6.9     0.128663
7     0.133262
7.1     0.137848
7.2     0.130907
7.3     0.111725
7.4     0.110658
7.5     0.108572
7.6     0.11695
7.7     0.10044
7.8     0.104048
7.9     0.112713
8     0.118136
8.1     0.116539
8.2     0.096963
8.3     0.103382
8.4     0.0994692
8.5     0.113397
8.6     0.109751
8.7     0.114799
8.8     0.12169
8.9     0.126754
9     0.118237
9.1     0.123168
9.2     0.123082
9.3     0.124464
9.4     0.107811
9.5     0.113325
9.6     0.0999989
9.7     0.0903427
9.8     0.0986726
9.9     0.0975328
10     0.101089
10.1     0.109651
10.2     0.119914
10.3     0.131636
10.4     0.156441
10.5     0.14848
10.6     0.136045
10.7     0.139459
10.8     0.136694
10.9     0.131629
11     0.139001
11.1     0.145884
11.2     0.140703
11.3     0.121852
11.4     0.125611
11.5     0.108886
11.6     0.124278
11.7     0.12389
11.8     0.132082
11.9     0.126885
12     0.121254
12.1     0.129476
12.2     0.120169
12.3     0.118195
12.4     0.114206
12.5     0.106463
12.6     0.109385
12.7     0.127217
12.8     0.11927
12.9     0.11656
13     0.129128
13.1     0.139788
13.2     0.144779
13.3     0.14135
13.4     0.152527
13.5     0.160158
13.6     0.159185
13.7     0.15425
13.8     0.16714
13.9     0.182187
14     0.179269
14.1     0.16867
14.2     0.16678
14.3     0.168884
14.4     0.183345
14.5     0.203295
14.6     0.212418
14.7     0.206394
14.8     0.210472
14.9     0.216854
15     0.216394
15.1     0.221058
15.2     0.222714
15.3     0.207689
15.4     0.222297
15.5     0.229211
15.6     0.232029
15.7     0.212473
15.8     0.200251
15.9     0.211928
16     0.219936
16.1     0.205445
16.2     0.215961
16.3     0.21138
16.4     0.215838
16.5     0.219473
16.6     0.234866
16.7     0.218781
16.8     0.214849
16.9     0.200584
17     0.201588
17.1     0.203443
17.2     0.203006
17.3     0.19254
17.4     0.190957
17.5     0.204029
17.6     0.210616
17.7     0.188838
17.8     0.181054
17.9     0.173633
18     0.18273
18.1     0.180297
18.2     0.174814
18.3     0.16624
18.4     0.177996
18.5     0.175652
18.6     0.177908
18.7     0.186359
18.8     0.183603
18.9     0.199521
19     0.191535
19.1     0.187887
19.2     0.195621
19.3     0.204023
19.4     0.214402
19.5     0.226633
19.6     0.226292
19.7     0.218419
19.8     0.213896
19.9     0.200024
20     0.189567
20.1     0.160711
20.2     0.154887
20.3     0.162456
20.4     0.182211
20.5     0.186696
20.6     0.192345
20.7     0.195701
20.8     0.204654
20.9     0.217644
21     0.224222
21.1     0.22518
21.2     0.248695
21.3     0.245635
21.4     0.25781
21.5     0.265727
21.6     0.264419
21.7     0.264559
21.8     0.251218
21.9     0.266921
22     0.269855
22.1     0.274925
22.2     0.264782
22.3     0.264692
22.4     0.267966
22.5     0.262579
22.6     0.266483
22.7     0.286145
22.8     0.268228
22.9     0.271785
23     0.256697
23.1     0.256253
23.2     0.264415
23.3     0.264434
23.4     0.275917
23.5     0.291621
23.6     0.299744
23.7     0.300738
23.8     0.299624
23.9     0.316709
24     0.334954
24.1     0.331858
24.2     0.33359
24.3     0.334616
24.4     0.326319
24.5     0.324312
24.6     0.322804
24.7     0.305621
24.8     0.307033
24.9     0.30544
25     0.322497
25.1     0.32001
25.2     0.320083
25.3     0.324039
25.4     0.317782
25.5     0.316881
25.6     0.312871
25.7     0.319235
25.8     0.323883
25.9     0.30758
26     0.308473
26.1     0.306553
26.2     0.292847
26.3     0.298346
26.4     0.292846
26.5     0.279037
26.6     0.277096
26.7     0.271679
26.8     0.276358
26.9     0.269248
27     0.2648
27.1     0.269434
27.2     0.26043
27.3     0.250969
27.4     0.251751
27.5     0.247877
27.6     0.262784
27.7     0.268195
27.8     0.255561
27.9     0.252723
28     0.254341
28.1     0.254767
28.2     0.259872
28.3     0.272794
28.4     0.28008
28.5     0.282496
28.6     0.299094
28.7     0.291657
28.8     0.303006
28.9     0.316206
29     0.304115
29.1     0.294945
29.2     0.290644
29.3     0.294078
29.4     0.285549
29.5     0.295134
29.6     0.309508
29.7     0.300041
29.8     0.290969
29.9     0.290055
30     0.290753
30.1     0.305988
30.2     0.299839
30.3     0.295335
30.4     0.297429
30.5     0.303664
30.6     0.316815
30.7     0.330179
30.8     0.346068
30.9     0.350654
31     0.361228
31.1     0.365143
31.2     0.355971
31.3     0.347576
31.4     0.332714
31.5     0.336697
31.6     0.34381
31.7     0.357433
31.8     0.354237
31.9     0.352717
32     0.349005
32.1     0.34523
32.2     0.341734
32.3     0.339012
32.4     0.357112
32.5     0.368096
32.6     0.368841
32.7     0.375484
32.8     0.388779
32.9     0.396275
33     0.386671
33.1     0.389417
33.2     0.375963
33.3     0.381018
33.4     0.390745
33.5     0.376238
33.6     0.368456
33.7     0.369742
33.8     0.363216
33.9     0.363501
34     0.366317
34.1     0.382886
34.2     0.400379
34.3     0.40804
34.4     0.399126
34.5     0.420451
34.6     0.421239
34.7     0.405761
34.8     0.394343
34.9     0.377072
35     0.343492
35.1     0.348402
35.2     0.331567
35.3     0.335852
35.4     0.337409
35.5     0.347981
35.6     0.362133
35.7     0.375051
35.8     0.385021
35.9     0.394558
36     0.404513
36.1     0.412901
36.2     0.427339
36.3     0.416618
36.4     0.419326
36.5     0.417343
36.6     0.412356
36.7     0.421363
36.8     0.429972
36.9     0.436118
37     0.41798
37.1     0.42183
37.2     0.442022
37.3     0.456706
37.4     0.46201
37.5     0.460351
37.6     0.450934
37.7     0.455787
37.8     0.434457
37.9     0.419385
38     0.425731
38.1     0.426764
38.2     0.428743
38.3     0.433094
38.4     0.442009
38.5     0.435273
38.6     0.440295
38.7     0.452085
38.8     0.443113
38.9     0.432019
39     0.425337
39.1     0.44267
39.2     0.442288
39.3     0.438352
39.4     0.442765
39.5     0.451726
39.6     0.45453
39.7     0.458658
39.8     0.462891
39.9     0.463118
40     0.464036
40.1     0.472284
40.2     0.463048
40.3     0.455178
40.4     0.458345
40.5     0.460477
40.6     0.455728
40.7     0.469089
40.8     0.487224
40.9     0.492163
41     0.496631
41.1     0.506687
41.2     0.523101
41.3     0.505892
41.4     0.520715
41.5     0.507969
41.6     0.496664
41.7     0.490952
41.8     0.497552
41.9     0.46711
42     0.468734
42.1     0.469015
42.2     0.476504
42.3     0.49411
42.4     0.510619
42.5     0.510141
42.6     0.512092
42.7     0.52846
42.8     0.532542
42.9     0.526255
43     0.522475
43.1     0.510621
43.2     0.485513
43.3     0.481682
43.4     0.469762
43.5     0.473866
43.6     0.487675
43.7     0.491731
43.8     0.49786
43.9     0.507776
44     0.493768
44.1     0.495389
44.2     0.504564
44.3     0.504664
44.4     0.507184
44.5     0.51734
44.6     0.523872
44.7     0.531211
44.8     0.536584
44.9     0.52458
45     0.5268
45.1     0.540456
45.2     0.53921
45.3     0.546312
45.4     0.535992
45.5     0.533822
45.6     0.523755
45.7     0.537528
45.8     0.53023
45.9     0.538143
46     0.535677
46.1     0.536529
46.2     0.526308
46.3     0.515102
46.4     0.499489
46.5     0.482645
46.6     0.4947
46.7     0.525998
46.8     0.520804
46.9     0.498821
47     0.489541
47.1     0.480765
47.2     0.474833
47.3     0.47247
47.4     0.478546
47.5     0.472098
47.6     0.49
47.7     0.481905
47.8     0.470246
47.9     0.455652
48     0.459114
48.1     0.451285
48.2     0.452326
48.3     0.443061
48.4     0.442385
48.5     0.438486
48.6     0.444056
48.7     0.447794
48.8     0.444336
48.9     0.461908
49     0.464192
49.1     0.453153
49.2     0.471304
49.3     0.480603
49.4     0.484606
49.5     0.50766
49.6     0.527741
49.7     0.533133
49.8     0.548696
49.9     0.554322
50     0.557872
50.1     0.554219
50.2     0.5565
50.3     0.549919
50.4     0.54764
50.5     0.542851
50.6     0.552759
50.7     0.569628
50.8     0.56487
50.9     0.568252
51     0.571423
51.1     0.572436
51.2     0.579098
51.3     0.583739
51.4     0.588484
51.5     0.600893
51.6     0.596998
51.7     0.601124
51.8     0.597535
51.9     0.587269
52     0.59346
52.1     0.603002
52.2     0.59826
52.3     0.60404
52.4     0.591449
52.5     0.602651
52.6     0.597021
52.7     0.593701
52.8     0.595047
52.9     0.606389
53     0.607754
53.1     0.599217
53.2     0.584925
53.3     0.58969
53.4     0.589532
53.5     0.596001
53.6     0.597256
53.7     0.59531
53.8     0.594612
53.9     0.599896
54     0.588577
54.1     0.583712
54.2     0.576629
54.3     0.584243
54.4     0.572867
54.5     0.567617
54.6     0.554321
54.7     0.531191
54.8     0.5237
54.9     0.529496
55     0.547328
55.1     0.551812
55.2     0.551701
55.3     0.557624
55.4     0.558891
55.5     0.546838
55.6     0.540726
55.7     0.54742
55.8     0.547599
55.9     0.556539
56     0.561285
56.1     0.569922
56.2     0.5825
56.3     0.579559
56.4     0.592629
56.5     0.592202
56.6     0.592957
56.7     0.590692
56.8     0.589011
56.9     0.574996
57     0.565673
57.1     0.547917
57.2     0.540287
57.3     0.527344
57.4     0.540761
57.5     0.548536
57.6     0.539474
57.7     0.540547
57.8     0.563898
57.9     0.57958
58     0.581722
58.1     0.584889
58.2     0.590467
58.3     0.585713
58.4     0.568957
58.5     0.567047
58.6     0.572377
58.7     0.571415
58.8     0.570549
58.9     0.572833
59     0.583026
59.1     0.570893
59.2     0.577664
59.3     0.559482
59.4     0.566431
59.5     0.566277
59.6     0.592418
59.7     0.601631
59.8     0.624219
59.9     0.611896
60     0.61073
60.1     0.618504
60.2     0.627191
60.3     0.610278
60.4     0.608554
60.5     0.606715
60.6     0.609096
60.7     0.622208
60.8     0.646836
60.9     0.642785
61     0.652952
61.1     0.651739
61.2     0.65339
61.3     0.652508
61.4     0.646464
61.5     0.647223
61.6     0.665783
61.7     0.668471
61.8     0.670213
61.9     0.675746
62     0.6819
62.1     0.687772
62.2     0.690167
62.3     0.700817
62.4     0.69765
62.5     0.719512
62.6     0.719733
62.7     0.718835
62.8     0.719729
62.9     0.7249
63     0.723082
63.1     0.709557
63.2     0.713267
63.3     0.721834
63.4     0.717343
63.5     0.712332
63.6     0.715582
63.7     0.702577
63.8     0.699237
63.9     0.701947
64     0.706932
64.1     0.720771
64.2     0.707426
64.3     0.722349
64.4     0.725226
64.5     0.724717
64.6     0.715779
64.7     0.716938
64.8     0.721082
64.9     0.721025
65     0.727144
65.1     0.731019
65.2     0.73995
65.3     0.742219
65.4     0.729492
65.5     0.758448
65.6     0.75588
65.7     0.745455
65.8     0.740866
65.9     0.752041
66     0.747685
66.1     0.724802
66.2     0.713227
66.3     0.715745
66.4     0.729289
66.5     0.745014
66.6     0.74259
66.7     0.74412
66.8     0.745581
66.9     0.74479
67     0.724511
67.1     0.7326
67.2     0.721417
67.3     0.713634
67.4     0.725462
67.5     0.725157
67.6     0.718312
67.7     0.708833
67.8     0.718611
67.9     0.722691
68     0.728106
68.1     0.720269
68.2     0.719356
68.3     0.722131
68.4     0.717554
68.5     0.719933
68.6     0.713725
68.7     0.690685
68.8     0.699331
68.9     0.694133
69     0.701061
69.1     0.710458
69.2     0.722821
69.3     0.72347
69.4     0.723486
69.5     0.716197
69.6     0.71284
69.7     0.709545
69.8     0.690805
69.9     0.687269
70     0.692831
70.1     0.69099
70.2     0.689187
70.3     0.683482
70.4     0.684873
70.5     0.692806
70.6     0.709129
70.7     0.704765
70.8     0.691768
70.9     0.686609
71     0.69259
71.1     0.694889
71.2     0.699122
71.3     0.69884
71.4     0.693782
71.5     0.697145
71.6     0.697977
71.7     0.687987
71.8     0.688922
71.9     0.686851
72     0.672933
72.1     0.681371
72.2     0.688361
72.3     0.684167
72.4     0.681015
72.5     0.673834
72.6     0.653646
72.7     0.653708
72.8     0.65434
72.9     0.652062
73     0.640625
73.1     0.649641
73.2     0.635375
73.3     0.640801
73.4     0.649945
73.5     0.657803
73.6     0.648963
73.7     0.646947
73.8     0.656293
73.9     0.653718
74     0.66547
74.1     0.661773
74.2     0.669905
74.3     0.67748
74.4     0.665196
74.5     0.653316
74.6     0.641518
74.7     0.653218
74.8     0.650066
74.9     0.651005
75     0.654936
75.1     0.660083
75.2     0.661072
75.3     0.657654
75.4     0.639013
75.5     0.641792
75.6     0.661619
75.7     0.651312
75.8     0.643003
75.9     0.647398
76     0.631214
76.1     0.635249
76.2     0.626959
76.3     0.650764
76.4     0.634061
76.5     0.649694
76.6     0.645101
76.7     0.636399
76.8     0.627543
76.9     0.633421
77     0.64138
77.1     0.640779
77.2     0.638858
77.3     0.647826
77.4     0.631163
77.5     0.631213
77.6     0.62318
77.7     0.637262
77.8     0.637174
77.9     0.628436
78     0.627967
78.1     0.624125
78.2     0.60968
78.3     0.605826
78.4     0.609903
78.5     0.595428
78.6     0.618528
78.7     0.623344
78.8     0.633642
78.9     0.629089
79     0.635944
79.1     0.644634
79.2     0.652983
79.3     0.66391
79.4     0.655863
79.5     0.657459
79.6     0.64191
79.7     0.641697
79.8     0.642176
79.9     0.650929
80     0.640982
80.1     0.665268
80.2     0.66014
80.3     0.652738
80.4     0.66558
80.5     0.663772
80.6     0.667738
80.7     0.676679
80.8     0.672806
80.9     0.674838
81     0.668528
81.1     0.656579
81.2     0.662529
81.3     0.66933
81.4     0.679255
81.5     0.685527
81.6     0.675604
81.7     0.681035
81.8     0.667176
81.9     0.669292
82     0.656309
82.1     0.655941
82.2     0.653192
82.3     0.657789
82.4     0.649881
82.5     0.649456
82.6     0.664714
82.7     0.668979
82.8     0.682417
82.9     0.68382
83     0.678229
83.1     0.686101
83.2     0.705951
83.3     0.710756
83.4     0.712548
83.5     0.717495
83.6     0.718728
83.7     0.725555
83.8     0.718697
83.9     0.704972
84     0.731212
84.1     0.71782
84.2     0.710881
84.3     0.705703
84.4     0.701057
84.5     0.705096
84.6     0.712385
84.7     0.725042
84.8     0.730908
84.9     0.727085
85     0.74193
85.1     0.749601
85.2     0.760985
85.3     0.760172
85.4     0.751172
85.5     0.753528
85.6     0.75006
85.7     0.743595
85.8     0.742412
85.9     0.744842
86     0.754156
86.1     0.752213
86.2     0.741806
86.3     0.757032
86.4     0.750069
86.5     0.747691
86.6     0.734395
86.7     0.729541
86.8     0.736153
86.9     0.741772
87     0.743872
87.1     0.740112
87.2     0.749591
87.3     0.756109
87.4     0.759065
87.5     0.760593
87.6     0.768304
87.7     0.770653
87.8     0.77913
87.9     0.787113
88     0.778037
88.1     0.772135
88.2     0.769528
88.3     0.760141
88.4     0.77276
88.5     0.759866
88.6     0.75796
88.7     0.751893
88.8     0.770195
88.9     0.765165
89     0.777091
89.1     0.778176
89.2     0.767948
89.3     0.758695
89.4     0.764778
89.5     0.752386
89.6     0.743667
89.7     0.759992
89.8     0.757259
89.9     0.758739
90     0.759403
90.1     0.741546
90.2     0.728552
90.3     0.730334
90.4     0.708446
90.5     0.729982
90.6     0.746078
90.7     0.742024
90.8     0.747737
90.9     0.751123
91     0.746129
91.1     0.758722
91.2     0.757026
91.3     0.759253
91.4     0.763705
91.5     0.758
91.6     0.763777
91.7     0.760551
91.8     0.75984
91.9     0.770214
92     0.762975
92.1     0.76475
92.2     0.744175
92.3     0.750449
92.4     0.766693
92.5     0.780517
92.6     0.791304
92.7     0.790727
92.8     0.7943
92.9     0.797746
93     0.794097
93.1     0.806905
93.2     0.805166
93.3     0.801284
93.4     0.813185
93.5     0.813712
93.6     0.807687
93.7     0.799157
93.8     0.794297
93.9     0.789104
94     0.796275
94.1     0.800361
94.2     0.801815
94.3     0.802483
94.4     0.809485
94.5     0.825443
94.6     0.823989
94.7     0.826452
94.8     0.828469
94.9     0.815695
95     0.815678
95.1     0.825382
95.2     0.826808
95.3     0.822791
95.4     0.827304
95.5     0.831091
95.6     0.827303
95.7     0.838068
95.8     0.843269
95.9     0.846849
96     0.850192
96.1     0.848244
96.2     0.852404
96.3     0.84438
96.4     0.848873
96.5     0.840473
96.6     0.838641
96.7     0.852164
96.8     0.859822
96.9     0.855863
97     0.851073
97.1     0.847841
97.2     0.841838
97.3     0.847767
97.4     0.856417
97.5     0.859429
97.6     0.857062
97.7     0.862752
97.8     0.862592
97.9     0.858733
98     0.865107
98.1     0.868737
98.2     0.862564
98.3     0.862047
98.4     0.853899
98.5     0.855117
98.6     0.840581
98.7     0.833297
98.8     0.827217
98.9     0.829037
99     0.836201
99.1     0.83424
99.2     0.825643
99.3     0.834352
99.4     0.840045
99.5     0.828669
99.6     0.81907
99.7     0.817426
99.8     0.818782
99.9     0.814527
