0     0.0211471
0.1     0.0114686
0.2     0.00722937
0.3     0.0298303
0.4     0.0514939
0.5     0.0505573
0.6     0.0552837
0.7     0.0616473
0.8     0.0668047
0.9     0.0654446
1     0.0451103
1.1     0.0508522
1.2     0.0194776
1.3     0.0135992
1.4     0.0148368
1.5     0.037224
1.6     0.045142
1.7     0.045476
1.8     0.057213
1.9     0.0589085
2     0.0564479
2.1     0.0622184
2.2     0.0789354
2.3     0.0854091
2.4     0.0995607
2.5     0.0978503
2.6     0.0900988
2.7     0.0809744
2.8     0.0777501
2.9     0.0666135
3     0.0632444
3.1     0.0692376
3.2     0.0665216
3.3     0.0894774
3.4     0.0996707
3.5     0.106863
3.6     0.106769
3.7     0.0985666
3.8     0.113866
3.9     0.132611
4     0.148452
4.1     0.152849
4.2     0.149484
4.3     0.146098
4.4     0.152902
4.5     0.150458
4.6     0.154114
4.7     0.165494
4.8     0.15972
4.9     0.153933
5     0.154261
5.1     0.151107
5.2     0.150797
5.3     0.160823
5.4     0.171063
5.5     0.17209
5.6     0.181516
5.7     0.202137
5.8     0.222633
5.9     0.222604
6     0.206431
6.1     0.203365
6.2     0.199245
6.3     0.189907
6.4     0.181872
6.5     0.194645
6.6     0.217184
6.7     0.214524
6.8     0.239631
6.9     0.214488
7     0.210821
7.1     0.227241
7.2     0.238799
7.3     0.221783
7.4     0.219173
7.5     0.219766
7.6     0.228142
7.7     0.256717
7.8     0.260941
7.9     0.245542
8     0.255704
8.1     0.240743
8.2     0.246494
8.3     0.239462
8.4     0.231827
8.5     0.234413
8.6     0.237925
8.7     0.239815
8.8     0.255863
8.9     0.263494
9     0.254414
9.1     0.259501
9.2     0.268178
9.3     0.252142
9.4     0.24648
9.5     0.251609
9.6     0.241499
9.7     0.257658
9.8     0.261869
9.9     0.259129
10     0.239436
10.1     0.232052
10.2     0.224376
10.3     0.242199
10.4     0.248671
10.5     0.250881
10.6     0.24971
10.7     0.250419
10.8     0.248176
10.9     0.244483
11     0.239447
11.1     0.234107
11.2     0.223905
11.3     0.249706
11.4     0.271747
11.5     0.275275
11.6     0.270866
11.7     0.264819
11.8     0.284897
11.9     0.291363
12     0.294961
12.1     0.294827
12.2     0.311141
12.3     0.306337
12.4     0.305001
12.5     0.297684
12.6     0.286119
12.7     0.268902
12.8     0.281428
12.9     0.291505
13     0.287793
13.1     0.294025
13.2     0.310905
13.3     0.335137
13.4     0.338209
13.5     0.332246
13.6     0.332114
13.7     0.32849
13.8     0.322657
13.9     0.327802
14     0.323221
14.1     0.316278
14.2     0.318688
14.3     0.294666
14.4     0.309605
14.5     0.304881
14.6     0.29658
14.7     0.296346
14.8     0.302908
14.9     0.306794
15     0.313407
15.1     0.311569
15.2     0.314415
15.3     0.30412
15.4     0.294809
15.5     0.290787
15.6     0.2619
15.7     0.270385
15.8     0.273534
15.9     0.278602
16     0.269058
16.1     0.270994
16.2     0.27124
16.3     0.267662
16.4     0.290534
16.5     0.275815
16.6     0.274389
16.7     0.274356
16.8     0.290258
16.9     0.28674
17     0.29657
17.1     0.277727
17.2     0.279688
17.3     0.275639
17.4     0.24367
17.5     0.243698
17.6     0.23655
17.7     0.23592
17.8     0.231484
17.9     0.233385
18     0.232447
18.1     0.238682
18.2     0.224256
18.3     0.21406
18.4     0.201492
18.5     0.199012
18.6     0.21278
18.7     0.221396
18.8     0.225463
18.9     0.221744
19     0.217449
19.1     0.230388
19.2     0.242888
19.3     0.232438
19.4     0.235919
19.5     0.242521
19.6     0.249951
19.7     0.247489
19.8     0.239292
19.9     0.239999
20     0.224363
20.1     0.217
20.2     0.217237
20.3     0.21127
20.4     0.222713
20.5     0.218776
20.6     0.211242
20.7     0.212917
20.8     0.220433
20.9     0.205524
21     0.218221
21.1     0.216155
21.2     0.222163
21.3     0.217878
21.4     0.226979
21.5     0.244698
21.6     0.248691
21.7     0.248639
21.8     0.239791
21.9     0.239367
22     0.250924
22.1     0.244775
22.2     0.245721
22.3     0.248004
22.4     0.236965
22.5     0.237891
22.6     0.237198
22.7     0.22659
22.8     0.242702
22.9     0.251938
23     0.256871
23.1     0.246049
23.2     0.257409
23.3     0.256084
23.4     0.272059
23.5     0.283605
23.6     0.277585
23.7     0.283816
23.8     0.280936
23.9     0.279251
24     0.278701
24.1     0.28402
24.2     0.288845
24.3     0.301529
24.4     0.303569
24.5     0.298069
24.6     0.307364
24.7     0.314753
24.8     0.308132
24.9     0.309687
25     0.308105
25.1     0.292239
25.2     0.281541
25.3     0.270619
25.4     0.286105
25.5     0.286424
25.6     0.298493
25.7     0.294474
25.8     0.302046
25.9     0.315298
26     0.320615
26.1     0.318517
26.2     0.322078
26.3     0.335251
26.4     0.341521
26.5     0.333128
26.6     0.345979
26.7     0.347798
26.8     0.344319
26.9     0.341639
27     0.359127
27.1     0.371301
27.2     0.384097
27.3     0.389368
27.4     0.40953
27.5     0.403158
27.6     0.399968
27.7     0.388872
27.8     0.388158
27.9     0.380944
28     0.382205
28.1     0.366977
28.2     0.361115
28.3     0.363174
28.4     0.361639
28.5     0.366616
28.6     0.355671
28.7     0.366856
28.8     0.359147
28.9     0.362425
29     0.386264
29.1     0.373122
29.2     0.369799
29.3     0.351549
29.4     0.358398
29.5     0.385675
29.6     0.374978
29.7     0.369326
29.8     0.369709
29.9     0.375722
30     0.374597
30.1     0.371245
30.2     0.370027
30.3     0.367928
30.4     0.360654
30.5     0.364263
30.6     0.374747
30.7     0.365416
30.8     0.378693
30.9     0.407298
31     0.424286
31.1     0.429697
31.2     0.437666
31.3     0.427774
31.4     0.417053
31.5     0.421537
31.6     0.408373
31.7     0.404526
31.8     0.397795
31.9     0.413475
32     0.419179
32.1     0.417196
32.2     0.416342
32.3     0.412164
32.4     0.429375
32.5     0.430721
32.6     0.421409
32.7     0.410087
32.8     0.422224
32.9     0.431608
33     0.424348
33.1     0.413966
33.2     0.394909
33.3     0.388058
33.4     0.389367
33.5     0.381362
33.6     0.396677
33.7     0.409246
33.8     0.411244
33.9     0.419779
34     0.428735
34.1     0.428459
34.2     0.422602
34.3     0.404197
34.4     0.41168
34.5     0.418847
34.6     0.428659
34.7     0.439942
34.8     0.428136
34.9     0.433973
35     0.424912
35.1     0.428129
35.2     0.438674
35.3     0.417401
35.4     0.406421
35.5     0.41629
35.6     0.42193
35.7     0.412893
35.8     0.401843
35.9     0.403345
36     0.412196
36.1     0.436003
36.2     0.441143
36.3     0.442843
36.4     0.432205
36.5     0.423243
36.6     0.414422
36.7     0.39936
36.8     0.397882
36.9     0.392593
37     0.387703
37.1     0.386208
37.2     0.38094
37.3     0.365762
37.4     0.356285
37.5     0.360912
37.6     0.346955
37.7     0.340986
37.8     0.343006
37.9     0.348307
38     0.345764
38.1     0.337945
38.2     0.336534
38.3     0.323908
38.4     0.336117
38.5     0.348175
38.6     0.348493
38.7     0.367469
38.8     0.366962
38.9     0.365601
39     0.360965
39.1     0.353301
39.2     0.38305
39.3     0.361071
39.4     0.369672
39.5     0.375016
39.6     0.376584
39.7     0.382315
39.8     0.389756
39.9     0.389418
40     0.390157
40.1     0.39476
40.2     0.388706
40.3     0.37926
40.4     0.384891
40.5     0.40124
40.6     0.416373
40.7     0.419669
40.8     0.403913
40.9     0.413521
41     0.413303
41.1     0.413468
41.2     0.41797
41.3     0.407204
41.4     0.4039
41.5     0.401142
41.6     0.393317
41.7     0.397902
41.8     0.404621
41.9     0.409653
42     0.429598
42.1     0.430055
42.2     0.430771
42.3     0.439335
42.4     0.429213
42.5     0.442662
42.6     0.44589
42.7     0.446639
42.8     0.446001
42.9     0.438135
43     0.436836
43.1     0.441453
43.2     0.428314
43.3     0.436955
43.4     0.429493
43.5     0.42852
43.6     0.430155
43.7     0.423509
43.8     0.439344
43.9     0.452668
44     0.458742
44.1     0.462419
44.2     0.459108
44.3     0.44819
44.4     0.44892
44.5     0.455607
44.6     0.449835
44.7     0.445946
44.8     0.444051
44.9     0.443064
45     0.440549
45.1     0.435168
45.2     0.412154
45.3     0.413568
45.4     0.417058
45.5     0.410324
45.6     0.411402
45.7     0.424094
45.8     0.428131
45.9     0.407581
46     0.41423
46.1     0.420945
46.2     0.413488
46.3     0.414787
46.4     0.410518
46.5     0.417112
46.6     0.444135
46.7     0.440586
46.8     0.444391
46.9     0.462246
47     0.457255
47.1     0.46797
47.2     0.474586
47.3     0.457562
47.4     0.445826
47.5     0.45167
47.6     0.443711
47.7     0.448367
47.8     0.450649
47.9     0.445315
48     0.426646
48.1     0.408285
48.2     0.398403
48.3     0.399392
48.4     0.406826
48.5     0.404065
48.6     0.407317
48.7     0.400475
48.8     0.404495
48.9     0.413643
49     0.402755
49.1     0.384752
49.2     0.379663
49.3     0.380753
49.4     0.391331
49.5     0.40657
49.6     0.400668
49.7     0.405187
49.8     0.402648
49.9     0.414139
50     0.42001
50.1     0.417427
50.2     0.419661
50.3     0.414989
50.4     0.418752
50.5     0.411497
50.6     0.417076
50.7     0.424473
50.8     0.410921
50.9     0.411507
51     0.408882
51.1     0.393349
51.2     0.406209
51.3     0.394713
51.4     0.383395
51.5     0.40075
51.6     0.404195
51.7     0.403054
51.8     0.415704
51.9     0.421211
52     0.433592
52.1     0.430928
52.2     0.432254
52.3     0.430623
52.4     0.426514
52.5     0.441246
52.6     0.441954
52.7     0.450717
52.8     0.4482
52.9     0.45771
53     0.479136
53.1     0.464623
53.2     0.471464
53.3     0.462731
53.4     0.464376
53.5     0.445397
53.6     0.437289
53.7     0.42699
53.8     0.429651
53.9     0.437832
54     0.447967
54.1     0.455804
54.2     0.465492
54.3     0.459896
54.4     0.477083
54.5     0.459665
54.6     0.444181
54.7     0.440218
54.8     0.437585
54.9     0.439776
55     0.44619
55.1     0.445276
55.2     0.450658
55.3     0.433322
55.4     0.43724
55.5     0.41868
55.6     0.416802
55.7     0.420807
55.8     0.425748
55.9     0.420916
56     0.411359
56.1     0.420557
56.2     0.434179
56.3     0.42751
56.4     0.43469
56.5     0.443443
56.6     0.441254
56.7     0.43834
56.8     0.429953
56.9     0.429861
57     0.439014
57.1     0.427628
57.2     0.398
57.3     0.3981
57.4     0.394686
57.5     0.40585
57.6     0.400716
57.7     0.403349
57.8     0.39046
57.9     0.381913
58     0.388596
58.1     0.400632
58.2     0.401801
58.3     0.401893
58.4     0.411899
58.5     0.411011
58.6     0.413979
58.7     0.411867
58.8     0.433383
58.9     0.433508
59     0.408395
59.1     0.406028
59.2     0.407414
59.3     0.390912
59.4     0.394037
59.5     0.392375
59.6     0.386505
59.7     0.388352
59.8     0.382575
59.9     0.391709
60     0.375929
60.1     0.380022
60.2     0.380438
60.3     0.396452
60.4     0.398116
60.5     0.399778
60.6     0.407747
60.7     0.406426
60.8     0.40286
60.9     0.410051
61     0.410117
61.1     0.390394
61.2     0.391041
61.3     0.38275
61.4     0.399331
61.5     0.397675
61.6     0.401762
61.7     0.40288
61.8     0.403959
61.9     0.408223
62     0.402189
62.1     0.417514
62.2     0.419317
62.3     0.412192
62.4     0.409447
62.5     0.422209
62.6     0.425274
62.7     0.423315
62.8     0.412923
62.9     0.403711
63     0.402039
63.1     0.398086
63.2     0.405986
63.3     0.396284
63.4     0.395021
63.5     0.402562
63.6     0.406735
63.7     0.415242
63.8     0.417388
63.9     0.401946
64     0.400465
64.1     0.41039
64.2     0.413101
64.3     0.405518
64.4     0.394879
64.5     0.401773
64.6     0.410108
64.7     0.4162
64.8     0.43045
64.9     0.437181
65     0.451709
65.1     0.445267
65.2     0.434396
65.3     0.417168
65.4     0.428894
65.5     0.424298
65.6     0.422078
65.7     0.421109
65.8     0.440741
65.9     0.4451
66     0.445398
66.1     0.446629
66.2     0.468001
66.3     0.463748
66.4     0.460106
66.5     0.459605
66.6     0.479189
66.7     0.471384
66.8     0.480282
66.9     0.49334
67     0.487718
67.1     0.475229
67.2     0.465883
67.3     0.473878
67.4     0.48379
67.5     0.470878
67.6     0.466469
67.7     0.451389
67.8     0.452895
67.9     0.443014
68     0.433465
68.1     0.423569
68.2     0.425545
68.3     0.415013
68.4     0.422273
68.5     0.416631
68.6     0.408342
68.7     0.41186
68.8     0.400526
68.9     0.397586
69     0.397676
69.1     0.407153
69.2     0.406395
69.3     0.400442
69.4     0.421261
69.5     0.417255
69.6     0.426633
69.7     0.43536
69.8     0.43088
69.9     0.426293
70     0.432595
70.1     0.43861
70.2     0.427268
70.3     0.417266
70.4     0.424742
70.5     0.43453
70.6     0.434026
70.7     0.426528
70.8     0.416694
70.9     0.405077
71     0.408002
71.1     0.428178
71.2     0.435415
71.3     0.444674
71.4     0.439745
71.5     0.450053
71.6     0.445145
71.7     0.451022
71.8     0.456287
71.9     0.459333
72     0.444458
72.1     0.431632
72.2     0.414608
72.3     0.401982
72.4     0.39157
72.5     0.38825
72.6     0.388335
72.7     0.393441
72.8     0.390253
72.9     0.404466
73     0.398558
73.1     0.39098
73.2     0.390243
73.3     0.387893
73.4     0.393488
73.5     0.378098
73.6     0.393755
73.7     0.408973
73.8     0.403808
73.9     0.398827
74     0.391758
74.1     0.395847
74.2     0.406723
74.3     0.403885
74.4     0.390258
74.5     0.378216
74.6     0.370682
74.7     0.370338
74.8     0.373693
74.9     0.367276
75     0.370906
75.1     0.364075
75.2     0.374114
75.3     0.367409
75.4     0.380905
75.5     0.383005
75.6     0.39565
75.7     0.398611
75.8     0.397122
75.9     0.388333
76     0.391569
76.1     0.388361
76.2     0.395506
76.3     0.383484
76.4     0.395314
76.5     0.395192
76.6     0.398431
76.7     0.403055
76.8     0.405202
76.9     0.423362
77     0.429699
77.1     0.425789
77.2     0.444861
77.3     0.4489
77.4     0.463267
77.5     0.46494
77.6     0.437291
77.7     0.43499
77.8     0.43093
77.9     0.413752
78     0.415422
78.1     0.421702
78.2     0.417225
78.3     0.389589
78.4     0.394756
78.5     0.385373
78.6     0.387995
78.7     0.401168
78.8     0.397116
78.9     0.385286
79     0.396883
79.1     0.408513
79.2     0.433013
79.3     0.434266
79.4     0.430044
79.5     0.433692
79.6     0.4249
79.7     0.415489
79.8     0.415089
79.9     0.408359
80     0.407814
80.1     0.422267
80.2     0.437618
80.3     0.448107
80.4     0.446651
80.5     0.452083
80.6     0.459062
80.7     0.464844
80.8     0.472793
80.9     0.46877
81     0.46474
81.1     0.456165
81.2     0.466806
81.3     0.454857
81.4     0.444244
81.5     0.442233
81.6     0.447483
81.7     0.449218
81.8     0.456779
81.9     0.468333
82     0.472078
82.1     0.479665
82.2     0.488961
82.3     0.484334
82.4     0.486851
82.5     0.504231
82.6     0.515676
82.7     0.535171
82.8     0.530157
82.9     0.528872
83     0.534615
83.1     0.519112
83.2     0.529257
83.3     0.537078
83.4     0.541856
83.5     0.531438
83.6     0.520979
83.7     0.530304
83.8     0.527119
83.9     0.532841
84     0.545436
84.1     0.547092
84.2     0.565427
84.3     0.563274
84.4     0.580236
84.5     0.580832
84.6     0.5985
84.7     0.600817
84.8     0.599263
84.9     0.594344
85     0.595483
85.1     0.587589
85.2     0.583716
85.3     0.589932
85.4     0.586517
85.5     0.596867
85.6     0.586204
85.7     0.575448
85.8     0.576973
85.9     0.565878
86     0.548009
86.1     0.543875
86.2     0.532953
86.3     0.538384
86.4     0.532782
86.5     0.544501
86.6     0.535269
86.7     0.537829
86.8     0.540768
86.9     0.538937
87     0.529524
87.1     0.537344
87.2     0.527053
87.3     0.521744
87.4     0.522524
87.5     0.532064
87.6     0.528196
87.7     0.526095
87.8     0.523951
87.9     0.522329
88     0.516569
88.1     0.511461
88.2     0.502876
88.3     0.511205
88.4     0.521446
88.5     0.525071
88.6     0.522901
88.7     0.518715
88.8     0.505049
88.9     0.487386
89     0.500086
89.1     0.503252
89.2     0.503902
89.3     0.506832
89.4     0.506498
89.5     0.518791
89.6     0.528432
89.7     0.522135
89.8     0.514658
89.9     0.519823
90     0.510793
90.1     0.51616
90.2     0.526666
90.3     0.531139
90.4     0.518182
90.5     0.532871
90.6     0.529845
90.7     0.525481
90.8     0.538221
90.9     0.562633
91     0.549683
91.1     0.541567
91.2     0.529718
91.3     0.512458
91.4     0.516381
91.5     0.511443
91.6     0.509514
91.7     0.512279
91.8     0.508893
91.9     0.503018
92     0.502287
92.1     0.504417
92.2     0.491291
92.3     0.488355
92.4     0.489104
92.5     0.488383
92.6     0.502107
92.7     0.496971
92.8     0.496294
92.9     0.500374
93     0.517608
93.1     0.522876
93.2     0.524433
93.3     0.539132
93.4     0.546041
93.5     0.554843
93.6     0.546123
93.7     0.536008
93.8     0.557563
93.9     0.54975
94     0.550846
94.1     0.552797
94.2     0.536566
94.3     0.551371
94.4     0.535022
94.5     0.513244
94.6     0.521204
94.7     0.518664
94.8     0.510625
94.9     0.502604
95     0.503441
95.1     0.500865
95.2     0.512927
95.3     0.524476
95.4     0.533394
95.5     0.523583
95.6     0.517967
95.7     0.516039
95.8     0.505153
95.9     0.485914
96     0.498626
96.1     0.492179
96.2     0.484891
96.3     0.481122
96.4     0.486877
96.5     0.491753
96.6     0.490389
96.7     0.477273
96.8     0.484231
96.9     0.469251
97     0.48218
97.1     0.480797
97.2     0.488855
97.3     0.491342
97.4     0.489749
97.5     0.502534
97.6     0.499129
97.7     0.49837
97.8     0.507587
97.9     0.506865
98     0.52091
98.1     0.526876
98.2     0.524252
98.3     0.534152
98.4     0.534848
98.5     0.526249
98.6     0.525185
98.7     0.524623
98.8     0.51831
98.9     0.512537
99     0.528696
99.1     0.551177
99.2     0.556739
99.3     0.546488
99.4     0.542543
99.5     0.547789
99.6     0.566
99.7     0.560713
99.8     0.559852
99.9     0.557995
