0     0.48
1     0.48
2     0.5
3     0.5
4     0.52
5     0.52
6     0.48
7     0.48
8     0.48
9     0.48
10     0.48
11     0.5
12     0.48
13     0.5
14     0.5
15     0.48
16     0.48
17     0.46
18     0.48
19     0.5
20     0.5
21     0.5
22     0.5
23     0.5
24     0.5
25     0.5
26     0.5
27     0.52
28     0.5
29     0.48
30     0.5
31     0.5
32     0.48
33     0.48
34     0.46
35     0.46
36     0.46
37     0.46
38     0.46
39     0.44
40     0.46
41     0.46
42     0.44
43     0.46
44     0.46
45     0.46
46     0.46
47     0.46
48     0.46
49     0.46
50     0.46
51     0.44
52     0.46
53     0.46
54     0.44
55     0.44
56     0.46
57     0.46
58     0.46
59     0.46
60     0.44
61     0.46
62     0.44
63     0.46
64     0.42
65     0.44
66     0.46
67     0.46
68     0.44
69     0.48
70     0.46
71     0.46
72     0.46
73     0.48
74     0.44
75     0.48
76     0.48
77     0.48
78     0.48
79     0.46
80     0.48
81     0.46
82     0.48
83     0.48
84     0.48
85     0.48
86     0.48
87     0.48
88     0.48
89     0.46
90     0.46
91     0.46
92     0.48
93     0.44
94     0.46
95     0.48
96     0.5
97     0.5
98     0.48
99     0.5
100     0.52
101     0.5
102     0.54
103     0.54
104     0.54
105     0.54
106     0.56
107     0.58
108     0.6
109     0.58
110     0.6
111     0.56
112     0.58
113     0.58
114     0.58
115     0.58
116     0.6
117     0.58
118     0.58
119     0.58
120     0.58
121     0.56
122     0.56
123     0.54
124     0.54
125     0.54
126     0.54
127     0.52
128     0.5
129     0.5
130     0.5
131     0.54
132     0.56
133     0.56
134     0.56
135     0.56
136     0.56
137     0.56
138     0.56
139     0.58
140     0.58
141     0.56
142     0.56
143     0.54
144     0.5
145     0.52
146     0.52
147     0.52
148     0.52
149     0.52
150     0.54
151     0.54
152     0.54
153     0.54
154     0.54
155     0.56
156     0.56
157     0.58
158     0.6
159     0.6
160     0.58
161     0.6
162     0.58
163     0.56
164     0.58
165     0.58
166     0.58
167     0.58
168     0.58
169     0.58
170     0.54
171     0.5
172     0.52
173     0.52
174     0.54
175     0.54
176     0.54
177     0.54
178     0.54
179     0.56
180     0.56
181     0.56
182     0.56
183     0.56
184     0.54
185     0.54
186     0.56
187     0.6
188     0.62
189     0.62
190     0.64
191     0.64
192     0.64
193     0.64
194     0.62
195     0.6
196     0.62
197     0.62
198     0.62
199     0.62
200     0.6
201     0.62
202     0.6
203     0.62
204     0.58
205     0.6
206     0.6
207     0.58
208     0.6
209     0.58
210     0.58
211     0.56
212     0.56
213     0.56
214     0.52
215     0.56
216     0.58
217     0.54
218     0.54
219     0.5
220     0.5
221     0.52
222     0.5
223     0.52
224     0.5
225     0.52
226     0.52
227     0.52
228     0.5
229     0.52
230     0.52
231     0.52
232     0.5
233     0.48
234     0.54
235     0.5
236     0.5
237     0.5
238     0.52
239     0.52
240     0.52
241     0.5
242     0.52
243     0.52
244     0.52
245     0.52
246     0.5
247     0.5
248     0.52
249     0.5
250     0.54
251     0.54
252     0.52
253     0.52
254     0.52
255     0.5
256     0.5
257     0.52
258     0.54
259     0.54
260     0.54
261     0.56
262     0.56
263     0.56
264     0.54
265     0.6
266     0.6
267     0.6
268     0.62
269     0.64
270     0.64
271     0.64
272     0.64
273     0.64
274     0.64
275     0.64
276     0.64
277     0.64
278     0.64
279     0.64
280     0.64
281     0.64
282     0.66
283     0.6
284     0.58
285     0.56
286     0.58
287     0.56
288     0.64
289     0.64
290     0.64
291     0.62
292     0.6
293     0.58
294     0.62
295     0.62
296     0.6
297     0.6
298     0.6
299     0.62
300     0.6
301     0.6
302     0.6
303     0.6
304     0.58
305     0.6
306     0.56
307     0.58
308     0.58
309     0.58
310     0.6
311     0.58
312     0.58
313     0.58
314     0.6
315     0.6
316     0.6
317     0.6
318     0.6
319     0.58
320     0.6
321     0.6
322     0.6
323     0.6
324     0.6
325     0.58
326     0.56
327     0.6
328     0.58
329     0.58
330     0.58
331     0.6
332     0.58
333     0.58
334     0.58
335     0.58
336     0.52
337     0.54
338     0.56
339     0.54
340     0.56
341     0.56
342     0.54
343     0.54
344     0.5
345     0.52
346     0.52
347     0.52
348     0.48
349     0.5
350     0.5
351     0.52
352     0.5
353     0.5
354     0.52
355     0.52
356     0.52
357     0.54
358     0.54
359     0.54
360     0.52
361     0.52
362     0.52
363     0.52
364     0.52
365     0.5
366     0.5
367     0.48
368     0.48
369     0.5
370     0.5
371     0.5
372     0.52
373     0.5
374     0.48
375     0.48
376     0.48
377     0.5
378     0.5
379     0.48
380     0.5
381     0.48
382     0.48
383     0.5
384     0.5
385     0.5
386     0.52
387     0.52
388     0.5
389     0.54
390     0.54
391     0.56
392     0.54
393     0.54
394     0.54
395     0.54
396     0.54
397     0.54
398     0.52
399     0.54
400     0.52
401     0.54
402     0.58
403     0.58
404     0.58
405     0.56
406     0.54
407     0.56
408     0.56
409     0.58
410     0.58
411     0.58
412     0.6
413     0.6
414     0.58
415     0.56
416     0.54
417     0.52
418     0.54
419     0.56
420     0.56
421     0.54
422     0.54
423     0.56
424     0.6
425     0.6
426     0.6
427     0.6
428     0.6
429     0.62
430     0.56
431     0.52
432     0.54
433     0.56
434     0.56
435     0.6
436     0.62
437     0.64
438     0.62
439     0.6
440     0.64
441     0.6
442     0.6
443     0.6
444     0.6
445     0.6
446     0.6
447     0.6
448     0.6
449     0.62
450     0.62
451     0.62
452     0.62
453     0.62
454     0.6
455     0.62
456     0.6
457     0.6
458     0.58
459     0.58
460     0.58
461     0.62
462     0.6
463     0.62
464     0.62
465     0.64
466     0.64
467     0.64
468     0.64
469     0.64
470     0.66
471     0.64
472     0.66
473     0.66
474     0.62
475     0.62
476     0.64
477     0.64
478     0.64
479     0.64
480     0.64
481     0.62
482     0.64
483     0.64
484     0.66
485     0.64
486     0.66
487     0.64
488     0.66
489     0.62
490     0.62
491     0.6
492     0.62
493     0.62
494     0.62
495     0.62
496     0.62
497     0.6
498     0.6
499     0.62
500     0.62
501     0.64
502     0.64
503     0.64
504     0.64
505     0.64
506     0.64
507     0.66
508     0.64
509     0.66
510     0.66
511     0.64
512     0.66
513     0.66
514     0.64
515     0.64
516     0.62
517     0.68
518     0.68
519     0.68
520     0.64
521     0.62
522     0.62
523     0.62
524     0.62
525     0.58
526     0.58
527     0.58
528     0.6
529     0.62
530     0.64
531     0.62
532     0.62
533     0.6
534     0.58
535     0.54
536     0.58
537     0.6
538     0.6
539     0.58
540     0.6
541     0.6
542     0.6
543     0.6
544     0.58
545     0.58
546     0.6
547     0.6
548     0.62
549     0.56
550     0.56
551     0.54
552     0.56
553     0.58
554     0.58
555     0.58
556     0.56
557     0.58
558     0.58
559     0.58
560     0.56
561     0.58
562     0.6
563     0.6
564     0.6
565     0.6
566     0.58
567     0.6
568     0.62
569     0.62
570     0.62
571     0.62
572     0.6
573     0.6
574     0.58
575     0.62
576     0.6
577     0.6
578     0.58
579     0.64
580     0.64
581     0.64
582     0.64
583     0.6
584     0.64
585     0.6
586     0.62
587     0.62
588     0.64
589     0.62
590     0.64
591     0.6
592     0.6
593     0.6
594     0.6
595     0.6
596     0.58
597     0.56
598     0.56
599     0.58
600     0.6
601     0.62
602     0.6
603     0.6
604     0.6
605     0.64
606     0.6
607     0.6
608     0.6
609     0.6
610     0.62
611     0.64
612     0.64
613     0.64
614     0.6
615     0.66
616     0.66
617     0.66
618     0.64
619     0.66
620     0.68
621     0.7
622     0.68
623     0.68
624     0.68
625     0.68
626     0.68
627     0.66
628     0.68
629     0.68
630     0.66
631     0.64
632     0.66
633     0.66
634     0.64
635     0.62
636     0.62
637     0.62
638     0.62
639     0.6
640     0.6
641     0.62
642     0.58
643     0.58
644     0.58
645     0.56
646     0.58
647     0.6
648     0.6
649     0.58
650     0.62
651     0.62
652     0.62
653     0.6
654     0.62
655     0.6
656     0.64
657     0.64
658     0.62
659     0.6
660     0.6
661     0.58
662     0.6
663     0.62
664     0.62
665     0.62
666     0.6
667     0.58
668     0.56
669     0.58
670     0.56
671     0.56
672     0.58
673     0.58
674     0.6
675     0.6
676     0.62
677     0.62
678     0.62
679     0.58
680     0.58
681     0.6
682     0.6
683     0.62
684     0.62
685     0.62
686     0.6
687     0.62
688     0.62
689     0.62
690     0.6
691     0.6
692     0.58
693     0.6
694     0.6
695     0.62
696     0.64
697     0.62
698     0.6
699     0.62
700     0.64
701     0.64
702     0.62
703     0.6
704     0.6
705     0.6
706     0.6
707     0.6
708     0.6
709     0.58
710     0.6
711     0.58
712     0.58
713     0.62
714     0.62
715     0.62
716     0.62
717     0.62
718     0.58
719     0.58
720     0.54
721     0.56
722     0.58
723     0.58
724     0.58
725     0.58
726     0.58
727     0.58
728     0.54
729     0.54
730     0.54
731     0.54
732     0.54
733     0.56
734     0.56
735     0.6
736     0.58
737     0.56
738     0.6
739     0.6
740     0.6
741     0.6
742     0.58
743     0.6
744     0.6
745     0.6
746     0.6
747     0.6
748     0.6
749     0.6
750     0.58
751     0.58
752     0.54
753     0.52
754     0.52
755     0.52
756     0.54
757     0.52
758     0.52
759     0.52
760     0.52
761     0.52
762     0.52
763     0.54
764     0.54
765     0.52
766     0.52
767     0.52
768     0.54
769     0.54
770     0.54
771     0.5
772     0.48
773     0.52
774     0.52
775     0.52
776     0.52
777     0.54
778     0.54
779     0.56
780     0.56
781     0.56
782     0.58
783     0.54
784     0.52
785     0.54
786     0.54
787     0.54
788     0.56
789     0.56
790     0.54
791     0.52
792     0.54
793     0.56
794     0.56
795     0.56
796     0.58
797     0.58
798     0.58
799     0.56
800     0.58
801     0.54
802     0.58
803     0.6
804     0.6
805     0.58
806     0.58
807     0.58
808     0.6
809     0.6
810     0.62
811     0.62
812     0.62
813     0.66
814     0.64
815     0.66
816     0.64
817     0.64
818     0.62
819     0.62
820     0.6
821     0.64
822     0.64
823     0.64
824     0.66
825     0.66
826     0.66
827     0.66
828     0.64
829     0.64
830     0.64
831     0.66
832     0.66
833     0.64
834     0.66
835     0.66
836     0.64
837     0.66
838     0.66
839     0.66
840     0.68
841     0.68
842     0.68
843     0.68
844     0.68
845     0.68
846     0.66
847     0.7
848     0.7
849     0.72
850     0.72
851     0.72
852     0.7
853     0.7
854     0.7
855     0.72
856     0.72
857     0.68
858     0.7
859     0.68
860     0.7
861     0.7
862     0.68
863     0.66
864     0.66
865     0.64
866     0.64
867     0.66
868     0.66
869     0.64
870     0.62
871     0.62
872     0.62
873     0.58
874     0.6
875     0.6
876     0.6
877     0.58
878     0.62
879     0.6
880     0.58
881     0.58
882     0.6
883     0.6
884     0.58
885     0.58
886     0.58
887     0.56
888     0.58
889     0.54
890     0.6
891     0.6
892     0.62
893     0.62
894     0.64
895     0.66
896     0.64
897     0.66
898     0.64
899     0.64
900     0.62
901     0.64
902     0.64
903     0.64
904     0.64
905     0.64
906     0.64
907     0.62
908     0.64
909     0.66
910     0.66
911     0.66
912     0.66
913     0.66
914     0.66
915     0.66
916     0.68
917     0.66
918     0.66
919     0.66
920     0.66
921     0.66
922     0.68
923     0.66
924     0.68
925     0.68
926     0.68
927     0.68
928     0.66
929     0.66
930     0.66
931     0.66
932     0.66
933     0.66
934     0.66
935     0.62
936     0.62
937     0.64
938     0.64
939     0.62
940     0.6
941     0.62
942     0.64
943     0.64
944     0.64
945     0.64
946     0.64
947     0.64
948     0.64
949     0.64
950     0.64
951     0.62
952     0.58
953     0.6
954     0.62
955     0.62
956     0.6
957     0.62
958     0.62
959     0.6
960     0.6
961     0.6
962     0.6
963     0.64
964     0.64
965     0.6
966     0.62
967     0.62
968     0.64
969     0.66
970     0.62
971     0.58
972     0.6
973     0.54
974     0.6
975     0.6
976     0.6
977     0.6
978     0.6
979     0.58
980     0.56
981     0.58
982     0.6
983     0.62
984     0.62
985     0.62
986     0.64
987     0.62
988     0.6
989     0.6
990     0.62
991     0.6
992     0.56
993     0.58
994     0.58
995     0.6
996     0.58
997     0.56
998     0.6
999     0.58
