0     0.56
1     0.56
2     0.56
3     0.52
4     0.56
5     0.56
6     0.54
7     0.56
8     0.58
9     0.58
10     0.58
11     0.58
12     0.56
13     0.58
14     0.56
15     0.6
16     0.6
17     0.62
18     0.62
19     0.62
20     0.56
21     0.58
22     0.58
23     0.64
24     0.66
25     0.68
26     0.7
27     0.68
28     0.68
29     0.68
30     0.7
31     0.74
32     0.74
33     0.72
34     0.72
35     0.7
36     0.7
37     0.7
38     0.68
39     0.68
40     0.66
41     0.62
42     0.62
43     0.62
44     0.62
45     0.64
46     0.62
47     0.6
48     0.64
49     0.64
50     0.64
51     0.62
52     0.64
53     0.64
54     0.66
55     0.68
56     0.68
57     0.62
58     0.62
59     0.62
60     0.6
61     0.62
62     0.62
63     0.62
64     0.64
65     0.66
66     0.66
67     0.66
68     0.66
69     0.68
70     0.68
71     0.68
72     0.7
73     0.68
74     0.66
75     0.66
76     0.64
77     0.68
78     0.68
79     0.66
80     0.66
81     0.66
82     0.66
83     0.66
84     0.66
85     0.66
86     0.68
87     0.68
88     0.68
89     0.68
90     0.7
91     0.7
92     0.7
93     0.68
94     0.68
95     0.68
96     0.7
97     0.7
98     0.7
99     0.7
100     0.66
101     0.66
102     0.68
103     0.74
104     0.74
105     0.72
106     0.74
107     0.72
108     0.76
109     0.76
110     0.74
111     0.76
112     0.76
113     0.78
114     0.76
115     0.72
116     0.72
117     0.7
118     0.7
119     0.7
120     0.68
121     0.72
122     0.7
123     0.74
124     0.74
125     0.72
126     0.7
127     0.7
128     0.72
129     0.72
130     0.74
131     0.74
132     0.7
133     0.7
134     0.7
135     0.7
136     0.7
137     0.7
138     0.7
139     0.68
140     0.64
141     0.62
142     0.62
143     0.64
144     0.66
145     0.66
146     0.66
147     0.64
148     0.64
149     0.66
150     0.66
151     0.64
152     0.64
153     0.66
154     0.64
155     0.64
156     0.64
157     0.64
158     0.66
159     0.66
160     0.68
161     0.7
162     0.66
163     0.68
164     0.66
165     0.66
166     0.68
167     0.68
168     0.68
169     0.68
170     0.64
171     0.7
172     0.74
173     0.74
174     0.74
175     0.74
176     0.76
177     0.76
178     0.74
179     0.74
180     0.74
181     0.76
182     0.76
183     0.76
184     0.72
185     0.76
186     0.76
187     0.76
188     0.78
189     0.76
190     0.76
191     0.76
192     0.8
193     0.78
194     0.8
195     0.8
196     0.78
197     0.78
198     0.8
199     0.8
200     0.82
201     0.82
202     0.82
203     0.84
204     0.84
205     0.84
206     0.84
207     0.82
208     0.82
209     0.82
210     0.82
211     0.8
212     0.8
213     0.76
214     0.78
215     0.76
216     0.76
217     0.76
218     0.76
219     0.76
220     0.76
221     0.76
222     0.76
223     0.78
224     0.74
225     0.82
226     0.82
227     0.8
228     0.82
229     0.82
230     0.8
231     0.82
232     0.82
233     0.8
234     0.8
235     0.78
236     0.76
237     0.78
238     0.78
239     0.78
240     0.78
241     0.78
242     0.8
243     0.76
244     0.72
245     0.74
246     0.74
247     0.74
248     0.74
249     0.72
250     0.72
251     0.72
252     0.68
253     0.68
254     0.66
255     0.64
256     0.7
257     0.7
258     0.72
259     0.72
260     0.74
261     0.72
262     0.72
263     0.7
264     0.74
265     0.76
266     0.72
267     0.74
268     0.72
269     0.72
270     0.72
271     0.7
272     0.68
273     0.7
274     0.7
275     0.7
276     0.72
277     0.7
278     0.7
279     0.7
280     0.7
281     0.7
282     0.72
283     0.72
284     0.74
285     0.72
286     0.72
287     0.76
288     0.76
289     0.76
290     0.76
291     0.78
292     0.78
293     0.78
294     0.78
295     0.78
296     0.78
297     0.74
298     0.72
299     0.7
300     0.7
301     0.7
302     0.68
303     0.68
304     0.68
305     0.68
306     0.7
307     0.66
308     0.68
309     0.68
310     0.7
311     0.7
312     0.72
313     0.76
314     0.76
315     0.74
316     0.76
317     0.76
318     0.74
319     0.74
320     0.72
321     0.78
322     0.78
323     0.76
324     0.76
325     0.76
326     0.76
327     0.74
328     0.76
329     0.74
330     0.76
331     0.78
332     0.74
333     0.78
334     0.76
335     0.72
336     0.72
337     0.74
338     0.74
339     0.74
340     0.72
341     0.68
342     0.68
343     0.7
344     0.68
345     0.74
346     0.74
347     0.74
348     0.72
349     0.72
350     0.72
351     0.72
352     0.72
353     0.72
354     0.74
355     0.74
356     0.72
357     0.74
358     0.74
359     0.72
360     0.74
361     0.76
362     0.76
363     0.78
364     0.8
365     0.76
366     0.74
367     0.7
368     0.7
369     0.68
370     0.7
371     0.7
372     0.7
373     0.66
374     0.72
375     0.7
376     0.7
377     0.7
378     0.68
379     0.68
380     0.7
381     0.7
382     0.7
383     0.7
384     0.7
385     0.7
386     0.7
387     0.7
388     0.68
389     0.7
390     0.7
391     0.72
392     0.72
393     0.7
394     0.72
395     0.74
396     0.74
397     0.76
398     0.76
399     0.78
400     0.74
401     0.8
402     0.8
403     0.78
404     0.8
405     0.82
406     0.82
407     0.84
408     0.8
409     0.84
410     0.84
411     0.82
412     0.84
413     0.84
414     0.84
415     0.84
416     0.84
417     0.82
418     0.82
419     0.82
420     0.8
421     0.82
422     0.8
423     0.82
424     0.84
425     0.84
426     0.82
427     0.82
428     0.8
429     0.8
430     0.74
431     0.8
432     0.74
433     0.72
434     0.72
435     0.76
436     0.74
437     0.74
438     0.78
439     0.76
440     0.76
441     0.76
442     0.76
443     0.76
444     0.76
445     0.74
446     0.7
447     0.74
448     0.72
449     0.72
450     0.72
451     0.74
452     0.74
453     0.74
454     0.74
455     0.72
456     0.72
457     0.72
458     0.72
459     0.72
460     0.74
461     0.72
462     0.72
463     0.7
464     0.72
465     0.7
466     0.7
467     0.7
468     0.66
469     0.68
470     0.72
471     0.72
472     0.76
473     0.76
474     0.76
475     0.76
476     0.76
477     0.78
478     0.76
479     0.76
480     0.72
481     0.74
482     0.76
483     0.72
484     0.76
485     0.76
486     0.76
487     0.74
488     0.76
489     0.76
490     0.7
491     0.72
492     0.74
493     0.74
494     0.72
495     0.74
496     0.74
497     0.74
498     0.74
499     0.74
500     0.76
501     0.72
502     0.74
503     0.74
504     0.74
505     0.76
506     0.74
507     0.76
508     0.76
509     0.76
510     0.74
511     0.76
512     0.74
513     0.76
514     0.78
515     0.78
516     0.78
517     0.76
518     0.78
519     0.76
520     0.78
521     0.78
522     0.8
523     0.76
524     0.76
525     0.8
526     0.8
527     0.8
528     0.8
529     0.82
530     0.82
531     0.8
532     0.78
533     0.78
534     0.8
535     0.82
536     0.78
537     0.82
538     0.82
539     0.84
540     0.84
541     0.82
542     0.84
543     0.84
544     0.82
545     0.78
546     0.8
547     0.76
548     0.78
549     0.74
550     0.76
551     0.74
552     0.74
553     0.74
554     0.74
555     0.76
556     0.76
557     0.76
558     0.76
559     0.76
560     0.76
561     0.7
562     0.76
563     0.74
564     0.76
565     0.76
566     0.72
567     0.76
568     0.74
569     0.76
570     0.8
571     0.78
572     0.8
573     0.8
574     0.78
575     0.78
576     0.76
577     0.76
578     0.8
579     0.8
580     0.84
581     0.86
582     0.86
583     0.82
584     0.84
585     0.84
586     0.86
587     0.88
588     0.86
589     0.84
590     0.82
591     0.82
592     0.8
593     0.82
594     0.8
595     0.74
596     0.76
597     0.78
598     0.76
599     0.74
600     0.76
601     0.78
602     0.78
603     0.78
604     0.74
605     0.76
606     0.74
607     0.74
608     0.74
609     0.74
610     0.72
611     0.74
612     0.74
613     0.74
614     0.74
615     0.7
616     0.7
617     0.72
618     0.7
619     0.74
620     0.74
621     0.72
622     0.68
623     0.68
624     0.68
625     0.68
626     0.68
627     0.68
628     0.66
629     0.66
630     0.66
631     0.64
632     0.64
633     0.62
634     0.62
635     0.62
636     0.64
637     0.64
638     0.62
639     0.62
640     0.64
641     0.6
642     0.6
643     0.6
644     0.56
645     0.62
646     0.62
647     0.62
648     0.6
649     0.56
650     0.58
651     0.58
652     0.56
653     0.58
654     0.56
655     0.54
656     0.54
657     0.58
658     0.6
659     0.62
660     0.62
661     0.6
662     0.62
663     0.6
664     0.6
665     0.6
666     0.62
667     0.64
668     0.64
669     0.68
670     0.66
671     0.66
672     0.66
673     0.64
674     0.64
675     0.62
676     0.62
677     0.62
678     0.64
679     0.62
680     0.6
681     0.62
682     0.62
683     0.62
684     0.64
685     0.66
686     0.66
687     0.62
688     0.62
689     0.62
690     0.62
691     0.62
692     0.62
693     0.62
694     0.62
695     0.62
696     0.6
697     0.58
698     0.6
699     0.6
700     0.6
701     0.62
702     0.62
703     0.6
704     0.6
705     0.58
706     0.6
707     0.62
708     0.6
709     0.62
710     0.58
711     0.58
712     0.56
713     0.56
714     0.54
715     0.54
716     0.54
717     0.56
718     0.56
719     0.56
720     0.58
721     0.58
722     0.58
723     0.56
724     0.52
725     0.5
726     0.56
727     0.56
728     0.56
729     0.56
730     0.54
731     0.54
732     0.56
733     0.58
734     0.58
735     0.6
736     0.6
737     0.6
738     0.6
739     0.6
740     0.58
741     0.6
742     0.58
743     0.6
744     0.58
745     0.58
746     0.6
747     0.58
748     0.58
749     0.58
750     0.54
751     0.56
752     0.56
753     0.54
754     0.54
755     0.54
756     0.56
757     0.56
758     0.54
759     0.56
760     0.58
761     0.58
762     0.6
763     0.62
764     0.64
765     0.64
766     0.62
767     0.64
768     0.66
769     0.62
770     0.64
771     0.64
772     0.64
773     0.66
774     0.64
775     0.64
776     0.68
777     0.68
778     0.7
779     0.68
780     0.68
781     0.7
782     0.7
783     0.72
784     0.74
785     0.72
786     0.74
787     0.72
788     0.72
789     0.72
790     0.72
791     0.76
792     0.76
793     0.76
794     0.76
795     0.76
796     0.74
797     0.7
798     0.72
799     0.7
800     0.72
801     0.72
802     0.74
803     0.76
804     0.76
805     0.76
806     0.76
807     0.74
808     0.74
809     0.74
810     0.78
811     0.78
812     0.76
813     0.74
814     0.74
815     0.74
816     0.74
817     0.76
818     0.76
819     0.76
820     0.78
821     0.78
822     0.76
823     0.76
824     0.76
825     0.74
826     0.76
827     0.78
828     0.78
829     0.74
830     0.76
831     0.74
832     0.74
833     0.74
834     0.74
835     0.74
836     0.74
837     0.76
838     0.76
839     0.8
840     0.78
841     0.74
842     0.78
843     0.76
844     0.76
845     0.76
846     0.74
847     0.76
848     0.74
849     0.72
850     0.74
851     0.74
852     0.72
853     0.72
854     0.72
855     0.72
856     0.7
857     0.7
858     0.68
859     0.78
860     0.8
861     0.8
862     0.8
863     0.8
864     0.8
865     0.76
866     0.78
867     0.78
868     0.74
869     0.7
870     0.7
871     0.68
872     0.66
873     0.66
874     0.66
875     0.64
876     0.62
877     0.62
878     0.62
879     0.62
880     0.64
881     0.66
882     0.64
883     0.64
884     0.64
885     0.62
886     0.64
887     0.64
888     0.66
889     0.7
890     0.68
891     0.66
892     0.68
893     0.7
894     0.7
895     0.7
896     0.7
897     0.7
898     0.72
899     0.72
900     0.72
901     0.74
902     0.74
903     0.74
904     0.74
905     0.74
906     0.74
907     0.74
908     0.76
909     0.74
910     0.68
911     0.7
912     0.66
913     0.68
914     0.66
915     0.66
916     0.64
917     0.62
918     0.62
919     0.62
920     0.6
921     0.62
922     0.6
923     0.6
924     0.6
925     0.6
926     0.6
927     0.58
928     0.6
929     0.6
930     0.58
931     0.58
932     0.58
933     0.56
934     0.58
935     0.62
936     0.66
937     0.64
938     0.64
939     0.62
940     0.58
941     0.56
942     0.56
943     0.56
944     0.56
945     0.56
946     0.56
947     0.56
948     0.54
949     0.56
950     0.56
951     0.56
952     0.58
953     0.54
954     0.58
955     0.6
956     0.56
957     0.58
958     0.6
959     0.58
960     0.62
961     0.62
962     0.6
963     0.64
964     0.6
965     0.64
966     0.64
967     0.66
968     0.66
969     0.64
970     0.66
971     0.64
972     0.64
973     0.64
974     0.66
975     0.66
976     0.66
977     0.62
978     0.62
979     0.64
980     0.64
981     0.68
982     0.68
983     0.68
984     0.66
985     0.66
986     0.64
987     0.62
988     0.62
989     0.6
990     0.6
991     0.6
992     0.6
993     0.6
994     0.6
995     0.6
996     0.58
997     0.62
998     0.62
999     0.62
