0     0.42
1     0.42
2     0.4
3     0.42
4     0.42
5     0.42
6     0.42
7     0.44
8     0.44
9     0.44
10     0.46
11     0.46
12     0.48
13     0.5
14     0.52
15     0.54
16     0.54
17     0.54
18     0.56
19     0.58
20     0.6
21     0.58
22     0.58
23     0.58
24     0.56
25     0.58
26     0.56
27     0.58
28     0.62
29     0.58
30     0.58
31     0.6
32     0.6
33     0.58
34     0.58
35     0.6
36     0.6
37     0.58
38     0.58
39     0.56
40     0.56
41     0.54
42     0.56
43     0.56
44     0.58
45     0.58
46     0.58
47     0.58
48     0.56
49     0.58
50     0.58
51     0.6
52     0.6
53     0.6
54     0.58
55     0.6
56     0.6
57     0.6
58     0.6
59     0.6
60     0.58
61     0.6
62     0.6
63     0.6
64     0.6
65     0.6
66     0.58
67     0.6
68     0.6
69     0.6
70     0.6
71     0.6
72     0.62
73     0.62
74     0.6
75     0.6
76     0.6
77     0.6
78     0.6
79     0.6
80     0.6
81     0.6
82     0.6
83     0.58
84     0.62
85     0.62
86     0.62
87     0.64
88     0.66
89     0.66
90     0.64
91     0.66
92     0.64
93     0.64
94     0.62
95     0.62
96     0.64
97     0.6
98     0.6
99     0.6
100     0.6
101     0.6
102     0.62
103     0.62
104     0.62
105     0.62
106     0.6
107     0.64
108     0.62
109     0.64
110     0.68
111     0.66
112     0.66
113     0.64
114     0.64
115     0.66
116     0.62
117     0.62
118     0.62
119     0.6
120     0.62
121     0.62
122     0.62
123     0.6
124     0.62
125     0.66
126     0.66
127     0.7
128     0.66
129     0.68
130     0.68
131     0.7
132     0.7
133     0.7
134     0.74
135     0.74
136     0.74
137     0.74
138     0.74
139     0.72
140     0.72
141     0.72
142     0.72
143     0.74
144     0.74
145     0.72
146     0.72
147     0.72
148     0.72
149     0.72
150     0.72
151     0.74
152     0.72
153     0.7
154     0.72
155     0.72
156     0.7
157     0.7
158     0.7
159     0.7
160     0.7
161     0.66
162     0.68
163     0.66
164     0.66
165     0.66
166     0.66
167     0.66
168     0.66
169     0.66
170     0.66
171     0.66
172     0.66
173     0.66
174     0.68
175     0.68
176     0.66
177     0.66
178     0.66
179     0.6
180     0.6
181     0.64
182     0.62
183     0.64
184     0.64
185     0.62
186     0.64
187     0.64
188     0.64
189     0.62
190     0.66
191     0.64
192     0.64
193     0.58
194     0.6
195     0.6
196     0.6
197     0.58
198     0.58
199     0.56
200     0.56
201     0.56
202     0.56
203     0.56
204     0.56
205     0.6
206     0.58
207     0.56
208     0.58
209     0.6
210     0.62
211     0.6
212     0.64
213     0.64
214     0.64
215     0.62
216     0.64
217     0.66
218     0.66
219     0.66
220     0.66
221     0.68
222     0.66
223     0.68
224     0.66
225     0.68
226     0.72
227     0.72
228     0.72
229     0.74
230     0.72
231     0.76
232     0.74
233     0.74
234     0.76
235     0.74
236     0.76
237     0.76
238     0.76
239     0.7
240     0.72
241     0.72
242     0.68
243     0.74
244     0.74
245     0.74
246     0.74
247     0.76
248     0.76
249     0.8
250     0.82
251     0.8
252     0.8
253     0.78
254     0.8
255     0.8
256     0.76
257     0.78
258     0.78
259     0.76
260     0.76
261     0.76
262     0.74
263     0.74
264     0.72
265     0.7
266     0.72
267     0.72
268     0.72
269     0.72
270     0.7
271     0.76
272     0.74
273     0.72
274     0.72
275     0.72
276     0.64
277     0.64
278     0.64
279     0.64
280     0.64
281     0.66
282     0.66
283     0.66
284     0.64
285     0.64
286     0.66
287     0.68
288     0.68
289     0.66
290     0.68
291     0.66
292     0.66
293     0.68
294     0.7
295     0.7
296     0.72
297     0.72
298     0.7
299     0.72
300     0.7
301     0.7
302     0.72
303     0.74
304     0.74
305     0.74
306     0.74
307     0.74
308     0.72
309     0.72
310     0.76
311     0.76
312     0.74
313     0.78
314     0.78
315     0.76
316     0.74
317     0.7
318     0.72
319     0.72
320     0.7
321     0.72
322     0.7
323     0.7
324     0.7
325     0.68
326     0.7
327     0.7
328     0.68
329     0.68
330     0.72
331     0.72
332     0.7
333     0.68
334     0.68
335     0.68
336     0.66
337     0.68
338     0.68
339     0.68
340     0.68
341     0.68
342     0.68
343     0.66
344     0.7
345     0.68
346     0.7
347     0.66
348     0.66
349     0.64
350     0.68
351     0.68
352     0.66
353     0.64
354     0.68
355     0.68
356     0.68
357     0.68
358     0.66
359     0.66
360     0.68
361     0.68
362     0.64
363     0.66
364     0.66
365     0.68
366     0.66
367     0.64
368     0.64
369     0.68
370     0.64
371     0.68
372     0.7
373     0.7
374     0.72
375     0.7
376     0.74
377     0.7
378     0.72
379     0.74
380     0.74
381     0.76
382     0.74
383     0.74
384     0.74
385     0.72
386     0.7
387     0.72
388     0.72
389     0.74
390     0.74
391     0.76
392     0.72
393     0.76
394     0.76
395     0.78
396     0.78
397     0.76
398     0.76
399     0.78
400     0.78
401     0.74
402     0.76
403     0.74
404     0.76
405     0.78
406     0.74
407     0.76
408     0.74
409     0.72
410     0.72
411     0.7
412     0.72
413     0.72
414     0.72
415     0.72
416     0.72
417     0.7
418     0.72
419     0.72
420     0.7
421     0.72
422     0.72
423     0.72
424     0.72
425     0.7
426     0.7
427     0.66
428     0.68
429     0.7
430     0.7
431     0.68
432     0.72
433     0.68
434     0.7
435     0.7
436     0.72
437     0.74
438     0.72
439     0.7
440     0.7
441     0.7
442     0.7
443     0.72
444     0.68
445     0.7
446     0.68
447     0.68
448     0.7
449     0.7
450     0.66
451     0.64
452     0.64
453     0.66
454     0.68
455     0.68
456     0.66
457     0.66
458     0.66
459     0.64
460     0.64
461     0.64
462     0.64
463     0.66
464     0.64
465     0.64
466     0.64
467     0.62
468     0.64
469     0.68
470     0.68
471     0.7
472     0.68
473     0.68
474     0.66
475     0.68
476     0.68
477     0.66
478     0.64
479     0.68
480     0.68
481     0.66
482     0.68
483     0.68
484     0.68
485     0.7
486     0.7
487     0.7
488     0.7
489     0.7
490     0.7
491     0.66
492     0.68
493     0.68
494     0.7
495     0.68
496     0.68
497     0.68
498     0.68
499     0.7
500     0.7
501     0.74
502     0.76
503     0.8
504     0.82
505     0.8
506     0.82
507     0.8
508     0.78
509     0.8
510     0.78
511     0.82
512     0.8
513     0.8
514     0.82
515     0.84
516     0.84
517     0.84
518     0.8
519     0.76
520     0.76
521     0.76
522     0.76
523     0.76
524     0.78
525     0.78
526     0.78
527     0.76
528     0.74
529     0.74
530     0.76
531     0.74
532     0.7
533     0.68
534     0.68
535     0.68
536     0.7
537     0.7
538     0.72
539     0.7
540     0.72
541     0.68
542     0.7
543     0.66
544     0.68
545     0.68
546     0.68
547     0.7
548     0.68
549     0.7
550     0.7
551     0.7
552     0.7
553     0.7
554     0.68
555     0.72
556     0.7
557     0.72
558     0.72
559     0.72
560     0.7
561     0.68
562     0.72
563     0.72
564     0.7
565     0.68
566     0.7
567     0.7
568     0.7
569     0.68
570     0.68
571     0.68
572     0.68
573     0.68
574     0.72
575     0.7
576     0.68
577     0.66
578     0.68
579     0.7
580     0.7
581     0.7
582     0.7
583     0.68
584     0.68
585     0.7
586     0.7
587     0.7
588     0.68
589     0.7
590     0.68
591     0.7
592     0.7
593     0.68
594     0.68
595     0.68
596     0.68
597     0.68
598     0.66
599     0.68
600     0.68
601     0.68
602     0.66
603     0.62
604     0.62
605     0.62
606     0.64
607     0.62
608     0.62
609     0.64
610     0.62
611     0.64
612     0.64
613     0.64
614     0.62
615     0.62
616     0.6
617     0.6
618     0.6
619     0.6
620     0.58
621     0.58
622     0.58
623     0.58
624     0.58
625     0.64
626     0.66
627     0.66
628     0.68
629     0.68
630     0.68
631     0.68
632     0.66
633     0.7
634     0.7
635     0.68
636     0.68
637     0.7
638     0.7
639     0.7
640     0.7
641     0.7
642     0.7
643     0.7
644     0.64
645     0.66
646     0.66
647     0.64
648     0.68
649     0.68
650     0.66
651     0.66
652     0.66
653     0.62
654     0.66
655     0.66
656     0.66
657     0.66
658     0.64
659     0.66
660     0.64
661     0.64
662     0.6
663     0.64
664     0.64
665     0.64
666     0.6
667     0.62
668     0.64
669     0.64
670     0.6
671     0.64
672     0.6
673     0.6
674     0.6
675     0.62
676     0.64
677     0.62
678     0.64
679     0.64
680     0.64
681     0.64
682     0.64
683     0.66
684     0.66
685     0.64
686     0.64
687     0.66
688     0.66
689     0.68
690     0.66
691     0.72
692     0.74
693     0.72
694     0.72
695     0.66
696     0.7
697     0.7
698     0.72
699     0.7
700     0.68
701     0.66
702     0.66
703     0.68
704     0.68
705     0.66
706     0.7
707     0.72
708     0.7
709     0.74
710     0.74
711     0.7
712     0.72
713     0.74
714     0.76
715     0.72
716     0.72
717     0.7
718     0.68
719     0.68
720     0.66
721     0.72
722     0.7
723     0.7
724     0.7
725     0.72
726     0.7
727     0.72
728     0.7
729     0.72
730     0.72
731     0.76
732     0.74
733     0.78
734     0.76
735     0.78
736     0.78
737     0.78
738     0.76
739     0.78
740     0.8
741     0.76
742     0.78
743     0.78
744     0.78
745     0.78
746     0.76
747     0.78
748     0.78
749     0.78
750     0.76
751     0.78
752     0.8
753     0.78
754     0.8
755     0.8
756     0.78
757     0.8
758     0.8
759     0.8
760     0.8
761     0.8
762     0.8
763     0.8
764     0.8
765     0.8
766     0.76
767     0.76
768     0.74
769     0.78
770     0.78
771     0.76
772     0.74
773     0.76
774     0.76
775     0.78
776     0.76
777     0.74
778     0.72
779     0.72
780     0.7
781     0.68
782     0.68
783     0.64
784     0.66
785     0.64
786     0.64
787     0.64
788     0.66
789     0.66
790     0.64
791     0.62
792     0.64
793     0.62
794     0.72
795     0.74
796     0.74
797     0.7
798     0.74
799     0.78
800     0.78
801     0.78
802     0.76
803     0.8
804     0.78
805     0.78
806     0.76
807     0.76
808     0.76
809     0.78
810     0.78
811     0.78
812     0.8
813     0.8
814     0.8
815     0.8
816     0.8
817     0.78
818     0.78
819     0.76
820     0.76
821     0.76
822     0.76
823     0.74
824     0.74
825     0.74
826     0.76
827     0.74
828     0.74
829     0.74
830     0.74
831     0.74
832     0.74
833     0.74
834     0.72
835     0.78
836     0.78
837     0.76
838     0.76
839     0.74
840     0.74
841     0.72
842     0.76
843     0.74
844     0.78
845     0.78
846     0.78
847     0.76
848     0.78
849     0.7
850     0.74
851     0.7
852     0.72
853     0.74
854     0.72
855     0.74
856     0.72
857     0.72
858     0.74
859     0.78
860     0.76
861     0.8
862     0.78
863     0.8
864     0.8
865     0.8
866     0.82
867     0.82
868     0.82
869     0.8
870     0.78
871     0.76
872     0.74
873     0.72
874     0.72
875     0.68
876     0.72
877     0.74
878     0.74
879     0.72
880     0.78
881     0.8
882     0.78
883     0.74
884     0.8
885     0.8
886     0.8
887     0.78
888     0.78
889     0.78
890     0.78
891     0.78
892     0.78
893     0.78
894     0.78
895     0.74
896     0.74
897     0.76
898     0.76
899     0.76
900     0.76
901     0.76
902     0.74
903     0.7
904     0.72
905     0.74
906     0.74
907     0.7
908     0.74
909     0.74
910     0.7
911     0.74
912     0.74
913     0.72
914     0.72
915     0.72
916     0.7
917     0.68
918     0.7
919     0.7
920     0.72
921     0.74
922     0.7
923     0.72
924     0.74
925     0.76
926     0.74
927     0.78
928     0.78
929     0.72
930     0.76
931     0.7
932     0.72
933     0.74
934     0.7
935     0.7
936     0.7
937     0.7
938     0.7
939     0.64
940     0.68
941     0.66
942     0.66
943     0.66
944     0.64
945     0.64
946     0.68
947     0.68
948     0.66
949     0.66
950     0.66
951     0.64
952     0.72
953     0.72
954     0.74
955     0.74
956     0.74
957     0.74
958     0.74
959     0.74
960     0.74
961     0.74
962     0.74
963     0.74
964     0.74
965     0.7
966     0.72
967     0.72
968     0.7
969     0.74
970     0.74
971     0.74
972     0.74
973     0.74
974     0.72
975     0.72
976     0.74
977     0.7
978     0.7
979     0.72
980     0.72
981     0.76
982     0.76
983     0.76
984     0.76
985     0.72
986     0.76
987     0.76
988     0.74
989     0.76
990     0.74
991     0.76
992     0.72
993     0.74
994     0.74
995     0.74
996     0.76
997     0.8
998     0.78
999     0.84
