0     0.62
1     0.64
2     0.6
3     0.62
4     0.62
5     0.6
6     0.64
7     0.64
8     0.64
9     0.62
10     0.62
11     0.64
12     0.66
13     0.68
14     0.68
15     0.68
16     0.68
17     0.68
18     0.66
19     0.68
20     0.68
21     0.68
22     0.68
23     0.68
24     0.68
25     0.68
26     0.68
27     0.6
28     0.64
29     0.62
30     0.62
31     0.64
32     0.64
33     0.68
34     0.68
35     0.66
36     0.68
37     0.68
38     0.7
39     0.7
40     0.68
41     0.7
42     0.72
43     0.7
44     0.7
45     0.7
46     0.72
47     0.72
48     0.72
49     0.7
50     0.7
51     0.68
52     0.68
53     0.68
54     0.7
55     0.7
56     0.7
57     0.72
58     0.7
59     0.7
60     0.7
61     0.72
62     0.72
63     0.72
64     0.72
65     0.72
66     0.72
67     0.7
68     0.72
69     0.72
70     0.72
71     0.72
72     0.72
73     0.74
74     0.74
75     0.72
76     0.72
77     0.7
78     0.7
79     0.7
80     0.72
81     0.72
82     0.72
83     0.68
84     0.74
85     0.76
86     0.74
87     0.74
88     0.74
89     0.74
90     0.74
91     0.76
92     0.76
93     0.76
94     0.78
95     0.8
96     0.78
97     0.76
98     0.78
99     0.78
100     0.78
101     0.74
102     0.76
103     0.74
104     0.76
105     0.76
106     0.72
107     0.7
108     0.72
109     0.72
110     0.72
111     0.72
112     0.72
113     0.74
114     0.72
115     0.74
116     0.74
117     0.7
118     0.74
119     0.74
120     0.74
121     0.7
122     0.68
123     0.7
124     0.68
125     0.68
126     0.66
127     0.68
128     0.68
129     0.66
130     0.62
131     0.66
132     0.68
133     0.7
134     0.7
135     0.68
136     0.68
137     0.7
138     0.7
139     0.7
140     0.68
141     0.68
142     0.68
143     0.7
144     0.7
145     0.7
146     0.68
147     0.68
148     0.68
149     0.68
150     0.64
151     0.66
152     0.66
153     0.66
154     0.66
155     0.64
156     0.64
157     0.66
158     0.64
159     0.66
160     0.66
161     0.66
162     0.68
163     0.64
164     0.68
165     0.68
166     0.68
167     0.68
168     0.68
169     0.68
170     0.68
171     0.64
172     0.66
173     0.68
174     0.66
175     0.68
176     0.7
177     0.7
178     0.7
179     0.7
180     0.68
181     0.7
182     0.72
183     0.72
184     0.72
185     0.66
186     0.68
187     0.68
188     0.68
189     0.68
190     0.7
191     0.72
192     0.68
193     0.74
194     0.7
195     0.68
196     0.7
197     0.7
198     0.68
199     0.7
200     0.72
201     0.7
202     0.7
203     0.7
204     0.7
205     0.72
206     0.72
207     0.72
208     0.74
209     0.78
210     0.78
211     0.8
212     0.82
213     0.82
214     0.8
215     0.8
216     0.82
217     0.82
218     0.82
219     0.8
220     0.82
221     0.82
222     0.78
223     0.78
224     0.8
225     0.8
226     0.78
227     0.72
228     0.76
229     0.76
230     0.74
231     0.72
232     0.74
233     0.74
234     0.76
235     0.76
236     0.72
237     0.76
238     0.76
239     0.74
240     0.76
241     0.74
242     0.7
243     0.74
244     0.72
245     0.74
246     0.74
247     0.72
248     0.66
249     0.7
250     0.68
251     0.7
252     0.7
253     0.7
254     0.66
255     0.66
256     0.66
257     0.66
258     0.62
259     0.66
260     0.7
261     0.7
262     0.7
263     0.68
264     0.64
265     0.64
266     0.64
267     0.64
268     0.64
269     0.64
270     0.64
271     0.6
272     0.6
273     0.58
274     0.58
275     0.58
276     0.6
277     0.6
278     0.6
279     0.58
280     0.6
281     0.6
282     0.62
283     0.62
284     0.62
285     0.62
286     0.6
287     0.6
288     0.62
289     0.62
290     0.62
291     0.6
292     0.6
293     0.58
294     0.66
295     0.66
296     0.66
297     0.64
298     0.66
299     0.62
300     0.64
301     0.64
302     0.64
303     0.64
304     0.64
305     0.66
306     0.66
307     0.66
308     0.66
309     0.66
310     0.66
311     0.62
312     0.64
313     0.6
314     0.64
315     0.64
316     0.64
317     0.64
318     0.64
319     0.64
320     0.6
321     0.64
322     0.62
323     0.62
324     0.68
325     0.66
326     0.66
327     0.68
328     0.66
329     0.7
330     0.7
331     0.72
332     0.72
333     0.7
334     0.7
335     0.7
336     0.72
337     0.74
338     0.74
339     0.76
340     0.76
341     0.76
342     0.76
343     0.76
344     0.74
345     0.74
346     0.74
347     0.78
348     0.8
349     0.8
350     0.76
351     0.8
352     0.8
353     0.78
354     0.78
355     0.78
356     0.76
357     0.78
358     0.76
359     0.76
360     0.74
361     0.74
362     0.74
363     0.68
364     0.72
365     0.72
366     0.7
367     0.7
368     0.72
369     0.74
370     0.72
371     0.72
372     0.72
373     0.76
374     0.76
375     0.72
376     0.72
377     0.72
378     0.72
379     0.72
380     0.72
381     0.72
382     0.7
383     0.7
384     0.72
385     0.7
386     0.7
387     0.7
388     0.7
389     0.7
390     0.72
391     0.74
392     0.74
393     0.74
394     0.74
395     0.74
396     0.72
397     0.74
398     0.74
399     0.74
400     0.78
401     0.74
402     0.76
403     0.76
404     0.74
405     0.74
406     0.74
407     0.74
408     0.72
409     0.76
410     0.74
411     0.76
412     0.76
413     0.72
414     0.74
415     0.74
416     0.72
417     0.72
418     0.72
419     0.68
420     0.72
421     0.7
422     0.7
423     0.72
424     0.7
425     0.7
426     0.72
427     0.72
428     0.7
429     0.66
430     0.66
431     0.66
432     0.68
433     0.66
434     0.64
435     0.64
436     0.66
437     0.64
438     0.64
439     0.62
440     0.62
441     0.62
442     0.62
443     0.62
444     0.66
445     0.64
446     0.66
447     0.64
448     0.64
449     0.64
450     0.64
451     0.66
452     0.66
453     0.68
454     0.68
455     0.68
456     0.7
457     0.7
458     0.7
459     0.7
460     0.72
461     0.72
462     0.72
463     0.72
464     0.72
465     0.7
466     0.72
467     0.72
468     0.72
469     0.72
470     0.72
471     0.72
472     0.74
473     0.76
474     0.76
475     0.76
476     0.76
477     0.76
478     0.76
479     0.76
480     0.76
481     0.74
482     0.76
483     0.76
484     0.76
485     0.74
486     0.76
487     0.76
488     0.76
489     0.76
490     0.72
491     0.74
492     0.74
493     0.74
494     0.74
495     0.74
496     0.74
497     0.74
498     0.74
499     0.72
500     0.7
501     0.72
502     0.72
503     0.72
504     0.74
505     0.74
506     0.74
507     0.76
508     0.76
509     0.78
510     0.76
511     0.76
512     0.76
513     0.76
514     0.78
515     0.76
516     0.74
517     0.76
518     0.72
519     0.76
520     0.74
521     0.76
522     0.76
523     0.76
524     0.76
525     0.76
526     0.76
527     0.72
528     0.78
529     0.78
530     0.78
531     0.78
532     0.76
533     0.8
534     0.8
535     0.78
536     0.8
537     0.78
538     0.78
539     0.78
540     0.76
541     0.78
542     0.78
543     0.8
544     0.8
545     0.8
546     0.8
547     0.8
548     0.82
549     0.82
550     0.82
551     0.8
552     0.82
553     0.82
554     0.82
555     0.84
556     0.84
557     0.84
558     0.86
559     0.86
560     0.84
561     0.84
562     0.84
563     0.86
564     0.82
565     0.84
566     0.86
567     0.86
568     0.86
569     0.86
570     0.86
571     0.82
572     0.82
573     0.84
574     0.86
575     0.82
576     0.82
577     0.84
578     0.86
579     0.84
580     0.84
581     0.82
582     0.86
583     0.86
584     0.86
585     0.82
586     0.84
587     0.8
588     0.84
589     0.8
590     0.82
591     0.82
592     0.82
593     0.8
594     0.82
595     0.8
596     0.82
597     0.82
598     0.84
599     0.82
600     0.84
601     0.84
602     0.82
603     0.82
604     0.78
605     0.78
606     0.78
607     0.78
608     0.78
609     0.8
610     0.76
611     0.76
612     0.8
613     0.8
614     0.8
615     0.8
616     0.78
617     0.76
618     0.7
619     0.7
620     0.72
621     0.74
622     0.72
623     0.72
624     0.72
625     0.68
626     0.72
627     0.7
628     0.7
629     0.74
630     0.76
631     0.74
632     0.74
633     0.78
634     0.8
635     0.8
636     0.82
637     0.78
638     0.8
639     0.8
640     0.82
641     0.82
642     0.8
643     0.8
644     0.82
645     0.82
646     0.82
647     0.82
648     0.8
649     0.8
650     0.8
651     0.82
652     0.8
653     0.82
654     0.82
655     0.8
656     0.82
657     0.8
658     0.8
659     0.8
660     0.8
661     0.8
662     0.8
663     0.82
664     0.82
665     0.82
666     0.82
667     0.82
668     0.82
669     0.82
670     0.82
671     0.84
672     0.82
673     0.82
674     0.78
675     0.8
676     0.76
677     0.78
678     0.78
679     0.78
680     0.8
681     0.8
682     0.8
683     0.8
684     0.8
685     0.8
686     0.78
687     0.8
688     0.8
689     0.84
690     0.82
691     0.86
692     0.86
693     0.84
694     0.84
695     0.78
696     0.8
697     0.8
698     0.82
699     0.8
700     0.8
701     0.78
702     0.78
703     0.76
704     0.76
705     0.78
706     0.78
707     0.76
708     0.78
709     0.78
710     0.78
711     0.78
712     0.8
713     0.78
714     0.8
715     0.78
716     0.76
717     0.76
718     0.76
719     0.76
720     0.76
721     0.76
722     0.76
723     0.76
724     0.76
725     0.76
726     0.74
727     0.76
728     0.74
729     0.76
730     0.74
731     0.78
732     0.76
733     0.8
734     0.8
735     0.8
736     0.8
737     0.8
738     0.76
739     0.78
740     0.78
741     0.78
742     0.8
743     0.8
744     0.8
745     0.78
746     0.78
747     0.78
748     0.74
749     0.72
750     0.72
751     0.74
752     0.76
753     0.74
754     0.78
755     0.78
756     0.76
757     0.76
758     0.78
759     0.78
760     0.76
761     0.76
762     0.74
763     0.76
764     0.76
765     0.76
766     0.76
767     0.78
768     0.78
769     0.78
770     0.8
771     0.76
772     0.8
773     0.78
774     0.8
775     0.8
776     0.8
777     0.82
778     0.82
779     0.82
780     0.82
781     0.8
782     0.8
783     0.78
784     0.82
785     0.8
786     0.82
787     0.84
788     0.86
789     0.86
790     0.86
791     0.86
792     0.86
793     0.86
794     0.86
795     0.84
796     0.8
797     0.84
798     0.8
799     0.78
800     0.8
801     0.76
802     0.76
803     0.78
804     0.82
805     0.82
806     0.82
807     0.82
808     0.8
809     0.8
810     0.8
811     0.8
812     0.8
813     0.78
814     0.78
815     0.8
816     0.8
817     0.8
818     0.78
819     0.8
820     0.8
821     0.8
822     0.78
823     0.78
824     0.8
825     0.78
826     0.78
827     0.8
828     0.8
829     0.78
830     0.8
831     0.8
832     0.8
833     0.78
834     0.78
835     0.78
836     0.76
837     0.76
838     0.76
839     0.74
840     0.76
841     0.74
842     0.76
843     0.76
844     0.76
845     0.76
846     0.76
847     0.78
848     0.78
849     0.78
850     0.78
851     0.78
852     0.76
853     0.78
854     0.78
855     0.78
856     0.78
857     0.78
858     0.76
859     0.76
860     0.76
861     0.74
862     0.74
863     0.76
864     0.76
865     0.76
866     0.76
867     0.74
868     0.76
869     0.72
870     0.76
871     0.78
872     0.78
873     0.74
874     0.76
875     0.76
876     0.74
877     0.76
878     0.76
879     0.78
880     0.78
881     0.78
882     0.78
883     0.78
884     0.78
885     0.78
886     0.78
887     0.78
888     0.76
889     0.76
890     0.76
891     0.76
892     0.74
893     0.76
894     0.74
895     0.72
896     0.76
897     0.76
898     0.76
899     0.7
900     0.68
901     0.7
902     0.7
903     0.72
904     0.72
905     0.72
906     0.74
907     0.72
908     0.74
909     0.72
910     0.74
911     0.74
912     0.74
913     0.74
914     0.72
915     0.72
916     0.74
917     0.76
918     0.72
919     0.74
920     0.76
921     0.76
922     0.76
923     0.76
924     0.72
925     0.72
926     0.7
927     0.68
928     0.68
929     0.68
930     0.68
931     0.68
932     0.66
933     0.66
934     0.68
935     0.64
936     0.68
937     0.7
938     0.72
939     0.7
940     0.72
941     0.7
942     0.7
943     0.72
944     0.74
945     0.74
946     0.74
947     0.76
948     0.7
949     0.78
950     0.76
951     0.76
952     0.78
953     0.78
954     0.76
955     0.76
956     0.74
957     0.78
958     0.78
959     0.76
960     0.74
961     0.76
962     0.76
963     0.76
964     0.74
965     0.74
966     0.74
967     0.72
968     0.72
969     0.72
970     0.68
971     0.68
972     0.68
973     0.7
974     0.7
975     0.68
976     0.7
977     0.68
978     0.7
979     0.7
980     0.7
981     0.7
982     0.7
983     0.66
984     0.72
985     0.7
986     0.72
987     0.7
988     0.74
989     0.72
990     0.7
991     0.7
992     0.7
993     0.72
994     0.72
995     0.74
996     0.74
997     0.74
998     0.74
999     0.76
