0     0.5
1     0.5
2     0.5
3     0.5
4     0.54
5     0.5
6     0.48
7     0.52
8     0.54
9     0.58
10     0.58
11     0.58
12     0.56
13     0.58
14     0.58
15     0.56
16     0.58
17     0.58
18     0.54
19     0.58
20     0.58
21     0.58
22     0.58
23     0.58
24     0.58
25     0.6
26     0.56
27     0.58
28     0.56
29     0.6
30     0.58
31     0.58
32     0.58
33     0.62
34     0.58
35     0.58
36     0.58
37     0.56
38     0.58
39     0.58
40     0.58
41     0.56
42     0.56
43     0.58
44     0.6
45     0.6
46     0.58
47     0.58
48     0.56
49     0.56
50     0.6
51     0.6
52     0.58
53     0.58
54     0.54
55     0.56
56     0.56
57     0.54
58     0.54
59     0.54
60     0.56
61     0.56
62     0.54
63     0.54
64     0.56
65     0.58
66     0.58
67     0.58
68     0.6
69     0.6
70     0.56
71     0.56
72     0.54
73     0.56
74     0.56
75     0.56
76     0.56
77     0.58
78     0.56
79     0.58
80     0.6
81     0.6
82     0.6
83     0.6
84     0.58
85     0.62
86     0.62
87     0.62
88     0.62
89     0.6
90     0.6
91     0.6
92     0.56
93     0.62
94     0.62
95     0.64
96     0.66
97     0.64
98     0.66
99     0.68
100     0.7
101     0.7
102     0.7
103     0.7
104     0.7
105     0.7
106     0.68
107     0.68
108     0.66
109     0.66
110     0.66
111     0.7
112     0.7
113     0.7
114     0.7
115     0.7
116     0.72
117     0.72
118     0.72
119     0.7
120     0.72
121     0.72
122     0.7
123     0.7
124     0.68
125     0.74
126     0.7
127     0.7
128     0.72
129     0.72
130     0.72
131     0.72
132     0.72
133     0.76
134     0.76
135     0.74
136     0.72
137     0.72
138     0.74
139     0.74
140     0.74
141     0.74
142     0.74
143     0.74
144     0.74
145     0.72
146     0.74
147     0.74
148     0.72
149     0.72
150     0.74
151     0.72
152     0.76
153     0.76
154     0.78
155     0.78
156     0.76
157     0.8
158     0.8
159     0.78
160     0.78
161     0.8
162     0.8
163     0.76
164     0.72
165     0.72
166     0.72
167     0.72
168     0.72
169     0.74
170     0.76
171     0.74
172     0.76
173     0.76
174     0.76
175     0.76
176     0.74
177     0.76
178     0.74
179     0.72
180     0.72
181     0.74
182     0.74
183     0.72
184     0.72
185     0.7
186     0.72
187     0.64
188     0.66
189     0.66
190     0.66
191     0.66
192     0.68
193     0.68
194     0.66
195     0.68
196     0.7
197     0.7
198     0.7
199     0.64
200     0.64
201     0.64
202     0.62
203     0.62
204     0.6
205     0.58
206     0.58
207     0.6
208     0.58
209     0.6
210     0.58
211     0.6
212     0.64
213     0.62
214     0.64
215     0.62
216     0.66
217     0.68
218     0.68
219     0.7
220     0.68
221     0.66
222     0.66
223     0.66
224     0.68
225     0.7
226     0.66
227     0.68
228     0.68
229     0.7
230     0.68
231     0.7
232     0.7
233     0.7
234     0.7
235     0.7
236     0.68
237     0.7
238     0.7
239     0.7
240     0.7
241     0.7
242     0.7
243     0.68
244     0.7
245     0.74
246     0.7
247     0.74
248     0.76
249     0.76
250     0.76
251     0.74
252     0.74
253     0.78
254     0.78
255     0.76
256     0.76
257     0.76
258     0.7
259     0.72
260     0.74
261     0.76
262     0.78
263     0.76
264     0.76
265     0.78
266     0.78
267     0.76
268     0.8
269     0.8
270     0.8
271     0.8
272     0.76
273     0.82
274     0.82
275     0.82
276     0.8
277     0.8
278     0.8
279     0.78
280     0.8
281     0.78
282     0.78
283     0.74
284     0.78
285     0.78
286     0.78
287     0.76
288     0.76
289     0.74
290     0.74
291     0.74
292     0.72
293     0.76
294     0.76
295     0.72
296     0.74
297     0.74
298     0.74
299     0.74
300     0.72
301     0.74
302     0.74
303     0.76
304     0.76
305     0.76
306     0.74
307     0.76
308     0.76
309     0.76
310     0.78
311     0.76
312     0.78
313     0.76
314     0.74
315     0.76
316     0.78
317     0.78
318     0.76
319     0.76
320     0.78
321     0.76
322     0.78
323     0.78
324     0.76
325     0.74
326     0.78
327     0.78
328     0.78
329     0.76
330     0.78
331     0.74
332     0.78
333     0.8
334     0.78
335     0.78
336     0.78
337     0.78
338     0.76
339     0.78
340     0.78
341     0.76
342     0.76
343     0.78
344     0.78
345     0.78
346     0.78
347     0.78
348     0.8
349     0.8
350     0.8
351     0.76
352     0.8
353     0.8
354     0.78
355     0.76
356     0.8
357     0.76
358     0.78
359     0.78
360     0.76
361     0.74
362     0.74
363     0.76
364     0.76
365     0.76
366     0.76
367     0.78
368     0.78
369     0.76
370     0.74
371     0.8
372     0.8
373     0.8
374     0.78
375     0.78
376     0.78
377     0.76
378     0.72
379     0.76
380     0.74
381     0.72
382     0.72
383     0.72
384     0.72
385     0.78
386     0.78
387     0.78
388     0.78
389     0.8
390     0.8
391     0.8
392     0.8
393     0.8
394     0.78
395     0.78
396     0.74
397     0.74
398     0.76
399     0.74
400     0.72
401     0.74
402     0.68
403     0.72
404     0.68
405     0.74
406     0.74
407     0.74
408     0.74
409     0.74
410     0.72
411     0.74
412     0.74
413     0.74
414     0.74
415     0.72
416     0.74
417     0.72
418     0.7
419     0.68
420     0.68
421     0.68
422     0.66
423     0.66
424     0.68
425     0.68
426     0.68
427     0.66
428     0.68
429     0.66
430     0.7
431     0.7
432     0.7
433     0.7
434     0.7
435     0.68
436     0.7
437     0.72
438     0.74
439     0.74
440     0.72
441     0.74
442     0.74
443     0.78
444     0.76
445     0.78
446     0.78
447     0.78
448     0.78
449     0.76
450     0.78
451     0.78
452     0.8
453     0.76
454     0.78
455     0.74
456     0.76
457     0.78
458     0.8
459     0.78
460     0.8
461     0.78
462     0.8
463     0.84
464     0.82
465     0.82
466     0.82
467     0.84
468     0.8
469     0.86
470     0.86
471     0.84
472     0.84
473     0.84
474     0.82
475     0.84
476     0.86
477     0.86
478     0.84
479     0.84
480     0.8
481     0.78
482     0.78
483     0.8
484     0.78
485     0.78
486     0.8
487     0.8
488     0.8
489     0.78
490     0.82
491     0.82
492     0.82
493     0.82
494     0.82
495     0.82
496     0.8
497     0.78
498     0.8
499     0.8
500     0.76
501     0.78
502     0.76
503     0.78
504     0.78
505     0.78
506     0.78
507     0.78
508     0.76
509     0.74
510     0.72
511     0.74
512     0.72
513     0.74
514     0.76
515     0.72
516     0.74
517     0.74
518     0.72
519     0.7
520     0.64
521     0.66
522     0.72
523     0.7
524     0.7
525     0.72
526     0.68
527     0.7
528     0.72
529     0.7
530     0.68
531     0.66
532     0.64
533     0.64
534     0.62
535     0.62
536     0.64
537     0.62
538     0.66
539     0.68
540     0.68
541     0.66
542     0.66
543     0.68
544     0.68
545     0.68
546     0.68
547     0.7
548     0.66
549     0.68
550     0.68
551     0.7
552     0.7
553     0.7
554     0.72
555     0.72
556     0.72
557     0.74
558     0.74
559     0.72
560     0.7
561     0.74
562     0.72
563     0.76
564     0.76
565     0.76
566     0.76
567     0.72
568     0.72
569     0.7
570     0.74
571     0.74
572     0.74
573     0.74
574     0.76
575     0.76
576     0.76
577     0.76
578     0.78
579     0.78
580     0.78
581     0.78
582     0.76
583     0.8
584     0.78
585     0.82
586     0.8
587     0.82
588     0.8
589     0.84
590     0.8
591     0.82
592     0.82
593     0.82
594     0.82
595     0.82
596     0.8
597     0.8
598     0.78
599     0.78
600     0.78
601     0.8
602     0.74
603     0.76
604     0.76
605     0.76
606     0.74
607     0.76
608     0.76
609     0.76
610     0.76
611     0.74
612     0.78
613     0.76
614     0.76
615     0.76
616     0.76
617     0.76
618     0.76
619     0.74
620     0.72
621     0.74
622     0.76
623     0.76
624     0.78
625     0.78
626     0.78
627     0.76
628     0.72
629     0.7
630     0.76
631     0.76
632     0.76
633     0.74
634     0.76
635     0.76
636     0.72
637     0.76
638     0.76
639     0.78
640     0.76
641     0.76
642     0.78
643     0.76
644     0.76
645     0.78
646     0.8
647     0.78
648     0.8
649     0.8
650     0.8
651     0.78
652     0.84
653     0.84
654     0.84
655     0.84
656     0.82
657     0.82
658     0.82
659     0.8
660     0.78
661     0.78
662     0.76
663     0.78
664     0.76
665     0.8
666     0.8
667     0.8
668     0.8
669     0.78
670     0.78
671     0.8
672     0.82
673     0.8
674     0.82
675     0.86
676     0.84
677     0.8
678     0.84
679     0.84
680     0.82
681     0.82
682     0.8
683     0.82
684     0.82
685     0.8
686     0.82
687     0.82
688     0.82
689     0.8
690     0.82
691     0.82
692     0.82
693     0.82
694     0.82
695     0.82
696     0.78
697     0.8
698     0.8
699     0.8
700     0.8
701     0.8
702     0.82
703     0.8
704     0.8
705     0.82
706     0.78
707     0.76
708     0.8
709     0.8
710     0.78
711     0.78
712     0.76
713     0.76
714     0.78
715     0.78
716     0.78
717     0.7
718     0.74
719     0.74
720     0.76
721     0.76
722     0.76
723     0.74
724     0.74
725     0.76
726     0.76
727     0.78
728     0.78
729     0.76
730     0.78
731     0.76
732     0.78
733     0.74
734     0.76
735     0.78
736     0.76
737     0.8
738     0.8
739     0.8
740     0.78
741     0.8
742     0.8
743     0.78
744     0.8
745     0.78
746     0.8
747     0.78
748     0.78
749     0.76
750     0.74
751     0.8
752     0.76
753     0.84
754     0.82
755     0.82
756     0.84
757     0.84
758     0.84
759     0.82
760     0.82
761     0.82
762     0.86
763     0.84
764     0.86
765     0.86
766     0.82
767     0.82
768     0.86
769     0.84
770     0.84
771     0.82
772     0.82
773     0.82
774     0.82
775     0.82
776     0.8
777     0.8
778     0.8
779     0.82
780     0.82
781     0.82
782     0.82
783     0.82
784     0.84
785     0.86
786     0.88
787     0.88
788     0.84
789     0.88
790     0.86
791     0.84
792     0.88
793     0.86
794     0.86
795     0.84
796     0.78
797     0.84
798     0.84
799     0.84
800     0.8
801     0.84
802     0.84
803     0.86
804     0.84
805     0.82
806     0.8
807     0.84
808     0.86
809     0.86
810     0.82
811     0.84
812     0.84
813     0.86
814     0.84
815     0.82
816     0.82
817     0.82
818     0.8
819     0.82
820     0.82
821     0.82
822     0.78
823     0.76
824     0.78
825     0.76
826     0.78
827     0.78
828     0.78
829     0.8
830     0.78
831     0.78
832     0.76
833     0.74
834     0.7
835     0.68
836     0.7
837     0.64
838     0.7
839     0.7
840     0.7
841     0.7
842     0.7
843     0.66
844     0.64
845     0.7
846     0.7
847     0.7
848     0.66
849     0.7
850     0.7
851     0.7
852     0.72
853     0.72
854     0.7
855     0.66
856     0.7
857     0.68
858     0.68
859     0.68
860     0.68
861     0.68
862     0.68
863     0.7
864     0.7
865     0.7
866     0.7
867     0.7
868     0.7
869     0.68
870     0.66
871     0.72
872     0.72
873     0.72
874     0.7
875     0.7
876     0.7
877     0.72
878     0.74
879     0.74
880     0.74
881     0.72
882     0.72
883     0.7
884     0.72
885     0.72
886     0.72
887     0.72
888     0.74
889     0.74
890     0.78
891     0.78
892     0.76
893     0.76
894     0.74
895     0.76
896     0.76
897     0.78
898     0.78
899     0.78
900     0.78
901     0.78
902     0.76
903     0.78
904     0.76
905     0.76
906     0.78
907     0.78
908     0.78
909     0.8
910     0.78
911     0.8
912     0.8
913     0.8
914     0.78
915     0.78
916     0.78
917     0.74
918     0.76
919     0.78
920     0.78
921     0.78
922     0.76
923     0.78
924     0.78
925     0.76
926     0.78
927     0.74
928     0.76
929     0.8
930     0.78
931     0.8
932     0.84
933     0.8
934     0.78
935     0.78
936     0.78
937     0.8
938     0.78
939     0.74
940     0.72
941     0.74
942     0.74
943     0.74
944     0.7
945     0.7
946     0.7
947     0.72
948     0.72
949     0.7
950     0.7
951     0.7
952     0.7
953     0.74
954     0.74
955     0.72
956     0.72
957     0.72
958     0.7
959     0.7
960     0.7
961     0.7
962     0.72
963     0.72
964     0.74
965     0.74
966     0.72
967     0.72
968     0.7
969     0.68
970     0.7
971     0.7
972     0.7
973     0.7
974     0.7
975     0.72
976     0.74
977     0.74
978     0.72
979     0.74
980     0.72
981     0.7
982     0.74
983     0.74
984     0.72
985     0.7
986     0.7
987     0.7
988     0.7
989     0.7
990     0.7
991     0.7
992     0.7
993     0.72
994     0.72
995     0.72
996     0.72
997     0.74
998     0.7
999     0.72
