0     0.5
1     0.48
2     0.52
3     0.52
4     0.5
5     0.52
6     0.52
7     0.5
8     0.5
9     0.48
10     0.48
11     0.48
12     0.48
13     0.48
14     0.48
15     0.48
16     0.52
17     0.56
18     0.56
19     0.54
20     0.54
21     0.52
22     0.54
23     0.54
24     0.54
25     0.54
26     0.54
27     0.54
28     0.56
29     0.56
30     0.58
31     0.56
32     0.56
33     0.56
34     0.56
35     0.56
36     0.56
37     0.54
38     0.54
39     0.52
40     0.52
41     0.54
42     0.54
43     0.54
44     0.54
45     0.54
46     0.54
47     0.54
48     0.54
49     0.52
50     0.52
51     0.54
52     0.6
53     0.6
54     0.6
55     0.6
56     0.58
57     0.58
58     0.52
59     0.52
60     0.54
61     0.56
62     0.54
63     0.54
64     0.56
65     0.54
66     0.54
67     0.52
68     0.54
69     0.54
70     0.54
71     0.54
72     0.58
73     0.56
74     0.54
75     0.56
76     0.56
77     0.56
78     0.56
79     0.56
80     0.56
81     0.54
82     0.6
83     0.6
84     0.6
85     0.56
86     0.58
87     0.56
88     0.56
89     0.54
90     0.56
91     0.56
92     0.56
93     0.56
94     0.56
95     0.54
96     0.54
97     0.54
98     0.52
99     0.52
100     0.52
101     0.52
102     0.5
103     0.5
104     0.5
105     0.5
106     0.48
107     0.48
108     0.48
109     0.46
110     0.46
111     0.5
112     0.48
113     0.48
114     0.5
115     0.5
116     0.54
117     0.52
118     0.52
119     0.54
120     0.56
121     0.56
122     0.58
123     0.56
124     0.56
125     0.54
126     0.56
127     0.58
128     0.56
129     0.56
130     0.56
131     0.58
132     0.58
133     0.58
134     0.58
135     0.56
136     0.6
137     0.6
138     0.6
139     0.6
140     0.6
141     0.56
142     0.56
143     0.6
144     0.6
145     0.6
146     0.6
147     0.6
148     0.62
149     0.6
150     0.62
151     0.6
152     0.62
153     0.58
154     0.6
155     0.58
156     0.58
157     0.6
158     0.6
159     0.62
160     0.64
161     0.66
162     0.62
163     0.64
164     0.64
165     0.66
166     0.62
167     0.64
168     0.62
169     0.64
170     0.62
171     0.6
172     0.58
173     0.56
174     0.62
175     0.62
176     0.64
177     0.6
178     0.64
179     0.64
180     0.62
181     0.62
182     0.62
183     0.62
184     0.64
185     0.64
186     0.6
187     0.6
188     0.62
189     0.6
190     0.62
191     0.58
192     0.62
193     0.6
194     0.62
195     0.62
196     0.66
197     0.66
198     0.64
199     0.64
200     0.6
201     0.6
202     0.6
203     0.58
204     0.6
205     0.64
206     0.64
207     0.64
208     0.6
209     0.62
210     0.62
211     0.6
212     0.62
213     0.62
214     0.64
215     0.62
216     0.62
217     0.62
218     0.64
219     0.64
220     0.66
221     0.66
222     0.68
223     0.68
224     0.68
225     0.68
226     0.68
227     0.68
228     0.68
229     0.68
230     0.7
231     0.68
232     0.68
233     0.7
234     0.68
235     0.7
236     0.7
237     0.7
238     0.7
239     0.72
240     0.7
241     0.7
242     0.7
243     0.68
244     0.68
245     0.62
246     0.64
247     0.64
248     0.6
249     0.62
250     0.62
251     0.64
252     0.64
253     0.64
254     0.64
255     0.68
256     0.68
257     0.66
258     0.68
259     0.68
260     0.68
261     0.72
262     0.72
263     0.72
264     0.7
265     0.7
266     0.74
267     0.72
268     0.72
269     0.74
270     0.74
271     0.76
272     0.72
273     0.72
274     0.7
275     0.7
276     0.74
277     0.74
278     0.72
279     0.68
280     0.7
281     0.68
282     0.7
283     0.72
284     0.68
285     0.7
286     0.7
287     0.72
288     0.72
289     0.7
290     0.68
291     0.7
292     0.72
293     0.74
294     0.74
295     0.74
296     0.74
297     0.68
298     0.68
299     0.7
300     0.68
301     0.72
302     0.68
303     0.7
304     0.7
305     0.72
306     0.72
307     0.72
308     0.72
309     0.72
310     0.74
311     0.74
312     0.74
313     0.72
314     0.72
315     0.7
316     0.74
317     0.74
318     0.74
319     0.74
320     0.72
321     0.74
322     0.72
323     0.78
324     0.78
325     0.76
326     0.78
327     0.74
328     0.72
329     0.72
330     0.72
331     0.7
332     0.72
333     0.72
334     0.72
335     0.72
336     0.7
337     0.66
338     0.64
339     0.64
340     0.66
341     0.64
342     0.62
343     0.66
344     0.66
345     0.64
346     0.68
347     0.66
348     0.68
349     0.66
350     0.66
351     0.64
352     0.64
353     0.66
354     0.62
355     0.68
356     0.66
357     0.68
358     0.7
359     0.72
360     0.7
361     0.7
362     0.68
363     0.7
364     0.72
365     0.72
366     0.72
367     0.72
368     0.7
369     0.7
370     0.68
371     0.72
372     0.72
373     0.72
374     0.72
375     0.76
376     0.74
377     0.76
378     0.76
379     0.74
380     0.78
381     0.78
382     0.74
383     0.76
384     0.76
385     0.78
386     0.78
387     0.76
388     0.72
389     0.74
390     0.74
391     0.72
392     0.72
393     0.72
394     0.72
395     0.72
396     0.72
397     0.7
398     0.74
399     0.7
400     0.72
401     0.72
402     0.72
403     0.72
404     0.7
405     0.66
406     0.68
407     0.74
408     0.74
409     0.74
410     0.74
411     0.78
412     0.78
413     0.78
414     0.76
415     0.74
416     0.76
417     0.76
418     0.76
419     0.78
420     0.78
421     0.76
422     0.76
423     0.76
424     0.76
425     0.72
426     0.72
427     0.7
428     0.74
429     0.76
430     0.76
431     0.76
432     0.72
433     0.72
434     0.74
435     0.76
436     0.76
437     0.74
438     0.74
439     0.72
440     0.66
441     0.7
442     0.68
443     0.68
444     0.64
445     0.66
446     0.68
447     0.72
448     0.7
449     0.68
450     0.7
451     0.7
452     0.66
453     0.68
454     0.7
455     0.72
456     0.74
457     0.7
458     0.7
459     0.66
460     0.62
461     0.68
462     0.68
463     0.68
464     0.68
465     0.68
466     0.68
467     0.64
468     0.64
469     0.68
470     0.68
471     0.66
472     0.68
473     0.68
474     0.66
475     0.66
476     0.68
477     0.68
478     0.66
479     0.68
480     0.74
481     0.7
482     0.72
483     0.7
484     0.72
485     0.7
486     0.7
487     0.68
488     0.72
489     0.7
490     0.72
491     0.7
492     0.7
493     0.72
494     0.7
495     0.68
496     0.7
497     0.7
498     0.7
499     0.72
500     0.7
501     0.7
502     0.7
503     0.74
504     0.72
505     0.72
506     0.72
507     0.72
508     0.72
509     0.74
510     0.72
511     0.72
512     0.74
513     0.72
514     0.72
515     0.72
516     0.7
517     0.72
518     0.74
519     0.7
520     0.68
521     0.68
522     0.7
523     0.68
524     0.68
525     0.68
526     0.68
527     0.7
528     0.72
529     0.7
530     0.7
531     0.72
532     0.68
533     0.7
534     0.68
535     0.7
536     0.72
537     0.7
538     0.72
539     0.7
540     0.68
541     0.74
542     0.76
543     0.76
544     0.76
545     0.76
546     0.76
547     0.76
548     0.76
549     0.78
550     0.74
551     0.76
552     0.76
553     0.76
554     0.76
555     0.76
556     0.78
557     0.78
558     0.74
559     0.76
560     0.78
561     0.74
562     0.76
563     0.78
564     0.76
565     0.76
566     0.8
567     0.78
568     0.8
569     0.8
570     0.8
571     0.8
572     0.82
573     0.8
574     0.82
575     0.8
576     0.8
577     0.78
578     0.76
579     0.78
580     0.78
581     0.78
582     0.78
583     0.78
584     0.78
585     0.78
586     0.74
587     0.76
588     0.76
589     0.74
590     0.76
591     0.76
592     0.76
593     0.74
594     0.76
595     0.68
596     0.68
597     0.68
598     0.68
599     0.7
600     0.7
601     0.72
602     0.72
603     0.72
604     0.72
605     0.72
606     0.7
607     0.72
608     0.72
609     0.72
610     0.74
611     0.74
612     0.74
613     0.72
614     0.72
615     0.7
616     0.7
617     0.7
618     0.68
619     0.7
620     0.7
621     0.68
622     0.7
623     0.7
624     0.68
625     0.7
626     0.7
627     0.7
628     0.7
629     0.72
630     0.72
631     0.72
632     0.74
633     0.76
634     0.76
635     0.72
636     0.72
637     0.74
638     0.76
639     0.76
640     0.72
641     0.7
642     0.72
643     0.7
644     0.7
645     0.66
646     0.7
647     0.72
648     0.72
649     0.72
650     0.72
651     0.7
652     0.72
653     0.68
654     0.7
655     0.7
656     0.72
657     0.72
658     0.72
659     0.72
660     0.72
661     0.72
662     0.72
663     0.74
664     0.74
665     0.72
666     0.74
667     0.74
668     0.74
669     0.74
670     0.74
671     0.76
672     0.76
673     0.74
674     0.7
675     0.74
676     0.74
677     0.74
678     0.72
679     0.72
680     0.74
681     0.72
682     0.74
683     0.74
684     0.72
685     0.72
686     0.74
687     0.74
688     0.72
689     0.72
690     0.72
691     0.72
692     0.72
693     0.68
694     0.68
695     0.68
696     0.68
697     0.64
698     0.6
699     0.6
700     0.6
701     0.58
702     0.54
703     0.56
704     0.58
705     0.58
706     0.58
707     0.56
708     0.56
709     0.58
710     0.58
711     0.58
712     0.58
713     0.6
714     0.6
715     0.6
716     0.6
717     0.58
718     0.6
719     0.6
720     0.58
721     0.52
722     0.52
723     0.54
724     0.56
725     0.56
726     0.54
727     0.52
728     0.5
729     0.56
730     0.54
731     0.54
732     0.54
733     0.56
734     0.56
735     0.56
736     0.54
737     0.56
738     0.58
739     0.56
740     0.58
741     0.56
742     0.58
743     0.58
744     0.58
745     0.58
746     0.6
747     0.6
748     0.6
749     0.6
750     0.62
751     0.62
752     0.62
753     0.58
754     0.54
755     0.58
756     0.58
757     0.58
758     0.58
759     0.58
760     0.56
761     0.6
762     0.6
763     0.58
764     0.6
765     0.6
766     0.58
767     0.58
768     0.58
769     0.6
770     0.58
771     0.58
772     0.58
773     0.54
774     0.54
775     0.56
776     0.54
777     0.54
778     0.54
779     0.52
780     0.56
781     0.54
782     0.52
783     0.54
784     0.54
785     0.54
786     0.56
787     0.56
788     0.58
789     0.58
790     0.58
791     0.56
792     0.6
793     0.62
794     0.62
795     0.62
796     0.62
797     0.62
798     0.6
799     0.6
800     0.6
801     0.6
802     0.6
803     0.6
804     0.56
805     0.54
806     0.52
807     0.5
808     0.52
809     0.48
810     0.48
811     0.48
812     0.5
813     0.52
814     0.52
815     0.52
816     0.52
817     0.54
818     0.54
819     0.58
820     0.58
821     0.58
822     0.56
823     0.56
824     0.56
825     0.54
826     0.58
827     0.6
828     0.6
829     0.6
830     0.6
831     0.58
832     0.58
833     0.58
834     0.6
835     0.58
836     0.6
837     0.6
838     0.6
839     0.56
840     0.54
841     0.58
842     0.62
843     0.62
844     0.62
845     0.62
846     0.6
847     0.6
848     0.6
849     0.6
850     0.6
851     0.62
852     0.6
853     0.6
854     0.58
855     0.6
856     0.6
857     0.56
858     0.56
859     0.56
860     0.56
861     0.56
862     0.58
863     0.6
864     0.62
865     0.62
866     0.6
867     0.62
868     0.64
869     0.64
870     0.64
871     0.64
872     0.64
873     0.64
874     0.66
875     0.68
876     0.64
877     0.64
878     0.64
879     0.66
880     0.64
881     0.62
882     0.6
883     0.62
884     0.58
885     0.56
886     0.56
887     0.6
888     0.58
889     0.6
890     0.6
891     0.58
892     0.6
893     0.58
894     0.6
895     0.6
896     0.62
897     0.62
898     0.62
899     0.64
900     0.58
901     0.58
902     0.64
903     0.62
904     0.6
905     0.58
906     0.6
907     0.56
908     0.58
909     0.6
910     0.6
911     0.58
912     0.6
913     0.62
914     0.64
915     0.64
916     0.64
917     0.62
918     0.66
919     0.66
920     0.66
921     0.66
922     0.66
923     0.66
924     0.66
925     0.66
926     0.64
927     0.66
928     0.66
929     0.68
930     0.66
931     0.66
932     0.66
933     0.66
934     0.64
935     0.66
936     0.64
937     0.64
938     0.64
939     0.66
940     0.64
941     0.64
942     0.64
943     0.64
944     0.62
945     0.66
946     0.66
947     0.64
948     0.66
949     0.66
950     0.64
951     0.64
952     0.66
953     0.66
954     0.64
955     0.62
956     0.68
957     0.68
958     0.66
959     0.68
960     0.68
961     0.68
962     0.68
963     0.66
964     0.68
965     0.68
966     0.68
967     0.66
968     0.68
969     0.66
970     0.66
971     0.64
972     0.64
973     0.64
974     0.64
975     0.64
976     0.6
977     0.58
978     0.58
979     0.58
980     0.58
981     0.58
982     0.58
983     0.6
984     0.6
985     0.6
986     0.6
987     0.58
988     0.56
989     0.56
990     0.58
991     0.58
992     0.54
993     0.52
994     0.54
995     0.56
996     0.56
997     0.54
998     0.58
999     0.6
