0     0.54
1     0.54
2     0.54
3     0.52
4     0.54
5     0.54
6     0.54
7     0.54
8     0.52
9     0.54
10     0.54
11     0.54
12     0.52
13     0.54
14     0.52
15     0.5
16     0.48
17     0.5
18     0.5
19     0.5
20     0.48
21     0.48
22     0.48
23     0.5
24     0.5
25     0.5
26     0.5
27     0.5
28     0.5
29     0.5
30     0.5
31     0.5
32     0.5
33     0.56
34     0.56
35     0.54
36     0.52
37     0.54
38     0.52
39     0.54
40     0.58
41     0.58
42     0.58
43     0.58
44     0.58
45     0.56
46     0.52
47     0.56
48     0.58
49     0.58
50     0.58
51     0.58
52     0.58
53     0.6
54     0.6
55     0.6
56     0.58
57     0.56
58     0.52
59     0.5
60     0.5
61     0.52
62     0.54
63     0.56
64     0.56
65     0.54
66     0.56
67     0.58
68     0.56
69     0.58
70     0.58
71     0.58
72     0.58
73     0.58
74     0.54
75     0.56
76     0.56
77     0.52
78     0.56
79     0.54
80     0.54
81     0.58
82     0.58
83     0.58
84     0.56
85     0.58
86     0.56
87     0.56
88     0.56
89     0.58
90     0.6
91     0.6
92     0.58
93     0.58
94     0.62
95     0.6
96     0.64
97     0.64
98     0.64
99     0.62
100     0.64
101     0.64
102     0.64
103     0.62
104     0.6
105     0.6
106     0.6
107     0.62
108     0.6
109     0.62
110     0.6
111     0.62
112     0.6
113     0.62
114     0.62
115     0.6
116     0.62
117     0.62
118     0.62
119     0.62
120     0.62
121     0.62
122     0.6
123     0.62
124     0.6
125     0.58
126     0.58
127     0.6
128     0.6
129     0.62
130     0.62
131     0.62
132     0.62
133     0.62
134     0.62
135     0.62
136     0.62
137     0.62
138     0.62
139     0.62
140     0.62
141     0.6
142     0.6
143     0.62
144     0.62
145     0.64
146     0.64
147     0.62
148     0.62
149     0.62
150     0.62
151     0.6
152     0.6
153     0.64
154     0.62
155     0.62
156     0.58
157     0.56
158     0.56
159     0.54
160     0.6
161     0.62
162     0.58
163     0.6
164     0.58
165     0.58
166     0.58
167     0.6
168     0.62
169     0.62
170     0.58
171     0.62
172     0.62
173     0.64
174     0.64
175     0.64
176     0.66
177     0.66
178     0.66
179     0.64
180     0.68
181     0.66
182     0.66
183     0.7
184     0.7
185     0.68
186     0.68
187     0.64
188     0.66
189     0.64
190     0.64
191     0.64
192     0.64
193     0.64
194     0.64
195     0.6
196     0.62
197     0.62
198     0.62
199     0.64
200     0.62
201     0.66
202     0.66
203     0.62
204     0.6
205     0.62
206     0.64
207     0.64
208     0.64
209     0.64
210     0.64
211     0.66
212     0.64
213     0.66
214     0.66
215     0.66
216     0.66
217     0.66
218     0.68
219     0.7
220     0.68
221     0.64
222     0.64
223     0.66
224     0.66
225     0.64
226     0.66
227     0.66
228     0.66
229     0.66
230     0.68
231     0.68
232     0.68
233     0.68
234     0.72
235     0.72
236     0.72
237     0.72
238     0.74
239     0.74
240     0.74
241     0.76
242     0.78
243     0.76
244     0.74
245     0.74
246     0.76
247     0.76
248     0.76
249     0.76
250     0.76
251     0.7
252     0.72
253     0.72
254     0.74
255     0.72
256     0.7
257     0.72
258     0.72
259     0.68
260     0.7
261     0.72
262     0.74
263     0.74
264     0.74
265     0.76
266     0.76
267     0.76
268     0.76
269     0.76
270     0.74
271     0.76
272     0.72
273     0.78
274     0.74
275     0.74
276     0.74
277     0.76
278     0.74
279     0.72
280     0.76
281     0.74
282     0.76
283     0.76
284     0.74
285     0.74
286     0.76
287     0.74
288     0.76
289     0.76
290     0.72
291     0.72
292     0.74
293     0.76
294     0.76
295     0.76
296     0.74
297     0.74
298     0.76
299     0.74
300     0.74
301     0.72
302     0.74
303     0.74
304     0.76
305     0.76
306     0.76
307     0.7
308     0.7
309     0.7
310     0.68
311     0.68
312     0.7
313     0.7
314     0.72
315     0.76
316     0.76
317     0.72
318     0.7
319     0.72
320     0.72
321     0.72
322     0.68
323     0.7
324     0.74
325     0.72
326     0.7
327     0.72
328     0.72
329     0.74
330     0.74
331     0.72
332     0.74
333     0.74
334     0.74
335     0.74
336     0.72
337     0.74
338     0.72
339     0.72
340     0.72
341     0.72
342     0.7
343     0.72
344     0.72
345     0.72
346     0.74
347     0.74
348     0.74
349     0.76
350     0.76
351     0.74
352     0.7
353     0.76
354     0.7
355     0.7
356     0.72
357     0.72
358     0.74
359     0.72
360     0.72
361     0.7
362     0.72
363     0.72
364     0.7
365     0.7
366     0.72
367     0.7
368     0.7
369     0.7
370     0.7
371     0.7
372     0.66
373     0.66
374     0.72
375     0.72
376     0.74
377     0.72
378     0.72
379     0.72
380     0.7
381     0.72
382     0.7
383     0.66
384     0.74
385     0.74
386     0.72
387     0.74
388     0.74
389     0.7
390     0.74
391     0.76
392     0.76
393     0.74
394     0.74
395     0.76
396     0.76
397     0.76
398     0.74
399     0.76
400     0.74
401     0.74
402     0.72
403     0.7
404     0.72
405     0.7
406     0.68
407     0.72
408     0.7
409     0.7
410     0.7
411     0.66
412     0.7
413     0.7
414     0.72
415     0.74
416     0.74
417     0.74
418     0.74
419     0.74
420     0.72
421     0.7
422     0.7
423     0.7
424     0.72
425     0.74
426     0.68
427     0.72
428     0.74
429     0.74
430     0.74
431     0.76
432     0.78
433     0.78
434     0.74
435     0.72
436     0.74
437     0.74
438     0.74
439     0.74
440     0.74
441     0.74
442     0.68
443     0.7
444     0.72
445     0.72
446     0.72
447     0.72
448     0.72
449     0.72
450     0.72
451     0.7
452     0.68
453     0.7
454     0.7
455     0.68
456     0.68
457     0.68
458     0.68
459     0.64
460     0.66
461     0.68
462     0.68
463     0.68
464     0.68
465     0.66
466     0.62
467     0.62
468     0.58
469     0.56
470     0.62
471     0.56
472     0.58
473     0.62
474     0.58
475     0.58
476     0.58
477     0.58
478     0.6
479     0.58
480     0.52
481     0.58
482     0.58
483     0.56
484     0.56
485     0.56
486     0.56
487     0.54
488     0.56
489     0.54
490     0.52
491     0.5
492     0.52
493     0.54
494     0.56
495     0.56
496     0.56
497     0.58
498     0.58
499     0.58
500     0.58
501     0.58
502     0.6
503     0.6
504     0.6
505     0.58
506     0.6
507     0.6
508     0.6
509     0.62
510     0.62
511     0.62
512     0.62
513     0.62
514     0.62
515     0.62
516     0.6
517     0.62
518     0.62
519     0.64
520     0.66
521     0.66
522     0.64
523     0.64
524     0.64
525     0.64
526     0.66
527     0.64
528     0.68
529     0.66
530     0.7
531     0.7
532     0.7
533     0.7
534     0.72
535     0.74
536     0.74
537     0.74
538     0.74
539     0.72
540     0.76
541     0.74
542     0.76
543     0.76
544     0.72
545     0.78
546     0.76
547     0.78
548     0.76
549     0.78
550     0.78
551     0.78
552     0.76
553     0.76
554     0.78
555     0.78
556     0.78
557     0.76
558     0.76
559     0.76
560     0.74
561     0.72
562     0.72
563     0.7
564     0.72
565     0.72
566     0.66
567     0.74
568     0.7
569     0.74
570     0.74
571     0.74
572     0.74
573     0.7
574     0.68
575     0.66
576     0.66
577     0.66
578     0.64
579     0.66
580     0.64
581     0.64
582     0.66
583     0.68
584     0.66
585     0.68
586     0.7
587     0.7
588     0.7
589     0.7
590     0.68
591     0.7
592     0.7
593     0.72
594     0.68
595     0.7
596     0.7
597     0.7
598     0.7
599     0.7
600     0.7
601     0.68
602     0.68
603     0.68
604     0.66
605     0.62
606     0.64
607     0.62
608     0.66
609     0.66
610     0.68
611     0.68
612     0.66
613     0.66
614     0.68
615     0.64
616     0.66
617     0.62
618     0.66
619     0.66
620     0.64
621     0.64
622     0.66
623     0.66
624     0.66
625     0.66
626     0.66
627     0.66
628     0.68
629     0.68
630     0.68
631     0.68
632     0.68
633     0.68
634     0.68
635     0.68
636     0.68
637     0.66
638     0.62
639     0.64
640     0.62
641     0.62
642     0.64
643     0.64
644     0.66
645     0.66
646     0.64
647     0.66
648     0.64
649     0.66
650     0.62
651     0.62
652     0.66
653     0.66
654     0.66
655     0.62
656     0.64
657     0.62
658     0.66
659     0.7
660     0.7
661     0.7
662     0.7
663     0.7
664     0.68
665     0.66
666     0.66
667     0.66
668     0.66
669     0.66
670     0.68
671     0.68
672     0.7
673     0.7
674     0.7
675     0.7
676     0.7
677     0.68
678     0.68
679     0.68
680     0.64
681     0.64
682     0.64
683     0.64
684     0.66
685     0.66
686     0.66
687     0.66
688     0.66
689     0.66
690     0.66
691     0.66
692     0.64
693     0.64
694     0.64
695     0.62
696     0.62
697     0.64
698     0.66
699     0.66
700     0.68
701     0.68
702     0.68
703     0.64
704     0.64
705     0.62
706     0.62
707     0.64
708     0.68
709     0.68
710     0.7
711     0.68
712     0.68
713     0.7
714     0.64
715     0.62
716     0.64
717     0.64
718     0.64
719     0.66
720     0.62
721     0.64
722     0.62
723     0.62
724     0.64
725     0.64
726     0.64
727     0.64
728     0.62
729     0.62
730     0.64
731     0.64
732     0.64
733     0.64
734     0.66
735     0.66
736     0.66
737     0.64
738     0.68
739     0.66
740     0.66
741     0.64
742     0.64
743     0.64
744     0.6
745     0.62
746     0.64
747     0.64
748     0.62
749     0.64
750     0.64
751     0.64
752     0.64
753     0.62
754     0.62
755     0.64
756     0.64
757     0.6
758     0.64
759     0.62
760     0.64
761     0.64
762     0.6
763     0.6
764     0.6
765     0.58
766     0.58
767     0.58
768     0.58
769     0.58
770     0.58
771     0.58
772     0.6
773     0.6
774     0.58
775     0.58
776     0.6
777     0.6
778     0.58
779     0.58
780     0.62
781     0.64
782     0.64
783     0.64
784     0.62
785     0.6
786     0.58
787     0.62
788     0.62
789     0.64
790     0.66
791     0.64
792     0.66
793     0.66
794     0.64
795     0.64
796     0.66
797     0.66
798     0.66
799     0.66
800     0.62
801     0.62
802     0.64
803     0.64
804     0.64
805     0.64
806     0.64
807     0.64
808     0.64
809     0.64
810     0.62
811     0.62
812     0.6
813     0.6
814     0.6
815     0.6
816     0.6
817     0.6
818     0.6
819     0.58
820     0.6
821     0.58
822     0.62
823     0.64
824     0.64
825     0.62
826     0.62
827     0.62
828     0.62
829     0.62
830     0.62
831     0.62
832     0.64
833     0.6
834     0.62
835     0.64
836     0.66
837     0.62
838     0.64
839     0.64
840     0.64
841     0.62
842     0.6
843     0.62
844     0.66
845     0.66
846     0.66
847     0.64
848     0.68
849     0.68
850     0.68
851     0.68
852     0.68
853     0.68
854     0.66
855     0.66
856     0.66
857     0.64
858     0.64
859     0.66
860     0.66
861     0.68
862     0.68
863     0.66
864     0.66
865     0.66
866     0.64
867     0.62
868     0.62
869     0.64
870     0.64
871     0.64
872     0.66
873     0.64
874     0.66
875     0.7
876     0.68
877     0.68
878     0.68
879     0.68
880     0.66
881     0.68
882     0.72
883     0.72
884     0.7
885     0.72
886     0.68
887     0.72
888     0.74
889     0.74
890     0.74
891     0.74
892     0.74
893     0.74
894     0.7
895     0.72
896     0.7
897     0.7
898     0.72
899     0.68
900     0.7
901     0.68
902     0.68
903     0.68
904     0.7
905     0.68
906     0.68
907     0.68
908     0.7
909     0.66
910     0.7
911     0.7
912     0.7
913     0.66
914     0.68
915     0.68
916     0.68
917     0.7
918     0.7
919     0.76
920     0.72
921     0.76
922     0.76
923     0.74
924     0.76
925     0.76
926     0.78
927     0.78
928     0.78
929     0.74
930     0.7
931     0.74
932     0.74
933     0.74
934     0.74
935     0.74
936     0.76
937     0.76
938     0.74
939     0.74
940     0.76
941     0.76
942     0.76
943     0.76
944     0.76
945     0.76
946     0.76
947     0.74
948     0.76
949     0.74
950     0.74
951     0.78
952     0.78
953     0.78
954     0.8
955     0.8
956     0.8
957     0.8
958     0.76
959     0.78
960     0.78
961     0.8
962     0.8
963     0.8
964     0.8
965     0.8
966     0.76
967     0.72
968     0.76
969     0.76
970     0.76
971     0.76
972     0.76
973     0.72
974     0.74
975     0.74
976     0.74
977     0.74
978     0.74
979     0.7
980     0.68
981     0.66
982     0.66
983     0.68
984     0.68
985     0.64
986     0.7
987     0.7
988     0.7
989     0.72
990     0.72
991     0.7
992     0.68
993     0.68
994     0.68
995     0.7
996     0.7
997     0.66
998     0.68
999     0.66
