0     0.46
1     0.46
2     0.46
3     0.46
4     0.46
5     0.46
6     0.46
7     0.46
8     0.44
9     0.42
10     0.44
11     0.44
12     0.44
13     0.42
14     0.42
15     0.42
16     0.4
17     0.4
18     0.44
19     0.46
20     0.46
21     0.46
22     0.44
23     0.44
24     0.44
25     0.44
26     0.46
27     0.46
28     0.44
29     0.44
30     0.5
31     0.52
32     0.5
33     0.48
34     0.5
35     0.48
36     0.5
37     0.5
38     0.5
39     0.5
40     0.5
41     0.5
42     0.54
43     0.52
44     0.54
45     0.5
46     0.48
47     0.48
48     0.5
49     0.48
50     0.46
51     0.48
52     0.52
53     0.52
54     0.54
55     0.56
56     0.54
57     0.52
58     0.54
59     0.52
60     0.48
61     0.48
62     0.5
63     0.5
64     0.5
65     0.5
66     0.5
67     0.5
68     0.5
69     0.5
70     0.52
71     0.54
72     0.54
73     0.54
74     0.56
75     0.56
76     0.6
77     0.6
78     0.62
79     0.6
80     0.56
81     0.56
82     0.5
83     0.48
84     0.48
85     0.48
86     0.46
87     0.48
88     0.48
89     0.5
90     0.5
91     0.5
92     0.5
93     0.48
94     0.48
95     0.48
96     0.44
97     0.42
98     0.46
99     0.48
100     0.52
101     0.56
102     0.56
103     0.58
104     0.6
105     0.58
106     0.58
107     0.56
108     0.58
109     0.58
110     0.56
111     0.52
112     0.48
113     0.48
114     0.52
115     0.48
116     0.5
117     0.5
118     0.5
119     0.52
120     0.56
121     0.58
122     0.54
123     0.54
124     0.56
125     0.6
126     0.56
127     0.56
128     0.54
129     0.54
130     0.54
131     0.54
132     0.56
133     0.54
134     0.56
135     0.56
136     0.52
137     0.52
138     0.54
139     0.54
140     0.56
141     0.58
142     0.58
143     0.58
144     0.56
145     0.54
146     0.54
147     0.54
148     0.54
149     0.54
150     0.52
151     0.5
152     0.5
153     0.48
154     0.46
155     0.44
156     0.44
157     0.46
158     0.46
159     0.44
160     0.44
161     0.48
162     0.48
163     0.5
164     0.48
165     0.46
166     0.44
167     0.42
168     0.42
169     0.4
170     0.4
171     0.42
172     0.44
173     0.46
174     0.5
175     0.52
176     0.52
177     0.46
178     0.46
179     0.5
180     0.48
181     0.46
182     0.44
183     0.46
184     0.44
185     0.44
186     0.44
187     0.44
188     0.44
189     0.4
190     0.42
191     0.42
192     0.4
193     0.42
194     0.42
195     0.42
196     0.44
197     0.4
198     0.42
199     0.42
200     0.46
201     0.44
202     0.44
203     0.42
204     0.46
205     0.48
206     0.5
207     0.52
208     0.52
209     0.52
210     0.54
211     0.56
212     0.56
213     0.56
214     0.54
215     0.54
216     0.56
217     0.58
218     0.58
219     0.6
220     0.58
221     0.56
222     0.58
223     0.54
224     0.54
225     0.56
226     0.56
227     0.56
228     0.58
229     0.56
230     0.56
231     0.56
232     0.54
233     0.54
234     0.54
235     0.54
236     0.54
237     0.52
238     0.52
239     0.52
240     0.52
241     0.52
242     0.48
243     0.48
244     0.48
245     0.48
246     0.48
247     0.48
248     0.48
249     0.46
250     0.46
251     0.46
252     0.44
253     0.44
254     0.48
255     0.5
256     0.54
257     0.54
258     0.58
259     0.58
260     0.58
261     0.58
262     0.6
263     0.6
264     0.56
265     0.56
266     0.56
267     0.56
268     0.56
269     0.56
270     0.58
271     0.58
272     0.58
273     0.56
274     0.56
275     0.56
276     0.58
277     0.58
278     0.64
279     0.6
280     0.56
281     0.58
282     0.58
283     0.6
284     0.6
285     0.58
286     0.58
287     0.6
288     0.6
289     0.58
290     0.58
291     0.56
292     0.54
293     0.54
294     0.48
295     0.52
296     0.5
297     0.5
298     0.5
299     0.5
300     0.52
301     0.52
302     0.52
303     0.5
304     0.5
305     0.48
306     0.5
307     0.48
308     0.48
309     0.46
310     0.46
311     0.46
312     0.44
313     0.42
314     0.42
315     0.42
316     0.42
317     0.42
318     0.4
319     0.38
320     0.36
321     0.38
322     0.4
323     0.42
324     0.44
325     0.42
326     0.42
327     0.42
328     0.4
329     0.42
330     0.42
331     0.44
332     0.48
333     0.48
334     0.48
335     0.46
336     0.46
337     0.44
338     0.44
339     0.44
340     0.46
341     0.46
342     0.46
343     0.48
344     0.46
345     0.46
346     0.48
347     0.5
348     0.5
349     0.52
350     0.5
351     0.46
352     0.48
353     0.48
354     0.52
355     0.5
356     0.52
357     0.52
358     0.54
359     0.52
360     0.52
361     0.5
362     0.48
363     0.5
364     0.5
365     0.52
366     0.54
367     0.56
368     0.56
369     0.58
370     0.56
371     0.58
372     0.54
373     0.5
374     0.5
375     0.5
376     0.46
377     0.44
378     0.4
379     0.38
380     0.38
381     0.38
382     0.4
383     0.44
384     0.46
385     0.46
386     0.46
387     0.44
388     0.44
389     0.48
390     0.46
391     0.48
392     0.5
393     0.48
394     0.42
395     0.42
396     0.44
397     0.44
398     0.4
399     0.4
400     0.4
401     0.4
402     0.44
403     0.46
404     0.46
405     0.44
406     0.44
407     0.44
408     0.46
409     0.44
410     0.46
411     0.46
412     0.46
413     0.44
414     0.44
415     0.46
416     0.46
417     0.46
418     0.46
419     0.46
420     0.46
421     0.48
422     0.5
423     0.5
424     0.54
425     0.54
426     0.54
427     0.56
428     0.56
429     0.56
430     0.54
431     0.54
432     0.52
433     0.58
434     0.6
435     0.56
436     0.56
437     0.56
438     0.58
439     0.58
440     0.6
441     0.54
442     0.5
443     0.5
444     0.48
445     0.48
446     0.46
447     0.48
448     0.48
449     0.5
450     0.48
451     0.48
452     0.44
453     0.44
454     0.46
455     0.46
456     0.46
457     0.48
458     0.48
459     0.48
460     0.48
461     0.48
462     0.48
463     0.48
464     0.48
465     0.48
466     0.48
467     0.42
468     0.42
469     0.42
470     0.42
471     0.42
472     0.46
473     0.46
474     0.5
475     0.5
476     0.5
477     0.52
478     0.5
479     0.5
480     0.48
481     0.48
482     0.44
483     0.46
484     0.48
485     0.5
486     0.48
487     0.52
488     0.52
489     0.5
490     0.48
491     0.42
492     0.4
493     0.46
494     0.46
495     0.48
496     0.46
497     0.46
498     0.46
499     0.46
500     0.46
501     0.5
502     0.52
503     0.5
504     0.48
505     0.48
506     0.46
507     0.46
508     0.4
509     0.4
510     0.38
511     0.36
512     0.38
513     0.38
514     0.42
515     0.46
516     0.44
517     0.44
518     0.48
519     0.48
520     0.46
521     0.46
522     0.48
523     0.5
524     0.52
525     0.52
526     0.48
527     0.48
528     0.48
529     0.46
530     0.48
531     0.48
532     0.48
533     0.5
534     0.54
535     0.56
536     0.56
537     0.58
538     0.64
539     0.64
540     0.62
541     0.62
542     0.62
543     0.62
544     0.6
545     0.62
546     0.62
547     0.58
548     0.58
549     0.58
550     0.58
551     0.56
552     0.56
553     0.56
554     0.54
555     0.56
556     0.56
557     0.58
558     0.58
559     0.6
560     0.58
561     0.56
562     0.56
563     0.56
564     0.56
565     0.56
566     0.54
567     0.54
568     0.52
569     0.52
570     0.54
571     0.52
572     0.52
573     0.52
574     0.52
575     0.52
576     0.54
577     0.5
578     0.52
579     0.56
580     0.58
581     0.54
582     0.54
583     0.54
584     0.56
585     0.56
586     0.5
587     0.5
588     0.5
589     0.48
590     0.52
591     0.56
592     0.56
593     0.58
594     0.6
595     0.6
596     0.58
597     0.56
598     0.58
599     0.52
600     0.52
601     0.54
602     0.54
603     0.52
604     0.52
605     0.52
606     0.52
607     0.54
608     0.54
609     0.54
610     0.54
611     0.5
612     0.52
613     0.48
614     0.46
615     0.46
616     0.46
617     0.48
618     0.48
619     0.5
620     0.48
621     0.46
622     0.44
623     0.44
624     0.42
625     0.42
626     0.42
627     0.42
628     0.42
629     0.4
630     0.44
631     0.42
632     0.44
633     0.44
634     0.4
635     0.38
636     0.4
637     0.42
638     0.44
639     0.46
640     0.46
641     0.44
642     0.44
643     0.4
644     0.42
645     0.4
646     0.38
647     0.38
648     0.4
649     0.4
650     0.4
651     0.38
652     0.38
653     0.4
654     0.42
655     0.44
656     0.42
657     0.42
658     0.44
659     0.44
660     0.44
661     0.44
662     0.44
663     0.44
664     0.44
665     0.44
666     0.44
667     0.44
668     0.44
669     0.44
670     0.42
671     0.42
672     0.42
673     0.42
674     0.44
675     0.46
676     0.46
677     0.42
678     0.42
679     0.4
680     0.4
681     0.4
682     0.46
683     0.48
684     0.5
685     0.48
686     0.48
687     0.44
688     0.44
689     0.44
690     0.42
691     0.44
692     0.46
693     0.44
694     0.44
695     0.44
696     0.44
697     0.42
698     0.42
699     0.42
700     0.46
701     0.46
702     0.46
703     0.46
704     0.46
705     0.46
706     0.46
707     0.5
708     0.5
709     0.48
710     0.48
711     0.48
712     0.5
713     0.5
714     0.5
715     0.52
716     0.52
717     0.5
718     0.5
719     0.52
720     0.52
721     0.54
722     0.58
723     0.54
724     0.5
725     0.48
726     0.46
727     0.46
728     0.46
729     0.46
730     0.46
731     0.5
732     0.48
733     0.48
734     0.46
735     0.44
736     0.44
737     0.44
738     0.44
739     0.46
740     0.48
741     0.48
742     0.48
743     0.5
744     0.48
745     0.46
746     0.46
747     0.44
748     0.42
749     0.42
750     0.42
751     0.4
752     0.46
753     0.44
754     0.4
755     0.38
756     0.42
757     0.44
758     0.46
759     0.46
760     0.46
761     0.48
762     0.5
763     0.54
764     0.54
765     0.5
766     0.52
767     0.5
768     0.5
769     0.5
770     0.54
771     0.56
772     0.56
773     0.54
774     0.56
775     0.56
776     0.56
777     0.58
778     0.56
779     0.56
780     0.56
781     0.56
782     0.54
783     0.54
784     0.52
785     0.54
786     0.56
787     0.56
788     0.56
789     0.52
790     0.52
791     0.5
792     0.5
793     0.48
794     0.46
795     0.48
796     0.48
797     0.48
798     0.44
799     0.48
800     0.52
801     0.52
802     0.5
803     0.52
804     0.5
805     0.5
806     0.48
807     0.46
808     0.44
809     0.44
810     0.42
811     0.42
812     0.42
813     0.42
814     0.4
815     0.4
816     0.4
817     0.4
818     0.38
819     0.38
820     0.38
821     0.4
822     0.44
823     0.4
824     0.42
825     0.42
826     0.42
827     0.42
828     0.44
829     0.46
830     0.46
831     0.48
832     0.48
833     0.48
834     0.5
835     0.54
836     0.54
837     0.54
838     0.52
839     0.52
840     0.5
841     0.5
842     0.48
843     0.46
844     0.46
845     0.46
846     0.44
847     0.46
848     0.46
849     0.46
850     0.46
851     0.48
852     0.46
853     0.46
854     0.44
855     0.42
856     0.42
857     0.4
858     0.38
859     0.4
860     0.4
861     0.4
862     0.44
863     0.4
864     0.5
865     0.5
866     0.48
867     0.46
868     0.44
869     0.48
870     0.46
871     0.46
872     0.46
873     0.46
874     0.48
875     0.52
876     0.52
877     0.56
878     0.58
879     0.6
880     0.6
881     0.6
882     0.6
883     0.6
884     0.58
885     0.54
886     0.52
887     0.52
888     0.52
889     0.5
890     0.5
891     0.52
892     0.5
893     0.5
894     0.48
895     0.5
896     0.48
897     0.48
898     0.46
899     0.48
900     0.5
901     0.52
902     0.54
903     0.54
904     0.54
905     0.56
906     0.52
907     0.48
908     0.5
909     0.5
910     0.52
911     0.48
912     0.48
913     0.46
914     0.46
915     0.42
916     0.44
917     0.44
918     0.44
919     0.42
920     0.46
921     0.44
922     0.44
923     0.44
924     0.44
925     0.46
926     0.46
927     0.48
928     0.48
929     0.48
930     0.5
931     0.5
932     0.52
933     0.52
934     0.54
935     0.58
936     0.58
937     0.58
938     0.56
939     0.6
940     0.58
941     0.58
942     0.56
943     0.56
944     0.54
945     0.54
946     0.56
947     0.56
948     0.58
949     0.64
950     0.66
951     0.66
952     0.66
953     0.64
954     0.66
955     0.64
956     0.62
957     0.6
958     0.58
959     0.56
960     0.56
961     0.56
962     0.56
963     0.56
964     0.58
965     0.54
966     0.54
967     0.58
968     0.54
969     0.52
970     0.52
971     0.54
972     0.54
973     0.56
974     0.56
975     0.58
976     0.56
977     0.56
978     0.56
979     0.56
980     0.58
981     0.58
982     0.58
983     0.6
984     0.62
985     0.6
986     0.58
987     0.54
988     0.54
989     0.5
990     0.52
991     0.54
992     0.54
993     0.52
994     0.52
995     0.52
996     0.5
997     0.5
998     0.5
999     0.5
