0     0.42
1     0.44
2     0.44
3     0.44
4     0.42
5     0.42
6     0.42
7     0.4
8     0.4
9     0.4
10     0.38
11     0.4
12     0.38
13     0.38
14     0.42
15     0.42
16     0.44
17     0.44
18     0.46
19     0.42
20     0.44
21     0.42
22     0.42
23     0.48
24     0.48
25     0.5
26     0.48
27     0.48
28     0.48
29     0.44
30     0.44
31     0.44
32     0.44
33     0.42
34     0.42
35     0.44
36     0.46
37     0.5
38     0.5
39     0.52
40     0.52
41     0.5
42     0.48
43     0.5
44     0.5
45     0.48
46     0.46
47     0.48
48     0.48
49     0.48
50     0.48
51     0.48
52     0.52
53     0.52
54     0.52
55     0.5
56     0.52
57     0.54
58     0.54
59     0.56
60     0.56
61     0.56
62     0.58
63     0.58
64     0.58
65     0.56
66     0.58
67     0.56
68     0.54
69     0.54
70     0.56
71     0.56
72     0.56
73     0.54
74     0.56
75     0.54
76     0.54
77     0.56
78     0.56
79     0.54
80     0.54
81     0.54
82     0.54
83     0.54
84     0.5
85     0.54
86     0.52
87     0.5
88     0.54
89     0.54
90     0.54
91     0.54
92     0.54
93     0.54
94     0.54
95     0.54
96     0.54
97     0.54
98     0.52
99     0.54
100     0.54
101     0.56
102     0.56
103     0.56
104     0.54
105     0.56
106     0.58
107     0.58
108     0.58
109     0.58
110     0.58
111     0.56
112     0.56
113     0.56
114     0.56
115     0.56
116     0.56
117     0.58
118     0.58
119     0.58
120     0.58
121     0.56
122     0.58
123     0.56
124     0.56
125     0.56
126     0.56
127     0.56
128     0.56
129     0.56
130     0.56
131     0.54
132     0.54
133     0.56
134     0.58
135     0.58
136     0.58
137     0.56
138     0.58
139     0.58
140     0.56
141     0.56
142     0.56
143     0.56
144     0.58
145     0.58
146     0.58
147     0.56
148     0.58
149     0.58
150     0.58
151     0.6
152     0.58
153     0.58
154     0.58
155     0.58
156     0.56
157     0.58
158     0.56
159     0.56
160     0.56
161     0.58
162     0.58
163     0.58
164     0.56
165     0.6
166     0.56
167     0.56
168     0.56
169     0.58
170     0.58
171     0.6
172     0.58
173     0.6
174     0.62
175     0.6
176     0.62
177     0.6
178     0.64
179     0.64
180     0.64
181     0.64
182     0.64
183     0.64
184     0.64
185     0.62
186     0.62
187     0.6
188     0.64
189     0.62
190     0.66
191     0.66
192     0.64
193     0.64
194     0.64
195     0.64
196     0.62
197     0.64
198     0.6
199     0.6
200     0.6
201     0.62
202     0.62
203     0.62
204     0.62
205     0.62
206     0.62
207     0.62
208     0.62
209     0.62
210     0.62
211     0.6
212     0.6
213     0.6
214     0.6
215     0.62
216     0.62
217     0.64
218     0.6
219     0.64
220     0.64
221     0.68
222     0.68
223     0.68
224     0.7
225     0.68
226     0.72
227     0.7
228     0.66
229     0.7
230     0.66
231     0.66
232     0.62
233     0.62
234     0.62
235     0.64
236     0.64
237     0.64
238     0.64
239     0.64
240     0.64
241     0.64
242     0.64
243     0.66
244     0.66
245     0.68
246     0.68
247     0.68
248     0.66
249     0.68
250     0.66
251     0.68
252     0.7
253     0.68
254     0.7
255     0.7
256     0.68
257     0.7
258     0.68
259     0.7
260     0.7
261     0.7
262     0.72
263     0.72
264     0.72
265     0.74
266     0.7
267     0.7
268     0.7
269     0.68
270     0.7
271     0.68
272     0.7
273     0.68
274     0.68
275     0.68
276     0.68
277     0.68
278     0.68
279     0.7
280     0.7
281     0.68
282     0.68
283     0.68
284     0.7
285     0.7
286     0.72
287     0.7
288     0.68
289     0.7
290     0.7
291     0.68
292     0.66
293     0.64
294     0.66
295     0.66
296     0.68
297     0.64
298     0.62
299     0.62
300     0.6
301     0.6
302     0.54
303     0.54
304     0.52
305     0.56
306     0.54
307     0.52
308     0.56
309     0.56
310     0.58
311     0.58
312     0.58
313     0.6
314     0.62
315     0.66
316     0.66
317     0.66
318     0.62
319     0.62
320     0.66
321     0.66
322     0.62
323     0.62
324     0.6
325     0.58
326     0.6
327     0.6
328     0.6
329     0.6
330     0.6
331     0.58
332     0.6
333     0.6
334     0.62
335     0.6
336     0.6
337     0.6
338     0.58
339     0.62
340     0.62
341     0.62
342     0.62
343     0.62
344     0.62
345     0.6
346     0.58
347     0.6
348     0.58
349     0.58
350     0.58
351     0.58
352     0.58
353     0.56
354     0.54
355     0.52
356     0.54
357     0.56
358     0.56
359     0.6
360     0.6
361     0.62
362     0.64
363     0.6
364     0.62
365     0.64
366     0.64
367     0.64
368     0.64
369     0.64
370     0.62
371     0.62
372     0.64
373     0.64
374     0.66
375     0.66
376     0.64
377     0.7
378     0.68
379     0.7
380     0.7
381     0.7
382     0.7
383     0.72
384     0.72
385     0.72
386     0.74
387     0.74
388     0.74
389     0.76
390     0.76
391     0.76
392     0.76
393     0.74
394     0.74
395     0.72
396     0.7
397     0.72
398     0.72
399     0.7
400     0.72
401     0.72
402     0.72
403     0.7
404     0.7
405     0.7
406     0.7
407     0.7
408     0.7
409     0.66
410     0.68
411     0.66
412     0.64
413     0.64
414     0.64
415     0.62
416     0.62
417     0.62
418     0.62
419     0.66
420     0.64
421     0.66
422     0.66
423     0.64
424     0.66
425     0.66
426     0.64
427     0.62
428     0.6
429     0.64
430     0.64
431     0.62
432     0.58
433     0.58
434     0.56
435     0.56
436     0.54
437     0.52
438     0.54
439     0.56
440     0.58
441     0.58
442     0.62
443     0.62
444     0.6
445     0.64
446     0.66
447     0.66
448     0.66
449     0.64
450     0.64
451     0.64
452     0.66
453     0.64
454     0.64
455     0.62
456     0.6
457     0.58
458     0.62
459     0.62
460     0.6
461     0.6
462     0.6
463     0.58
464     0.6
465     0.6
466     0.58
467     0.58
468     0.6
469     0.6
470     0.6
471     0.62
472     0.62
473     0.62
474     0.62
475     0.6
476     0.6
477     0.58
478     0.58
479     0.58
480     0.56
481     0.58
482     0.58
483     0.6
484     0.58
485     0.6
486     0.6
487     0.6
488     0.62
489     0.6
490     0.58
491     0.62
492     0.6
493     0.6
494     0.6
495     0.56
496     0.56
497     0.56
498     0.56
499     0.58
500     0.58
501     0.58
502     0.56
503     0.6
504     0.6
505     0.6
506     0.62
507     0.62
508     0.62
509     0.58
510     0.6
511     0.6
512     0.58
513     0.58
514     0.58
515     0.56
516     0.56
517     0.52
518     0.56
519     0.56
520     0.52
521     0.54
522     0.52
523     0.52
524     0.56
525     0.56
526     0.56
527     0.52
528     0.54
529     0.54
530     0.5
531     0.54
532     0.54
533     0.54
534     0.54
535     0.56
536     0.56
537     0.56
538     0.54
539     0.58
540     0.58
541     0.58
542     0.6
543     0.6
544     0.58
545     0.58
546     0.58
547     0.56
548     0.56
549     0.54
550     0.54
551     0.54
552     0.54
553     0.54
554     0.56
555     0.56
556     0.54
557     0.58
558     0.58
559     0.56
560     0.54
561     0.54
562     0.54
563     0.54
564     0.54
565     0.54
566     0.54
567     0.54
568     0.54
569     0.5
570     0.5
571     0.52
572     0.52
573     0.52
574     0.52
575     0.5
576     0.52
577     0.52
578     0.52
579     0.52
580     0.5
581     0.5
582     0.48
583     0.5
584     0.52
585     0.5
586     0.5
587     0.48
588     0.5
589     0.5
590     0.5
591     0.5
592     0.5
593     0.5
594     0.5
595     0.5
596     0.5
597     0.5
598     0.5
599     0.5
600     0.48
601     0.46
602     0.42
603     0.46
604     0.46
605     0.44
606     0.44
607     0.46
608     0.46
609     0.42
610     0.44
611     0.48
612     0.48
613     0.48
614     0.46
615     0.48
616     0.44
617     0.44
618     0.4
619     0.4
620     0.4
621     0.42
622     0.44
623     0.44
624     0.44
625     0.44
626     0.44
627     0.42
628     0.44
629     0.48
630     0.48
631     0.48
632     0.46
633     0.48
634     0.48
635     0.46
636     0.46
637     0.46
638     0.44
639     0.44
640     0.42
641     0.42
642     0.42
643     0.42
644     0.42
645     0.42
646     0.42
647     0.44
648     0.44
649     0.46
650     0.44
651     0.44
652     0.46
653     0.46
654     0.44
655     0.44
656     0.44
657     0.44
658     0.44
659     0.44
660     0.44
661     0.44
662     0.42
663     0.42
664     0.42
665     0.42
666     0.42
667     0.42
668     0.42
669     0.42
670     0.42
671     0.44
672     0.44
673     0.46
674     0.44
675     0.44
676     0.44
677     0.44
678     0.44
679     0.44
680     0.44
681     0.44
682     0.42
683     0.44
684     0.46
685     0.42
686     0.44
687     0.44
688     0.48
689     0.48
690     0.5
691     0.5
692     0.5
693     0.5
694     0.5
695     0.5
696     0.52
697     0.52
698     0.52
699     0.54
700     0.52
701     0.54
702     0.54
703     0.54
704     0.52
705     0.52
706     0.5
707     0.5
708     0.52
709     0.5
710     0.5
711     0.48
712     0.48
713     0.5
714     0.5
715     0.5
716     0.48
717     0.48
718     0.5
719     0.48
720     0.48
721     0.5
722     0.5
723     0.5
724     0.52
725     0.52
726     0.54
727     0.56
728     0.54
729     0.56
730     0.56
731     0.54
732     0.52
733     0.54
734     0.52
735     0.48
736     0.5
737     0.5
738     0.54
739     0.54
740     0.52
741     0.52
742     0.54
743     0.56
744     0.56
745     0.56
746     0.58
747     0.58
748     0.58
749     0.56
750     0.56
751     0.56
752     0.56
753     0.56
754     0.56
755     0.58
756     0.56
757     0.54
758     0.56
759     0.56
760     0.56
761     0.54
762     0.56
763     0.56
764     0.58
765     0.56
766     0.56
767     0.54
768     0.56
769     0.54
770     0.56
771     0.56
772     0.56
773     0.54
774     0.58
775     0.56
776     0.6
777     0.6
778     0.62
779     0.6
780     0.6
781     0.6
782     0.6
783     0.62
784     0.64
785     0.64
786     0.66
787     0.66
788     0.64
789     0.66
790     0.66
791     0.66
792     0.64
793     0.64
794     0.62
795     0.62
796     0.62
797     0.6
798     0.62
799     0.62
800     0.62
801     0.62
802     0.62
803     0.62
804     0.62
805     0.62
806     0.6
807     0.62
808     0.62
809     0.62
810     0.62
811     0.6
812     0.6
813     0.6
814     0.6
815     0.6
816     0.58
817     0.58
818     0.58
819     0.58
820     0.58
821     0.6
822     0.56
823     0.58
824     0.56
825     0.56
826     0.58
827     0.58
828     0.6
829     0.6
830     0.62
831     0.62
832     0.6
833     0.6
834     0.6
835     0.6
836     0.58
837     0.6
838     0.62
839     0.62
840     0.6
841     0.56
842     0.58
843     0.56
844     0.58
845     0.58
846     0.58
847     0.58
848     0.6
849     0.62
850     0.6
851     0.6
852     0.6
853     0.62
854     0.62
855     0.62
856     0.6
857     0.58
858     0.58
859     0.6
860     0.58
861     0.54
862     0.56
863     0.58
864     0.58
865     0.56
866     0.56
867     0.56
868     0.56
869     0.58
870     0.58
871     0.54
872     0.56
873     0.56
874     0.52
875     0.54
876     0.54
877     0.54
878     0.52
879     0.58
880     0.58
881     0.56
882     0.6
883     0.58
884     0.6
885     0.6
886     0.6
887     0.6
888     0.6
889     0.6
890     0.62
891     0.62
892     0.62
893     0.6
894     0.62
895     0.62
896     0.62
897     0.64
898     0.62
899     0.64
900     0.62
901     0.58
902     0.62
903     0.62
904     0.62
905     0.62
906     0.62
907     0.64
908     0.64
909     0.62
910     0.62
911     0.58
912     0.58
913     0.58
914     0.56
915     0.52
916     0.56
917     0.56
918     0.56
919     0.56
920     0.56
921     0.54
922     0.56
923     0.58
924     0.58
925     0.58
926     0.58
927     0.58
928     0.58
929     0.62
930     0.62
931     0.64
932     0.64
933     0.64
934     0.64
935     0.62
936     0.6
937     0.6
938     0.6
939     0.6
940     0.6
941     0.58
942     0.64
943     0.64
944     0.66
945     0.64
946     0.64
947     0.64
948     0.64
949     0.62
950     0.62
951     0.6
952     0.6
953     0.58
954     0.58
955     0.6
956     0.6
957     0.6
958     0.6
959     0.58
960     0.6
961     0.6
962     0.58
963     0.6
964     0.6
965     0.6
966     0.6
967     0.6
968     0.58
969     0.6
970     0.6
971     0.62
972     0.62
973     0.62
974     0.62
975     0.62
976     0.62
977     0.6
978     0.58
979     0.58
980     0.6
981     0.6
982     0.58
983     0.58
984     0.56
985     0.6
986     0.6
987     0.62
988     0.62
989     0.64
990     0.64
991     0.62
992     0.62
993     0.6
994     0.62
995     0.62
996     0.62
997     0.62
998     0.64
999     0.64
